[0mGET / [36m304 [0m2807.441 ms - -[0m
[0mGET /stylesheets/style.css [36m304 [0m5.356 ms - -[0m
[0mGET /favicon.ico [32m200 [0m35.175 ms - 170[0m
[0mGET /u [32m200 [0m28.362 ms - 170[0m
[0mGET /stylesheets/style.css [36m304 [0m0.968 ms - -[0m
[0mGET /favicon.ico [36m304 [0m23.111 ms - -[0m
[0mGET /u [36m304 [0m15.783 ms - -[0m
[0mGET /stylesheets/style.css [36m304 [0m3.751 ms - -[0m
[0mGET /favicon.ico [36m304 [0m28.834 ms - -[0m
[0mGET /u [36m304 [0m29.123 ms - -[0m
[0mGET /stylesheets/style.css [36m304 [0m4.577 ms - -[0m
[0mGET /favicon.ico [36m304 [0m22.723 ms - -[0m
[0mGET /u [36m304 [0m469221.267 ms - -[0m
[0mGET /stylesheets/style.css [36m304 [0m1.252 ms - -[0m
[0mGET /favicon.ico [36m304 [0m4098.088 ms - -[0m
[0mGET /u [36m304 [0m13113.034 ms - -[0m
[0mGET /stylesheets/style.css [36m304 [0m3.456 ms - -[0m
[0mGET /favicon.ico [36m304 [0m5334.385 ms - -[0m
[0mGET /user [32m200 [0m16033.152 ms - 170[0m
[0mGET /user [32m200 [0m1516.463 ms - 170[0m
[0mGET /stylesheets/style.css [36m304 [0m1.305 ms - -[0m
[0mGET /favicon.ico [36m304 [0m129135.553 ms - -[0m
[0mGET /user [33m404 [0m17486.802 ms - 1151[0m
[0mGET /stylesheets/style.css [36m304 [0m5.336 ms - -[0m
[0mGET /favicon.ico [33m404 [0m1897950.344 ms - 1151[0m
[0mGET /user [33m404 [0m179123.859 ms - 1151[0m
[0mGET /stylesheets/style.css [36m304 [0m1.611 ms - -[0m
[0mGET /user [33m404 [0m5040.212 ms - 1151[0m
[0mGET /stylesheets/style.css [36m304 [0m9.105 ms - -[0m
[0mGET /user [32m200 [0m26757.678 ms - 170[0m
[0mGET /stylesheets/style.css [36m304 [0m4.030 ms - -[0m
[0mGET /user [36m304 [0m7594.388 ms - -[0m
[0mGET /stylesheets/style.css [36m304 [0m0.833 ms - -[0m
[0mGET /user [36m304 [0m5448.460 ms - -[0m
[0mGET /stylesheets/style.css [36m304 [0m0.961 ms - -[0m
[0mGET /user [31m500 [0m7676.186 ms - 2294[0m
[0mGET /stylesheets/style.css [36m304 [0m4.873 ms - -[0m
[0mGET /user [31m500 [0m42868.449 ms - 2294[0m
[0mGET /stylesheets/style.css [36m304 [0m1.277 ms - -[0m
[0mGET /user/create [0m- [0m- ms - -[0m
[0mGET /user/create [0m- [0m- ms - -[0m
[0mGET /user/create [0m- [0m- ms - -[0m
[0mGET /user/create [0m- [0m- ms - -[0m
