[0mPOST /user/login [0m- [0m- ms - -[0m
[0mGET /user/detail [0m- [0m- ms - -[0m
[0mGET /article/list?num=10&start=0 [0m- [0m- ms - -[0m
[0mGET /moment/list?num=10&start=0 [0m- [0m- ms - -[0m
[0mGET /user/detail [0m- [0m- ms - -[0m
[0mGET /article/list?num=10&start=0 [0m- [0m- ms - -[0m
[0mGET /moment/list?num=10&start=0 [0m- [0m- ms - -[0m
[0mGET /user/detail [0m- [0m- ms - -[0m
[0mGET /article/list?num=10&start=0 [0m- [0m- ms - -[0m
[0mGET /moment/list?num=10&start=0 [0m- [0m- ms - -[0m
[0mGET /static/2018_12/26/testarticle_2e3b8790-08ef-11e9-ad62-ffd6d09e8faa.png [0m- [0m- ms - -[0m
[0mGET /static/2018_12/26/testarticle_d9940a60-08ed-11e9-8f6f-c10927f14d23.png [0m- [0m- ms - -[0m
[0mGET /static/articles/2018_12/26/testarticle_8bd113f0-08ec-11e9-bbf6-cbd8adb91c31.png [0m- [0m- ms - -[0m
[0mGET /static/articles/2018_12/26/testarticle_4c3968e0-08e3-11e9-bbf6-cbd8adb91c31.png [0m- [0m- ms - -[0m
[0mGET /user/detail [0m- [0m- ms - -[0m
[0mGET /article/list?num=10&start=0 [0m- [0m- ms - -[0m
[0mGET /moment/list?num=10&start=0 [0m- [0m- ms - -[0m
[0mGET /static/2018_12/26/testarticle_2e3b8790-08ef-11e9-ad62-ffd6d09e8faa.png [0m- [0m- ms - -[0m
[0mGET /static/2018_12/26/testarticle_d9940a60-08ed-11e9-8f6f-c10927f14d23.png [0m- [0m- ms - -[0m
[0mGET /static/articles/2018_12/26/testarticle_8bd113f0-08ec-11e9-bbf6-cbd8adb91c31.png [0m- [0m- ms - -[0m
[0mGET /static/articles/2018_12/26/testarticle_4c3968e0-08e3-11e9-bbf6-cbd8adb91c31.png [0m- [0m- ms - -[0m
[0mPOST /user/login [0m- [0m- ms - -[0m
[0mPOST /user/login [0m- [0m- ms - -[0m
[0mOPTIONS /user/detail [0m- [0m- ms - -[0m
[0mOPTIONS /article/list?num=10&start=0 [0m- [0m- ms - -[0m
[0mOPTIONS /moment/list?num=10&start=0 [0m- [0m- ms - -[0m
[0mGET /user/detail [0m- [0m- ms - -[0m
[0mGET /article/list?num=10&start=0 [0m- [0m- ms - -[0m
[0mGET /moment/list?num=10&start=0 [0m- [0m- ms - -[0m
[0mGET /static/2018_12/26/testarticle_2e3b8790-08ef-11e9-ad62-ffd6d09e8faa.png [0m- [0m- ms - -[0m
[0mGET /static/2018_12/26/testarticle_d9940a60-08ed-11e9-8f6f-c10927f14d23.png [0m- [0m- ms - -[0m
[0mOPTIONS /user/detail [0m- [0m- ms - -[0m
[0mOPTIONS /article/list?num=10&start=0 [0m- [0m- ms - -[0m
[0mOPTIONS /moment/list?num=10&start=0 [0m- [0m- ms - -[0m
[0mGET /user/detail [0m- [0m- ms - -[0m
[0mGET /article/list?num=10&start=0 [0m- [0m- ms - -[0m
[0mGET /moment/list?num=10&start=0 [0m- [0m- ms - -[0m
[0mGET /static/2018_12/26/testarticle_2e3b8790-08ef-11e9-ad62-ffd6d09e8faa.png [0m- [0m- ms - -[0m
[0mGET /static/2018_12/26/testarticle_d9940a60-08ed-11e9-8f6f-c10927f14d23.png [0m- [0m- ms - -[0m
[0mOPTIONS /user/detail [0m- [0m- ms - -[0m
[0mOPTIONS /article/list?num=10&start=0 [0m- [0m- ms - -[0m
[0mOPTIONS /moment/list?num=10&start=0 [0m- [0m- ms - -[0m
[0mGET /user/detail [0m- [0m- ms - -[0m
[0mGET /article/list?num=10&start=0 [0m- [0m- ms - -[0m
[0mGET /moment/list?num=10&start=0 [0m- [0m- ms - -[0m
[0mGET /static/2018_12/26/testarticle_2e3b8790-08ef-11e9-ad62-ffd6d09e8faa.png [0m- [0m- ms - -[0m
[0mGET /static/2018_12/26/testarticle_d9940a60-08ed-11e9-8f6f-c10927f14d23.png [0m- [0m- ms - -[0m
[0mOPTIONS /user/detail [0m- [0m- ms - -[0m
[0mOPTIONS /article/list?num=10&start=0 [0m- [0m- ms - -[0m
[0mOPTIONS /moment/list?num=10&start=0 [0m- [0m- ms - -[0m
[0mGET /user/detail [0m- [0m- ms - -[0m
[0mGET /article/list?num=10&start=0 [0m- [0m- ms - -[0m
[0mGET /moment/list?num=10&start=0 [0m- [0m- ms - -[0m
[0mGET /static/2018_12/26/testarticle_2e3b8790-08ef-11e9-ad62-ffd6d09e8faa.png [0m- [0m- ms - -[0m
[0mGET /static/2018_12/26/testarticle_d9940a60-08ed-11e9-8f6f-c10927f14d23.png [0m- [0m- ms - -[0m
[0mOPTIONS /user/detail [0m- [0m- ms - -[0m
[0mOPTIONS /article/list?num=10&start=0 [0m- [0m- ms - -[0m
[0mOPTIONS /moment/list?num=10&start=0 [0m- [0m- ms - -[0m
[0mGET /user/detail [0m- [0m- ms - -[0m
[0mGET /article/list?num=10&start=0 [0m- [0m- ms - -[0m
[0mGET /moment/list?num=10&start=0 [0m- [0m- ms - -[0m
[0mGET /static/2018_12/26/testarticle_2e3b8790-08ef-11e9-ad62-ffd6d09e8faa.png [0m- [0m- ms - -[0m
[0mGET /static/2018_12/26/testarticle_d9940a60-08ed-11e9-8f6f-c10927f14d23.png [0m- [0m- ms - -[0m
[0mOPTIONS /user/detail [0m- [0m- ms - -[0m
[0mOPTIONS /article/list?num=10&start=0 [0m- [0m- ms - -[0m
[0mOPTIONS /moment/list?num=10&start=0 [0m- [0m- ms - -[0m
[0mGET /user/detail [0m- [0m- ms - -[0m
[0mGET /article/list?num=10&start=0 [0m- [0m- ms - -[0m
[0mGET /moment/list?num=10&start=0 [0m- [0m- ms - -[0m
[0mOPTIONS /user/login [0m- [0m- ms - -[0m
[0mPOST /user/login [0m- [0m- ms - -[0m
[0mOPTIONS /user/login [0m- [0m- ms - -[0m
[0mPOST /user/login [0m- [0m- ms - -[0m
[0mOPTIONS /user/login [0m- [0m- ms - -[0m
[0mPOST /user/login [0m- [0m- ms - -[0m
[0mOPTIONS /user/login [0m- [0m- ms - -[0m
[0mPOST /user/login [0m- [0m- ms - -[0m
[0mOPTIONS /user/login [0m- [0m- ms - -[0m
[0mPOST /user/login [0m- [0m- ms - -[0m
[0mOPTIONS /user/login [0m- [0m- ms - -[0m
[0mPOST /user/login [0m- [0m- ms - -[0m
[0mOPTIONS /user/login [0m- [0m- ms - -[0m
[0mPOST /user/login [0m- [0m- ms - -[0m
[0mOPTIONS /user/login [0m- [0m- ms - -[0m
[0mPOST /user/login [0m- [0m- ms - -[0m
[0mOPTIONS /user/login [0m- [0m- ms - -[0m
[0mPOST /user/login [0m- [0m- ms - -[0m
[0mOPTIONS /user/login [0m- [0m- ms - -[0m
[0mPOST /user/login [0m- [0m- ms - -[0m
[0mOPTIONS /user/login [0m- [0m- ms - -[0m
[0mPOST /user/login [0m- [0m- ms - -[0m
[0mOPTIONS /user/login [0m- [0m- ms - -[0m
[0mOPTIONS /user/login [0m- [0m- ms - -[0m
[0mPOST /user/login [0m- [0m- ms - -[0m
[0mOPTIONS /user/login [0m- [0m- ms - -[0m
[0mPOST /user/login [0m- [0m- ms - -[0m
[0mOPTIONS /user/login [0m- [0m- ms - -[0m
[0mPOST /user/login [0m- [0m- ms - -[0m
[0mOPTIONS /user/login [0m- [0m- ms - -[0m
[0mPOST /user/login [0m- [0m- ms - -[0m
[0mPOST /user/login [0m- [0m- ms - -[0m
[0mOPTIONS /user/login [0m- [0m- ms - -[0m
[0mPOST /user/login [0m- [0m- ms - -[0m
[0mOPTIONS /user/login [0m- [0m- ms - -[0m
[0mPOST /user/login [0m- [0m- ms - -[0m
[0mOPTIONS /user/login [0m- [0m- ms - -[0m
[0mPOST /user/login [0m- [0m- ms - -[0m
[0mOPTIONS /user/login [0m- [0m- ms - -[0m
[0mPOST /user/login [0m- [0m- ms - -[0m
[0mPOST /user/login [0m- [0m- ms - -[0m
[0mOPTIONS /user/login [0m- [0m- ms - -[0m
[0mPOST /user/login [0m- [0m- ms - -[0m
[0mOPTIONS /user/login [0m- [0m- ms - -[0m
[0mPOST /user/login [0m- [0m- ms - -[0m
[0mOPTIONS /user/login [0m- [0m- ms - -[0m
[0mPOST /user/login [0m- [0m- ms - -[0m
[0mOPTIONS /user/login [0m- [0m- ms - -[0m
[0mPOST /user/login [0m- [0m- ms - -[0m
[0mOPTIONS /user/login [0m- [0m- ms - -[0m
[0mPOST /user/login [0m- [0m- ms - -[0m
[0mOPTIONS /user/login [0m- [0m- ms - -[0m
[0mPOST /user/login [0m- [0m- ms - -[0m
[0mOPTIONS /user/login [0m- [0m- ms - -[0m
[0mPOST /user/login [0m- [0m- ms - -[0m
[0mOPTIONS /user/login [0m- [0m- ms - -[0m
[0mPOST /user/login [0m- [0m- ms - -[0m
[0mOPTIONS /user/login [0m- [0m- ms - -[0m
[0mPOST /user/login [0m- [0m- ms - -[0m
[0mOPTIONS /user/login [0m- [0m- ms - -[0m
[0mPOST /user/login [0m- [0m- ms - -[0m
[0mOPTIONS /user/login [0m- [0m- ms - -[0m
[0mPOST /user/login [0m- [0m- ms - -[0m
[0mOPTIONS /user/login [0m- [0m- ms - -[0m
[0mPOST /user/login [0m- [0m- ms - -[0m
[0mOPTIONS /user/login [0m- [0m- ms - -[0m
[0mPOST /user/login [0m- [0m- ms - -[0m
[0mPOST /user/login [0m- [0m- ms - -[0m
[0mOPTIONS /user/login [0m- [0m- ms - -[0m
[0mPOST /user/login [0m- [0m- ms - -[0m
[0mOPTIONS /user/login [0m- [0m- ms - -[0m
[0mPOST /user/login [0m- [0m- ms - -[0m
[0mOPTIONS /user/login [0m- [0m- ms - -[0m
[0mPOST /user/login [0m- [0m- ms - -[0m
[0mPOST /user/login [0m- [0m- ms - -[0m
[0mPOST /user/login [0m- [0m- ms - -[0m
[0mPOST /user/login [0m- [0m- ms - -[0m
[0mPOST /user/login [0m- [0m- ms - -[0m
[0mOPTIONS /user/login [0m- [0m- ms - -[0m
[0mPOST /user/login [0m- [0m- ms - -[0m
