[0mOPTIONS /article/list?num=10&start=0 [0m- [0m- ms - -[0m
[0mOPTIONS /moment/list?num=10&start=0 [0m- [0m- ms - -[0m
[0mOPTIONS /user/detail [0m- [0m- ms - -[0m
[0mGET /article/list?num=10&start=0 [0m- [0m- ms - -[0m
[0mGET /moment/list?num=10&start=0 [0m- [0m- ms - -[0m
[0mGET /user/detail [0m- [0m- ms - -[0m
[0mOPTIONS /user/replaceAccessToken?refreshToken=Bears+eyJhbGciOiJIUzI1NiIsInR5cCI6IkpXVCJ9.eyJ1c2VySWQiOiJkNzMxYWI3MC0wMzdlLTExZTktYjJjZS1hZmZkNzFkNTA3MDIiLCJob3N0bmFtZSI6ImxvY2FsaG9zdCIsImlwIjoiOjoxIiwiaWF0IjoxNTU0MDk4MDk4LCJleHAiOjE1NTQ5NjIwOTh9.h6VFOfoCXSigb7sodIAhIE0FgEwpJRGXGF3jkHIaiaU [0m- [0m- ms - -[0m
[0mGET /user/replaceAccessToken?refreshToken=Bears+eyJhbGciOiJIUzI1NiIsInR5cCI6IkpXVCJ9.eyJ1c2VySWQiOiJkNzMxYWI3MC0wMzdlLTExZTktYjJjZS1hZmZkNzFkNTA3MDIiLCJob3N0bmFtZSI6ImxvY2FsaG9zdCIsImlwIjoiOjoxIiwiaWF0IjoxNTU0MDk4MDk4LCJleHAiOjE1NTQ5NjIwOTh9.h6VFOfoCXSigb7sodIAhIE0FgEwpJRGXGF3jkHIaiaU [0m- [0m- ms - -[0m
[0mGET /moment/list?num=10&start=0 [0m- [0m- ms - -[0m
[0mOPTIONS /user/login [0m- [0m- ms - -[0m
[0mPOST /user/login [0m- [0m- ms - -[0m
[0mOPTIONS /user/replaceRefreshToken?refreshToken=Bears+eyJhbGciOiJIUzI1NiIsInR5cCI6IkpXVCJ9.eyJ1c2VySWQiOiJkNzMxYWI3MC0wMzdlLTExZTktYjJjZS1hZmZkNzFkNTA3MDIiLCJob3N0bmFtZSI6IjE5Mi4xNjguMTg4LjIxNiIsImlwIjoiOjpmZmZmOjE5Mi4xNjguMTg4LjIxNiIsImlhdCI6MTU1NDI1NjE1NSwiZXhwIjoxNTU1MTIwMTU1fQ.Yh9FCpyud_4oC76_FOpMgcJz4TAZ0EEQDuiwULUoXrc [0m- [0m- ms - -[0m
[0mGET /user/replaceRefreshToken?refreshToken=Bears+eyJhbGciOiJIUzI1NiIsInR5cCI6IkpXVCJ9.eyJ1c2VySWQiOiJkNzMxYWI3MC0wMzdlLTExZTktYjJjZS1hZmZkNzFkNTA3MDIiLCJob3N0bmFtZSI6IjE5Mi4xNjguMTg4LjIxNiIsImlwIjoiOjpmZmZmOjE5Mi4xNjguMTg4LjIxNiIsImlhdCI6MTU1NDI1NjE1NSwiZXhwIjoxNTU1MTIwMTU1fQ.Yh9FCpyud_4oC76_FOpMgcJz4TAZ0EEQDuiwULUoXrc [0m- [0m- ms - -[0m
[0mOPTIONS /user/replaceAccessToken?refreshToken=Bears+eyJhbGciOiJIUzI1NiIsInR5cCI6IkpXVCJ9.eyJ1c2VySWQiOiJkNzMxYWI3MC0wMzdlLTExZTktYjJjZS1hZmZkNzFkNTA3MDIiLCJob3N0bmFtZSI6IjE5Mi4xNjguMTg4LjIxNiIsImlwIjoiOjpmZmZmOjE5Mi4xNjguMTg4LjIxNiIsImlhdCI6MTU1NDI1NjE1NSwiZXhwIjoxNTU1MTIwMTU1fQ.Yh9FCpyud_4oC76_FOpMgcJz4TAZ0EEQDuiwULUoXrc [0m- [0m- ms - -[0m
[0mGET /user/replaceAccessToken?refreshToken=Bears+eyJhbGciOiJIUzI1NiIsInR5cCI6IkpXVCJ9.eyJ1c2VySWQiOiJkNzMxYWI3MC0wMzdlLTExZTktYjJjZS1hZmZkNzFkNTA3MDIiLCJob3N0bmFtZSI6IjE5Mi4xNjguMTg4LjIxNiIsImlwIjoiOjpmZmZmOjE5Mi4xNjguMTg4LjIxNiIsImlhdCI6MTU1NDI1NjE1NSwiZXhwIjoxNTU1MTIwMTU1fQ.Yh9FCpyud_4oC76_FOpMgcJz4TAZ0EEQDuiwULUoXrc [0m- [0m- ms - -[0m
[0mGET /user/replaceRefreshToken?refreshToken=Bears+eyJhbGciOiJIUzI1NiIsInR5cCI6IkpXVCJ9.eyJ1c2VySWQiOiJkNzMxYWI3MC0wMzdlLTExZTktYjJjZS1hZmZkNzFkNTA3MDIiLCJob3N0bmFtZSI6IjE5Mi4xNjguMTg4LjIxNiIsImlwIjoiOjpmZmZmOjE5Mi4xNjguMTg4LjIxNiIsImlhdCI6MTU1NDI1NjE1NSwiZXhwIjoxNTU1MTIwMTU1fQ.Yh9FCpyud_4oC76_FOpMgcJz4TAZ0EEQDuiwULUoXrc [0m- [0m- ms - -[0m
[0mOPTIONS /user/replaceRefreshToken?refreshToken=Bears+eyJhbGciOiJIUzI1NiIsInR5cCI6IkpXVCJ9.eyJ1c2VySWQiOiJkNzMxYWI3MC0wMzdlLTExZTktYjJjZS1hZmZkNzFkNTA3MDIiLCJob3N0bmFtZSI6IjE5Mi4xNjguMTg4LjIxNiIsImlwIjoiOjpmZmZmOjE5Mi4xNjguMTg4LjIxNiIsImlhdCI6MTU1NDI1NjE1NSwiZXhwIjoxNTU1MTIwMTU1fQ.Yh9FCpyud_4oC76_FOpMgcJz4TAZ0EEQDuiwULUoXrc [0m- [0m- ms - -[0m
[0mGET /user/replaceRefreshToken?refreshToken=Bears+eyJhbGciOiJIUzI1NiIsInR5cCI6IkpXVCJ9.eyJ1c2VySWQiOiJkNzMxYWI3MC0wMzdlLTExZTktYjJjZS1hZmZkNzFkNTA3MDIiLCJob3N0bmFtZSI6IjE5Mi4xNjguMTg4LjIxNiIsImlwIjoiOjpmZmZmOjE5Mi4xNjguMTg4LjIxNiIsImlhdCI6MTU1NDI1NjE1NSwiZXhwIjoxNTU1MTIwMTU1fQ.Yh9FCpyud_4oC76_FOpMgcJz4TAZ0EEQDuiwULUoXrc [0m- [0m- ms - -[0m
[0mOPTIONS /user/replaceRefreshToken?refreshToken=Bears+eyJhbGciOiJIUzI1NiIsInR5cCI6IkpXVCJ9.eyJ1c2VySWQiOiJkNzMxYWI3MC0wMzdlLTExZTktYjJjZS1hZmZkNzFkNTA3MDIiLCJob3N0bmFtZSI6IjE5Mi4xNjguMTg4LjIxNiIsImlwIjoiOjpmZmZmOjE5Mi4xNjguMTg4LjIxNiIsImlhdCI6MTU1NDI1NjE1NSwiZXhwIjoxNTU1MTIwMTU1fQ.Yh9FCpyud_4oC76_FOpMgcJz4TAZ0EEQDuiwULUoXrc [0m- [0m- ms - -[0m
[0mGET /user/replaceRefreshToken?refreshToken=Bears+eyJhbGciOiJIUzI1NiIsInR5cCI6IkpXVCJ9.eyJ1c2VySWQiOiJkNzMxYWI3MC0wMzdlLTExZTktYjJjZS1hZmZkNzFkNTA3MDIiLCJob3N0bmFtZSI6IjE5Mi4xNjguMTg4LjIxNiIsImlwIjoiOjpmZmZmOjE5Mi4xNjguMTg4LjIxNiIsImlhdCI6MTU1NDI1NjE1NSwiZXhwIjoxNTU1MTIwMTU1fQ.Yh9FCpyud_4oC76_FOpMgcJz4TAZ0EEQDuiwULUoXrc [0m- [0m- ms - -[0m
[0mOPTIONS /user/replaceAccessToken?refreshToken=Bears+eyJhbGciOiJIUzI1NiIsInR5cCI6IkpXVCJ9.eyJ1c2VySWQiOiJkNzMxYWI3MC0wMzdlLTExZTktYjJjZS1hZmZkNzFkNTA3MDIiLCJob3N0bmFtZSI6IjE5Mi4xNjguMTg4LjIxNiIsImlwIjoiOjpmZmZmOjE5Mi4xNjguMTg4LjIxNiIsImlhdCI6MTU1NDI1NjE1NSwiZXhwIjoxNTU1MTIwMTU1fQ.Yh9FCpyud_4oC76_FOpMgcJz4TAZ0EEQDuiwULUoXrc [0m- [0m- ms - -[0m
[0mGET /user/replaceAccessToken?refreshToken=Bears+eyJhbGciOiJIUzI1NiIsInR5cCI6IkpXVCJ9.eyJ1c2VySWQiOiJkNzMxYWI3MC0wMzdlLTExZTktYjJjZS1hZmZkNzFkNTA3MDIiLCJob3N0bmFtZSI6IjE5Mi4xNjguMTg4LjIxNiIsImlwIjoiOjpmZmZmOjE5Mi4xNjguMTg4LjIxNiIsImlhdCI6MTU1NDI1NjE1NSwiZXhwIjoxNTU1MTIwMTU1fQ.Yh9FCpyud_4oC76_FOpMgcJz4TAZ0EEQDuiwULUoXrc [0m- [0m- ms - -[0m
[0mGET /user/replaceRefreshToken?refreshToken=Bears+eyJhbGciOiJIUzI1NiIsInR5cCI6IkpXVCJ9.eyJ1c2VySWQiOiJkNzMxYWI3MC0wMzdlLTExZTktYjJjZS1hZmZkNzFkNTA3MDIiLCJob3N0bmFtZSI6IjE5Mi4xNjguMTg4LjIxNiIsImlwIjoiOjpmZmZmOjE5Mi4xNjguMTg4LjIxNiIsImlhdCI6MTU1NDI1NjE1NSwiZXhwIjoxNTU1MTIwMTU1fQ.Yh9FCpyud_4oC76_FOpMgcJz4TAZ0EEQDuiwULUoXrc [0m- [0m- ms - -[0m
