[0mGET /static/2018_12/19/upload_d6fa382008c75997bba6842579869cc0.png [0m- [0m- ms - -[0m
[0mGET /stylesheets/style.css [0m- [0m- ms - -[0m
[0mGET /favicon.ico [0m- [0m- ms - -[0m
[0mGET /static/2018_12/19/upload_d6fa382008c75997bba6842579869cc0.png [0m- [0m- ms - -[0m
[0mGET /stylesheets/style.css [0m- [0m- ms - -[0m
[0mGET /static/2018_12/19/upload_4b7cdb3b870804e1928c1ae3ec63748f.png [0m- [0m- ms - -[0m
[0mGET /stylesheets/style.css [0m- [0m- ms - -[0m
[0mGET /static/2018_12/19/upload_4b7cdb3b870804e1928c1ae3ec63748f.png [0m- [0m- ms - -[0m
[0mGET /stylesheets/style.css [0m- [0m- ms - -[0m
[0mGET /static/2018_12/19/upload_4b7cdb3b870804e1928c1ae3ec63748f.png [0m- [0m- ms - -[0m
[0mGET /stylesheets/style.css [0m- [0m- ms - -[0m
[0mGET /public/stylesheets/style.css [0m- [0m- ms - -[0m
[0mGET /stylesheets/style.css [0m- [0m- ms - -[0m
[0mGET /moment/list?num=10&start=0 [0m- [0m- ms - -[0m
[0mGET /public [0m- [0m- ms - -[0m
[0mGET /stylesheets/style.css [0m- [0m- ms - -[0m
[0mGET / [0m- [0m- ms - -[0m
[0mGET /stylesheets/style.css [0m- [0m- ms - -[0m
[0mGET /public [0m- [0m- ms - -[0m
[0mGET /stylesheets/style.css [0m- [0m- ms - -[0m
[0mGET /public/stylesheets/style.css [0m- [0m- ms - -[0m
[0mGET /stylesheets/style.css [0m- [0m- ms - -[0m
[0mGET /public/1.png [0m- [0m- ms - -[0m
[0mGET /stylesheets/style.css [0m- [0m- ms - -[0m
[0mGET /public/1.png [0m- [0m- ms - -[0m
[0mGET /stylesheets/style.css [0m- [0m- ms - -[0m
[0mGET /moment/list?num=10&start=0 [0m- [0m- ms - -[0m
[0mGET //static//2018_12//19//upload_fec46b676044c6b91d9c67e53013a2ad.png [0m- [0m- ms - -[0m
[0mGET /stylesheets/style.css [0m- [0m- ms - -[0m
[0mGET /public/1.png [0m- [0m- ms - -[0m
[0mGET /public/1.png [0m- [0m- ms - -[0m
[0mGET /usr [0m- [0m- ms - -[0m
[0mGET /stylesheets/style.css [0m- [0m- ms - -[0m
[0mGET /public/1.png [0m- [0m- ms - -[0m
[0mGET /1.png [0m- [0m- ms - -[0m
[0mGET /moment/list?num=10&start=0 [0m- [0m- ms - -[0m
[0mGET //static//2018_12//19//upload_fec46b676044c6b91d9c67e53013a2ad.png [0m- [0m- ms - -[0m
[0mGET /stylesheets/style.css [0m- [0m- ms - -[0m
[0mGET /static/2018_12/19/upload_fec46b676044c6b91d9c67e53013a2ad.png [0m- [0m- ms - -[0m
[0mGET //static//2018_12//19//upload_fec46b676044c6b91d9c67e53013a2ad.png [0m- [0m- ms - -[0m
[0mGET //static//2018_12//19//upload_fec46b676044c6b91d9c67e53013a2ad.png [0m- [0m- ms - -[0m
[0mGET /stylesheets/style.css [0m- [0m- ms - -[0m
[0mGET /moment/list?num=10&start=0 [0m- [0m- ms - -[0m
[0mGET //static%5C2018_12%5C19%5Cupload_fec46b676044c6b91d9c67e53013a2ad.png [0m- [0m- ms - -[0m
[0mGET /stylesheets/style.css [0m- [0m- ms - -[0m
[0mGET /moment/list?num=10&start=0 [0m- [0m- ms - -[0m
[0mGET /moment/list?num=10&start=0 [0m- [0m- ms - -[0m
[0mGET /moment/list?num=10&start=0 [0m- [0m- ms - -[0m
[0mGET /moment/list?num=10&start=0 [0m- [0m- ms - -[0m
[0mGET /static/2018_12/19/upload_fec46b676044c6b91d9c67e53013a2ad.png [0m- [0m- ms - -[0m
[0mGET /moment/list?num=10&start=0 [0m- [0m- ms - -[0m
[0mPOST /moment/create [0m- [0m- ms - -[0m
[0mGET /moment/list?num=10&start=0 [0m- [0m- ms - -[0m
[0mGET /moment/list?num=10&start=0 [0m- [0m- ms - -[0m
[0mGET /moment/list?num=10&start=0 [0m- [0m- ms - -[0m
[0mGET /user/detail [0m- [0m- ms - -[0m
[0mGET /user/detail [0m- [0m- ms - -[0m
[0mGET /user/detail [0m- [0m- ms - -[0m
[0mGET /user/detail [0m- [0m- ms - -[0m
[0mGET /user/detail [0m- [0m- ms - -[0m
[0mGET /user/detail [0m- [0m- ms - -[0m
[0mPOST /article/list [0m- [0m- ms - -[0m
[0mGET /moment/list [0m- [0m- ms - -[0m
[0mGET /user/detail [0m- [0m- ms - -[0m
[0mPOST /article/list [0m- [0m- ms - -[0m
[0mGET /moment/list [0m- [0m- ms - -[0m
[0mGET /user/detail [0m- [0m- ms - -[0m
[0mPOST /article/list [0m- [0m- ms - -[0m
[0mGET /moment/list [0m- [0m- ms - -[0m
[0mPOST /article/list [0m- [0m- ms - -[0m
[0mGET /user/detail [0m- [0m- ms - -[0m
[0mGET /moment/list [0m- [0m- ms - -[0m
[0mGET /moment/list?num=10&start=0 [0m- [0m- ms - -[0m
