[0mOPTIONS /article/content?id=4c3a2c30-08e3-11e9-bbf6-cbd8adb91c31 [0m- [0m- ms - -[0m
[0mGET /article/content?id=4c3a2c30-08e3-11e9-bbf6-cbd8adb91c31 [0m- [0m- ms - -[0m
[0mOPTIONS /comment/list [0m- [0m- ms - -[0m
[0mPOST /comment/list [0m- [0m- ms - -[0m
[0mOPTIONS /article/content?id=4c3a2c30-08e3-11e9-bbf6-cbd8adb91c31 [0m- [0m- ms - -[0m
[0mGET /article/content?id=4c3a2c30-08e3-11e9-bbf6-cbd8adb91c31 [0m- [0m- ms - -[0m
[0mOPTIONS /comment/list [0m- [0m- ms - -[0m
[0mPOST /comment/list [0m- [0m- ms - -[0m
[0mOPTIONS /article/content?id=4c3a2c30-08e3-11e9-bbf6-cbd8adb91c31 [0m- [0m- ms - -[0m
[0mGET /article/content?id=4c3a2c30-08e3-11e9-bbf6-cbd8adb91c31 [0m- [0m- ms - -[0m
[0mOPTIONS /comment/list [0m- [0m- ms - -[0m
[0mPOST /comment/list [0m- [0m- ms - -[0m
[0mOPTIONS /article/content?id=4c3a2c30-08e3-11e9-bbf6-cbd8adb91c31 [0m- [0m- ms - -[0m
[0mGET /article/content?id=4c3a2c30-08e3-11e9-bbf6-cbd8adb91c31 [0m- [0m- ms - -[0m
[0mOPTIONS /comment/list [0m- [0m- ms - -[0m
[0mPOST /comment/list [0m- [0m- ms - -[0m
[0mOPTIONS /article/content?id=4c3a2c30-08e3-11e9-bbf6-cbd8adb91c31 [0m- [0m- ms - -[0m
[0mGET /article/content?id=4c3a2c30-08e3-11e9-bbf6-cbd8adb91c31 [0m- [0m- ms - -[0m
[0mOPTIONS /comment/list [0m- [0m- ms - -[0m
[0mPOST /comment/list [0m- [0m- ms - -[0m
[0mOPTIONS /article/content?id=4c3a2c30-08e3-11e9-bbf6-cbd8adb91c31 [0m- [0m- ms - -[0m
[0mGET /article/content?id=4c3a2c30-08e3-11e9-bbf6-cbd8adb91c31 [0m- [0m- ms - -[0m
[0mOPTIONS /comment/list [0m- [0m- ms - -[0m
[0mPOST /comment/list [0m- [0m- ms - -[0m
[0mOPTIONS /article/content?id=4c3a2c30-08e3-11e9-bbf6-cbd8adb91c31 [0m- [0m- ms - -[0m
[0mGET /article/content?id=4c3a2c30-08e3-11e9-bbf6-cbd8adb91c31 [0m- [0m- ms - -[0m
[0mOPTIONS /comment/list [0m- [0m- ms - -[0m
[0mPOST /comment/list [0m- [0m- ms - -[0m
[0mOPTIONS /article/content?id=4c3a2c30-08e3-11e9-bbf6-cbd8adb91c31 [0m- [0m- ms - -[0m
[0mGET /article/content?id=4c3a2c30-08e3-11e9-bbf6-cbd8adb91c31 [0m- [0m- ms - -[0m
[0mOPTIONS /comment/list [0m- [0m- ms - -[0m
[0mPOST /comment/list [0m- [0m- ms - -[0m
[0mOPTIONS /article/content?id=4c3a2c30-08e3-11e9-bbf6-cbd8adb91c31 [0m- [0m- ms - -[0m
[0mGET /article/content?id=4c3a2c30-08e3-11e9-bbf6-cbd8adb91c31 [0m- [0m- ms - -[0m
[0mOPTIONS /comment/list [0m- [0m- ms - -[0m
[0mPOST /comment/list [0m- [0m- ms - -[0m
[0mOPTIONS /article/content?id=4c3a2c30-08e3-11e9-bbf6-cbd8adb91c31 [0m- [0m- ms - -[0m
[0mGET /article/content?id=4c3a2c30-08e3-11e9-bbf6-cbd8adb91c31 [0m- [0m- ms - -[0m
[0mOPTIONS /comment/list [0m- [0m- ms - -[0m
[0mPOST /comment/list [0m- [0m- ms - -[0m
[0mOPTIONS /article/content?id=4c3a2c30-08e3-11e9-bbf6-cbd8adb91c31 [0m- [0m- ms - -[0m
[0mGET /article/content?id=4c3a2c30-08e3-11e9-bbf6-cbd8adb91c31 [0m- [0m- ms - -[0m
[0mOPTIONS /comment/list [0m- [0m- ms - -[0m
[0mPOST /comment/list [0m- [0m- ms - -[0m
[0mOPTIONS /article/content?id=4c3a2c30-08e3-11e9-bbf6-cbd8adb91c31 [0m- [0m- ms - -[0m
[0mGET /article/content?id=4c3a2c30-08e3-11e9-bbf6-cbd8adb91c31 [0m- [0m- ms - -[0m
[0mOPTIONS /comment/list [0m- [0m- ms - -[0m
[0mPOST /comment/list [0m- [0m- ms - -[0m
[0mOPTIONS /article/content?id=4c3a2c30-08e3-11e9-bbf6-cbd8adb91c31 [0m- [0m- ms - -[0m
[0mGET /article/content?id=4c3a2c30-08e3-11e9-bbf6-cbd8adb91c31 [0m- [0m- ms - -[0m
[0mOPTIONS /comment/list [0m- [0m- ms - -[0m
[0mPOST /comment/list [0m- [0m- ms - -[0m
[0mOPTIONS /article/content?id=4c3a2c30-08e3-11e9-bbf6-cbd8adb91c31 [0m- [0m- ms - -[0m
[0mGET /article/content?id=4c3a2c30-08e3-11e9-bbf6-cbd8adb91c31 [0m- [0m- ms - -[0m
[0mOPTIONS /comment/list [0m- [0m- ms - -[0m
[0mPOST /comment/list [0m- [0m- ms - -[0m
[0mOPTIONS /comment/list [0m- [0m- ms - -[0m
[0mPOST /comment/list [0m- [0m- ms - -[0m
[0mOPTIONS /article/content?id=4c3a2c30-08e3-11e9-bbf6-cbd8adb91c31 [0m- [0m- ms - -[0m
[0mGET /article/content?id=4c3a2c30-08e3-11e9-bbf6-cbd8adb91c31 [0m- [0m- ms - -[0m
[0mOPTIONS /comment/list [0m- [0m- ms - -[0m
[0mPOST /comment/list [0m- [0m- ms - -[0m
[0mOPTIONS /article/content?id=4c3a2c30-08e3-11e9-bbf6-cbd8adb91c31 [0m- [0m- ms - -[0m
[0mGET /article/content?id=4c3a2c30-08e3-11e9-bbf6-cbd8adb91c31 [0m- [0m- ms - -[0m
[0mOPTIONS /comment/list [0m- [0m- ms - -[0m
[0mPOST /comment/list [0m- [0m- ms - -[0m
[0mOPTIONS /comment/list [0m- [0m- ms - -[0m
[0mPOST /comment/list [0m- [0m- ms - -[0m
[0mOPTIONS /comment/list [0m- [0m- ms - -[0m
[0mPOST /comment/list [0m- [0m- ms - -[0m
[0mOPTIONS /comment/list [0m- [0m- ms - -[0m
[0mPOST /comment/list [0m- [0m- ms - -[0m
[0mOPTIONS /comment/list [0m- [0m- ms - -[0m
[0mPOST /comment/list [0m- [0m- ms - -[0m
[0mOPTIONS /article/content?id=4c3a2c30-08e3-11e9-bbf6-cbd8adb91c31 [0m- [0m- ms - -[0m
[0mGET /article/content?id=4c3a2c30-08e3-11e9-bbf6-cbd8adb91c31 [0m- [0m- ms - -[0m
[0mOPTIONS /comment/list [0m- [0m- ms - -[0m
[0mPOST /comment/list [0m- [0m- ms - -[0m
[0mOPTIONS /comment/list [0m- [0m- ms - -[0m
[0mPOST /comment/list [0m- [0m- ms - -[0m
[0mOPTIONS /article/content?id=4c3a2c30-08e3-11e9-bbf6-cbd8adb91c31 [0m- [0m- ms - -[0m
[0mGET /article/content?id=4c3a2c30-08e3-11e9-bbf6-cbd8adb91c31 [0m- [0m- ms - -[0m
[0mOPTIONS /comment/list [0m- [0m- ms - -[0m
[0mPOST /comment/list [0m- [0m- ms - -[0m
[0mOPTIONS /article/content?id=4c3a2c30-08e3-11e9-bbf6-cbd8adb91c31 [0m- [0m- ms - -[0m
[0mGET /article/content?id=4c3a2c30-08e3-11e9-bbf6-cbd8adb91c31 [0m- [0m- ms - -[0m
[0mOPTIONS /comment/list [0m- [0m- ms - -[0m
[0mPOST /comment/list [0m- [0m- ms - -[0m
[0mOPTIONS /article/content?id=4c3a2c30-08e3-11e9-bbf6-cbd8adb91c31 [0m- [0m- ms - -[0m
[0mGET /article/content?id=4c3a2c30-08e3-11e9-bbf6-cbd8adb91c31 [0m- [0m- ms - -[0m
[0mOPTIONS /comment/list [0m- [0m- ms - -[0m
[0mPOST /comment/list [0m- [0m- ms - -[0m
[0mOPTIONS /comment/create [0m- [0m- ms - -[0m
[0mPOST /comment/create [0m- [0m- ms - -[0m
[0mOPTIONS /user/replaceAccessToken?refreshToken=Bears+eyJhbGciOiJIUzI1NiIsInR5cCI6IkpXVCJ9.eyJ1c2VySWQiOiJkNzMxYWI3MC0wMzdlLTExZTktYjJjZS1hZmZkNzFkNTA3MDIiLCJob3N0bmFtZSI6IjE5Mi4xNjguMTg4LjE2MyIsImlwIjoiOjpmZmZmOjE5Mi4xNjguMTg4LjE2MyIsImlhdCI6MTU1MDY1MTkzMywiZXhwIjoxNTUxNTE1OTMzfQ.wVaul2bcKLM1-dr9QQXiEoZYa4YD-eepquD0eX8tgPk [0m- [0m- ms - -[0m
[0mGET /user/replaceAccessToken?refreshToken=Bears+eyJhbGciOiJIUzI1NiIsInR5cCI6IkpXVCJ9.eyJ1c2VySWQiOiJkNzMxYWI3MC0wMzdlLTExZTktYjJjZS1hZmZkNzFkNTA3MDIiLCJob3N0bmFtZSI6IjE5Mi4xNjguMTg4LjE2MyIsImlwIjoiOjpmZmZmOjE5Mi4xNjguMTg4LjE2MyIsImlhdCI6MTU1MDY1MTkzMywiZXhwIjoxNTUxNTE1OTMzfQ.wVaul2bcKLM1-dr9QQXiEoZYa4YD-eepquD0eX8tgPk [0m- [0m- ms - -[0m
[0mPOST /comment/create [0m- [0m- ms - -[0m
[0mOPTIONS /article/content?id=4c3a2c30-08e3-11e9-bbf6-cbd8adb91c31 [0m- [0m- ms - -[0m
[0mGET /article/content?id=4c3a2c30-08e3-11e9-bbf6-cbd8adb91c31 [0m- [0m- ms - -[0m
[0mOPTIONS /comment/list [0m- [0m- ms - -[0m
[0mPOST /comment/list [0m- [0m- ms - -[0m
[0mOPTIONS /comment/create [0m- [0m- ms - -[0m
[0mPOST /comment/create [0m- [0m- ms - -[0m
[0mOPTIONS /comment/create [0m- [0m- ms - -[0m
[0mPOST /comment/create [0m- [0m- ms - -[0m
[0mOPTIONS /comment/create [0m- [0m- ms - -[0m
[0mPOST /comment/create [0m- [0m- ms - -[0m
[0mOPTIONS /article/content?id=4c3a2c30-08e3-11e9-bbf6-cbd8adb91c31 [0m- [0m- ms - -[0m
[0mGET /article/content?id=4c3a2c30-08e3-11e9-bbf6-cbd8adb91c31 [0m- [0m- ms - -[0m
[0mOPTIONS /comment/list [0m- [0m- ms - -[0m
[0mPOST /comment/list [0m- [0m- ms - -[0m
[0mOPTIONS /article/content?id=4c3a2c30-08e3-11e9-bbf6-cbd8adb91c31 [0m- [0m- ms - -[0m
[0mGET /article/content?id=4c3a2c30-08e3-11e9-bbf6-cbd8adb91c31 [0m- [0m- ms - -[0m
[0mOPTIONS /comment/list [0m- [0m- ms - -[0m
[0mPOST /comment/list [0m- [0m- ms - -[0m
[0mOPTIONS /comment/create [0m- [0m- ms - -[0m
[0mPOST /comment/create [0m- [0m- ms - -[0m
[0mOPTIONS /user/replaceAccessToken?refreshToken=Bears+eyJhbGciOiJIUzI1NiIsInR5cCI6IkpXVCJ9.eyJ1c2VySWQiOiJkNzMxYWI3MC0wMzdlLTExZTktYjJjZS1hZmZkNzFkNTA3MDIiLCJob3N0bmFtZSI6IjE5Mi4xNjguMTg4LjE2MyIsImlwIjoiOjpmZmZmOjE5Mi4xNjguMTg4LjE2MyIsImlhdCI6MTU1MDY1MTkzMywiZXhwIjoxNTUxNTE1OTMzfQ.wVaul2bcKLM1-dr9QQXiEoZYa4YD-eepquD0eX8tgPk [0m- [0m- ms - -[0m
[0mGET /user/replaceAccessToken?refreshToken=Bears+eyJhbGciOiJIUzI1NiIsInR5cCI6IkpXVCJ9.eyJ1c2VySWQiOiJkNzMxYWI3MC0wMzdlLTExZTktYjJjZS1hZmZkNzFkNTA3MDIiLCJob3N0bmFtZSI6IjE5Mi4xNjguMTg4LjE2MyIsImlwIjoiOjpmZmZmOjE5Mi4xNjguMTg4LjE2MyIsImlhdCI6MTU1MDY1MTkzMywiZXhwIjoxNTUxNTE1OTMzfQ.wVaul2bcKLM1-dr9QQXiEoZYa4YD-eepquD0eX8tgPk [0m- [0m- ms - -[0m
[0mPOST /comment/create [0m- [0m- ms - -[0m
[0mOPTIONS /comment/create [0m- [0m- ms - -[0m
[0mPOST /comment/create [0m- [0m- ms - -[0m
[0mOPTIONS /article/content?id=4c3a2c30-08e3-11e9-bbf6-cbd8adb91c31 [0m- [0m- ms - -[0m
[0mGET /article/content?id=4c3a2c30-08e3-11e9-bbf6-cbd8adb91c31 [0m- [0m- ms - -[0m
[0mOPTIONS /comment/list [0m- [0m- ms - -[0m
[0mPOST /comment/list [0m- [0m- ms - -[0m
[0mOPTIONS /comment/create [0m- [0m- ms - -[0m
[0mPOST /comment/create [0m- [0m- ms - -[0m
[0mOPTIONS /comment/create [0m- [0m- ms - -[0m
[0mPOST /comment/create [0m- [0m- ms - -[0m
[0mOPTIONS /article/content?id=4c3a2c30-08e3-11e9-bbf6-cbd8adb91c31 [0m- [0m- ms - -[0m
[0mGET /article/content?id=4c3a2c30-08e3-11e9-bbf6-cbd8adb91c31 [0m- [0m- ms - -[0m
[0mOPTIONS /comment/list [0m- [0m- ms - -[0m
[0mPOST /comment/list [0m- [0m- ms - -[0m
[0mOPTIONS /article/content?id=4c3a2c30-08e3-11e9-bbf6-cbd8adb91c31 [0m- [0m- ms - -[0m
[0mGET /article/content?id=4c3a2c30-08e3-11e9-bbf6-cbd8adb91c31 [0m- [0m- ms - -[0m
[0mOPTIONS /comment/list [0m- [0m- ms - -[0m
[0mPOST /comment/list [0m- [0m- ms - -[0m
[0mOPTIONS /article/content?id=4c3a2c30-08e3-11e9-bbf6-cbd8adb91c31 [0m- [0m- ms - -[0m
[0mGET /article/content?id=4c3a2c30-08e3-11e9-bbf6-cbd8adb91c31 [0m- [0m- ms - -[0m
[0mOPTIONS /comment/list [0m- [0m- ms - -[0m
[0mPOST /comment/list [0m- [0m- ms - -[0m
[0mOPTIONS /article/content?id=4c3a2c30-08e3-11e9-bbf6-cbd8adb91c31 [0m- [0m- ms - -[0m
[0mGET /article/content?id=4c3a2c30-08e3-11e9-bbf6-cbd8adb91c31 [0m- [0m- ms - -[0m
[0mOPTIONS /comment/list [0m- [0m- ms - -[0m
[0mPOST /comment/list [0m- [0m- ms - -[0m
[0mOPTIONS /article/content?id=4c3a2c30-08e3-11e9-bbf6-cbd8adb91c31 [0m- [0m- ms - -[0m
[0mGET /article/content?id=4c3a2c30-08e3-11e9-bbf6-cbd8adb91c31 [0m- [0m- ms - -[0m
[0mOPTIONS /comment/list [0m- [0m- ms - -[0m
[0mPOST /comment/list [0m- [0m- ms - -[0m
[0mOPTIONS /article/content?id=4c3a2c30-08e3-11e9-bbf6-cbd8adb91c31 [0m- [0m- ms - -[0m
[0mGET /article/content?id=4c3a2c30-08e3-11e9-bbf6-cbd8adb91c31 [0m- [0m- ms - -[0m
[0mOPTIONS /comment/list [0m- [0m- ms - -[0m
[0mPOST /comment/list [0m- [0m- ms - -[0m
[0mOPTIONS /article/content?id=4c3a2c30-08e3-11e9-bbf6-cbd8adb91c31 [0m- [0m- ms - -[0m
[0mGET /article/content?id=4c3a2c30-08e3-11e9-bbf6-cbd8adb91c31 [0m- [0m- ms - -[0m
[0mOPTIONS /comment/list [0m- [0m- ms - -[0m
[0mPOST /comment/list [0m- [0m- ms - -[0m
[0mOPTIONS /article/content?id=4c3a2c30-08e3-11e9-bbf6-cbd8adb91c31 [0m- [0m- ms - -[0m
[0mGET /article/content?id=4c3a2c30-08e3-11e9-bbf6-cbd8adb91c31 [0m- [0m- ms - -[0m
[0mOPTIONS /comment/list [0m- [0m- ms - -[0m
[0mPOST /comment/list [0m- [0m- ms - -[0m
[0mOPTIONS /article/content?id=4c3a2c30-08e3-11e9-bbf6-cbd8adb91c31 [0m- [0m- ms - -[0m
[0mGET /article/content?id=4c3a2c30-08e3-11e9-bbf6-cbd8adb91c31 [0m- [0m- ms - -[0m
[0mOPTIONS /comment/list [0m- [0m- ms - -[0m
[0mPOST /comment/list [0m- [0m- ms - -[0m
[0mOPTIONS /article/content?id=4c3a2c30-08e3-11e9-bbf6-cbd8adb91c31 [0m- [0m- ms - -[0m
[0mGET /article/content?id=4c3a2c30-08e3-11e9-bbf6-cbd8adb91c31 [0m- [0m- ms - -[0m
[0mOPTIONS /comment/list [0m- [0m- ms - -[0m
[0mPOST /comment/list [0m- [0m- ms - -[0m
[0mOPTIONS /article/content?id=4c3a2c30-08e3-11e9-bbf6-cbd8adb91c31 [0m- [0m- ms - -[0m
[0mGET /article/content?id=4c3a2c30-08e3-11e9-bbf6-cbd8adb91c31 [0m- [0m- ms - -[0m
[0mOPTIONS /comment/list [0m- [0m- ms - -[0m
[0mPOST /comment/list [0m- [0m- ms - -[0m
[0mOPTIONS /article/content?id=4c3a2c30-08e3-11e9-bbf6-cbd8adb91c31 [0m- [0m- ms - -[0m
[0mGET /article/content?id=4c3a2c30-08e3-11e9-bbf6-cbd8adb91c31 [0m- [0m- ms - -[0m
[0mOPTIONS /comment/list [0m- [0m- ms - -[0m
[0mPOST /comment/list [0m- [0m- ms - -[0m
[0mOPTIONS /article/content?id=4c3a2c30-08e3-11e9-bbf6-cbd8adb91c31 [0m- [0m- ms - -[0m
[0mGET /article/content?id=4c3a2c30-08e3-11e9-bbf6-cbd8adb91c31 [0m- [0m- ms - -[0m
[0mOPTIONS /comment/list [0m- [0m- ms - -[0m
[0mPOST /comment/list [0m- [0m- ms - -[0m
[0mOPTIONS /article/content?id=4c3a2c30-08e3-11e9-bbf6-cbd8adb91c31 [0m- [0m- ms - -[0m
[0mGET /article/content?id=4c3a2c30-08e3-11e9-bbf6-cbd8adb91c31 [0m- [0m- ms - -[0m
[0mOPTIONS /comment/list [0m- [0m- ms - -[0m
[0mPOST /comment/list [0m- [0m- ms - -[0m
[0mOPTIONS /article/content?id=4c3a2c30-08e3-11e9-bbf6-cbd8adb91c31 [0m- [0m- ms - -[0m
[0mGET /article/content?id=4c3a2c30-08e3-11e9-bbf6-cbd8adb91c31 [0m- [0m- ms - -[0m
[0mOPTIONS /comment/list [0m- [0m- ms - -[0m
[0mPOST /comment/list [0m- [0m- ms - -[0m
[0mOPTIONS /article/content?id=4c3a2c30-08e3-11e9-bbf6-cbd8adb91c31 [0m- [0m- ms - -[0m
[0mGET /article/content?id=4c3a2c30-08e3-11e9-bbf6-cbd8adb91c31 [0m- [0m- ms - -[0m
[0mOPTIONS /comment/list [0m- [0m- ms - -[0m
[0mPOST /comment/list [0m- [0m- ms - -[0m
[0mOPTIONS /article/content?id=4c3a2c30-08e3-11e9-bbf6-cbd8adb91c31 [0m- [0m- ms - -[0m
[0mGET /article/content?id=4c3a2c30-08e3-11e9-bbf6-cbd8adb91c31 [0m- [0m- ms - -[0m
[0mOPTIONS /comment/list [0m- [0m- ms - -[0m
[0mPOST /comment/list [0m- [0m- ms - -[0m
[0mOPTIONS /article/content?id=4c3a2c30-08e3-11e9-bbf6-cbd8adb91c31 [0m- [0m- ms - -[0m
[0mGET /article/content?id=4c3a2c30-08e3-11e9-bbf6-cbd8adb91c31 [0m- [0m- ms - -[0m
[0mOPTIONS /comment/list [0m- [0m- ms - -[0m
[0mPOST /comment/list [0m- [0m- ms - -[0m
[0mOPTIONS /article/content?id=4c3a2c30-08e3-11e9-bbf6-cbd8adb91c31 [0m- [0m- ms - -[0m
[0mGET /article/content?id=4c3a2c30-08e3-11e9-bbf6-cbd8adb91c31 [0m- [0m- ms - -[0m
[0mOPTIONS /comment/list [0m- [0m- ms - -[0m
[0mPOST /comment/list [0m- [0m- ms - -[0m
[0mOPTIONS /article/content?id=4c3a2c30-08e3-11e9-bbf6-cbd8adb91c31 [0m- [0m- ms - -[0m
[0mGET /article/content?id=4c3a2c30-08e3-11e9-bbf6-cbd8adb91c31 [0m- [0m- ms - -[0m
[0mOPTIONS /comment/list [0m- [0m- ms - -[0m
[0mPOST /comment/list [0m- [0m- ms - -[0m
