[0mOPTIONS /comment/create [0m- [0m- ms - -[0m
[0mPOST /comment/create [0m- [0m- ms - -[0m
[0mOPTIONS /user/replaceAccessToken?refreshToken=Bears+eyJhbGciOiJIUzI1NiIsInR5cCI6IkpXVCJ9.eyJ1c2VySWQiOiJkNzMxYWI3MC0wMzdlLTExZTktYjJjZS1hZmZkNzFkNTA3MDIiLCJob3N0bmFtZSI6IjE5Mi4xNjguMTg4LjE2MyIsImlwIjoiOjpmZmZmOjE5Mi4xNjguMTg4LjE2MyIsImlhdCI6MTU1MDQ3MzkyNSwiZXhwIjoxNTUxMzM3OTI1fQ.sIK_wcIDoospXH7ihtmKrA92ge-U3kAVU66SkAtgR-0 [0m- [0m- ms - -[0m
[0mGET /user/replaceAccessToken?refreshToken=Bears+eyJhbGciOiJIUzI1NiIsInR5cCI6IkpXVCJ9.eyJ1c2VySWQiOiJkNzMxYWI3MC0wMzdlLTExZTktYjJjZS1hZmZkNzFkNTA3MDIiLCJob3N0bmFtZSI6IjE5Mi4xNjguMTg4LjE2MyIsImlwIjoiOjpmZmZmOjE5Mi4xNjguMTg4LjE2MyIsImlhdCI6MTU1MDQ3MzkyNSwiZXhwIjoxNTUxMzM3OTI1fQ.sIK_wcIDoospXH7ihtmKrA92ge-U3kAVU66SkAtgR-0 [0m- [0m- ms - -[0m
[0mPOST /comment/create [0m- [0m- ms - -[0m
[0mOPTIONS /article/content?id=d994f4c0-08ed-11e9-8f6f-c10927f14d23 [0m- [0m- ms - -[0m
[0mGET /article/content?id=d994f4c0-08ed-11e9-8f6f-c10927f14d23 [0m- [0m- ms - -[0m
[0mOPTIONS /comment/list [0m- [0m- ms - -[0m
[0mPOST /comment/list [0m- [0m- ms - -[0m
[0mOPTIONS /article/content?id=d994f4c0-08ed-11e9-8f6f-c10927f14d23 [0m- [0m- ms - -[0m
[0mGET /article/content?id=d994f4c0-08ed-11e9-8f6f-c10927f14d23 [0m- [0m- ms - -[0m
[0mOPTIONS /comment/list [0m- [0m- ms - -[0m
[0mPOST /comment/list [0m- [0m- ms - -[0m
[0mOPTIONS /article/content?id=d994f4c0-08ed-11e9-8f6f-c10927f14d23 [0m- [0m- ms - -[0m
[0mGET /article/content?id=d994f4c0-08ed-11e9-8f6f-c10927f14d23 [0m- [0m- ms - -[0m
[0mOPTIONS /comment/list [0m- [0m- ms - -[0m
[0mPOST /comment/list [0m- [0m- ms - -[0m
[0mOPTIONS /article/content?id=d994f4c0-08ed-11e9-8f6f-c10927f14d23 [0m- [0m- ms - -[0m
[0mGET /article/content?id=d994f4c0-08ed-11e9-8f6f-c10927f14d23 [0m- [0m- ms - -[0m
[0mOPTIONS /comment/list [0m- [0m- ms - -[0m
[0mPOST /comment/list [0m- [0m- ms - -[0m
[0mOPTIONS /article/content?id=d994f4c0-08ed-11e9-8f6f-c10927f14d23 [0m- [0m- ms - -[0m
[0mGET /article/content?id=d994f4c0-08ed-11e9-8f6f-c10927f14d23 [0m- [0m- ms - -[0m
[0mOPTIONS /comment/list [0m- [0m- ms - -[0m
[0mPOST /comment/list [0m- [0m- ms - -[0m
[0mOPTIONS /article/content?id=d994f4c0-08ed-11e9-8f6f-c10927f14d23 [0m- [0m- ms - -[0m
[0mGET /article/content?id=d994f4c0-08ed-11e9-8f6f-c10927f14d23 [0m- [0m- ms - -[0m
[0mOPTIONS /comment/list [0m- [0m- ms - -[0m
[0mPOST /comment/list [0m- [0m- ms - -[0m
[0mOPTIONS /article/content?id=d994f4c0-08ed-11e9-8f6f-c10927f14d23 [0m- [0m- ms - -[0m
[0mGET /article/content?id=d994f4c0-08ed-11e9-8f6f-c10927f14d23 [0m- [0m- ms - -[0m
[0mOPTIONS /comment/list [0m- [0m- ms - -[0m
[0mPOST /comment/list [0m- [0m- ms - -[0m
[0mOPTIONS /article/content?id=d994f4c0-08ed-11e9-8f6f-c10927f14d23 [0m- [0m- ms - -[0m
[0mGET /article/content?id=d994f4c0-08ed-11e9-8f6f-c10927f14d23 [0m- [0m- ms - -[0m
[0mOPTIONS /comment/list [0m- [0m- ms - -[0m
[0mPOST /comment/list [0m- [0m- ms - -[0m
[0mOPTIONS /user/login [0m- [0m- ms - -[0m
[0mPOST /user/login [0m- [0m- ms - -[0m
[0mOPTIONS /article/list?num=10&start=0 [0m- [0m- ms - -[0m
[0mOPTIONS /moment/list?num=10&start=0 [0m- [0m- ms - -[0m
[0mOPTIONS /user/detail [0m- [0m- ms - -[0m
[0mGET /article/list?num=10&start=0 [0m- [0m- ms - -[0m
[0mGET /moment/list?num=10&start=0 [0m- [0m- ms - -[0m
[0mGET /user/detail [0m- [0m- ms - -[0m
[0mGET /static/2019_2/12/upload_41d8b4504f333d751b183306b73ff499.png [0m- [0m- ms - -[0m
[0mGET /static/2019_2/12/upload_3ab4b9fe9f60c4a7b1f9e96a909a02e2.png [0m- [0m- ms - -[0m
[0mGET /static/2019_2/12/upload_26738ae1971bdf7a4935c9896081e04a.png [0m- [0m- ms - -[0m
[0mGET /static/2019_2/12/upload_665ad0160c3128520cb5487fa8427be8.jpg [0m- [0m- ms - -[0m
[0mGET /static/2019_2/12/upload_da8150df07283612102e760b17e982fe.jpg [0m- [0m- ms - -[0m
[0mGET /static/2019_2/12/upload_986d9db9d3f2c349a2d4fed204e83716.png [0m- [0m- ms - -[0m
[0mGET /static/2018_12/26/testarticle_2e3b8790-08ef-11e9-ad62-ffd6d09e8faa.png [0m- [0m- ms - -[0m
[0mGET /static/articles/2018_12/26/testarticle_8bd113f0-08ec-11e9-bbf6-cbd8adb91c31.png [0m- [0m- ms - -[0m
[0mGET /static/2018_12/26/testarticle_d9940a60-08ed-11e9-8f6f-c10927f14d23.png [0m- [0m- ms - -[0m
[0mGET /static/articles/2018_12/26/testarticle_4c3968e0-08e3-11e9-bbf6-cbd8adb91c31.png [0m- [0m- ms - -[0m
[0mOPTIONS /user/login [0m- [0m- ms - -[0m
[0mPOST /user/login [0m- [0m- ms - -[0m
[0mOPTIONS /article/list?num=10&start=0 [0m- [0m- ms - -[0m
[0mGET /article/list?num=10&start=0 [0m- [0m- ms - -[0m
[0mOPTIONS /article/list?num=10&start=0 [0m- [0m- ms - -[0m
[0mOPTIONS /moment/list?num=10&start=0 [0m- [0m- ms - -[0m
[0mOPTIONS /user/detail [0m- [0m- ms - -[0m
[0mGET /article/list?num=10&start=0 [0m- [0m- ms - -[0m
[0mGET /moment/list?num=10&start=0 [0m- [0m- ms - -[0m
[0mGET /user/detail [0m- [0m- ms - -[0m
[0mGET /static/2019_2/12/upload_41d8b4504f333d751b183306b73ff499.png [0m- [0m- ms - -[0m
[0mGET /static/2019_2/12/upload_3ab4b9fe9f60c4a7b1f9e96a909a02e2.png [0m- [0m- ms - -[0m
[0mGET /static/2019_2/12/upload_26738ae1971bdf7a4935c9896081e04a.png [0m- [0m- ms - -[0m
[0mGET /static/2019_2/12/upload_665ad0160c3128520cb5487fa8427be8.jpg [0m- [0m- ms - -[0m
[0mGET /static/2019_2/12/upload_da8150df07283612102e760b17e982fe.jpg [0m- [0m- ms - -[0m
[0mGET /static/2019_2/12/upload_986d9db9d3f2c349a2d4fed204e83716.png [0m- [0m- ms - -[0m
[0mGET /static/2018_12/26/testarticle_2e3b8790-08ef-11e9-ad62-ffd6d09e8faa.png [0m- [0m- ms - -[0m
[0mGET /static/2018_12/26/testarticle_d9940a60-08ed-11e9-8f6f-c10927f14d23.png [0m- [0m- ms - -[0m
[0mGET /static/articles/2018_12/26/testarticle_8bd113f0-08ec-11e9-bbf6-cbd8adb91c31.png [0m- [0m- ms - -[0m
[0mGET /static/articles/2018_12/26/testarticle_4c3968e0-08e3-11e9-bbf6-cbd8adb91c31.png [0m- [0m- ms - -[0m
[0mOPTIONS /article/list?num=10&start=0 [0m- [0m- ms - -[0m
[0mOPTIONS /moment/list?num=10&start=0 [0m- [0m- ms - -[0m
[0mOPTIONS /user/detail [0m- [0m- ms - -[0m
[0mGET /article/list?num=10&start=0 [0m- [0m- ms - -[0m
[0mGET /moment/list?num=10&start=0 [0m- [0m- ms - -[0m
[0mGET /user/detail [0m- [0m- ms - -[0m
[0mGET /static/2019_2/12/upload_41d8b4504f333d751b183306b73ff499.png [0m- [0m- ms - -[0m
[0mGET /static/2019_2/12/upload_3ab4b9fe9f60c4a7b1f9e96a909a02e2.png [0m- [0m- ms - -[0m
[0mGET /static/2019_2/12/upload_26738ae1971bdf7a4935c9896081e04a.png [0m- [0m- ms - -[0m
[0mGET /static/2019_2/12/upload_665ad0160c3128520cb5487fa8427be8.jpg [0m- [0m- ms - -[0m
[0mGET /static/2019_2/12/upload_da8150df07283612102e760b17e982fe.jpg [0m- [0m- ms - -[0m
[0mGET /static/2019_2/12/upload_986d9db9d3f2c349a2d4fed204e83716.png [0m- [0m- ms - -[0m
[0mGET /static/2018_12/26/testarticle_2e3b8790-08ef-11e9-ad62-ffd6d09e8faa.png [0m- [0m- ms - -[0m
[0mGET /static/2018_12/26/testarticle_d9940a60-08ed-11e9-8f6f-c10927f14d23.png [0m- [0m- ms - -[0m
[0mGET /static/articles/2018_12/26/testarticle_8bd113f0-08ec-11e9-bbf6-cbd8adb91c31.png [0m- [0m- ms - -[0m
[0mGET /static/articles/2018_12/26/testarticle_4c3968e0-08e3-11e9-bbf6-cbd8adb91c31.png [0m- [0m- ms - -[0m
[0mOPTIONS /article/list?num=10&start=0 [0m- [0m- ms - -[0m
[0mOPTIONS /moment/list?num=10&start=0 [0m- [0m- ms - -[0m
[0mOPTIONS /user/detail [0m- [0m- ms - -[0m
[0mGET /article/list?num=10&start=0 [0m- [0m- ms - -[0m
[0mGET /moment/list?num=10&start=0 [0m- [0m- ms - -[0m
[0mGET /user/detail [0m- [0m- ms - -[0m
[0mGET /static/2019_2/12/upload_41d8b4504f333d751b183306b73ff499.png [0m- [0m- ms - -[0m
[0mGET /static/2019_2/12/upload_3ab4b9fe9f60c4a7b1f9e96a909a02e2.png [0m- [0m- ms - -[0m
[0mGET /static/2019_2/12/upload_26738ae1971bdf7a4935c9896081e04a.png [0m- [0m- ms - -[0m
[0mGET /static/2019_2/12/upload_665ad0160c3128520cb5487fa8427be8.jpg [0m- [0m- ms - -[0m
[0mGET /static/2019_2/12/upload_da8150df07283612102e760b17e982fe.jpg [0m- [0m- ms - -[0m
[0mGET /static/2019_2/12/upload_986d9db9d3f2c349a2d4fed204e83716.png [0m- [0m- ms - -[0m
[0mGET /static/2018_12/26/testarticle_2e3b8790-08ef-11e9-ad62-ffd6d09e8faa.png [0m- [0m- ms - -[0m
[0mGET /static/2018_12/26/testarticle_d9940a60-08ed-11e9-8f6f-c10927f14d23.png [0m- [0m- ms - -[0m
[0mGET /static/articles/2018_12/26/testarticle_8bd113f0-08ec-11e9-bbf6-cbd8adb91c31.png [0m- [0m- ms - -[0m
[0mGET /static/articles/2018_12/26/testarticle_4c3968e0-08e3-11e9-bbf6-cbd8adb91c31.png [0m- [0m- ms - -[0m
[0mOPTIONS /article/content?id=d994f4c0-08ed-11e9-8f6f-c10927f14d23 [0m- [0m- ms - -[0m
[0mGET /article/content?id=d994f4c0-08ed-11e9-8f6f-c10927f14d23 [0m- [0m- ms - -[0m
[0mOPTIONS /comment/list [0m- [0m- ms - -[0m
[0mPOST /comment/list [0m- [0m- ms - -[0m
[0mOPTIONS /article/content?id=4c3a2c30-08e3-11e9-bbf6-cbd8adb91c31 [0m- [0m- ms - -[0m
[0mGET /article/content?id=4c3a2c30-08e3-11e9-bbf6-cbd8adb91c31 [0m- [0m- ms - -[0m
[0mOPTIONS /comment/list [0m- [0m- ms - -[0m
[0mPOST /comment/list [0m- [0m- ms - -[0m
[0mOPTIONS /comment/create [0m- [0m- ms - -[0m
[0mPOST /comment/create [0m- [0m- ms - -[0m
[0mOPTIONS /article/content?id=4c3a2c30-08e3-11e9-bbf6-cbd8adb91c31 [0m- [0m- ms - -[0m
[0mGET /article/content?id=4c3a2c30-08e3-11e9-bbf6-cbd8adb91c31 [0m- [0m- ms - -[0m
[0mOPTIONS /comment/list [0m- [0m- ms - -[0m
[0mPOST /comment/list [0m- [0m- ms - -[0m
[0mOPTIONS /comment/create [0m- [0m- ms - -[0m
[0mPOST /comment/create [0m- [0m- ms - -[0m
[0mOPTIONS /comment/create [0m- [0m- ms - -[0m
[0mPOST /comment/create [0m- [0m- ms - -[0m
[0mOPTIONS /article/content?id=4c3a2c30-08e3-11e9-bbf6-cbd8adb91c31 [0m- [0m- ms - -[0m
[0mGET /article/content?id=4c3a2c30-08e3-11e9-bbf6-cbd8adb91c31 [0m- [0m- ms - -[0m
[0mOPTIONS /comment/list [0m- [0m- ms - -[0m
[0mPOST /comment/list [0m- [0m- ms - -[0m
[0mOPTIONS /comment/create [0m- [0m- ms - -[0m
[0mPOST /comment/create [0m- [0m- ms - -[0m
[0mOPTIONS /comment/create [0m- [0m- ms - -[0m
[0mPOST /comment/create [0m- [0m- ms - -[0m
[0mOPTIONS /comment/create [0m- [0m- ms - -[0m
[0mPOST /comment/create [0m- [0m- ms - -[0m
[0mOPTIONS /article/content?id=4c3a2c30-08e3-11e9-bbf6-cbd8adb91c31 [0m- [0m- ms - -[0m
[0mGET /article/content?id=4c3a2c30-08e3-11e9-bbf6-cbd8adb91c31 [0m- [0m- ms - -[0m
[0mOPTIONS /comment/list [0m- [0m- ms - -[0m
[0mPOST /comment/list [0m- [0m- ms - -[0m
[0mOPTIONS /comment/create [0m- [0m- ms - -[0m
[0mPOST /comment/create [0m- [0m- ms - -[0m
[0mOPTIONS /user/replaceAccessToken?refreshToken=Bears+eyJhbGciOiJIUzI1NiIsInR5cCI6IkpXVCJ9.eyJ1c2VySWQiOiJkNzMxYWI3MC0wMzdlLTExZTktYjJjZS1hZmZkNzFkNTA3MDIiLCJob3N0bmFtZSI6IjE5Mi4xNjguMTg4LjE2MyIsImlwIjoiOjpmZmZmOjE5Mi4xNjguMTg4LjE2MyIsImlhdCI6MTU1MDY1MTkzMywiZXhwIjoxNTUxNTE1OTMzfQ.wVaul2bcKLM1-dr9QQXiEoZYa4YD-eepquD0eX8tgPk [0m- [0m- ms - -[0m
[0mGET /user/replaceAccessToken?refreshToken=Bears+eyJhbGciOiJIUzI1NiIsInR5cCI6IkpXVCJ9.eyJ1c2VySWQiOiJkNzMxYWI3MC0wMzdlLTExZTktYjJjZS1hZmZkNzFkNTA3MDIiLCJob3N0bmFtZSI6IjE5Mi4xNjguMTg4LjE2MyIsImlwIjoiOjpmZmZmOjE5Mi4xNjguMTg4LjE2MyIsImlhdCI6MTU1MDY1MTkzMywiZXhwIjoxNTUxNTE1OTMzfQ.wVaul2bcKLM1-dr9QQXiEoZYa4YD-eepquD0eX8tgPk [0m- [0m- ms - -[0m
[0mPOST /comment/create [0m- [0m- ms - -[0m
[0mOPTIONS /comment/create [0m- [0m- ms - -[0m
[0mPOST /comment/create [0m- [0m- ms - -[0m
[0mOPTIONS /article/content?id=4c3a2c30-08e3-11e9-bbf6-cbd8adb91c31 [0m- [0m- ms - -[0m
[0mGET /article/content?id=4c3a2c30-08e3-11e9-bbf6-cbd8adb91c31 [0m- [0m- ms - -[0m
[0mOPTIONS /comment/list [0m- [0m- ms - -[0m
[0mPOST /comment/list [0m- [0m- ms - -[0m
[0mOPTIONS /article/content?id=4c3a2c30-08e3-11e9-bbf6-cbd8adb91c31 [0m- [0m- ms - -[0m
[0mGET /article/content?id=4c3a2c30-08e3-11e9-bbf6-cbd8adb91c31 [0m- [0m- ms - -[0m
[0mOPTIONS /comment/list [0m- [0m- ms - -[0m
[0mPOST /comment/list [0m- [0m- ms - -[0m
