[0mOPTIONS /article/list?num=10&start=0 [0m- [0m- ms - -[0m
[0mGET /article/list?num=10&start=0 [0m- [0m- ms - -[0m
[0mGET /static/2019_4/16/Linkedcare%E7%9B%B8%E5%85%B3%E8%B4%A6%E5%8F%B7_360aee20-6010-11e9-91f7-e580dc957ee0.png [0m- [0m- ms - -[0m
[0mGET /static/2019_4/16/test-0416-001_3b210860-600e-11e9-91f7-e580dc957ee0.jpg [0m- [0m- ms - -[0m
[0mGET /static/2018_12/26/testarticle_2e3b8790-08ef-11e9-ad62-ffd6d09e8faa.png [0m- [0m- ms - -[0m
[0mGET /static/2018_12/26/testarticle_d9940a60-08ed-11e9-8f6f-c10927f14d23.png [0m- [0m- ms - -[0m
[0mOPTIONS /article/list?num=10&start=0 [0m- [0m- ms - -[0m
[0mGET /static/2019_4/16/test-0416-001_3b210860-600e-11e9-91f7-e580dc957ee0.jpg [0m- [0m- ms - -[0m
[0mGET /static/2018_12/26/testarticle_2e3b8790-08ef-11e9-ad62-ffd6d09e8faa.png [0m- [0m- ms - -[0m
[0mGET /static/2018_12/26/testarticle_d9940a60-08ed-11e9-8f6f-c10927f14d23.png [0m- [0m- ms - -[0m
[0mOPTIONS /article/list?num=10&start=0 [0m- [0m- ms - -[0m
[0mGET /article/list?num=10&start=0 [0m- [0m- ms - -[0m
[0mGET /static/2019_4/16/Linkedcare%E7%9B%B8%E5%85%B3%E8%B4%A6%E5%8F%B7_360aee20-6010-11e9-91f7-e580dc957ee0.png [0m- [0m- ms - -[0m
[0mGET /static/2019_4/16/test-0416-001_3b210860-600e-11e9-91f7-e580dc957ee0.jpg [0m- [0m- ms - -[0m
[0mGET /static/2018_12/26/testarticle_2e3b8790-08ef-11e9-ad62-ffd6d09e8faa.png [0m- [0m- ms - -[0m
[0mGET /static/2018_12/26/testarticle_d9940a60-08ed-11e9-8f6f-c10927f14d23.png [0m- [0m- ms - -[0m
[0mOPTIONS /user/detail [0m- [0m- ms - -[0m
[0mGET /user/detail [0m- [0m- ms - -[0m
[0mOPTIONS /moment/list?num=10&start=0 [0m- [0m- ms - -[0m
[0mGET /moment/list?num=10&start=0 [0m- [0m- ms - -[0m
[0mOPTIONS /user/replaceAccessToken?refreshToken=Bears+eyJhbGciOiJIUzI1NiIsInR5cCI6IkpXVCJ9.eyJ1c2VySWQiOiJkNzMxYWI3MC0wMzdlLTExZTktYjJjZS1hZmZkNzFkNTA3MDIiLCJob3N0bmFtZSI6IjE5Mi4xNjguMTg4LjIxNiIsImlwIjoiOjpmZmZmOjE5Mi4xNjguMTg4LjIxNiIsImlhdCI6MTU1NTMxMzcyNSwiZXhwIjoxNTU2MTc3NzI1fQ.-OSDVPB7hQseOJlAr93N35R8ZUxbYwe4YSE9EyDC4pk [0m- [0m- ms - -[0m
[0mGET /user/replaceAccessToken?refreshToken=Bears+eyJhbGciOiJIUzI1NiIsInR5cCI6IkpXVCJ9.eyJ1c2VySWQiOiJkNzMxYWI3MC0wMzdlLTExZTktYjJjZS1hZmZkNzFkNTA3MDIiLCJob3N0bmFtZSI6IjE5Mi4xNjguMTg4LjIxNiIsImlwIjoiOjpmZmZmOjE5Mi4xNjguMTg4LjIxNiIsImlhdCI6MTU1NTMxMzcyNSwiZXhwIjoxNTU2MTc3NzI1fQ.-OSDVPB7hQseOJlAr93N35R8ZUxbYwe4YSE9EyDC4pk [0m- [0m- ms - -[0m
[0mGET /moment/list?num=10&start=0 [0m- [0m- ms - -[0m
[0mOPTIONS /article/list?num=10&start=0 [0m- [0m- ms - -[0m
[0mGET /article/list?num=10&start=0 [0m- [0m- ms - -[0m
[0mOPTIONS /moment/list?num=10&start=0 [0m- [0m- ms - -[0m
[0mGET /moment/list?num=10&start=0 [0m- [0m- ms - -[0m
[0mGET /moment/list?num=10&start=0 [0m- [0m- ms - -[0m
[0mOPTIONS /moment/list?num=10&start=0 [0m- [0m- ms - -[0m
[0mGET /moment/list?num=10&start=0 [0m- [0m- ms - -[0m
[0mOPTIONS /article/list?num=10&start=0 [0m- [0m- ms - -[0m
[0mGET /article/list?num=10&start=0 [0m- [0m- ms - -[0m
[0mGET /static/2019_4/16/Linkedcare%E7%9B%B8%E5%85%B3%E8%B4%A6%E5%8F%B7_360aee20-6010-11e9-91f7-e580dc957ee0.png [0m- [0m- ms - -[0m
[0mGET /static/2019_4/16/test-0416-001_3b210860-600e-11e9-91f7-e580dc957ee0.jpg [0m- [0m- ms - -[0m
[0mGET /static/2018_12/26/testarticle_2e3b8790-08ef-11e9-ad62-ffd6d09e8faa.png [0m- [0m- ms - -[0m
[0mGET /static/2018_12/26/testarticle_d9940a60-08ed-11e9-8f6f-c10927f14d23.png [0m- [0m- ms - -[0m
[0mOPTIONS /moment/list?num=10&start=0 [0m- [0m- ms - -[0m
[0mGET /moment/list?num=10&start=0 [0m- [0m- ms - -[0m
[0mOPTIONS /moment/list?num=10&start=0 [0m- [0m- ms - -[0m
[0mGET /moment/list?num=10&start=0 [0m- [0m- ms - -[0m
[0mGET /moment/list?num=10&start=0 [0m- [0m- ms - -[0m
[0mOPTIONS /user/detail [0m- [0m- ms - -[0m
[0mGET /user/detail [0m- [0m- ms - -[0m
[0mOPTIONS /article/list?num=10&start=0 [0m- [0m- ms - -[0m
[0mGET /article/list?num=10&start=0 [0m- [0m- ms - -[0m
[0mOPTIONS /moment/list?num=10&start=0 [0m- [0m- ms - -[0m
[0mGET /moment/list?num=10&start=0 [0m- [0m- ms - -[0m
[0mGET /article/list?num=10&start=0 [0m- [0m- ms - -[0m
[0mOPTIONS /moment/list?num=10&start=0 [0m- [0m- ms - -[0m
[0mGET /moment/list?num=10&start=0 [0m- [0m- ms - -[0m
[0mOPTIONS /article/list?num=10&start=0 [0m- [0m- ms - -[0m
[0mGET /article/list?num=10&start=0 [0m- [0m- ms - -[0m
[0mOPTIONS /moment/list?num=10&start=0 [0m- [0m- ms - -[0m
[0mGET /moment/list?num=10&start=0 [0m- [0m- ms - -[0m
[0mGET /moment/list?num=10&start=0 [0m- [0m- ms - -[0m
[0mOPTIONS /moment/list?num=10&start=0 [0m- [0m- ms - -[0m
[0mGET /moment/list?num=10&start=0 [0m- [0m- ms - -[0m
[0mOPTIONS /moment/list?num=10&start=0 [0m- [0m- ms - -[0m
[0mGET /moment/list?num=10&start=0 [0m- [0m- ms - -[0m
[0mGET /static/2019_2/12/upload_41d8b4504f333d751b183306b73ff499.png [0m- [0m- ms - -[0m
[0mGET /static/2019_2/12/upload_3ab4b9fe9f60c4a7b1f9e96a909a02e2.png [0m- [0m- ms - -[0m
[0mGET /static/2019_2/12/upload_26738ae1971bdf7a4935c9896081e04a.png [0m- [0m- ms - -[0m
[0mGET /static/2019_2/12/upload_665ad0160c3128520cb5487fa8427be8.jpg [0m- [0m- ms - -[0m
[0mGET /static/2019_2/12/upload_da8150df07283612102e760b17e982fe.jpg [0m- [0m- ms - -[0m
[0mGET /static/2019_2/12/upload_986d9db9d3f2c349a2d4fed204e83716.png [0m- [0m- ms - -[0m
[0mGET /static/upload_116b061736e88597a0ac1931b9f53be0.jpg [0m- [0m- ms - -[0m
[0mGET /static/upload_625b8d05e662f21c2ba7824b6a5295df.jpg [0m- [0m- ms - -[0m
[0mGET /static/2019_2/12/upload_da8150df07283612102e760b17e982fe.jpg [0m- [0m- ms - -[0m
[0mGET /static/2019_2/12/upload_986d9db9d3f2c349a2d4fed204e83716.png [0m- [0m- ms - -[0m
[0mGET /static/upload_116b061736e88597a0ac1931b9f53be0.jpg [0m- [0m- ms - -[0m
[0mGET /static/upload_625b8d05e662f21c2ba7824b6a5295df.jpg [0m- [0m- ms - -[0m
[0mGET /static/2019_2/12/upload_da8150df07283612102e760b17e982fe.jpg [0m- [0m- ms - -[0m
[0mGET /static/2019_2/12/upload_986d9db9d3f2c349a2d4fed204e83716.png [0m- [0m- ms - -[0m
[0mGET /static/upload_116b061736e88597a0ac1931b9f53be0.jpg [0m- [0m- ms - -[0m
[0mGET /static/upload_625b8d05e662f21c2ba7824b6a5295df.jpg [0m- [0m- ms - -[0m
[0mGET /static/2019_2/12/upload_da8150df07283612102e760b17e982fe.jpg [0m- [0m- ms - -[0m
[0mGET /static/2019_2/12/upload_986d9db9d3f2c349a2d4fed204e83716.png [0m- [0m- ms - -[0m
[0mGET /static/upload_116b061736e88597a0ac1931b9f53be0.jpg [0m- [0m- ms - -[0m
[0mGET /static/upload_625b8d05e662f21c2ba7824b6a5295df.jpg [0m- [0m- ms - -[0m
[0mGET /static/2019_2/12/upload_da8150df07283612102e760b17e982fe.jpg [0m- [0m- ms - -[0m
[0mGET /static/2019_2/12/upload_986d9db9d3f2c349a2d4fed204e83716.png [0m- [0m- ms - -[0m
[0mGET /static/2019_2/12/upload_41d8b4504f333d751b183306b73ff499.png [0m- [0m- ms - -[0m
[0mGET /static/2019_2/12/upload_3ab4b9fe9f60c4a7b1f9e96a909a02e2.png [0m- [0m- ms - -[0m
[0mGET /static/2019_2/12/upload_26738ae1971bdf7a4935c9896081e04a.png [0m- [0m- ms - -[0m
[0mGET /static/2019_2/12/upload_665ad0160c3128520cb5487fa8427be8.jpg [0m- [0m- ms - -[0m
[0mGET /static/upload_116b061736e88597a0ac1931b9f53be0.jpg [0m- [0m- ms - -[0m
[0mGET /static/upload_625b8d05e662f21c2ba7824b6a5295df.jpg [0m- [0m- ms - -[0m
[0mGET /static/2019_2/12/upload_6c8750929002f25d5092d5fa3442bcb8.png [0m- [0m- ms - -[0m
[0mGET /static/2019_2/12/upload_6160fff7225ebf9f097e357b5c8d5591.png [0m- [0m- ms - -[0m
[0mGET /static/2019_2/12/upload_89b0e491ca3017fa9b08c43bf17079cf.png [0m- [0m- ms - -[0m
[0mGET / [0m- [0m- ms - -[0m
[0mGET /static/2019_2/12/upload_f99882e35be089bc0a6180164e3a35b9.jpg [0m- [0m- ms - -[0m
[0mGET / [0m- [0m- ms - -[0m
[0mOPTIONS /article/list?num=10&start=0 [0m- [0m- ms - -[0m
[0mGET /article/list?num=10&start=0 [0m- [0m- ms - -[0m
[0mOPTIONS /moment/list?num=10&start=0 [0m- [0m- ms - -[0m
[0mGET /moment/list?num=10&start=0 [0m- [0m- ms - -[0m
[0mOPTIONS /user/replaceAccessToken?refreshToken=Bears+eyJhbGciOiJIUzI1NiIsInR5cCI6IkpXVCJ9.eyJ1c2VySWQiOiJkNzMxYWI3MC0wMzdlLTExZTktYjJjZS1hZmZkNzFkNTA3MDIiLCJob3N0bmFtZSI6IjE5Mi4xNjguMTg4LjIxNiIsImlwIjoiOjpmZmZmOjE5Mi4xNjguMTg4LjIxNiIsImlhdCI6MTU1NTMxMzcyNSwiZXhwIjoxNTU2MTc3NzI1fQ.-OSDVPB7hQseOJlAr93N35R8ZUxbYwe4YSE9EyDC4pk [0m- [0m- ms - -[0m
[0mGET /user/replaceAccessToken?refreshToken=Bears+eyJhbGciOiJIUzI1NiIsInR5cCI6IkpXVCJ9.eyJ1c2VySWQiOiJkNzMxYWI3MC0wMzdlLTExZTktYjJjZS1hZmZkNzFkNTA3MDIiLCJob3N0bmFtZSI6IjE5Mi4xNjguMTg4LjIxNiIsImlwIjoiOjpmZmZmOjE5Mi4xNjguMTg4LjIxNiIsImlhdCI6MTU1NTMxMzcyNSwiZXhwIjoxNTU2MTc3NzI1fQ.-OSDVPB7hQseOJlAr93N35R8ZUxbYwe4YSE9EyDC4pk [0m- [0m- ms - -[0m
[0mGET /moment/list?num=10&start=0 [0m- [0m- ms - -[0m
[0mGET /static/2019_2/12/upload_da8150df07283612102e760b17e982fe.jpg [0m- [0m- ms - -[0m
[0mGET /static/2019_2/12/upload_986d9db9d3f2c349a2d4fed204e83716.png [0m- [0m- ms - -[0m
[0mGET /static/upload_116b061736e88597a0ac1931b9f53be0.jpg [0m- [0m- ms - -[0m
[0mGET /static/upload_625b8d05e662f21c2ba7824b6a5295df.jpg [0m- [0m- ms - -[0m
[0mOPTIONS /moment/list?num=10&start=0 [0m- [0m- ms - -[0m
[0mGET /moment/list?num=10&start=0 [0m- [0m- ms - -[0m
[0mGET /static/2019_2/12/upload_41d8b4504f333d751b183306b73ff499.png [0m- [0m- ms - -[0m
[0mGET /static/2019_2/12/upload_3ab4b9fe9f60c4a7b1f9e96a909a02e2.png [0m- [0m- ms - -[0m
[0mGET /static/2019_2/12/upload_26738ae1971bdf7a4935c9896081e04a.png [0m- [0m- ms - -[0m
[0mGET /static/2019_2/12/upload_665ad0160c3128520cb5487fa8427be8.jpg [0m- [0m- ms - -[0m
[0mGET /static/2019_2/12/upload_da8150df07283612102e760b17e982fe.jpg [0m- [0m- ms - -[0m
[0mGET /static/2019_2/12/upload_986d9db9d3f2c349a2d4fed204e83716.png [0m- [0m- ms - -[0m
[0mGET /static/upload_116b061736e88597a0ac1931b9f53be0.jpg [0m- [0m- ms - -[0m
[0mGET /static/upload_625b8d05e662f21c2ba7824b6a5295df.jpg [0m- [0m- ms - -[0m
[0mOPTIONS /moment/list?num=10&start=0 [0m- [0m- ms - -[0m
[0mGET /moment/list?num=10&start=0 [0m- [0m- ms - -[0m
[0mOPTIONS /user/replaceAccessToken?refreshToken=Bears+eyJhbGciOiJIUzI1NiIsInR5cCI6IkpXVCJ9.eyJ1c2VySWQiOiJkNzMxYWI3MC0wMzdlLTExZTktYjJjZS1hZmZkNzFkNTA3MDIiLCJob3N0bmFtZSI6IjE5Mi4xNjguMTg4LjIxNiIsImlwIjoiOjpmZmZmOjE5Mi4xNjguMTg4LjIxNiIsImlhdCI6MTU1NTMxMzcyNSwiZXhwIjoxNTU2MTc3NzI1fQ.-OSDVPB7hQseOJlAr93N35R8ZUxbYwe4YSE9EyDC4pk [0m- [0m- ms - -[0m
[0mGET /user/replaceAccessToken?refreshToken=Bears+eyJhbGciOiJIUzI1NiIsInR5cCI6IkpXVCJ9.eyJ1c2VySWQiOiJkNzMxYWI3MC0wMzdlLTExZTktYjJjZS1hZmZkNzFkNTA3MDIiLCJob3N0bmFtZSI6IjE5Mi4xNjguMTg4LjIxNiIsImlwIjoiOjpmZmZmOjE5Mi4xNjguMTg4LjIxNiIsImlhdCI6MTU1NTMxMzcyNSwiZXhwIjoxNTU2MTc3NzI1fQ.-OSDVPB7hQseOJlAr93N35R8ZUxbYwe4YSE9EyDC4pk [0m- [0m- ms - -[0m
[0mGET /moment/list?num=10&start=0 [0m- [0m- ms - -[0m
[0mGET /static/2019_2/12/upload_41d8b4504f333d751b183306b73ff499.png [0m- [0m- ms - -[0m
[0mGET /static/2019_2/12/upload_3ab4b9fe9f60c4a7b1f9e96a909a02e2.png [0m- [0m- ms - -[0m
[0mGET /static/2019_2/12/upload_26738ae1971bdf7a4935c9896081e04a.png [0m- [0m- ms - -[0m
[0mGET /static/2019_2/12/upload_665ad0160c3128520cb5487fa8427be8.jpg [0m- [0m- ms - -[0m
[0mGET /static/2019_2/12/upload_da8150df07283612102e760b17e982fe.jpg [0m- [0m- ms - -[0m
[0mGET /static/2019_2/12/upload_986d9db9d3f2c349a2d4fed204e83716.png [0m- [0m- ms - -[0m
[0mGET /static/upload_116b061736e88597a0ac1931b9f53be0.jpg [0m- [0m- ms - -[0m
[0mGET /static/upload_625b8d05e662f21c2ba7824b6a5295df.jpg [0m- [0m- ms - -[0m
[0mOPTIONS /user/detail [0m- [0m- ms - -[0m
[0mGET /user/detail [0m- [0m- ms - -[0m
[0mOPTIONS /article/list?num=10&start=0 [0m- [0m- ms - -[0m
[0mGET /article/list?num=10&start=0 [0m- [0m- ms - -[0m
[0mGET /static/2019_4/16/Linkedcare%E7%9B%B8%E5%85%B3%E8%B4%A6%E5%8F%B7_360aee20-6010-11e9-91f7-e580dc957ee0.png [0m- [0m- ms - -[0m
[0mGET /static/2019_4/16/test-0416-001_3b210860-600e-11e9-91f7-e580dc957ee0.jpg [0m- [0m- ms - -[0m
[0mGET /static/2018_12/26/testarticle_2e3b8790-08ef-11e9-ad62-ffd6d09e8faa.png [0m- [0m- ms - -[0m
[0mGET /static/2018_12/26/testarticle_d9940a60-08ed-11e9-8f6f-c10927f14d23.png [0m- [0m- ms - -[0m
[0mOPTIONS /moment/list?num=10&start=0 [0m- [0m- ms - -[0m
[0mGET /moment/list?num=10&start=0 [0m- [0m- ms - -[0m
[0mGET /static/2019_2/12/upload_da8150df07283612102e760b17e982fe.jpg [0m- [0m- ms - -[0m
[0mGET /static/2019_2/12/upload_986d9db9d3f2c349a2d4fed204e83716.png [0m- [0m- ms - -[0m
[0mGET /static/upload_116b061736e88597a0ac1931b9f53be0.jpg [0m- [0m- ms - -[0m
[0mGET /static/upload_625b8d05e662f21c2ba7824b6a5295df.jpg [0m- [0m- ms - -[0m
[0mOPTIONS /article/list?num=10&start=0 [0m- [0m- ms - -[0m
[0mGET /article/list?num=10&start=0 [0m- [0m- ms - -[0m
[0mOPTIONS /moment/list?num=10&start=0 [0m- [0m- ms - -[0m
[0mGET /moment/list?num=10&start=0 [0m- [0m- ms - -[0m
[0mGET /static/2019_2/12/upload_da8150df07283612102e760b17e982fe.jpg [0m- [0m- ms - -[0m
[0mGET /static/2019_2/12/upload_986d9db9d3f2c349a2d4fed204e83716.png [0m- [0m- ms - -[0m
[0mGET /static/upload_116b061736e88597a0ac1931b9f53be0.jpg [0m- [0m- ms - -[0m
[0mGET /static/upload_625b8d05e662f21c2ba7824b6a5295df.jpg [0m- [0m- ms - -[0m
[0mOPTIONS /moment/list?num=10&start=0 [0m- [0m- ms - -[0m
[0mGET /moment/list?num=10&start=0 [0m- [0m- ms - -[0m
[0mGET /static/2019_2/12/upload_da8150df07283612102e760b17e982fe.jpg [0m- [0m- ms - -[0m
[0mGET /static/2019_2/12/upload_986d9db9d3f2c349a2d4fed204e83716.png [0m- [0m- ms - -[0m
[0mGET /static/upload_116b061736e88597a0ac1931b9f53be0.jpg [0m- [0m- ms - -[0m
[0mGET /static/upload_625b8d05e662f21c2ba7824b6a5295df.jpg [0m- [0m- ms - -[0m
[0mGET /static/2019_2/12/upload_da8150df07283612102e760b17e982fe.jpg [0m- [0m- ms - -[0m
[0mGET /static/2019_2/12/upload_986d9db9d3f2c349a2d4fed204e83716.png [0m- [0m- ms - -[0m
[0mGET /static/upload_116b061736e88597a0ac1931b9f53be0.jpg [0m- [0m- ms - -[0m
[0mGET /static/upload_625b8d05e662f21c2ba7824b6a5295df.jpg [0m- [0m- ms - -[0m
[0mOPTIONS /moment/list?num=10&start=0 [0m- [0m- ms - -[0m
[0mGET /moment/list?num=10&start=0 [0m- [0m- ms - -[0m
[0mGET /static/2019_2/12/upload_da8150df07283612102e760b17e982fe.jpg [0m- [0m- ms - -[0m
[0mGET /static/2019_2/12/upload_986d9db9d3f2c349a2d4fed204e83716.png [0m- [0m- ms - -[0m
[0mGET /static/upload_116b061736e88597a0ac1931b9f53be0.jpg [0m- [0m- ms - -[0m
[0mGET /static/upload_625b8d05e662f21c2ba7824b6a5295df.jpg [0m- [0m- ms - -[0m
[0mOPTIONS /moment/list?num=10&start=0 [0m- [0m- ms - -[0m
[0mGET /moment/list?num=10&start=0 [0m- [0m- ms - -[0m
[0mGET /static/2019_2/12/upload_da8150df07283612102e760b17e982fe.jpg [0m- [0m- ms - -[0m
[0mGET /static/2019_2/12/upload_986d9db9d3f2c349a2d4fed204e83716.png [0m- [0m- ms - -[0m
[0mGET /static/upload_116b061736e88597a0ac1931b9f53be0.jpg [0m- [0m- ms - -[0m
[0mGET /static/upload_625b8d05e662f21c2ba7824b6a5295df.jpg [0m- [0m- ms - -[0m
[0mOPTIONS /moment/list?num=10&start=0 [0m- [0m- ms - -[0m
[0mGET /moment/list?num=10&start=0 [0m- [0m- ms - -[0m
[0mGET /static/2019_2/12/upload_da8150df07283612102e760b17e982fe.jpg [0m- [0m- ms - -[0m
[0mGET /static/2019_2/12/upload_986d9db9d3f2c349a2d4fed204e83716.png [0m- [0m- ms - -[0m
[0mGET /static/upload_116b061736e88597a0ac1931b9f53be0.jpg [0m- [0m- ms - -[0m
[0mGET /static/upload_625b8d05e662f21c2ba7824b6a5295df.jpg [0m- [0m- ms - -[0m
[0mOPTIONS /moment/list?num=10&start=0 [0m- [0m- ms - -[0m
[0mGET /moment/list?num=10&start=0 [0m- [0m- ms - -[0m
[0mGET /static/2019_2/12/upload_41d8b4504f333d751b183306b73ff499.png [0m- [0m- ms - -[0m
[0mGET /static/2019_2/12/upload_3ab4b9fe9f60c4a7b1f9e96a909a02e2.png [0m- [0m- ms - -[0m
[0mGET /static/2019_2/12/upload_26738ae1971bdf7a4935c9896081e04a.png [0m- [0m- ms - -[0m
[0mGET /static/2019_2/12/upload_665ad0160c3128520cb5487fa8427be8.jpg [0m- [0m- ms - -[0m
[0mGET /static/2019_2/12/upload_da8150df07283612102e760b17e982fe.jpg [0m- [0m- ms - -[0m
[0mGET /static/2019_2/12/upload_986d9db9d3f2c349a2d4fed204e83716.png [0m- [0m- ms - -[0m
[0mGET /static/upload_116b061736e88597a0ac1931b9f53be0.jpg [0m- [0m- ms - -[0m
[0mGET /static/upload_625b8d05e662f21c2ba7824b6a5295df.jpg [0m- [0m- ms - -[0m
[0mOPTIONS /article/list?num=10&start=0 [0m- [0m- ms - -[0m
[0mGET /article/list?num=10&start=0 [0m- [0m- ms - -[0m
[0mGET /static/2019_4/16/Linkedcare%E7%9B%B8%E5%85%B3%E8%B4%A6%E5%8F%B7_360aee20-6010-11e9-91f7-e580dc957ee0.png [0m- [0m- ms - -[0m
[0mGET /static/2019_4/16/test-0416-001_3b210860-600e-11e9-91f7-e580dc957ee0.jpg [0m- [0m- ms - -[0m
[0mGET /static/2018_12/26/testarticle_2e3b8790-08ef-11e9-ad62-ffd6d09e8faa.png [0m- [0m- ms - -[0m
[0mGET /static/2018_12/26/testarticle_d9940a60-08ed-11e9-8f6f-c10927f14d23.png [0m- [0m- ms - -[0m
[0mOPTIONS /article/list?num=10&start=0 [0m- [0m- ms - -[0m
[0mGET /article/list?num=10&start=0 [0m- [0m- ms - -[0m
[0mGET /static/2019_4/16/Linkedcare%E7%9B%B8%E5%85%B3%E8%B4%A6%E5%8F%B7_360aee20-6010-11e9-91f7-e580dc957ee0.png [0m- [0m- ms - -[0m
[0mGET /static/2019_4/16/test-0416-001_3b210860-600e-11e9-91f7-e580dc957ee0.jpg [0m- [0m- ms - -[0m
[0mGET /static/2018_12/26/testarticle_2e3b8790-08ef-11e9-ad62-ffd6d09e8faa.png [0m- [0m- ms - -[0m
[0mGET /static/2018_12/26/testarticle_d9940a60-08ed-11e9-8f6f-c10927f14d23.png [0m- [0m- ms - -[0m
[0mOPTIONS /article/list?num=10&start=0 [0m- [0m- ms - -[0m
[0mGET /article/list?num=10&start=0 [0m- [0m- ms - -[0m
[0mGET /static/2019_4/16/Linkedcare%E7%9B%B8%E5%85%B3%E8%B4%A6%E5%8F%B7_360aee20-6010-11e9-91f7-e580dc957ee0.png [0m- [0m- ms - -[0m
[0mGET /static/2019_4/16/test-0416-001_3b210860-600e-11e9-91f7-e580dc957ee0.jpg [0m- [0m- ms - -[0m
[0mGET /static/2018_12/26/testarticle_2e3b8790-08ef-11e9-ad62-ffd6d09e8faa.png [0m- [0m- ms - -[0m
[0mGET /static/2018_12/26/testarticle_d9940a60-08ed-11e9-8f6f-c10927f14d23.png [0m- [0m- ms - -[0m
[0mOPTIONS /moment/list?num=10&start=0 [0m- [0m- ms - -[0m
[0mGET /moment/list?num=10&start=0 [0m- [0m- ms - -[0m
[0mOPTIONS /user/replaceAccessToken?refreshToken=Bears+eyJhbGciOiJIUzI1NiIsInR5cCI6IkpXVCJ9.eyJ1c2VySWQiOiJkNzMxYWI3MC0wMzdlLTExZTktYjJjZS1hZmZkNzFkNTA3MDIiLCJob3N0bmFtZSI6IjE5Mi4xNjguMTg4LjIxNiIsImlwIjoiOjpmZmZmOjE5Mi4xNjguMTg4LjIxNiIsImlhdCI6MTU1NTMxMzcyNSwiZXhwIjoxNTU2MTc3NzI1fQ.-OSDVPB7hQseOJlAr93N35R8ZUxbYwe4YSE9EyDC4pk [0m- [0m- ms - -[0m
[0mGET /user/replaceAccessToken?refreshToken=Bears+eyJhbGciOiJIUzI1NiIsInR5cCI6IkpXVCJ9.eyJ1c2VySWQiOiJkNzMxYWI3MC0wMzdlLTExZTktYjJjZS1hZmZkNzFkNTA3MDIiLCJob3N0bmFtZSI6IjE5Mi4xNjguMTg4LjIxNiIsImlwIjoiOjpmZmZmOjE5Mi4xNjguMTg4LjIxNiIsImlhdCI6MTU1NTMxMzcyNSwiZXhwIjoxNTU2MTc3NzI1fQ.-OSDVPB7hQseOJlAr93N35R8ZUxbYwe4YSE9EyDC4pk [0m- [0m- ms - -[0m
[0mGET /moment/list?num=10&start=0 [0m- [0m- ms - -[0m
[0mGET /static/2019_2/12/upload_41d8b4504f333d751b183306b73ff499.png [0m- [0m- ms - -[0m
[0mGET /static/2019_2/12/upload_3ab4b9fe9f60c4a7b1f9e96a909a02e2.png [0m- [0m- ms - -[0m
[0mGET /static/2019_2/12/upload_26738ae1971bdf7a4935c9896081e04a.png [0m- [0m- ms - -[0m
[0mGET /static/2019_2/12/upload_665ad0160c3128520cb5487fa8427be8.jpg [0m- [0m- ms - -[0m
[0mGET /static/2019_2/12/upload_da8150df07283612102e760b17e982fe.jpg [0m- [0m- ms - -[0m
[0mGET /static/2019_2/12/upload_986d9db9d3f2c349a2d4fed204e83716.png [0m- [0m- ms - -[0m
[0mGET /static/upload_116b061736e88597a0ac1931b9f53be0.jpg [0m- [0m- ms - -[0m
[0mGET /static/upload_625b8d05e662f21c2ba7824b6a5295df.jpg [0m- [0m- ms - -[0m
[0mOPTIONS /moment/list?num=10&start=0 [0m- [0m- ms - -[0m
[0mGET /moment/list?num=10&start=0 [0m- [0m- ms - -[0m
[0mGET /static/2019_2/12/upload_da8150df07283612102e760b17e982fe.jpg [0m- [0m- ms - -[0m
[0mGET /static/2019_2/12/upload_986d9db9d3f2c349a2d4fed204e83716.png [0m- [0m- ms - -[0m
[0mGET /static/upload_116b061736e88597a0ac1931b9f53be0.jpg [0m- [0m- ms - -[0m
[0mGET /static/upload_625b8d05e662f21c2ba7824b6a5295df.jpg [0m- [0m- ms - -[0m
[0mOPTIONS /moment/list?num=10&start=0 [0m- [0m- ms - -[0m
[0mGET /moment/list?num=10&start=0 [0m- [0m- ms - -[0m
[0mGET /static/2019_2/12/upload_da8150df07283612102e760b17e982fe.jpg [0m- [0m- ms - -[0m
[0mGET /static/2019_2/12/upload_986d9db9d3f2c349a2d4fed204e83716.png [0m- [0m- ms - -[0m
[0mGET /static/upload_116b061736e88597a0ac1931b9f53be0.jpg [0m- [0m- ms - -[0m
[0mGET /static/upload_625b8d05e662f21c2ba7824b6a5295df.jpg [0m- [0m- ms - -[0m
[0mGET /moment/list?num=10&start=0 [0m- [0m- ms - -[0m
[0mGET /static/2019_2/12/upload_da8150df07283612102e760b17e982fe.jpg [0m- [0m- ms - -[0m
[0mGET /static/2019_2/12/upload_986d9db9d3f2c349a2d4fed204e83716.png [0m- [0m- ms - -[0m
[0mGET /static/upload_116b061736e88597a0ac1931b9f53be0.jpg [0m- [0m- ms - -[0m
[0mGET /static/upload_625b8d05e662f21c2ba7824b6a5295df.jpg [0m- [0m- ms - -[0m
[0mOPTIONS /moment/list?num=10&start=0 [0m- [0m- ms - -[0m
[0mGET /moment/list?num=10&start=0 [0m- [0m- ms - -[0m
[0mGET /static/2019_2/12/upload_da8150df07283612102e760b17e982fe.jpg [0m- [0m- ms - -[0m
[0mGET /static/2019_2/12/upload_986d9db9d3f2c349a2d4fed204e83716.png [0m- [0m- ms - -[0m
[0mGET /static/upload_116b061736e88597a0ac1931b9f53be0.jpg [0m- [0m- ms - -[0m
[0mGET /static/upload_625b8d05e662f21c2ba7824b6a5295df.jpg [0m- [0m- ms - -[0m
[0mOPTIONS /article/list?num=10&start=0 [0m- [0m- ms - -[0m
[0mGET /article/list?num=10&start=0 [0m- [0m- ms - -[0m
[0mGET /static/2019_4/16/Linkedcare%E7%9B%B8%E5%85%B3%E8%B4%A6%E5%8F%B7_360aee20-6010-11e9-91f7-e580dc957ee0.png [0m- [0m- ms - -[0m
[0mGET /static/2019_4/16/test-0416-001_3b210860-600e-11e9-91f7-e580dc957ee0.jpg [0m- [0m- ms - -[0m
[0mGET /static/2018_12/26/testarticle_2e3b8790-08ef-11e9-ad62-ffd6d09e8faa.png [0m- [0m- ms - -[0m
[0mGET /static/2018_12/26/testarticle_d9940a60-08ed-11e9-8f6f-c10927f14d23.png [0m- [0m- ms - -[0m
[0mOPTIONS /article/list?num=10&start=0 [0m- [0m- ms - -[0m
[0mGET /article/list?num=10&start=0 [0m- [0m- ms - -[0m
[0mOPTIONS /article/list?num=10&start=0 [0m- [0m- ms - -[0m
[0mGET /article/list?num=10&start=0 [0m- [0m- ms - -[0m
[0mOPTIONS /article/list?num=10&start=0 [0m- [0m- ms - -[0m
[0mGET /article/list?num=10&start=0 [0m- [0m- ms - -[0m
[0mOPTIONS /article/list?num=10&start=0 [0m- [0m- ms - -[0m
[0mGET /article/list?num=10&start=0 [0m- [0m- ms - -[0m
[0mOPTIONS /article/list?num=10&start=0 [0m- [0m- ms - -[0m
[0mGET /article/list?num=10&start=0 [0m- [0m- ms - -[0m
[0mOPTIONS /article/list?num=10&start=0 [0m- [0m- ms - -[0m
[0mGET /article/list?num=10&start=0 [0m- [0m- ms - -[0m
[0mGET /article/list?num=10&start=0 [0m- [0m- ms - -[0m
[0mGET /static/articles/2018_12/26/testarticle_8bd113f0-08ec-11e9-bbf6-cbd8adb91c31.png [0m- [0m- ms - -[0m
[0mGET /static/articles/2018_12/26/testarticle_4c3968e0-08e3-11e9-bbf6-cbd8adb91c31.png [0m- [0m- ms - -[0m
[0mGET /static/articles/2018_12/25/upload_96aeac0a86457c64c035b475879847ce.png [0m- [0m- ms - -[0m
[0mGET /static/articles/2018_12/25/upload_11470f6a3667a3db2e832ce28cd476c2.png [0m- [0m- ms - -[0m
[0mOPTIONS /article/list?num=10&start=0 [0m- [0m- ms - -[0m
[0mGET /article/list?num=10&start=0 [0m- [0m- ms - -[0m
[0mGET /static/2019_4/16/Linkedcare%E7%9B%B8%E5%85%B3%E8%B4%A6%E5%8F%B7_360aee20-6010-11e9-91f7-e580dc957ee0.png [0m- [0m- ms - -[0m
[0mGET /static/2019_4/16/test-0416-001_3b210860-600e-11e9-91f7-e580dc957ee0.jpg [0m- [0m- ms - -[0m
[0mGET /static/2018_12/26/testarticle_2e3b8790-08ef-11e9-ad62-ffd6d09e8faa.png [0m- [0m- ms - -[0m
[0mGET /static/2018_12/26/testarticle_d9940a60-08ed-11e9-8f6f-c10927f14d23.png [0m- [0m- ms - -[0m
[0mGET /static/articles/2018_12/26/testarticle_8bd113f0-08ec-11e9-bbf6-cbd8adb91c31.png [0m- [0m- ms - -[0m
[0mGET /static/articles/2018_12/26/testarticle_4c3968e0-08e3-11e9-bbf6-cbd8adb91c31.png [0m- [0m- ms - -[0m
[0mGET /static/articles/2018_12/25/upload_96aeac0a86457c64c035b475879847ce.png [0m- [0m- ms - -[0m
[0mGET /static/articles/2018_12/25/upload_11470f6a3667a3db2e832ce28cd476c2.png [0m- [0m- ms - -[0m
[0mOPTIONS /moment/list?num=10&start=0 [0m- [0m- ms - -[0m
[0mGET /moment/list?num=10&start=0 [0m- [0m- ms - -[0m
[0mGET /static/2019_2/12/upload_41d8b4504f333d751b183306b73ff499.png [0m- [0m- ms - -[0m
[0mGET /static/2019_2/12/upload_3ab4b9fe9f60c4a7b1f9e96a909a02e2.png [0m- [0m- ms - -[0m
[0mGET /static/2019_2/12/upload_26738ae1971bdf7a4935c9896081e04a.png [0m- [0m- ms - -[0m
[0mGET /static/2019_2/12/upload_665ad0160c3128520cb5487fa8427be8.jpg [0m- [0m- ms - -[0m
[0mGET /static/2019_2/12/upload_da8150df07283612102e760b17e982fe.jpg [0m- [0m- ms - -[0m
[0mGET /static/2019_2/12/upload_986d9db9d3f2c349a2d4fed204e83716.png [0m- [0m- ms - -[0m
[0mGET /static/upload_116b061736e88597a0ac1931b9f53be0.jpg [0m- [0m- ms - -[0m
[0mGET /static/upload_625b8d05e662f21c2ba7824b6a5295df.jpg [0m- [0m- ms - -[0m
[0mOPTIONS /article/list?num=10&start=0 [0m- [0m- ms - -[0m
[0mGET /article/list?num=10&start=0 [0m- [0m- ms - -[0m
[0mOPTIONS /article/list?num=10&start=0 [0m- [0m- ms - -[0m
[0mGET /article/list?num=10&start=0 [0m- [0m- ms - -[0m
[0mOPTIONS /article/list?num=10&start=0 [0m- [0m- ms - -[0m
[0mGET /article/list?num=10&start=0 [0m- [0m- ms - -[0m
[0mGET /article/list?num=10&start=0 [0m- [0m- ms - -[0m
[0mOPTIONS /article/list?num=10&start=0 [0m- [0m- ms - -[0m
[0mGET /article/list?num=10&start=0 [0m- [0m- ms - -[0m
[0mOPTIONS /article/list?num=10&start=0 [0m- [0m- ms - -[0m
[0mGET /article/list?num=10&start=0 [0m- [0m- ms - -[0m
[0mGET /static/2019_4/16/Linkedcare%E7%9B%B8%E5%85%B3%E8%B4%A6%E5%8F%B7_360aee20-6010-11e9-91f7-e580dc957ee0.png [0m- [0m- ms - -[0m
[0mGET /static/2019_4/16/test-0416-001_3b210860-600e-11e9-91f7-e580dc957ee0.jpg [0m- [0m- ms - -[0m
[0mGET /static/2018_12/26/testarticle_2e3b8790-08ef-11e9-ad62-ffd6d09e8faa.png [0m- [0m- ms - -[0m
[0mGET /static/2018_12/26/testarticle_d9940a60-08ed-11e9-8f6f-c10927f14d23.png [0m- [0m- ms - -[0m
[0mOPTIONS /moment/list?num=10&start=0 [0m- [0m- ms - -[0m
[0mGET /moment/list?num=10&start=0 [0m- [0m- ms - -[0m
[0mGET /static/2019_2/12/upload_3ab4b9fe9f60c4a7b1f9e96a909a02e2.png [0m- [0m- ms - -[0m
[0mGET /static/2019_2/12/upload_41d8b4504f333d751b183306b73ff499.png [0m- [0m- ms - -[0m
[0mGET /static/2019_2/12/upload_26738ae1971bdf7a4935c9896081e04a.png [0m- [0m- ms - -[0m
[0mGET /static/2019_2/12/upload_665ad0160c3128520cb5487fa8427be8.jpg [0m- [0m- ms - -[0m
[0mGET /static/2019_2/12/upload_da8150df07283612102e760b17e982fe.jpg [0m- [0m- ms - -[0m
[0mGET /static/2019_2/12/upload_986d9db9d3f2c349a2d4fed204e83716.png [0m- [0m- ms - -[0m
[0mGET /static/upload_116b061736e88597a0ac1931b9f53be0.jpg [0m- [0m- ms - -[0m
[0mGET /static/upload_625b8d05e662f21c2ba7824b6a5295df.jpg [0m- [0m- ms - -[0m
[0mOPTIONS /user/detail [0m- [0m- ms - -[0m
[0mGET /user/detail [0m- [0m- ms - -[0m
[0mGET /moment/list?num=10&start=0 [0m- [0m- ms - -[0m
[0mGET /static/2019_2/12/upload_da8150df07283612102e760b17e982fe.jpg [0m- [0m- ms - -[0m
[0mGET /static/2019_2/12/upload_986d9db9d3f2c349a2d4fed204e83716.png [0m- [0m- ms - -[0m
[0mGET /static/upload_116b061736e88597a0ac1931b9f53be0.jpg [0m- [0m- ms - -[0m
[0mGET /static/upload_625b8d05e662f21c2ba7824b6a5295df.jpg [0m- [0m- ms - -[0m
[0mOPTIONS /article/list?num=10&start=0 [0m- [0m- ms - -[0m
[0mGET /article/list?num=10&start=0 [0m- [0m- ms - -[0m
[0mOPTIONS /article/list?num=10&start=0 [0m- [0m- ms - -[0m
[0mGET /article/list?num=10&start=0 [0m- [0m- ms - -[0m
[0mOPTIONS /article/list?num=10&start=0 [0m- [0m- ms - -[0m
[0mGET /article/list?num=10&start=0 [0m- [0m- ms - -[0m
[0mGET /static/2019_4/16/Linkedcare%E7%9B%B8%E5%85%B3%E8%B4%A6%E5%8F%B7_360aee20-6010-11e9-91f7-e580dc957ee0.png [0m- [0m- ms - -[0m
[0mGET /static/2019_4/16/test-0416-001_3b210860-600e-11e9-91f7-e580dc957ee0.jpg [0m- [0m- ms - -[0m
[0mGET /static/2018_12/26/testarticle_2e3b8790-08ef-11e9-ad62-ffd6d09e8faa.png [0m- [0m- ms - -[0m
[0mGET /static/2018_12/26/testarticle_d9940a60-08ed-11e9-8f6f-c10927f14d23.png [0m- [0m- ms - -[0m
[0mOPTIONS /moment/list?num=10&start=0 [0m- [0m- ms - -[0m
[0mGET /moment/list?num=10&start=0 [0m- [0m- ms - -[0m
[0mOPTIONS /user/replaceAccessToken?refreshToken=Bears+eyJhbGciOiJIUzI1NiIsInR5cCI6IkpXVCJ9.eyJ1c2VySWQiOiJkNzMxYWI3MC0wMzdlLTExZTktYjJjZS1hZmZkNzFkNTA3MDIiLCJob3N0bmFtZSI6IjE5Mi4xNjguMTg4LjIxNiIsImlwIjoiOjpmZmZmOjE5Mi4xNjguMTg4LjIxNiIsImlhdCI6MTU1NTMxMzcyNSwiZXhwIjoxNTU2MTc3NzI1fQ.-OSDVPB7hQseOJlAr93N35R8ZUxbYwe4YSE9EyDC4pk [0m- [0m- ms - -[0m
[0mGET /user/replaceAccessToken?refreshToken=Bears+eyJhbGciOiJIUzI1NiIsInR5cCI6IkpXVCJ9.eyJ1c2VySWQiOiJkNzMxYWI3MC0wMzdlLTExZTktYjJjZS1hZmZkNzFkNTA3MDIiLCJob3N0bmFtZSI6IjE5Mi4xNjguMTg4LjIxNiIsImlwIjoiOjpmZmZmOjE5Mi4xNjguMTg4LjIxNiIsImlhdCI6MTU1NTMxMzcyNSwiZXhwIjoxNTU2MTc3NzI1fQ.-OSDVPB7hQseOJlAr93N35R8ZUxbYwe4YSE9EyDC4pk [0m- [0m- ms - -[0m
[0mGET /moment/list?num=10&start=0 [0m- [0m- ms - -[0m
[0mGET /static/2019_2/12/upload_41d8b4504f333d751b183306b73ff499.png [0m- [0m- ms - -[0m
[0mGET /static/2019_2/12/upload_3ab4b9fe9f60c4a7b1f9e96a909a02e2.png [0m- [0m- ms - -[0m
[0mGET /static/2019_2/12/upload_26738ae1971bdf7a4935c9896081e04a.png [0m- [0m- ms - -[0m
[0mGET /static/2019_2/12/upload_665ad0160c3128520cb5487fa8427be8.jpg [0m- [0m- ms - -[0m
[0mGET /static/2019_2/12/upload_da8150df07283612102e760b17e982fe.jpg [0m- [0m- ms - -[0m
[0mGET /static/2019_2/12/upload_986d9db9d3f2c349a2d4fed204e83716.png [0m- [0m- ms - -[0m
[0mGET /static/upload_116b061736e88597a0ac1931b9f53be0.jpg [0m- [0m- ms - -[0m
[0mGET /static/upload_625b8d05e662f21c2ba7824b6a5295df.jpg [0m- [0m- ms - -[0m
[0mOPTIONS /article/list?num=10&start=0 [0m- [0m- ms - -[0m
[0mGET /article/list?num=10&start=0 [0m- [0m- ms - -[0m
[0mGET /moment/list?num=10&start=0 [0m- [0m- ms - -[0m
[0mGET /static/2019_2/12/upload_da8150df07283612102e760b17e982fe.jpg [0m- [0m- ms - -[0m
[0mGET /static/2019_2/12/upload_986d9db9d3f2c349a2d4fed204e83716.png [0m- [0m- ms - -[0m
[0mGET /static/upload_116b061736e88597a0ac1931b9f53be0.jpg [0m- [0m- ms - -[0m
[0mGET /static/upload_625b8d05e662f21c2ba7824b6a5295df.jpg [0m- [0m- ms - -[0m
[0mOPTIONS /user/detail [0m- [0m- ms - -[0m
[0mGET /user/detail [0m- [0m- ms - -[0m
[0mGET /article/list?num=10&start=0 [0m- [0m- ms - -[0m
[0mOPTIONS /moment/list?num=10&start=0 [0m- [0m- ms - -[0m
[0mGET /moment/list?num=10&start=0 [0m- [0m- ms - -[0m
[0mGET /static/2019_2/12/upload_da8150df07283612102e760b17e982fe.jpg [0m- [0m- ms - -[0m
[0mGET /static/2019_2/12/upload_986d9db9d3f2c349a2d4fed204e83716.png [0m- [0m- ms - -[0m
[0mGET /static/upload_116b061736e88597a0ac1931b9f53be0.jpg [0m- [0m- ms - -[0m
[0mGET /static/upload_625b8d05e662f21c2ba7824b6a5295df.jpg [0m- [0m- ms - -[0m
[0mOPTIONS /article/list?num=10&start=0 [0m- [0m- ms - -[0m
[0mGET /article/list?num=10&start=0 [0m- [0m- ms - -[0m
[0mGET /moment/list?num=10&start=0 [0m- [0m- ms - -[0m
[0mGET /static/2019_2/12/upload_da8150df07283612102e760b17e982fe.jpg [0m- [0m- ms - -[0m
[0mGET /static/2019_2/12/upload_986d9db9d3f2c349a2d4fed204e83716.png [0m- [0m- ms - -[0m
[0mGET /static/upload_116b061736e88597a0ac1931b9f53be0.jpg [0m- [0m- ms - -[0m
[0mGET /static/upload_625b8d05e662f21c2ba7824b6a5295df.jpg [0m- [0m- ms - -[0m
[0mGET /article/list?num=10&start=0 [0m- [0m- ms - -[0m
[0mOPTIONS /moment/list?num=10&start=0 [0m- [0m- ms - -[0m
[0mGET /moment/list?num=10&start=0 [0m- [0m- ms - -[0m
[0mGET /static/2019_2/12/upload_da8150df07283612102e760b17e982fe.jpg [0m- [0m- ms - -[0m
[0mGET /static/2019_2/12/upload_986d9db9d3f2c349a2d4fed204e83716.png [0m- [0m- ms - -[0m
[0mGET /static/upload_116b061736e88597a0ac1931b9f53be0.jpg [0m- [0m- ms - -[0m
[0mGET /static/upload_625b8d05e662f21c2ba7824b6a5295df.jpg [0m- [0m- ms - -[0m
[0mOPTIONS /article/list?num=10&start=0 [0m- [0m- ms - -[0m
[0mGET /article/list?num=10&start=0 [0m- [0m- ms - -[0m
[0mOPTIONS /moment/list?num=10&start=0 [0m- [0m- ms - -[0m
[0mGET /moment/list?num=10&start=0 [0m- [0m- ms - -[0m
[0mGET /static/2019_2/12/upload_da8150df07283612102e760b17e982fe.jpg [0m- [0m- ms - -[0m
[0mGET /static/2019_2/12/upload_986d9db9d3f2c349a2d4fed204e83716.png [0m- [0m- ms - -[0m
[0mGET /static/upload_116b061736e88597a0ac1931b9f53be0.jpg [0m- [0m- ms - -[0m
[0mGET /static/upload_625b8d05e662f21c2ba7824b6a5295df.jpg [0m- [0m- ms - -[0m
[0mGET /static/2019_2/12/upload_6c8750929002f25d5092d5fa3442bcb8.png [0m- [0m- ms - -[0m
[0mGET /static/2019_2/12/upload_6160fff7225ebf9f097e357b5c8d5591.png [0m- [0m- ms - -[0m
[0mGET /static/2019_2/12/upload_89b0e491ca3017fa9b08c43bf17079cf.png [0m- [0m- ms - -[0m
[0mGET / [0m- [0m- ms - -[0m
[0mOPTIONS /article/list?num=10&start=0 [0m- [0m- ms - -[0m
[0mGET /article/list?num=10&start=0 [0m- [0m- ms - -[0m
[0mGET /static/articles/2018_12/26/testarticle_8bd113f0-08ec-11e9-bbf6-cbd8adb91c31.png [0m- [0m- ms - -[0m
[0mGET /static/articles/2018_12/26/testarticle_4c3968e0-08e3-11e9-bbf6-cbd8adb91c31.png [0m- [0m- ms - -[0m
[0mGET /static/articles/2018_12/25/upload_96aeac0a86457c64c035b475879847ce.png [0m- [0m- ms - -[0m
[0mGET /static/articles/2018_12/25/upload_11470f6a3667a3db2e832ce28cd476c2.png [0m- [0m- ms - -[0m
[0mOPTIONS /user/detail [0m- [0m- ms - -[0m
[0mOPTIONS /article/list?num=10&start=0 [0m- [0m- ms - -[0m
[0mGET /article/list?num=10&start=0 [0m- [0m- ms - -[0m
[0mOPTIONS /moment/list?num=10&start=0 [0m- [0m- ms - -[0m
[0mGET /moment/list?num=10&start=0 [0m- [0m- ms - -[0m
[0mGET /static/2019_2/12/upload_da8150df07283612102e760b17e982fe.jpg [0m- [0m- ms - -[0m
[0mGET /static/2019_2/12/upload_986d9db9d3f2c349a2d4fed204e83716.png [0m- [0m- ms - -[0m
[0mGET /static/upload_116b061736e88597a0ac1931b9f53be0.jpg [0m- [0m- ms - -[0m
[0mGET /static/upload_625b8d05e662f21c2ba7824b6a5295df.jpg [0m- [0m- ms - -[0m
[0mOPTIONS /moment/list?num=10&start=0 [0m- [0m- ms - -[0m
[0mGET /moment/list?num=10&start=0 [0m- [0m- ms - -[0m
[0mGET /static/2019_2/12/upload_41d8b4504f333d751b183306b73ff499.png [0m- [0m- ms - -[0m
[0mGET /static/2019_2/12/upload_3ab4b9fe9f60c4a7b1f9e96a909a02e2.png [0m- [0m- ms - -[0m
[0mGET /static/2019_2/12/upload_26738ae1971bdf7a4935c9896081e04a.png [0m- [0m- ms - -[0m
[0mGET /static/2019_2/12/upload_665ad0160c3128520cb5487fa8427be8.jpg [0m- [0m- ms - -[0m
[0mGET /static/2019_2/12/upload_da8150df07283612102e760b17e982fe.jpg [0m- [0m- ms - -[0m
[0mGET /static/2019_2/12/upload_986d9db9d3f2c349a2d4fed204e83716.png [0m- [0m- ms - -[0m
[0mGET /static/upload_116b061736e88597a0ac1931b9f53be0.jpg [0m- [0m- ms - -[0m
[0mGET /static/upload_625b8d05e662f21c2ba7824b6a5295df.jpg [0m- [0m- ms - -[0m
[0mOPTIONS /moment/create [0m- [0m- ms - -[0m
[0mPOST /moment/create [0m- [0m- ms - -[0m
[0mOPTIONS /moment/list?num=10&start=0 [0m- [0m- ms - -[0m
[0mGET /moment/list?num=10&start=0 [0m- [0m- ms - -[0m
[0mGET /static/2019_2/12/upload_41d8b4504f333d751b183306b73ff499.png [0m- [0m- ms - -[0m
[0mGET /static/2019_2/12/upload_3ab4b9fe9f60c4a7b1f9e96a909a02e2.png [0m- [0m- ms - -[0m
[0mGET /static/2019_2/12/upload_26738ae1971bdf7a4935c9896081e04a.png [0m- [0m- ms - -[0m
[0mGET /static/2019_2/12/upload_665ad0160c3128520cb5487fa8427be8.jpg [0m- [0m- ms - -[0m
[0mGET /static/2019_2/12/upload_da8150df07283612102e760b17e982fe.jpg [0m- [0m- ms - -[0m
[0mGET /static/2019_2/12/upload_986d9db9d3f2c349a2d4fed204e83716.png [0m- [0m- ms - -[0m
[0mGET /static/upload_116b061736e88597a0ac1931b9f53be0.jpg [0m- [0m- ms - -[0m
[0mGET /static/upload_625b8d05e662f21c2ba7824b6a5295df.jpg [0m- [0m- ms - -[0m
[0mGET /moment/list?num=10&start=0 [0m- [0m- ms - -[0m
[0mGET /static/2019_2/12/upload_6c8750929002f25d5092d5fa3442bcb8.png [0m- [0m- ms - -[0m
[0mGET /static/2019_2/12/upload_6160fff7225ebf9f097e357b5c8d5591.png [0m- [0m- ms - -[0m
[0mGET /static/2019_2/12/upload_89b0e491ca3017fa9b08c43bf17079cf.png [0m- [0m- ms - -[0m
[0mGET / [0m- [0m- ms - -[0m
[0mOPTIONS /moment/list?num=10&start=0 [0m- [0m- ms - -[0m
[0mGET /moment/list?num=10&start=0 [0m- [0m- ms - -[0m
[0mOPTIONS /moment/create [0m- [0m- ms - -[0m
[0mPOST /moment/create [0m- [0m- ms - -[0m
[0mOPTIONS /moment/list?num=10&start=0 [0m- [0m- ms - -[0m
[0mGET /moment/list?num=10&start=0 [0m- [0m- ms - -[0m
[0mOPTIONS /user/replaceAccessToken?refreshToken=Bears+eyJhbGciOiJIUzI1NiIsInR5cCI6IkpXVCJ9.eyJ1c2VySWQiOiJkNzMxYWI3MC0wMzdlLTExZTktYjJjZS1hZmZkNzFkNTA3MDIiLCJob3N0bmFtZSI6IjE5Mi4xNjguMTg4LjIxNiIsImlwIjoiOjpmZmZmOjE5Mi4xNjguMTg4LjIxNiIsImlhdCI6MTU1NTMxMzcyNSwiZXhwIjoxNTU2MTc3NzI1fQ.-OSDVPB7hQseOJlAr93N35R8ZUxbYwe4YSE9EyDC4pk [0m- [0m- ms - -[0m
[0mGET /user/replaceAccessToken?refreshToken=Bears+eyJhbGciOiJIUzI1NiIsInR5cCI6IkpXVCJ9.eyJ1c2VySWQiOiJkNzMxYWI3MC0wMzdlLTExZTktYjJjZS1hZmZkNzFkNTA3MDIiLCJob3N0bmFtZSI6IjE5Mi4xNjguMTg4LjIxNiIsImlwIjoiOjpmZmZmOjE5Mi4xNjguMTg4LjIxNiIsImlhdCI6MTU1NTMxMzcyNSwiZXhwIjoxNTU2MTc3NzI1fQ.-OSDVPB7hQseOJlAr93N35R8ZUxbYwe4YSE9EyDC4pk [0m- [0m- ms - -[0m
[0mGET /moment/list?num=10&start=0 [0m- [0m- ms - -[0m
[0mGET /static/2019_2/12/upload_41d8b4504f333d751b183306b73ff499.png [0m- [0m- ms - -[0m
[0mGET /static/2019_2/12/upload_3ab4b9fe9f60c4a7b1f9e96a909a02e2.png [0m- [0m- ms - -[0m
[0mGET /static/2019_2/12/upload_26738ae1971bdf7a4935c9896081e04a.png [0m- [0m- ms - -[0m
[0mGET /static/2019_2/12/upload_665ad0160c3128520cb5487fa8427be8.jpg [0m- [0m- ms - -[0m
[0mGET /static/2019_2/12/upload_da8150df07283612102e760b17e982fe.jpg [0m- [0m- ms - -[0m
[0mGET /static/2019_2/12/upload_986d9db9d3f2c349a2d4fed204e83716.png [0m- [0m- ms - -[0m
[0mGET /static/upload_116b061736e88597a0ac1931b9f53be0.jpg [0m- [0m- ms - -[0m
[0mGET /static/upload_625b8d05e662f21c2ba7824b6a5295df.jpg [0m- [0m- ms - -[0m
[0mOPTIONS /moment/create [0m- [0m- ms - -[0m
[0mPOST /moment/create [0m- [0m- ms - -[0m
[0mOPTIONS /moment/create [0m- [0m- ms - -[0m
[0mPOST /moment/create [0m- [0m- ms - -[0m
[0mOPTIONS /moment/list?num=10&start=0 [0m- [0m- ms - -[0m
[0mGET /moment/list?num=10&start=0 [0m- [0m- ms - -[0m
[0mGET /static/2019_4/18/upload_1afb587f4e80f3e21a2d0bf70029b3ed.jpg [0m- [0m- ms - -[0m
[0mGET /static/2019_4/18/upload_cf60d3bafe887303da9aaa5e75e7e818.png [0m- [0m- ms - -[0m
[0mGET /static/2019_4/18/upload_0679a20d281468aa5b41e4213aea52b1.png [0m- [0m- ms - -[0m
[0mGET /static/2019_4/18/upload_e28c01092a944d57f7711a7af19122b5.png [0m- [0m- ms - -[0m
[0mGET /static/2019_4/18/upload_879d9e6966c53f6cb21603127cbcc85d.png [0m- [0m- ms - -[0m
[0mGET /static/2019_4/18/upload_7162a5632da752964d4c62a9aff97e67.png [0m- [0m- ms - -[0m
[0mGET /static/2019_4/18/upload_ee0dc52c8386eb83e5d3b82cd4a0c351.jpg [0m- [0m- ms - -[0m
[0mGET /static/2019_2/12/upload_41d8b4504f333d751b183306b73ff499.png [0m- [0m- ms - -[0m
[0mGET /static/2019_2/12/upload_26738ae1971bdf7a4935c9896081e04a.png [0m- [0m- ms - -[0m
[0mGET /static/2019_2/12/upload_665ad0160c3128520cb5487fa8427be8.jpg [0m- [0m- ms - -[0m
[0mGET /static/2019_2/12/upload_3ab4b9fe9f60c4a7b1f9e96a909a02e2.png [0m- [0m- ms - -[0m
[0mGET /static/2019_2/12/upload_da8150df07283612102e760b17e982fe.jpg [0m- [0m- ms - -[0m
[0mGET /static/2019_2/12/upload_986d9db9d3f2c349a2d4fed204e83716.png [0m- [0m- ms - -[0m
[0mGET /static/upload_625b8d05e662f21c2ba7824b6a5295df.jpg [0m- [0m- ms - -[0m
[0mGET /static/upload_116b061736e88597a0ac1931b9f53be0.jpg [0m- [0m- ms - -[0m
[0mGET /static/2019_2/12/upload_6c8750929002f25d5092d5fa3442bcb8.png [0m- [0m- ms - -[0m
[0mGET /static/2019_2/12/upload_6160fff7225ebf9f097e357b5c8d5591.png [0m- [0m- ms - -[0m
[0mGET /static/2019_2/12/upload_89b0e491ca3017fa9b08c43bf17079cf.png [0m- [0m- ms - -[0m
[0mOPTIONS /moment/list?num=10&start=0 [0m- [0m- ms - -[0m
[0mGET /moment/list?num=10&start=0 [0m- [0m- ms - -[0m
[0mOPTIONS /moment/list?num=10&start=0 [0m- [0m- ms - -[0m
[0mGET /moment/list?num=10&start=0 [0m- [0m- ms - -[0m
[0mGET /static/2019_4/18/upload_1afb587f4e80f3e21a2d0bf70029b3ed.jpg [0m- [0m- ms - -[0m
[0mGET /static/2019_4/18/upload_cf60d3bafe887303da9aaa5e75e7e818.png [0m- [0m- ms - -[0m
[0mGET /static/2019_4/18/upload_0679a20d281468aa5b41e4213aea52b1.png [0m- [0m- ms - -[0m
[0mGET /static/2019_4/18/upload_e28c01092a944d57f7711a7af19122b5.png [0m- [0m- ms - -[0m
[0mGET /static/2019_4/18/upload_879d9e6966c53f6cb21603127cbcc85d.png [0m- [0m- ms - -[0m
[0mGET /static/2019_4/18/upload_7162a5632da752964d4c62a9aff97e67.png [0m- [0m- ms - -[0m
[0mGET /static/2019_4/18/upload_ee0dc52c8386eb83e5d3b82cd4a0c351.jpg [0m- [0m- ms - -[0m
[0mGET /static/2019_2/12/upload_41d8b4504f333d751b183306b73ff499.png [0m- [0m- ms - -[0m
[0mGET /static/2019_2/12/upload_3ab4b9fe9f60c4a7b1f9e96a909a02e2.png [0m- [0m- ms - -[0m
[0mGET /static/2019_2/12/upload_26738ae1971bdf7a4935c9896081e04a.png [0m- [0m- ms - -[0m
[0mGET /static/2019_2/12/upload_665ad0160c3128520cb5487fa8427be8.jpg [0m- [0m- ms - -[0m
[0mGET /static/2019_2/12/upload_da8150df07283612102e760b17e982fe.jpg [0m- [0m- ms - -[0m
[0mGET /static/2019_2/12/upload_986d9db9d3f2c349a2d4fed204e83716.png [0m- [0m- ms - -[0m
[0mGET /static/upload_116b061736e88597a0ac1931b9f53be0.jpg [0m- [0m- ms - -[0m
[0mOPTIONS /moment/create [0m- [0m- ms - -[0m
[0mPOST /moment/create [0m- [0m- ms - -[0m
[0mOPTIONS /moment/create [0m- [0m- ms - -[0m
[0mPOST /moment/create [0m- [0m- ms - -[0m
[0mOPTIONS /moment/create [0m- [0m- ms - -[0m
[0mPOST /moment/create [0m- [0m- ms - -[0m
[0mOPTIONS /moment/create [0m- [0m- ms - -[0m
[0mPOST /moment/create [0m- [0m- ms - -[0m
[0mOPTIONS /moment/list?num=10&start=0 [0m- [0m- ms - -[0m
[0mGET /moment/list?num=10&start=0 [0m- [0m- ms - -[0m
[0mGET /static/2019_4/18/upload_1afb587f4e80f3e21a2d0bf70029b3ed.jpg [0m- [0m- ms - -[0m
[0mGET /static/2019_4/18/upload_cf60d3bafe887303da9aaa5e75e7e818.png [0m- [0m- ms - -[0m
[0mGET /static/2019_4/18/upload_0679a20d281468aa5b41e4213aea52b1.png [0m- [0m- ms - -[0m
[0mGET /static/2019_4/18/upload_e28c01092a944d57f7711a7af19122b5.png [0m- [0m- ms - -[0m
[0mGET /static/2019_4/18/upload_879d9e6966c53f6cb21603127cbcc85d.png [0m- [0m- ms - -[0m
[0mGET /static/2019_4/18/upload_7162a5632da752964d4c62a9aff97e67.png [0m- [0m- ms - -[0m
[0mGET /static/2019_4/18/upload_ee0dc52c8386eb83e5d3b82cd4a0c351.jpg [0m- [0m- ms - -[0m
[0mGET /static/2019_2/12/upload_41d8b4504f333d751b183306b73ff499.png [0m- [0m- ms - -[0m
[0mGET /static/2019_2/12/upload_3ab4b9fe9f60c4a7b1f9e96a909a02e2.png [0m- [0m- ms - -[0m
[0mGET /static/2019_2/12/upload_26738ae1971bdf7a4935c9896081e04a.png [0m- [0m- ms - -[0m
[0mGET /static/2019_2/12/upload_665ad0160c3128520cb5487fa8427be8.jpg [0m- [0m- ms - -[0m
[0mGET /static/2019_2/12/upload_da8150df07283612102e760b17e982fe.jpg [0m- [0m- ms - -[0m
[0mGET /static/2019_2/12/upload_986d9db9d3f2c349a2d4fed204e83716.png [0m- [0m- ms - -[0m
[0mGET /static/upload_116b061736e88597a0ac1931b9f53be0.jpg [0m- [0m- ms - -[0m
[0mOPTIONS /moment/list?num=10&start=0 [0m- [0m- ms - -[0m
[0mGET /moment/list?num=10&start=0 [0m- [0m- ms - -[0m
[0mGET /static/2019_4/18/upload_1afb587f4e80f3e21a2d0bf70029b3ed.jpg [0m- [0m- ms - -[0m
[0mGET /static/2019_4/18/upload_cf60d3bafe887303da9aaa5e75e7e818.png [0m- [0m- ms - -[0m
[0mGET /static/2019_4/18/upload_0679a20d281468aa5b41e4213aea52b1.png [0m- [0m- ms - -[0m
[0mGET /static/2019_4/18/upload_e28c01092a944d57f7711a7af19122b5.png [0m- [0m- ms - -[0m
[0mGET /static/2019_4/18/upload_879d9e6966c53f6cb21603127cbcc85d.png [0m- [0m- ms - -[0m
[0mGET /static/2019_4/18/upload_7162a5632da752964d4c62a9aff97e67.png [0m- [0m- ms - -[0m
[0mGET /static/2019_4/18/upload_ee0dc52c8386eb83e5d3b82cd4a0c351.jpg [0m- [0m- ms - -[0m
[0mGET /static/2019_2/12/upload_41d8b4504f333d751b183306b73ff499.png [0m- [0m- ms - -[0m
[0mGET /static/2019_2/12/upload_3ab4b9fe9f60c4a7b1f9e96a909a02e2.png [0m- [0m- ms - -[0m
[0mGET /static/2019_2/12/upload_26738ae1971bdf7a4935c9896081e04a.png [0m- [0m- ms - -[0m
[0mGET /static/2019_2/12/upload_665ad0160c3128520cb5487fa8427be8.jpg [0m- [0m- ms - -[0m
[0mGET /static/2019_2/12/upload_da8150df07283612102e760b17e982fe.jpg [0m- [0m- ms - -[0m
[0mGET /static/2019_2/12/upload_986d9db9d3f2c349a2d4fed204e83716.png [0m- [0m- ms - -[0m
[0mGET /static/upload_116b061736e88597a0ac1931b9f53be0.jpg [0m- [0m- ms - -[0m
[0mOPTIONS /moment/create [0m- [0m- ms - -[0m
[0mPOST /moment/create [0m- [0m- ms - -[0m
[0mOPTIONS /moment/list?num=10&start=0 [0m- [0m- ms - -[0m
[0mGET /moment/list?num=10&start=0 [0m- [0m- ms - -[0m
[0mGET /static/2019_4/18/upload_1afb587f4e80f3e21a2d0bf70029b3ed.jpg [0m- [0m- ms - -[0m
[0mGET /static/2019_4/18/upload_cf60d3bafe887303da9aaa5e75e7e818.png [0m- [0m- ms - -[0m
[0mGET /static/2019_4/18/upload_0679a20d281468aa5b41e4213aea52b1.png [0m- [0m- ms - -[0m
[0mGET /static/2019_4/18/upload_e28c01092a944d57f7711a7af19122b5.png [0m- [0m- ms - -[0m
[0mGET /static/2019_4/18/upload_879d9e6966c53f6cb21603127cbcc85d.png [0m- [0m- ms - -[0m
[0mGET /static/2019_4/18/upload_7162a5632da752964d4c62a9aff97e67.png [0m- [0m- ms - -[0m
[0mGET /static/2019_4/18/upload_ee0dc52c8386eb83e5d3b82cd4a0c351.jpg [0m- [0m- ms - -[0m
[0mGET /static/2019_2/12/upload_41d8b4504f333d751b183306b73ff499.png [0m- [0m- ms - -[0m
[0mGET /static/2019_2/12/upload_3ab4b9fe9f60c4a7b1f9e96a909a02e2.png [0m- [0m- ms - -[0m
[0mGET /static/2019_2/12/upload_26738ae1971bdf7a4935c9896081e04a.png [0m- [0m- ms - -[0m
[0mGET /static/2019_2/12/upload_665ad0160c3128520cb5487fa8427be8.jpg [0m- [0m- ms - -[0m
[0mGET /static/2019_4/18/upload_dec58030ec783e2b5561bfa663862202.jpg [0m- [0m- ms - -[0m
[0mGET /static/2019_4/18/upload_a2660e8521bbaa206c6ee306eaae5acb.jpg [0m- [0m- ms - -[0m
[0mGET /static/2019_4/18/upload_5b5b747cb244f7e2db8a19ab08624f54.jpg [0m- [0m- ms - -[0m
[0mGET /static/2019_4/18/upload_90762f98071abe8d9524036b6c95b0d8.jpg [0m- [0m- ms - -[0m
[0mGET /static/2019_4/18/upload_52ae39b811dcdd169b479e23c163faf2.jpg [0m- [0m- ms - -[0m
[0mGET /static/2019_4/18/upload_d9006369ff843c681e71d8b1e48839db.jpg [0m- [0m- ms - -[0m
[0mGET /static/2019_4/18/upload_b9eab4aefc697e98a194d80c049dbaef.jpg [0m- [0m- ms - -[0m
[0mGET /static/2019_4/18/upload_52192b5dfac5229d91dedccd3091f6e0.png [0m- [0m- ms - -[0m
[0mGET /static/2019_4/18/upload_cc68caf8567677dd5d75b3e1f867dfc1.jpg [0m- [0m- ms - -[0m
[0mOPTIONS /moment/list?num=10&start=0 [0m- [0m- ms - -[0m
[0mGET /moment/list?num=10&start=0 [0m- [0m- ms - -[0m
[0mOPTIONS /moment/list?num=10&start=0 [0m- [0m- ms - -[0m
[0mGET /moment/list?num=10&start=0 [0m- [0m- ms - -[0m
[0mOPTIONS /moment/list?num=10&start=0 [0m- [0m- ms - -[0m
[0mGET /moment/list?num=10&start=0 [0m- [0m- ms - -[0m
[0mOPTIONS /moment/list?num=10&start=0 [0m- [0m- ms - -[0m
[0mGET /moment/list?num=10&start=0 [0m- [0m- ms - -[0m
[0mGET /static/2019_4/18/upload_dec58030ec783e2b5561bfa663862202.jpg [0m- [0m- ms - -[0m
[0mGET /static/2019_4/18/upload_a2660e8521bbaa206c6ee306eaae5acb.jpg [0m- [0m- ms - -[0m
[0mGET /static/2019_4/18/upload_5b5b747cb244f7e2db8a19ab08624f54.jpg [0m- [0m- ms - -[0m
[0mGET /static/2019_4/18/upload_90762f98071abe8d9524036b6c95b0d8.jpg [0m- [0m- ms - -[0m
[0mGET /static/2019_4/18/upload_52ae39b811dcdd169b479e23c163faf2.jpg [0m- [0m- ms - -[0m
[0mGET /static/2019_4/18/upload_d9006369ff843c681e71d8b1e48839db.jpg [0m- [0m- ms - -[0m
[0mGET /static/2019_4/18/upload_b9eab4aefc697e98a194d80c049dbaef.jpg [0m- [0m- ms - -[0m
[0mGET /static/2019_4/18/upload_52192b5dfac5229d91dedccd3091f6e0.png [0m- [0m- ms - -[0m
[0mGET /static/2019_4/18/upload_1afb587f4e80f3e21a2d0bf70029b3ed.jpg [0m- [0m- ms - -[0m
[0mGET /static/2019_4/18/upload_cc68caf8567677dd5d75b3e1f867dfc1.jpg [0m- [0m- ms - -[0m
[0mGET /static/2019_4/18/upload_cf60d3bafe887303da9aaa5e75e7e818.png [0m- [0m- ms - -[0m
[0mGET /static/2019_4/18/upload_0679a20d281468aa5b41e4213aea52b1.png [0m- [0m- ms - -[0m
[0mGET /static/2019_4/18/upload_e28c01092a944d57f7711a7af19122b5.png [0m- [0m- ms - -[0m
[0mGET /static/2019_4/18/upload_879d9e6966c53f6cb21603127cbcc85d.png [0m- [0m- ms - -[0m
[0mGET /static/2019_4/18/upload_7162a5632da752964d4c62a9aff97e67.png [0m- [0m- ms - -[0m
[0mGET /static/2019_4/18/upload_ee0dc52c8386eb83e5d3b82cd4a0c351.jpg [0m- [0m- ms - -[0m
[0mGET /static/2019_2/12/upload_41d8b4504f333d751b183306b73ff499.png [0m- [0m- ms - -[0m
[0mGET /static/2019_2/12/upload_3ab4b9fe9f60c4a7b1f9e96a909a02e2.png [0m- [0m- ms - -[0m
[0mGET /static/2019_2/12/upload_26738ae1971bdf7a4935c9896081e04a.png [0m- [0m- ms - -[0m
[0mGET /static/2019_2/12/upload_665ad0160c3128520cb5487fa8427be8.jpg [0m- [0m- ms - -[0m
[0mOPTIONS /user/detail [0m- [0m- ms - -[0m
[0mGET /user/detail [0m- [0m- ms - -[0m
[0mOPTIONS /moment/list?num=10&start=0 [0m- [0m- ms - -[0m
[0mGET /moment/list?num=10&start=0 [0m- [0m- ms - -[0m
[0mGET /moment/list?num=10&start=0 [0m- [0m- ms - -[0m
[0mOPTIONS /moment/list?num=10&start=0 [0m- [0m- ms - -[0m
[0mGET /moment/list?num=10&start=0 [0m- [0m- ms - -[0m
[0mGET /moment/list?num=10&start=0 [0m- [0m- ms - -[0m
[0mGET /static/2019_4/18/upload_dec58030ec783e2b5561bfa663862202.jpg [0m- [0m- ms - -[0m
[0mGET /static/2019_4/18/upload_a2660e8521bbaa206c6ee306eaae5acb.jpg [0m- [0m- ms - -[0m
[0mGET /static/2019_4/18/upload_5b5b747cb244f7e2db8a19ab08624f54.jpg [0m- [0m- ms - -[0m
[0mGET /static/2019_4/18/upload_90762f98071abe8d9524036b6c95b0d8.jpg [0m- [0m- ms - -[0m
[0mGET /static/2019_4/18/upload_52ae39b811dcdd169b479e23c163faf2.jpg [0m- [0m- ms - -[0m
[0mGET /static/2019_4/18/upload_d9006369ff843c681e71d8b1e48839db.jpg [0m- [0m- ms - -[0m
[0mGET /static/2019_4/18/upload_b9eab4aefc697e98a194d80c049dbaef.jpg [0m- [0m- ms - -[0m
[0mGET /static/2019_4/18/upload_52192b5dfac5229d91dedccd3091f6e0.png [0m- [0m- ms - -[0m
[0mGET /static/2019_4/18/upload_cc68caf8567677dd5d75b3e1f867dfc1.jpg [0m- [0m- ms - -[0m
[0mGET /static/2019_4/18/upload_1afb587f4e80f3e21a2d0bf70029b3ed.jpg [0m- [0m- ms - -[0m
[0mGET /static/2019_4/18/upload_cf60d3bafe887303da9aaa5e75e7e818.png [0m- [0m- ms - -[0m
[0mGET /static/2019_4/18/upload_0679a20d281468aa5b41e4213aea52b1.png [0m- [0m- ms - -[0m
[0mGET /static/2019_4/18/upload_e28c01092a944d57f7711a7af19122b5.png [0m- [0m- ms - -[0m
[0mGET /static/2019_4/18/upload_879d9e6966c53f6cb21603127cbcc85d.png [0m- [0m- ms - -[0m
[0mGET /static/2019_4/18/upload_7162a5632da752964d4c62a9aff97e67.png [0m- [0m- ms - -[0m
[0mGET /static/2019_4/18/upload_ee0dc52c8386eb83e5d3b82cd4a0c351.jpg [0m- [0m- ms - -[0m
[0mGET /static/2019_2/12/upload_41d8b4504f333d751b183306b73ff499.png [0m- [0m- ms - -[0m
[0mGET /static/2019_2/12/upload_3ab4b9fe9f60c4a7b1f9e96a909a02e2.png [0m- [0m- ms - -[0m
[0mGET /static/2019_2/12/upload_26738ae1971bdf7a4935c9896081e04a.png [0m- [0m- ms - -[0m
[0mGET /static/2019_2/12/upload_665ad0160c3128520cb5487fa8427be8.jpg [0m- [0m- ms - -[0m
[0mOPTIONS /user/detail [0m- [0m- ms - -[0m
[0mGET /user/detail [0m- [0m- ms - -[0m
[0mOPTIONS /moment/list?num=10&start=0 [0m- [0m- ms - -[0m
[0mGET /moment/list?num=10&start=0 [0m- [0m- ms - -[0m
[0mOPTIONS /user/detail [0m- [0m- ms - -[0m
[0mOPTIONS /moment/list?num=10&start=0 [0m- [0m- ms - -[0m
[0mGET /moment/list?num=10&start=0 [0m- [0m- ms - -[0m
[0mGET /user/detail [0m- [0m- ms - -[0m
[0mOPTIONS /user/detail [0m- [0m- ms - -[0m
[0mOPTIONS /moment/list?num=10&start=0 [0m- [0m- ms - -[0m
[0mGET /moment/list?num=10&start=0 [0m- [0m- ms - -[0m
[0mGET /moment/list?num=10&start=0 [0m- [0m- ms - -[0m
[0mOPTIONS /user/detail [0m- [0m- ms - -[0m
[0mOPTIONS /moment/list?num=10&start=0 [0m- [0m- ms - -[0m
[0mGET /moment/list?num=10&start=0 [0m- [0m- ms - -[0m
[0mGET /user/detail [0m- [0m- ms - -[0m
[0mGET /user/detail [0m- [0m- ms - -[0m
[0mGET /user/detail [0m- [0m- ms - -[0m
[0mOPTIONS /user/detail [0m- [0m- ms - -[0m
[0mOPTIONS /moment/list?num=10&start=0 [0m- [0m- ms - -[0m
[0mGET /moment/list?num=10&start=0 [0m- [0m- ms - -[0m
[0mGET /user/detail [0m- [0m- ms - -[0m
[0mOPTIONS /user/replaceRefreshToken?refreshToken=Bears+eyJhbGciOiJIUzI1NiIsInR5cCI6IkpXVCJ9.eyJ1c2VySWQiOiJkNzMxYWI3MC0wMzdlLTExZTktYjJjZS1hZmZkNzFkNTA3MDIiLCJob3N0bmFtZSI6IjE5Mi4xNjguMTg4LjIxNiIsImlwIjoiOjpmZmZmOjE5Mi4xNjguMTg4LjIxNiIsImlhdCI6MTU1NTMxMzcyNSwiZXhwIjoxNTU2MTc3NzI1fQ.-OSDVPB7hQseOJlAr93N35R8ZUxbYwe4YSE9EyDC4pk [0m- [0m- ms - -[0m
[0mOPTIONS /moment/list?num=10&start=0 [0m- [0m- ms - -[0m
[0mGET /moment/list?num=10&start=0 [0m- [0m- ms - -[0m
[0mGET /user/replaceRefreshToken?refreshToken=Bears+eyJhbGciOiJIUzI1NiIsInR5cCI6IkpXVCJ9.eyJ1c2VySWQiOiJkNzMxYWI3MC0wMzdlLTExZTktYjJjZS1hZmZkNzFkNTA3MDIiLCJob3N0bmFtZSI6IjE5Mi4xNjguMTg4LjIxNiIsImlwIjoiOjpmZmZmOjE5Mi4xNjguMTg4LjIxNiIsImlhdCI6MTU1NTMxMzcyNSwiZXhwIjoxNTU2MTc3NzI1fQ.-OSDVPB7hQseOJlAr93N35R8ZUxbYwe4YSE9EyDC4pk [0m- [0m- ms - -[0m
[0mOPTIONS /user/replaceAccessToken?refreshToken=Bears+eyJhbGciOiJIUzI1NiIsInR5cCI6IkpXVCJ9.eyJ1c2VySWQiOiJkNzMxYWI3MC0wMzdlLTExZTktYjJjZS1hZmZkNzFkNTA3MDIiLCJob3N0bmFtZSI6IjE5Mi4xNjguMTg4LjIxNiIsImlwIjoiOjpmZmZmOjE5Mi4xNjguMTg4LjIxNiIsImlhdCI6MTU1NTMxMzcyNSwiZXhwIjoxNTU2MTc3NzI1fQ.-OSDVPB7hQseOJlAr93N35R8ZUxbYwe4YSE9EyDC4pk [0m- [0m- ms - -[0m
[0mOPTIONS /user/replaceAccessToken?refreshToken=Bears+eyJhbGciOiJIUzI1NiIsInR5cCI6IkpXVCJ9.eyJ1c2VySWQiOiJkNzMxYWI3MC0wMzdlLTExZTktYjJjZS1hZmZkNzFkNTA3MDIiLCJob3N0bmFtZSI6IjE5Mi4xNjguMTg4LjIxNiIsImlwIjoiOjpmZmZmOjE5Mi4xNjguMTg4LjIxNiIsImlhdCI6MTU1NTMxMzcyNSwiZXhwIjoxNTU2MTc3NzI1fQ.-OSDVPB7hQseOJlAr93N35R8ZUxbYwe4YSE9EyDC4pk [0m- [0m- ms - -[0m
[0mGET /user/replaceAccessToken?refreshToken=Bears+eyJhbGciOiJIUzI1NiIsInR5cCI6IkpXVCJ9.eyJ1c2VySWQiOiJkNzMxYWI3MC0wMzdlLTExZTktYjJjZS1hZmZkNzFkNTA3MDIiLCJob3N0bmFtZSI6IjE5Mi4xNjguMTg4LjIxNiIsImlwIjoiOjpmZmZmOjE5Mi4xNjguMTg4LjIxNiIsImlhdCI6MTU1NTMxMzcyNSwiZXhwIjoxNTU2MTc3NzI1fQ.-OSDVPB7hQseOJlAr93N35R8ZUxbYwe4YSE9EyDC4pk [0m- [0m- ms - -[0m
[0mGET /user/replaceAccessToken?refreshToken=Bears+eyJhbGciOiJIUzI1NiIsInR5cCI6IkpXVCJ9.eyJ1c2VySWQiOiJkNzMxYWI3MC0wMzdlLTExZTktYjJjZS1hZmZkNzFkNTA3MDIiLCJob3N0bmFtZSI6IjE5Mi4xNjguMTg4LjIxNiIsImlwIjoiOjpmZmZmOjE5Mi4xNjguMTg4LjIxNiIsImlhdCI6MTU1NTMxMzcyNSwiZXhwIjoxNTU2MTc3NzI1fQ.-OSDVPB7hQseOJlAr93N35R8ZUxbYwe4YSE9EyDC4pk [0m- [0m- ms - -[0m
[0mGET /moment/list?num=10&start=0 [0m- [0m- ms - -[0m
[0mGET /user/replaceRefreshToken?refreshToken=Bears+eyJhbGciOiJIUzI1NiIsInR5cCI6IkpXVCJ9.eyJ1c2VySWQiOiJkNzMxYWI3MC0wMzdlLTExZTktYjJjZS1hZmZkNzFkNTA3MDIiLCJob3N0bmFtZSI6IjE5Mi4xNjguMTg4LjIxNiIsImlwIjoiOjpmZmZmOjE5Mi4xNjguMTg4LjIxNiIsImlhdCI6MTU1NTMxMzcyNSwiZXhwIjoxNTU2MTc3NzI1fQ.-OSDVPB7hQseOJlAr93N35R8ZUxbYwe4YSE9EyDC4pk [0m- [0m- ms - -[0m
[0mGET /moment/list?num=10&start=0 [0m- [0m- ms - -[0m
[0mOPTIONS /user/replaceRefreshToken?refreshToken=Bears+eyJhbGciOiJIUzI1NiIsInR5cCI6IkpXVCJ9.eyJ1c2VySWQiOiJkNzMxYWI3MC0wMzdlLTExZTktYjJjZS1hZmZkNzFkNTA3MDIiLCJob3N0bmFtZSI6IjE5Mi4xNjguMTg4LjIxNiIsImlwIjoiOjpmZmZmOjE5Mi4xNjguMTg4LjIxNiIsImlhdCI6MTU1NTMxMzcyNSwiZXhwIjoxNTU2MTc3NzI1fQ.-OSDVPB7hQseOJlAr93N35R8ZUxbYwe4YSE9EyDC4pk [0m- [0m- ms - -[0m
[0mOPTIONS /moment/list?num=10&start=0 [0m- [0m- ms - -[0m
[0mOPTIONS /moment/list?num=10&start=0 [0m- [0m- ms - -[0m
[0mGET /user/replaceRefreshToken?refreshToken=Bears+eyJhbGciOiJIUzI1NiIsInR5cCI6IkpXVCJ9.eyJ1c2VySWQiOiJkNzMxYWI3MC0wMzdlLTExZTktYjJjZS1hZmZkNzFkNTA3MDIiLCJob3N0bmFtZSI6IjE5Mi4xNjguMTg4LjIxNiIsImlwIjoiOjpmZmZmOjE5Mi4xNjguMTg4LjIxNiIsImlhdCI6MTU1NTMxMzcyNSwiZXhwIjoxNTU2MTc3NzI1fQ.-OSDVPB7hQseOJlAr93N35R8ZUxbYwe4YSE9EyDC4pk [0m- [0m- ms - -[0m
[0mGET /moment/list?num=10&start=0 [0m- [0m- ms - -[0m
[0mGET /moment/list?num=10&start=0 [0m- [0m- ms - -[0m
[0mOPTIONS /moment/list?num=10&start=0 [0m- [0m- ms - -[0m
[0mGET /moment/list?num=10&start=0 [0m- [0m- ms - -[0m
[0mGET /static/2019_4/18/upload_dec58030ec783e2b5561bfa663862202.jpg [0m- [0m- ms - -[0m
[0mGET /static/2019_4/18/upload_a2660e8521bbaa206c6ee306eaae5acb.jpg [0m- [0m- ms - -[0m
[0mGET /static/2019_4/18/upload_5b5b747cb244f7e2db8a19ab08624f54.jpg [0m- [0m- ms - -[0m
[0mGET /static/2019_4/18/upload_90762f98071abe8d9524036b6c95b0d8.jpg [0m- [0m- ms - -[0m
[0mGET /static/2019_4/18/upload_52ae39b811dcdd169b479e23c163faf2.jpg [0m- [0m- ms - -[0m
[0mGET /static/2019_4/18/upload_d9006369ff843c681e71d8b1e48839db.jpg [0m- [0m- ms - -[0m
[0mGET /static/2019_4/18/upload_b9eab4aefc697e98a194d80c049dbaef.jpg [0m- [0m- ms - -[0m
[0mGET /static/2019_4/18/upload_52192b5dfac5229d91dedccd3091f6e0.png [0m- [0m- ms - -[0m
[0mGET /static/2019_4/18/upload_cc68caf8567677dd5d75b3e1f867dfc1.jpg [0m- [0m- ms - -[0m
[0mGET /static/2019_4/18/upload_1afb587f4e80f3e21a2d0bf70029b3ed.jpg [0m- [0m- ms - -[0m
[0mGET /static/2019_4/18/upload_cf60d3bafe887303da9aaa5e75e7e818.png [0m- [0m- ms - -[0m
[0mGET /static/2019_4/18/upload_0679a20d281468aa5b41e4213aea52b1.png [0m- [0m- ms - -[0m
[0mGET /static/2019_4/18/upload_e28c01092a944d57f7711a7af19122b5.png [0m- [0m- ms - -[0m
[0mGET /static/2019_4/18/upload_879d9e6966c53f6cb21603127cbcc85d.png [0m- [0m- ms - -[0m
[0mGET /static/2019_4/18/upload_7162a5632da752964d4c62a9aff97e67.png [0m- [0m- ms - -[0m
[0mGET /static/2019_4/18/upload_ee0dc52c8386eb83e5d3b82cd4a0c351.jpg [0m- [0m- ms - -[0m
[0mGET /static/2019_2/12/upload_41d8b4504f333d751b183306b73ff499.png [0m- [0m- ms - -[0m
[0mGET /static/2019_2/12/upload_3ab4b9fe9f60c4a7b1f9e96a909a02e2.png [0m- [0m- ms - -[0m
[0mGET /static/2019_2/12/upload_26738ae1971bdf7a4935c9896081e04a.png [0m- [0m- ms - -[0m
[0mGET /static/2019_2/12/upload_665ad0160c3128520cb5487fa8427be8.jpg [0m- [0m- ms - -[0m
[0mOPTIONS /user/detail [0m- [0m- ms - -[0m
[0mGET /user/detail [0m- [0m- ms - -[0m
[0mOPTIONS /moment/list?num=10&start=0 [0m- [0m- ms - -[0m
[0mGET /moment/list?num=10&start=0 [0m- [0m- ms - -[0m
[0mGET /moment/list?num=10&start=0 [0m- [0m- ms - -[0m
[0mOPTIONS /moment/list?num=10&start=0 [0m- [0m- ms - -[0m
[0mGET /moment/list?num=10&start=0 [0m- [0m- ms - -[0m
[0mGET /moment/list?num=10&start=0 [0m- [0m- ms - -[0m
[0mOPTIONS /moment/list?num=10&start=0 [0m- [0m- ms - -[0m
[0mGET /moment/list?num=10&start=0 [0m- [0m- ms - -[0m
[0mGET /user/detail [0m- [0m- ms - -[0m
[0mOPTIONS /moment/list?num=10&start=0 [0m- [0m- ms - -[0m
[0mGET /moment/list?num=10&start=0 [0m- [0m- ms - -[0m
[0mOPTIONS /moment/list?num=10&start=0 [0m- [0m- ms - -[0m
[0mGET /moment/list?num=10&start=0 [0m- [0m- ms - -[0m
[0mGET /static/2019_4/18/upload_dec58030ec783e2b5561bfa663862202.jpg [0m- [0m- ms - -[0m
[0mGET /static/2019_4/18/upload_a2660e8521bbaa206c6ee306eaae5acb.jpg [0m- [0m- ms - -[0m
[0mGET /static/2019_4/18/upload_5b5b747cb244f7e2db8a19ab08624f54.jpg [0m- [0m- ms - -[0m
[0mGET /static/2019_4/18/upload_90762f98071abe8d9524036b6c95b0d8.jpg [0m- [0m- ms - -[0m
[0mGET /static/2019_4/18/upload_52ae39b811dcdd169b479e23c163faf2.jpg [0m- [0m- ms - -[0m
[0mGET /static/2019_4/18/upload_d9006369ff843c681e71d8b1e48839db.jpg [0m- [0m- ms - -[0m
[0mGET /static/2019_4/18/upload_b9eab4aefc697e98a194d80c049dbaef.jpg [0m- [0m- ms - -[0m
[0mGET /static/2019_4/18/upload_52192b5dfac5229d91dedccd3091f6e0.png [0m- [0m- ms - -[0m
[0mGET /static/2019_4/18/upload_cc68caf8567677dd5d75b3e1f867dfc1.jpg [0m- [0m- ms - -[0m
[0mGET /static/2019_4/18/upload_1afb587f4e80f3e21a2d0bf70029b3ed.jpg [0m- [0m- ms - -[0m
[0mGET /static/2019_4/18/upload_cf60d3bafe887303da9aaa5e75e7e818.png [0m- [0m- ms - -[0m
[0mGET /static/2019_4/18/upload_0679a20d281468aa5b41e4213aea52b1.png [0m- [0m- ms - -[0m
[0mGET /static/2019_4/18/upload_e28c01092a944d57f7711a7af19122b5.png [0m- [0m- ms - -[0m
[0mGET /static/2019_4/18/upload_879d9e6966c53f6cb21603127cbcc85d.png [0m- [0m- ms - -[0m
[0mGET /static/2019_4/18/upload_7162a5632da752964d4c62a9aff97e67.png [0m- [0m- ms - -[0m
[0mGET /static/2019_4/18/upload_ee0dc52c8386eb83e5d3b82cd4a0c351.jpg [0m- [0m- ms - -[0m
[0mGET /static/2019_2/12/upload_41d8b4504f333d751b183306b73ff499.png [0m- [0m- ms - -[0m
[0mGET /static/2019_2/12/upload_3ab4b9fe9f60c4a7b1f9e96a909a02e2.png [0m- [0m- ms - -[0m
[0mGET /static/2019_2/12/upload_26738ae1971bdf7a4935c9896081e04a.png [0m- [0m- ms - -[0m
[0mGET /static/2019_2/12/upload_665ad0160c3128520cb5487fa8427be8.jpg [0m- [0m- ms - -[0m
[0mOPTIONS /user/replaceRefreshToken?refreshToken=Bears+eyJhbGciOiJIUzI1NiIsInR5cCI6IkpXVCJ9.eyJ1c2VySWQiOiJkNzMxYWI3MC0wMzdlLTExZTktYjJjZS1hZmZkNzFkNTA3MDIiLCJob3N0bmFtZSI6IjE5Mi4xNjguMTg4LjIxNiIsImlwIjoiOjpmZmZmOjE5Mi4xNjguMTg4LjIxNiIsImlhdCI6MTU1NTMxMzcyNSwiZXhwIjoxNTU2MTc3NzI1fQ.-OSDVPB7hQseOJlAr93N35R8ZUxbYwe4YSE9EyDC4pk [0m- [0m- ms - -[0m
[0mOPTIONS /moment/list?num=10&start=0 [0m- [0m- ms - -[0m
[0mGET /user/replaceRefreshToken?refreshToken=Bears+eyJhbGciOiJIUzI1NiIsInR5cCI6IkpXVCJ9.eyJ1c2VySWQiOiJkNzMxYWI3MC0wMzdlLTExZTktYjJjZS1hZmZkNzFkNTA3MDIiLCJob3N0bmFtZSI6IjE5Mi4xNjguMTg4LjIxNiIsImlwIjoiOjpmZmZmOjE5Mi4xNjguMTg4LjIxNiIsImlhdCI6MTU1NTMxMzcyNSwiZXhwIjoxNTU2MTc3NzI1fQ.-OSDVPB7hQseOJlAr93N35R8ZUxbYwe4YSE9EyDC4pk [0m- [0m- ms - -[0m
[0mGET /moment/list?num=10&start=0 [0m- [0m- ms - -[0m
[0mOPTIONS /moment/list?num=10&start=0 [0m- [0m- ms - -[0m
[0mGET /moment/list?num=10&start=0 [0m- [0m- ms - -[0m
[0mGET /static/2019_4/18/upload_dec58030ec783e2b5561bfa663862202.jpg [0m- [0m- ms - -[0m
[0mGET /static/2019_4/18/upload_a2660e8521bbaa206c6ee306eaae5acb.jpg [0m- [0m- ms - -[0m
[0mGET /static/2019_4/18/upload_5b5b747cb244f7e2db8a19ab08624f54.jpg [0m- [0m- ms - -[0m
[0mGET /static/2019_4/18/upload_90762f98071abe8d9524036b6c95b0d8.jpg [0m- [0m- ms - -[0m
[0mGET /static/2019_4/18/upload_52ae39b811dcdd169b479e23c163faf2.jpg [0m- [0m- ms - -[0m
[0mGET /static/2019_4/18/upload_d9006369ff843c681e71d8b1e48839db.jpg [0m- [0m- ms - -[0m
[0mGET /static/2019_4/18/upload_b9eab4aefc697e98a194d80c049dbaef.jpg [0m- [0m- ms - -[0m
[0mGET /static/2019_4/18/upload_52192b5dfac5229d91dedccd3091f6e0.png [0m- [0m- ms - -[0m
[0mGET /static/2019_4/18/upload_cc68caf8567677dd5d75b3e1f867dfc1.jpg [0m- [0m- ms - -[0m
[0mGET /static/2019_4/18/upload_1afb587f4e80f3e21a2d0bf70029b3ed.jpg [0m- [0m- ms - -[0m
[0mGET /static/2019_4/18/upload_cf60d3bafe887303da9aaa5e75e7e818.png [0m- [0m- ms - -[0m
[0mGET /static/2019_4/18/upload_0679a20d281468aa5b41e4213aea52b1.png [0m- [0m- ms - -[0m
[0mGET /static/2019_4/18/upload_e28c01092a944d57f7711a7af19122b5.png [0m- [0m- ms - -[0m
[0mGET /static/2019_4/18/upload_879d9e6966c53f6cb21603127cbcc85d.png [0m- [0m- ms - -[0m
[0mGET /static/2019_4/18/upload_7162a5632da752964d4c62a9aff97e67.png [0m- [0m- ms - -[0m
[0mGET /static/2019_4/18/upload_ee0dc52c8386eb83e5d3b82cd4a0c351.jpg [0m- [0m- ms - -[0m
[0mGET /static/2019_2/12/upload_41d8b4504f333d751b183306b73ff499.png [0m- [0m- ms - -[0m
[0mGET /static/2019_2/12/upload_3ab4b9fe9f60c4a7b1f9e96a909a02e2.png [0m- [0m- ms - -[0m
[0mGET /static/2019_2/12/upload_26738ae1971bdf7a4935c9896081e04a.png [0m- [0m- ms - -[0m
[0mGET /static/2019_2/12/upload_665ad0160c3128520cb5487fa8427be8.jpg [0m- [0m- ms - -[0m
[0mOPTIONS /moment/list?num=10&start=0 [0m- [0m- ms - -[0m
[0mGET /moment/list?num=10&start=0 [0m- [0m- ms - -[0m
[0mGET /static/2019_4/18/upload_dec58030ec783e2b5561bfa663862202.jpg [0m- [0m- ms - -[0m
[0mGET /static/2019_4/18/upload_a2660e8521bbaa206c6ee306eaae5acb.jpg [0m- [0m- ms - -[0m
[0mGET /static/2019_4/18/upload_5b5b747cb244f7e2db8a19ab08624f54.jpg [0m- [0m- ms - -[0m
[0mGET /static/2019_4/18/upload_90762f98071abe8d9524036b6c95b0d8.jpg [0m- [0m- ms - -[0m
[0mGET /static/2019_4/18/upload_52ae39b811dcdd169b479e23c163faf2.jpg [0m- [0m- ms - -[0m
[0mGET /static/2019_4/18/upload_d9006369ff843c681e71d8b1e48839db.jpg [0m- [0m- ms - -[0m
[0mGET /static/2019_4/18/upload_b9eab4aefc697e98a194d80c049dbaef.jpg [0m- [0m- ms - -[0m
[0mGET /static/2019_4/18/upload_52192b5dfac5229d91dedccd3091f6e0.png [0m- [0m- ms - -[0m
[0mGET /static/2019_4/18/upload_cc68caf8567677dd5d75b3e1f867dfc1.jpg [0m- [0m- ms - -[0m
[0mGET /static/2019_4/18/upload_1afb587f4e80f3e21a2d0bf70029b3ed.jpg [0m- [0m- ms - -[0m
[0mGET /static/2019_4/18/upload_cf60d3bafe887303da9aaa5e75e7e818.png [0m- [0m- ms - -[0m
[0mGET /static/2019_4/18/upload_0679a20d281468aa5b41e4213aea52b1.png [0m- [0m- ms - -[0m
[0mGET /static/2019_4/18/upload_e28c01092a944d57f7711a7af19122b5.png [0m- [0m- ms - -[0m
[0mGET /static/2019_4/18/upload_879d9e6966c53f6cb21603127cbcc85d.png [0m- [0m- ms - -[0m
[0mGET /static/2019_4/18/upload_7162a5632da752964d4c62a9aff97e67.png [0m- [0m- ms - -[0m
[0mGET /static/2019_4/18/upload_ee0dc52c8386eb83e5d3b82cd4a0c351.jpg [0m- [0m- ms - -[0m
[0mGET /static/2019_2/12/upload_41d8b4504f333d751b183306b73ff499.png [0m- [0m- ms - -[0m
[0mGET /static/2019_2/12/upload_3ab4b9fe9f60c4a7b1f9e96a909a02e2.png [0m- [0m- ms - -[0m
[0mGET /static/2019_2/12/upload_26738ae1971bdf7a4935c9896081e04a.png [0m- [0m- ms - -[0m
[0mGET /static/2019_2/12/upload_665ad0160c3128520cb5487fa8427be8.jpg [0m- [0m- ms - -[0m
[0mGET /static/upload_116b061736e88597a0ac1931b9f53be0.jpg [0m- [0m- ms - -[0m
[0mOPTIONS /moment/list?num=10&start=0 [0m- [0m- ms - -[0m
[0mGET /moment/list?num=10&start=0 [0m- [0m- ms - -[0m
[0mGET /moment/list?num=10&start=0 [0m- [0m- ms - -[0m
[0mGET /static/2019_4/18/upload_dec58030ec783e2b5561bfa663862202.jpg [0m- [0m- ms - -[0m
[0mGET /static/2019_4/18/upload_a2660e8521bbaa206c6ee306eaae5acb.jpg [0m- [0m- ms - -[0m
[0mGET /static/2019_4/18/upload_5b5b747cb244f7e2db8a19ab08624f54.jpg [0m- [0m- ms - -[0m
[0mGET /static/2019_4/18/upload_90762f98071abe8d9524036b6c95b0d8.jpg [0m- [0m- ms - -[0m
[0mGET /static/2019_4/18/upload_52ae39b811dcdd169b479e23c163faf2.jpg [0m- [0m- ms - -[0m
[0mGET /static/2019_4/18/upload_d9006369ff843c681e71d8b1e48839db.jpg [0m- [0m- ms - -[0m
[0mGET /static/2019_4/18/upload_b9eab4aefc697e98a194d80c049dbaef.jpg [0m- [0m- ms - -[0m
[0mGET /static/2019_4/18/upload_52192b5dfac5229d91dedccd3091f6e0.png [0m- [0m- ms - -[0m
[0mGET /static/2019_4/18/upload_cc68caf8567677dd5d75b3e1f867dfc1.jpg [0m- [0m- ms - -[0m
[0mGET /static/2019_4/18/upload_1afb587f4e80f3e21a2d0bf70029b3ed.jpg [0m- [0m- ms - -[0m
[0mGET /static/2019_4/18/upload_cf60d3bafe887303da9aaa5e75e7e818.png [0m- [0m- ms - -[0m
[0mGET /static/2019_4/18/upload_0679a20d281468aa5b41e4213aea52b1.png [0m- [0m- ms - -[0m
[0mGET /static/2019_4/18/upload_e28c01092a944d57f7711a7af19122b5.png [0m- [0m- ms - -[0m
[0mGET /static/2019_4/18/upload_879d9e6966c53f6cb21603127cbcc85d.png [0m- [0m- ms - -[0m
[0mGET /static/2019_4/18/upload_7162a5632da752964d4c62a9aff97e67.png [0m- [0m- ms - -[0m
[0mGET /static/2019_4/18/upload_ee0dc52c8386eb83e5d3b82cd4a0c351.jpg [0m- [0m- ms - -[0m
[0mGET /static/2019_2/12/upload_41d8b4504f333d751b183306b73ff499.png [0m- [0m- ms - -[0m
[0mGET /static/2019_2/12/upload_3ab4b9fe9f60c4a7b1f9e96a909a02e2.png [0m- [0m- ms - -[0m
[0mGET /static/2019_2/12/upload_26738ae1971bdf7a4935c9896081e04a.png [0m- [0m- ms - -[0m
[0mGET /static/2019_2/12/upload_665ad0160c3128520cb5487fa8427be8.jpg [0m- [0m- ms - -[0m
[0mOPTIONS /user/detail [0m- [0m- ms - -[0m
[0mGET /user/detail [0m- [0m- ms - -[0m
[0mOPTIONS /moment/list?num=10&start=0 [0m- [0m- ms - -[0m
[0mGET /moment/list?num=10&start=0 [0m- [0m- ms - -[0m
[0mGET /moment/list?num=10&start=0 [0m- [0m- ms - -[0m
[0mOPTIONS /user/detail [0m- [0m- ms - -[0m
[0mOPTIONS /moment/list?num=10&start=0 [0m- [0m- ms - -[0m
[0mGET /moment/list?num=10&start=0 [0m- [0m- ms - -[0m
[0mOPTIONS /moment/list?num=10&start=0 [0m- [0m- ms - -[0m
[0mGET /moment/list?num=10&start=0 [0m- [0m- ms - -[0m
[0mGET /moment/list?num=10&start=0 [0m- [0m- ms - -[0m
[0mGET /user/detail [0m- [0m- ms - -[0m
[0mGET /user/detail [0m- [0m- ms - -[0m
[0mOPTIONS /article/list?num=10&start=0 [0m- [0m- ms - -[0m
[0mGET /article/list?num=10&start=0 [0m- [0m- ms - -[0m
[0mGET /static/2019_4/16/Linkedcare%E7%9B%B8%E5%85%B3%E8%B4%A6%E5%8F%B7_360aee20-6010-11e9-91f7-e580dc957ee0.png [0m- [0m- ms - -[0m
[0mGET /static/2019_4/16/test-0416-001_3b210860-600e-11e9-91f7-e580dc957ee0.jpg [0m- [0m- ms - -[0m
[0mGET /static/2018_12/26/testarticle_2e3b8790-08ef-11e9-ad62-ffd6d09e8faa.png [0m- [0m- ms - -[0m
[0mGET /static/2018_12/26/testarticle_d9940a60-08ed-11e9-8f6f-c10927f14d23.png [0m- [0m- ms - -[0m
[0mOPTIONS /moment/list?num=10&start=0 [0m- [0m- ms - -[0m
[0mGET /moment/list?num=10&start=0 [0m- [0m- ms - -[0m
[0mGET /moment/list?num=10&start=0 [0m- [0m- ms - -[0m
