[0mGET / [36m304 [0m1418.342 ms - -[0m
[0mGET /user [0m- [0m- ms - -[0m
[0mGET /stylesheets/style.css [36m304 [0m4.445 ms - -[0m
[0mGET /user [0m- [0m- ms - -[0m
[0mGET /user [0m- [0m- ms - -[0m
[0mGET /user [32m200 [0m5028.075 ms - 21[0m
[0mGET /user [0m- [0m- ms - -[0m
[0mGET /user [0m- [0m- ms - -[0m
[0mGET /user [0m- [0m- ms - -[0m
[0mGET /user [0m- [0m- ms - -[0m
[0mGET /user [36m304 [0m5032.962 ms - -[0m
[0mGET /us [32m200 [0m5002.999 ms - 21[0m
[0mGET /us [36m304 [0m5013.885 ms - -[0m
[0mGET /us [36m304 [0m5002.173 ms - -[0m
[0mGET /user [31m500 [0m1475.855 ms - 1836[0m
[0mGET /stylesheets/style.css [36m304 [0m4.751 ms - -[0m
[0mGET /stylesheets/style.css [36m304 [0m1.505 ms - -[0m
[0mGET /user [31m500 [0m1040.395 ms - 1836[0m
[0mGET /stylesheets/style.css [36m304 [0m6.467 ms - -[0m
[0mGET /user [31m500 [0m1033.165 ms - 1836[0m
[0mGET /stylesheets/style.css [36m304 [0m8.728 ms - -[0m
[0mGET /user [31m500 [0m42.206 ms - 1836[0m
[0mGET /stylesheets/style.css [36m304 [0m3.969 ms - -[0m
[0mGET /user [31m500 [0m1133.063 ms - 1836[0m
[0mGET /stylesheets/style.css [36m304 [0m6.182 ms - -[0m
[0mGET /user [31m500 [0m1122910.129 ms - 1836[0m
[0mGET /stylesheets/style.css [36m304 [0m4.327 ms - -[0m
[0mGET /user [31m500 [0m41304.976 ms - 4[0m
[0mGET /user [0m- [0m- ms - -[0m
[0mGET / [36m304 [0m43.766 ms - -[0m
[0mGET /stylesheets/style.css [36m304 [0m5.398 ms - -[0m
[0mGET /user [0m- [0m- ms - -[0m
[0mGET /user [0m- [0m- ms - -[0m
[0mGET /user [0m- [0m- ms - -[0m
[0mGET /u [32m200 [0m5012.117 ms - 21[0m
[0mGET /u [36m304 [0m5005.472 ms - -[0m
[0mGET /u [0m- [0m- ms - -[0m
[0mGET /u [0m- [0m- ms - -[0m
[0mGET /u [33m404 [0m7718.406 ms - 920[0m
[0mGET /stylesheets/style.css [36m304 [0m10.337 ms - -[0m
