[0mOPTIONS /article/list?num=10&start=0 [0m- [0m- ms - -[0m
[0mGET /article/list?num=10&start=0 [0m- [0m- ms - -[0m
[0mGET /static/2019_4/16/Linkedcare%E7%9B%B8%E5%85%B3%E8%B4%A6%E5%8F%B7_360aee20-6010-11e9-91f7-e580dc957ee0.png [0m- [0m- ms - -[0m
[0mGET /static/2018_12/26/testarticle_2e3b8790-08ef-11e9-ad62-ffd6d09e8faa.png [0m- [0m- ms - -[0m
[0mGET /static/2019_4/16/test-0416-001_3b210860-600e-11e9-91f7-e580dc957ee0.jpg [0m- [0m- ms - -[0m
[0mGET /static/2018_12/26/testarticle_d9940a60-08ed-11e9-8f6f-c10927f14d23.png [0m- [0m- ms - -[0m
[0mGET /static/articles/2018_12/26/testarticle_8bd113f0-08ec-11e9-bbf6-cbd8adb91c31.png [0m- [0m- ms - -[0m
[0mGET /static/articles/2018_12/26/testarticle_4c3968e0-08e3-11e9-bbf6-cbd8adb91c31.png [0m- [0m- ms - -[0m
[0mGET /static/articles/2018_12/25/upload_96aeac0a86457c64c035b475879847ce.png [0m- [0m- ms - -[0m
[0mGET /static/articles/2018_12/25/upload_11470f6a3667a3db2e832ce28cd476c2.png [0m- [0m- ms - -[0m
[0mOPTIONS /article/list?num=10&start=0 [0m- [0m- ms - -[0m
[0mGET /article/list?num=10&start=0 [0m- [0m- ms - -[0m
[0mGET /static/2019_4/16/Linkedcare%E7%9B%B8%E5%85%B3%E8%B4%A6%E5%8F%B7_360aee20-6010-11e9-91f7-e580dc957ee0.png [0m- [0m- ms - -[0m
[0mGET /static/2019_4/16/test-0416-001_3b210860-600e-11e9-91f7-e580dc957ee0.jpg [0m- [0m- ms - -[0m
[0mGET /static/2018_12/26/testarticle_2e3b8790-08ef-11e9-ad62-ffd6d09e8faa.png [0m- [0m- ms - -[0m
[0mGET /static/2018_12/26/testarticle_d9940a60-08ed-11e9-8f6f-c10927f14d23.png [0m- [0m- ms - -[0m
[0mGET /static/articles/2018_12/26/testarticle_8bd113f0-08ec-11e9-bbf6-cbd8adb91c31.png [0m- [0m- ms - -[0m
[0mGET /static/articles/2018_12/26/testarticle_4c3968e0-08e3-11e9-bbf6-cbd8adb91c31.png [0m- [0m- ms - -[0m
[0mGET /static/articles/2018_12/25/upload_96aeac0a86457c64c035b475879847ce.png [0m- [0m- ms - -[0m
[0mGET /static/articles/2018_12/25/upload_11470f6a3667a3db2e832ce28cd476c2.png [0m- [0m- ms - -[0m
[0mOPTIONS /article/list?num=10&start=0 [0m- [0m- ms - -[0m
[0mGET /article/list?num=10&start=0 [0m- [0m- ms - -[0m
[0mOPTIONS /article/list?num=10&start=0 [0m- [0m- ms - -[0m
[0mGET /article/list?num=10&start=0 [0m- [0m- ms - -[0m
[0mGET /article/list?num=10&start=0 [0m- [0m- ms - -[0m
[0mOPTIONS /article/list?num=10&start=0 [0m- [0m- ms - -[0m
[0mGET /article/list?num=10&start=0 [0m- [0m- ms - -[0m
[0mOPTIONS /article/list?num=10&start=0 [0m- [0m- ms - -[0m
[0mGET /article/list?num=10&start=0 [0m- [0m- ms - -[0m
[0mOPTIONS /article/list?num=10&start=0 [0m- [0m- ms - -[0m
[0mGET /article/list?num=10&start=0 [0m- [0m- ms - -[0m
[0mOPTIONS /article/list?num=10&start=0 [0m- [0m- ms - -[0m
[0mGET /article/list?num=10&start=0 [0m- [0m- ms - -[0m
[0mOPTIONS /article/list?num=10&start=0 [0m- [0m- ms - -[0m
[0mGET /article/list?num=10&start=0 [0m- [0m- ms - -[0m
[0mOPTIONS /article/list?num=10&start=0 [0m- [0m- ms - -[0m
[0mGET /article/list?num=10&start=0 [0m- [0m- ms - -[0m
[0mGET /static/2019_4/16/Linkedcare%E7%9B%B8%E5%85%B3%E8%B4%A6%E5%8F%B7_360aee20-6010-11e9-91f7-e580dc957ee0.png [0m- [0m- ms - -[0m
[0mGET /static/2018_12/26/testarticle_2e3b8790-08ef-11e9-ad62-ffd6d09e8faa.png [0m- [0m- ms - -[0m
[0mGET /static/2019_4/16/test-0416-001_3b210860-600e-11e9-91f7-e580dc957ee0.jpg [0m- [0m- ms - -[0m
[0mGET /static/2018_12/26/testarticle_d9940a60-08ed-11e9-8f6f-c10927f14d23.png [0m- [0m- ms - -[0m
[0mOPTIONS /article/list?num=10&start=0 [0m- [0m- ms - -[0m
[0mGET /article/list?num=10&start=0 [0m- [0m- ms - -[0m
[0mGET /static/2019_4/16/test-0416-001_3b210860-600e-11e9-91f7-e580dc957ee0.jpg [0m- [0m- ms - -[0m
[0mGET /static/2019_4/16/Linkedcare%E7%9B%B8%E5%85%B3%E8%B4%A6%E5%8F%B7_360aee20-6010-11e9-91f7-e580dc957ee0.png [0m- [0m- ms - -[0m
[0mGET /static/2018_12/26/testarticle_2e3b8790-08ef-11e9-ad62-ffd6d09e8faa.png [0m- [0m- ms - -[0m
[0mGET /static/2018_12/26/testarticle_d9940a60-08ed-11e9-8f6f-c10927f14d23.png [0m- [0m- ms - -[0m
[0mGET /static/articles/2018_12/26/testarticle_4c3968e0-08e3-11e9-bbf6-cbd8adb91c31.png [0m- [0m- ms - -[0m
[0mGET /static/articles/2018_12/25/upload_96aeac0a86457c64c035b475879847ce.png [0m- [0m- ms - -[0m
[0mGET /static/articles/2018_12/25/upload_11470f6a3667a3db2e832ce28cd476c2.png [0m- [0m- ms - -[0m
[0mGET /static/articles/2018_12/26/testarticle_8bd113f0-08ec-11e9-bbf6-cbd8adb91c31.png [0m- [0m- ms - -[0m
[0mOPTIONS /article/list?num=10&start=0 [0m- [0m- ms - -[0m
[0mGET /article/list?num=10&start=0 [0m- [0m- ms - -[0m
[0mGET /static/2018_12/26/testarticle_2e3b8790-08ef-11e9-ad62-ffd6d09e8faa.png [0m- [0m- ms - -[0m
[0mGET /static/2019_4/16/Linkedcare%E7%9B%B8%E5%85%B3%E8%B4%A6%E5%8F%B7_360aee20-6010-11e9-91f7-e580dc957ee0.png [0m- [0m- ms - -[0m
[0mGET /static/2018_12/26/testarticle_d9940a60-08ed-11e9-8f6f-c10927f14d23.png [0m- [0m- ms - -[0m
[0mGET /static/2019_4/16/test-0416-001_3b210860-600e-11e9-91f7-e580dc957ee0.jpg [0m- [0m- ms - -[0m
[0mGET /article/list?num=10&start=0 [0m- [0m- ms - -[0m
[0mGET /static/2019_4/16/Linkedcare%E7%9B%B8%E5%85%B3%E8%B4%A6%E5%8F%B7_360aee20-6010-11e9-91f7-e580dc957ee0.png [0m- [0m- ms - -[0m
[0mGET /static/2019_4/16/test-0416-001_3b210860-600e-11e9-91f7-e580dc957ee0.jpg [0m- [0m- ms - -[0m
[0mGET /static/2018_12/26/testarticle_2e3b8790-08ef-11e9-ad62-ffd6d09e8faa.png [0m- [0m- ms - -[0m
[0mGET /static/2018_12/26/testarticle_d9940a60-08ed-11e9-8f6f-c10927f14d23.png [0m- [0m- ms - -[0m
[0mOPTIONS /moment/list?num=10&start=0 [0m- [0m- ms - -[0m
[0mGET /moment/list?num=10&start=0 [0m- [0m- ms - -[0m
[0mOPTIONS /user/replaceAccessToken?refreshToken=Bears+eyJhbGciOiJIUzI1NiIsInR5cCI6IkpXVCJ9.eyJ1c2VySWQiOiJkNzMxYWI3MC0wMzdlLTExZTktYjJjZS1hZmZkNzFkNTA3MDIiLCJob3N0bmFtZSI6IjE5Mi4xNjguMTg4LjIxNiIsImlwIjoiOjpmZmZmOjE5Mi4xNjguMTg4LjIxNiIsImlhdCI6MTU1NTMxMzcyNSwiZXhwIjoxNTU2MTc3NzI1fQ.-OSDVPB7hQseOJlAr93N35R8ZUxbYwe4YSE9EyDC4pk [0m- [0m- ms - -[0m
[0mGET /user/replaceAccessToken?refreshToken=Bears+eyJhbGciOiJIUzI1NiIsInR5cCI6IkpXVCJ9.eyJ1c2VySWQiOiJkNzMxYWI3MC0wMzdlLTExZTktYjJjZS1hZmZkNzFkNTA3MDIiLCJob3N0bmFtZSI6IjE5Mi4xNjguMTg4LjIxNiIsImlwIjoiOjpmZmZmOjE5Mi4xNjguMTg4LjIxNiIsImlhdCI6MTU1NTMxMzcyNSwiZXhwIjoxNTU2MTc3NzI1fQ.-OSDVPB7hQseOJlAr93N35R8ZUxbYwe4YSE9EyDC4pk [0m- [0m- ms - -[0m
[0mGET /moment/list?num=10&start=0 [0m- [0m- ms - -[0m
[0mOPTIONS /user/detail [0m- [0m- ms - -[0m
[0mGET /user/detail [0m- [0m- ms - -[0m
[0mOPTIONS /article/list?num=10&start=0 [0m- [0m- ms - -[0m
[0mGET /article/list?num=10&start=0 [0m- [0m- ms - -[0m
[0mOPTIONS /moment/list?num=10&start=0 [0m- [0m- ms - -[0m
[0mGET /moment/list?num=10&start=0 [0m- [0m- ms - -[0m
[0mGET /article/list?num=10&start=0 [0m- [0m- ms - -[0m
[0mOPTIONS /article/list?num=10&start=0 [0m- [0m- ms - -[0m
[0mGET /article/list?num=10&start=0 [0m- [0m- ms - -[0m
[0mGET /static/2019_4/16/Linkedcare%E7%9B%B8%E5%85%B3%E8%B4%A6%E5%8F%B7_360aee20-6010-11e9-91f7-e580dc957ee0.png [0m- [0m- ms - -[0m
[0mGET /static/2019_4/16/test-0416-001_3b210860-600e-11e9-91f7-e580dc957ee0.jpg [0m- [0m- ms - -[0m
[0mGET /static/2018_12/26/testarticle_2e3b8790-08ef-11e9-ad62-ffd6d09e8faa.png [0m- [0m- ms - -[0m
[0mGET /static/2018_12/26/testarticle_d9940a60-08ed-11e9-8f6f-c10927f14d23.png [0m- [0m- ms - -[0m
[0mOPTIONS /moment/list?num=10&start=0 [0m- [0m- ms - -[0m
[0mGET /moment/list?num=10&start=0 [0m- [0m- ms - -[0m
[0mOPTIONS /user/detail [0m- [0m- ms - -[0m
[0mGET /user/detail [0m- [0m- ms - -[0m
[0mOPTIONS /user/detail [0m- [0m- ms - -[0m
[0mGET /user/detail [0m- [0m- ms - -[0m
[0mOPTIONS /user/detail [0m- [0m- ms - -[0m
[0mGET /user/detail [0m- [0m- ms - -[0m
[0mOPTIONS /article/list?num=10&start=0 [0m- [0m- ms - -[0m
[0mGET /article/list?num=10&start=0 [0m- [0m- ms - -[0m
[0mOPTIONS /moment/list?num=10&start=0 [0m- [0m- ms - -[0m
[0mGET /moment/list?num=10&start=0 [0m- [0m- ms - -[0m
[0mGET /article/list?num=10&start=0 [0m- [0m- ms - -[0m
[0mOPTIONS /user/detail [0m- [0m- ms - -[0m
[0mGET /user/detail [0m- [0m- ms - -[0m
[0mGET /article/list?num=10&start=0 [0m- [0m- ms - -[0m
[0mOPTIONS /article/list?num=10&start=0 [0m- [0m- ms - -[0m
[0mGET /article/list?num=10&start=0 [0m- [0m- ms - -[0m
[0mGET /static/2018_12/26/testarticle_d9940a60-08ed-11e9-8f6f-c10927f14d23.png [0m- [0m- ms - -[0m
[0mGET /static/2019_4/16/Linkedcare%E7%9B%B8%E5%85%B3%E8%B4%A6%E5%8F%B7_360aee20-6010-11e9-91f7-e580dc957ee0.png [0m- [0m- ms - -[0m
[0mGET /static/2018_12/26/testarticle_2e3b8790-08ef-11e9-ad62-ffd6d09e8faa.png [0m- [0m- ms - -[0m
[0mGET /static/2019_4/16/test-0416-001_3b210860-600e-11e9-91f7-e580dc957ee0.jpg [0m- [0m- ms - -[0m
[0mOPTIONS /moment/list?num=10&start=0 [0m- [0m- ms - -[0m
[0mGET /moment/list?num=10&start=0 [0m- [0m- ms - -[0m
[0mGET /moment/list?num=10&start=0 [0m- [0m- ms - -[0m
[0mOPTIONS /moment/list?num=10&start=0 [0m- [0m- ms - -[0m
[0mGET /moment/list?num=10&start=0 [0m- [0m- ms - -[0m
[0mOPTIONS /article/list?num=10&start=0 [0m- [0m- ms - -[0m
[0mGET /article/list?num=10&start=0 [0m- [0m- ms - -[0m
[0mOPTIONS /user/detail [0m- [0m- ms - -[0m
[0mGET /user/detail [0m- [0m- ms - -[0m
[0mOPTIONS /article/list?num=10&start=0 [0m- [0m- ms - -[0m
[0mGET /article/list?num=10&start=0 [0m- [0m- ms - -[0m
[0mGET /static/2019_4/16/Linkedcare%E7%9B%B8%E5%85%B3%E8%B4%A6%E5%8F%B7_360aee20-6010-11e9-91f7-e580dc957ee0.png [0m- [0m- ms - -[0m
[0mGET /static/2019_4/16/test-0416-001_3b210860-600e-11e9-91f7-e580dc957ee0.jpg [0m- [0m- ms - -[0m
[0mGET /static/2018_12/26/testarticle_2e3b8790-08ef-11e9-ad62-ffd6d09e8faa.png [0m- [0m- ms - -[0m
[0mGET /static/2018_12/26/testarticle_d9940a60-08ed-11e9-8f6f-c10927f14d23.png [0m- [0m- ms - -[0m
[0mGET /static/articles/2018_12/26/testarticle_4c3968e0-08e3-11e9-bbf6-cbd8adb91c31.png [0m- [0m- ms - -[0m
[0mGET /static/articles/2018_12/25/upload_96aeac0a86457c64c035b475879847ce.png [0m- [0m- ms - -[0m
[0mGET /static/articles/2018_12/25/upload_11470f6a3667a3db2e832ce28cd476c2.png [0m- [0m- ms - -[0m
[0mGET /static/articles/2018_12/26/testarticle_8bd113f0-08ec-11e9-bbf6-cbd8adb91c31.png [0m- [0m- ms - -[0m
[0mOPTIONS /article/list?num=10&start=0 [0m- [0m- ms - -[0m
[0mGET /article/list?num=10&start=0 [0m- [0m- ms - -[0m
[0mGET /static/2019_4/16/Linkedcare%E7%9B%B8%E5%85%B3%E8%B4%A6%E5%8F%B7_360aee20-6010-11e9-91f7-e580dc957ee0.png [0m- [0m- ms - -[0m
[0mGET /static/2019_4/16/test-0416-001_3b210860-600e-11e9-91f7-e580dc957ee0.jpg [0m- [0m- ms - -[0m
[0mGET /static/2018_12/26/testarticle_d9940a60-08ed-11e9-8f6f-c10927f14d23.png [0m- [0m- ms - -[0m
[0mGET /static/2018_12/26/testarticle_2e3b8790-08ef-11e9-ad62-ffd6d09e8faa.png [0m- [0m- ms - -[0m
[0mOPTIONS /user/detail [0m- [0m- ms - -[0m
[0mGET /user/detail [0m- [0m- ms - -[0m
[0mOPTIONS /user/detail [0m- [0m- ms - -[0m
[0mGET /user/detail [0m- [0m- ms - -[0m
[0mOPTIONS /user/detail [0m- [0m- ms - -[0m
[0mGET /user/detail [0m- [0m- ms - -[0m
[0mOPTIONS /user/detail [0m- [0m- ms - -[0m
[0mGET /user/detail [0m- [0m- ms - -[0m
[0mOPTIONS /moment/list?num=10&start=0 [0m- [0m- ms - -[0m
[0mOPTIONS /article/list?num=10&start=0 [0m- [0m- ms - -[0m
[0mGET /moment/list?num=10&start=0 [0m- [0m- ms - -[0m
[0mGET /article/list?num=10&start=0 [0m- [0m- ms - -[0m
[0mOPTIONS /user/replaceAccessToken?refreshToken=Bears+eyJhbGciOiJIUzI1NiIsInR5cCI6IkpXVCJ9.eyJ1c2VySWQiOiJkNzMxYWI3MC0wMzdlLTExZTktYjJjZS1hZmZkNzFkNTA3MDIiLCJob3N0bmFtZSI6IjE5Mi4xNjguMTg4LjIxNiIsImlwIjoiOjpmZmZmOjE5Mi4xNjguMTg4LjIxNiIsImlhdCI6MTU1NTMxMzcyNSwiZXhwIjoxNTU2MTc3NzI1fQ.-OSDVPB7hQseOJlAr93N35R8ZUxbYwe4YSE9EyDC4pk [0m- [0m- ms - -[0m
[0mGET /user/replaceAccessToken?refreshToken=Bears+eyJhbGciOiJIUzI1NiIsInR5cCI6IkpXVCJ9.eyJ1c2VySWQiOiJkNzMxYWI3MC0wMzdlLTExZTktYjJjZS1hZmZkNzFkNTA3MDIiLCJob3N0bmFtZSI6IjE5Mi4xNjguMTg4LjIxNiIsImlwIjoiOjpmZmZmOjE5Mi4xNjguMTg4LjIxNiIsImlhdCI6MTU1NTMxMzcyNSwiZXhwIjoxNTU2MTc3NzI1fQ.-OSDVPB7hQseOJlAr93N35R8ZUxbYwe4YSE9EyDC4pk [0m- [0m- ms - -[0m
[0mGET /moment/list?num=10&start=0 [0m- [0m- ms - -[0m
[0mGET /static/2019_4/16/Linkedcare%E7%9B%B8%E5%85%B3%E8%B4%A6%E5%8F%B7_360aee20-6010-11e9-91f7-e580dc957ee0.png [0m- [0m- ms - -[0m
[0mGET /static/2018_12/26/testarticle_2e3b8790-08ef-11e9-ad62-ffd6d09e8faa.png [0m- [0m- ms - -[0m
[0mGET /static/2018_12/26/testarticle_d9940a60-08ed-11e9-8f6f-c10927f14d23.png [0m- [0m- ms - -[0m
[0mGET /static/2019_4/16/test-0416-001_3b210860-600e-11e9-91f7-e580dc957ee0.jpg [0m- [0m- ms - -[0m
[0mGET /static/articles/2018_12/26/testarticle_4c3968e0-08e3-11e9-bbf6-cbd8adb91c31.png [0m- [0m- ms - -[0m
[0mGET /static/articles/2018_12/25/upload_11470f6a3667a3db2e832ce28cd476c2.png [0m- [0m- ms - -[0m
[0mGET /static/articles/2018_12/26/testarticle_8bd113f0-08ec-11e9-bbf6-cbd8adb91c31.png [0m- [0m- ms - -[0m
[0mGET /static/articles/2018_12/25/upload_96aeac0a86457c64c035b475879847ce.png [0m- [0m- ms - -[0m
