[0mOPTIONS /article/list?num=10&start=0 [0m- [0m- ms - -[0m
[0mOPTIONS /moment/list?num=10&start=0 [0m- [0m- ms - -[0m
[0mOPTIONS /user/detail [0m- [0m- ms - -[0m
[0mGET /article/list?num=10&start=0 [0m- [0m- ms - -[0m
[0mGET /moment/list?num=10&start=0 [0m- [0m- ms - -[0m
[0mGET /user/detail [0m- [0m- ms - -[0m
[0mOPTIONS /user/replaceAccessToken?refreshToken=Bears+eyJhbGciOiJIUzI1NiIsInR5cCI6IkpXVCJ9.eyJ1c2VySWQiOiJkNzMxYWI3MC0wMzdlLTExZTktYjJjZS1hZmZkNzFkNTA3MDIiLCJob3N0bmFtZSI6ImxvY2FsaG9zdCIsImlwIjoiOjoxIiwiaWF0IjoxNTUwMjgyNTk2LCJleHAiOjE1NTExNDY1OTZ9.FENWKU67Q9fzGejmVJHObDEBxt_Dpg2oAXFwy1Xz-PI [0m- [0m- ms - -[0m
[0mGET /user/replaceAccessToken?refreshToken=Bears+eyJhbGciOiJIUzI1NiIsInR5cCI6IkpXVCJ9.eyJ1c2VySWQiOiJkNzMxYWI3MC0wMzdlLTExZTktYjJjZS1hZmZkNzFkNTA3MDIiLCJob3N0bmFtZSI6ImxvY2FsaG9zdCIsImlwIjoiOjoxIiwiaWF0IjoxNTUwMjgyNTk2LCJleHAiOjE1NTExNDY1OTZ9.FENWKU67Q9fzGejmVJHObDEBxt_Dpg2oAXFwy1Xz-PI [0m- [0m- ms - -[0m
[0mGET /moment/list?num=10&start=0 [0m- [0m- ms - -[0m
[0mGET /user/replaceAccessToken?refreshToken=Bears+eyJhbGciOiJIUzI1NiIsInR5cCI6IkpXVCJ9.eyJ1c2VySWQiOiJkNzMxYWI3MC0wMzdlLTExZTktYjJjZS1hZmZkNzFkNTA3MDIiLCJob3N0bmFtZSI6ImxvY2FsaG9zdCIsImlwIjoiOjoxIiwiaWF0IjoxNTUwMjgyNTk2LCJleHAiOjE1NTExNDY1OTZ9.FENWKU67Q9fzGejmVJHObDEBxt_Dpg2oAXFwy1Xz-PI [0m- [0m- ms - -[0m
[0mGET /moment/list?num=10&start=0 [0m- [0m- ms - -[0m
[0mOPTIONS /user/login [0m- [0m- ms - -[0m
[0mPOST /user/login [0m- [0m- ms - -[0m
[0mGET /static/2018_12/26/testarticle_2e3b8790-08ef-11e9-ad62-ffd6d09e8faa.png [0m- [0m- ms - -[0m
[0mGET /static/2018_12/26/testarticle_d9940a60-08ed-11e9-8f6f-c10927f14d23.png [0m- [0m- ms - -[0m
[0mGET /static/articles/2018_12/26/testarticle_8bd113f0-08ec-11e9-bbf6-cbd8adb91c31.png [0m- [0m- ms - -[0m
[0mGET /static/articles/2018_12/26/testarticle_4c3968e0-08e3-11e9-bbf6-cbd8adb91c31.png [0m- [0m- ms - -[0m
[0mGET /static/articles/2018_12/25/upload_96aeac0a86457c64c035b475879847ce.png [0m- [0m- ms - -[0m
[0mGET /static/articles/2018_12/25/upload_11470f6a3667a3db2e832ce28cd476c2.png [0m- [0m- ms - -[0m
[0mOPTIONS /article/list?num=10&start=0 [0m- [0m- ms - -[0m
[0mGET /article/list?num=10&start=0 [0m- [0m- ms - -[0m
[0mOPTIONS /moment/list?num=10&start=0 [0m- [0m- ms - -[0m
[0mGET /moment/list?num=10&start=0 [0m- [0m- ms - -[0m
[0mGET /static/2019_2/12/upload_41d8b4504f333d751b183306b73ff499.png [0m- [0m- ms - -[0m
[0mGET /static/2019_2/12/upload_3ab4b9fe9f60c4a7b1f9e96a909a02e2.png [0m- [0m- ms - -[0m
[0mGET /static/2019_2/12/upload_26738ae1971bdf7a4935c9896081e04a.png [0m- [0m- ms - -[0m
[0mGET /static/2019_2/12/upload_665ad0160c3128520cb5487fa8427be8.jpg [0m- [0m- ms - -[0m
[0mGET /static/2019_2/12/upload_da8150df07283612102e760b17e982fe.jpg [0m- [0m- ms - -[0m
[0mGET /static/2019_2/12/upload_986d9db9d3f2c349a2d4fed204e83716.png [0m- [0m- ms - -[0m
[0mGET /static/upload_116b061736e88597a0ac1931b9f53be0.jpg [0m- [0m- ms - -[0m
[0mGET /static/upload_625b8d05e662f21c2ba7824b6a5295df.jpg [0m- [0m- ms - -[0m
[0mGET /moment/list?num=10&start=0 [0m- [0m- ms - -[0m
[0mGET /static/2019_2/12/upload_6c8750929002f25d5092d5fa3442bcb8.png [0m- [0m- ms - -[0m
[0mOPTIONS /article/content?id=4c3a2c30-08e3-11e9-bbf6-cbd8adb91c31 [0m- [0m- ms - -[0m
[0mGET /article/content?id=4c3a2c30-08e3-11e9-bbf6-cbd8adb91c31 [0m- [0m- ms - -[0m
[0mOPTIONS /comment/list [0m- [0m- ms - -[0m
[0mPOST /comment/list [0m- [0m- ms - -[0m
[0mGET /static/2019_2/12/upload_6160fff7225ebf9f097e357b5c8d5591.png [0m- [0m- ms - -[0m
[0mGET /static/2019_2/12/upload_89b0e491ca3017fa9b08c43bf17079cf.png [0m- [0m- ms - -[0m
[0mOPTIONS /moment/list?num=10&start=0 [0m- [0m- ms - -[0m
[0mGET /moment/list?num=10&start=0 [0m- [0m- ms - -[0m
[0mOPTIONS /article/list?num=10&start=0 [0m- [0m- ms - -[0m
[0mOPTIONS /moment/list?num=10&start=0 [0m- [0m- ms - -[0m
[0mOPTIONS /user/detail [0m- [0m- ms - -[0m
[0mGET /article/list?num=10&start=0 [0m- [0m- ms - -[0m
[0mGET /moment/list?num=10&start=0 [0m- [0m- ms - -[0m
[0mGET /user/detail [0m- [0m- ms - -[0m
[0mGET /static/2019_2/12/upload_41d8b4504f333d751b183306b73ff499.png [0m- [0m- ms - -[0m
[0mGET /static/2019_2/12/upload_3ab4b9fe9f60c4a7b1f9e96a909a02e2.png [0m- [0m- ms - -[0m
[0mGET /static/2019_2/12/upload_26738ae1971bdf7a4935c9896081e04a.png [0m- [0m- ms - -[0m
[0mGET /static/2019_2/12/upload_665ad0160c3128520cb5487fa8427be8.jpg [0m- [0m- ms - -[0m
[0mGET /static/2019_2/12/upload_da8150df07283612102e760b17e982fe.jpg [0m- [0m- ms - -[0m
[0mGET /static/2019_2/12/upload_986d9db9d3f2c349a2d4fed204e83716.png [0m- [0m- ms - -[0m
[0mGET /static/2018_12/26/testarticle_2e3b8790-08ef-11e9-ad62-ffd6d09e8faa.png [0m- [0m- ms - -[0m
[0mGET /static/2018_12/26/testarticle_d9940a60-08ed-11e9-8f6f-c10927f14d23.png [0m- [0m- ms - -[0m
[0mGET /static/articles/2018_12/26/testarticle_8bd113f0-08ec-11e9-bbf6-cbd8adb91c31.png [0m- [0m- ms - -[0m
[0mGET /static/articles/2018_12/26/testarticle_4c3968e0-08e3-11e9-bbf6-cbd8adb91c31.png [0m- [0m- ms - -[0m
[0mGET /static/articles/2018_12/25/upload_96aeac0a86457c64c035b475879847ce.png [0m- [0m- ms - -[0m
[0mGET /static/articles/2018_12/25/upload_11470f6a3667a3db2e832ce28cd476c2.png [0m- [0m- ms - -[0m
[0mGET /article/list?num=10&start=0 [0m- [0m- ms - -[0m
[0mOPTIONS /article/list?num=10&start=0 [0m- [0m- ms - -[0m
[0mGET /article/list?num=10&start=0 [0m- [0m- ms - -[0m
[0mOPTIONS /article/content?id=4c3a2c30-08e3-11e9-bbf6-cbd8adb91c31 [0m- [0m- ms - -[0m
[0mGET /article/content?id=4c3a2c30-08e3-11e9-bbf6-cbd8adb91c31 [0m- [0m- ms - -[0m
[0mOPTIONS /comment/list [0m- [0m- ms - -[0m
[0mPOST /comment/list [0m- [0m- ms - -[0m
[0mOPTIONS /article/list?num=10&start=0 [0m- [0m- ms - -[0m
[0mOPTIONS /moment/list?num=10&start=0 [0m- [0m- ms - -[0m
[0mOPTIONS /user/detail [0m- [0m- ms - -[0m
[0mGET /article/list?num=10&start=0 [0m- [0m- ms - -[0m
[0mGET /moment/list?num=10&start=0 [0m- [0m- ms - -[0m
[0mGET /user/detail [0m- [0m- ms - -[0m
[0mGET /static/2019_2/12/upload_41d8b4504f333d751b183306b73ff499.png [0m- [0m- ms - -[0m
[0mGET /static/2019_2/12/upload_3ab4b9fe9f60c4a7b1f9e96a909a02e2.png [0m- [0m- ms - -[0m
[0mGET /static/2019_2/12/upload_26738ae1971bdf7a4935c9896081e04a.png [0m- [0m- ms - -[0m
[0mGET /static/2019_2/12/upload_665ad0160c3128520cb5487fa8427be8.jpg [0m- [0m- ms - -[0m
[0mGET /static/2019_2/12/upload_da8150df07283612102e760b17e982fe.jpg [0m- [0m- ms - -[0m
[0mGET /static/2019_2/12/upload_986d9db9d3f2c349a2d4fed204e83716.png [0m- [0m- ms - -[0m
[0mGET /static/2018_12/26/testarticle_2e3b8790-08ef-11e9-ad62-ffd6d09e8faa.png [0m- [0m- ms - -[0m
[0mGET /static/2018_12/26/testarticle_d9940a60-08ed-11e9-8f6f-c10927f14d23.png [0m- [0m- ms - -[0m
[0mGET /static/articles/2018_12/26/testarticle_8bd113f0-08ec-11e9-bbf6-cbd8adb91c31.png [0m- [0m- ms - -[0m
[0mGET /static/articles/2018_12/26/testarticle_4c3968e0-08e3-11e9-bbf6-cbd8adb91c31.png [0m- [0m- ms - -[0m
[0mGET /static/articles/2018_12/25/upload_96aeac0a86457c64c035b475879847ce.png [0m- [0m- ms - -[0m
[0mGET /static/articles/2018_12/25/upload_11470f6a3667a3db2e832ce28cd476c2.png [0m- [0m- ms - -[0m
[0mGET /article/list?num=10&start=0 [0m- [0m- ms - -[0m
[0mOPTIONS /article/list?num=10&start=0 [0m- [0m- ms - -[0m
[0mGET /article/list?num=10&start=0 [0m- [0m- ms - -[0m
[0mGET /article/list?num=10&start=0 [0m- [0m- ms - -[0m
[0mGET /article/list?num=10&start=0 [0m- [0m- ms - -[0m
[0mOPTIONS /article/content?id=4c3a2c30-08e3-11e9-bbf6-cbd8adb91c31 [0m- [0m- ms - -[0m
[0mGET /article/content?id=4c3a2c30-08e3-11e9-bbf6-cbd8adb91c31 [0m- [0m- ms - -[0m
[0mOPTIONS /comment/list [0m- [0m- ms - -[0m
[0mPOST /comment/list [0m- [0m- ms - -[0m
[0mOPTIONS /article/content?id=4c3a2c30-08e3-11e9-bbf6-cbd8adb91c31 [0m- [0m- ms - -[0m
[0mOPTIONS /comment/list [0m- [0m- ms - -[0m
[0mPOST /comment/list [0m- [0m- ms - -[0m
[0mOPTIONS /article/list?num=10&start=0 [0m- [0m- ms - -[0m
[0mOPTIONS /moment/list?num=10&start=0 [0m- [0m- ms - -[0m
[0mOPTIONS /user/detail [0m- [0m- ms - -[0m
[0mGET /article/list?num=10&start=0 [0m- [0m- ms - -[0m
[0mGET /moment/list?num=10&start=0 [0m- [0m- ms - -[0m
[0mGET /user/detail [0m- [0m- ms - -[0m
[0mGET /static/2019_2/12/upload_41d8b4504f333d751b183306b73ff499.png [0m- [0m- ms - -[0m
[0mGET /static/2019_2/12/upload_3ab4b9fe9f60c4a7b1f9e96a909a02e2.png [0m- [0m- ms - -[0m
[0mGET /static/2019_2/12/upload_26738ae1971bdf7a4935c9896081e04a.png [0m- [0m- ms - -[0m
[0mGET /static/2019_2/12/upload_665ad0160c3128520cb5487fa8427be8.jpg [0m- [0m- ms - -[0m
[0mGET /static/2019_2/12/upload_da8150df07283612102e760b17e982fe.jpg [0m- [0m- ms - -[0m
[0mGET /static/2019_2/12/upload_986d9db9d3f2c349a2d4fed204e83716.png [0m- [0m- ms - -[0m
[0mGET /static/2018_12/26/testarticle_2e3b8790-08ef-11e9-ad62-ffd6d09e8faa.png [0m- [0m- ms - -[0m
[0mGET /static/2018_12/26/testarticle_d9940a60-08ed-11e9-8f6f-c10927f14d23.png [0m- [0m- ms - -[0m
[0mGET /static/articles/2018_12/26/testarticle_8bd113f0-08ec-11e9-bbf6-cbd8adb91c31.png [0m- [0m- ms - -[0m
[0mGET /static/articles/2018_12/26/testarticle_4c3968e0-08e3-11e9-bbf6-cbd8adb91c31.png [0m- [0m- ms - -[0m
[0mGET /static/articles/2018_12/25/upload_96aeac0a86457c64c035b475879847ce.png [0m- [0m- ms - -[0m
[0mGET /static/articles/2018_12/25/upload_11470f6a3667a3db2e832ce28cd476c2.png [0m- [0m- ms - -[0m
[0mGET /article/list?num=10&start=0 [0m- [0m- ms - -[0m
[0mOPTIONS /article/content?id=4c3a2c30-08e3-11e9-bbf6-cbd8adb91c31 [0m- [0m- ms - -[0m
[0mGET /article/content?id=4c3a2c30-08e3-11e9-bbf6-cbd8adb91c31 [0m- [0m- ms - -[0m
[0mOPTIONS /comment/list [0m- [0m- ms - -[0m
[0mPOST /comment/list [0m- [0m- ms - -[0m
[0mOPTIONS /article/content?id=4c3a2c30-08e3-11e9-bbf6-cbd8adb91c31 [0m- [0m- ms - -[0m
[0mGET /article/content?id=4c3a2c30-08e3-11e9-bbf6-cbd8adb91c31 [0m- [0m- ms - -[0m
[0mOPTIONS /comment/list [0m- [0m- ms - -[0m
[0mPOST /comment/list [0m- [0m- ms - -[0m
[0mOPTIONS /article/content?id=4c3a2c30-08e3-11e9-bbf6-cbd8adb91c31 [0m- [0m- ms - -[0m
[0mGET /article/content?id=4c3a2c30-08e3-11e9-bbf6-cbd8adb91c31 [0m- [0m- ms - -[0m
[0mOPTIONS /comment/list [0m- [0m- ms - -[0m
[0mPOST /comment/list [0m- [0m- ms - -[0m
[0mOPTIONS /article/list?num=10&start=0 [0m- [0m- ms - -[0m
[0mOPTIONS /moment/list?num=10&start=0 [0m- [0m- ms - -[0m
[0mOPTIONS /user/detail [0m- [0m- ms - -[0m
[0mGET /article/list?num=10&start=0 [0m- [0m- ms - -[0m
[0mGET /moment/list?num=10&start=0 [0m- [0m- ms - -[0m
[0mGET /user/detail [0m- [0m- ms - -[0m
[0mOPTIONS /user/replaceAccessToken?refreshToken=Bears+eyJhbGciOiJIUzI1NiIsInR5cCI6IkpXVCJ9.eyJ1c2VySWQiOiJkNzMxYWI3MC0wMzdlLTExZTktYjJjZS1hZmZkNzFkNTA3MDIiLCJob3N0bmFtZSI6IjE5Mi4xNjguMC4xMDYiLCJpcCI6Ijo6ZmZmZjoxOTIuMTY4LjAuMTA2IiwiaWF0IjoxNTUwOTc4ODMzLCJleHAiOjE1NTE4NDI4MzN9.gXFq7RxpkEZfeXg9uNbdKrxgeD0V0SJcuJbg2Am5cHc [0m- [0m- ms - -[0m
[0mGET /user/replaceAccessToken?refreshToken=Bears+eyJhbGciOiJIUzI1NiIsInR5cCI6IkpXVCJ9.eyJ1c2VySWQiOiJkNzMxYWI3MC0wMzdlLTExZTktYjJjZS1hZmZkNzFkNTA3MDIiLCJob3N0bmFtZSI6IjE5Mi4xNjguMC4xMDYiLCJpcCI6Ijo6ZmZmZjoxOTIuMTY4LjAuMTA2IiwiaWF0IjoxNTUwOTc4ODMzLCJleHAiOjE1NTE4NDI4MzN9.gXFq7RxpkEZfeXg9uNbdKrxgeD0V0SJcuJbg2Am5cHc [0m- [0m- ms - -[0m
[0mGET /moment/list?num=10&start=0 [0m- [0m- ms - -[0m
[0mGET /static/2019_2/12/upload_41d8b4504f333d751b183306b73ff499.png [0m- [0m- ms - -[0m
[0mGET /static/2019_2/12/upload_3ab4b9fe9f60c4a7b1f9e96a909a02e2.png [0m- [0m- ms - -[0m
[0mGET /static/2019_2/12/upload_26738ae1971bdf7a4935c9896081e04a.png [0m- [0m- ms - -[0m
[0mGET /static/2019_2/12/upload_665ad0160c3128520cb5487fa8427be8.jpg [0m- [0m- ms - -[0m
[0mGET /static/2019_2/12/upload_da8150df07283612102e760b17e982fe.jpg [0m- [0m- ms - -[0m
[0mGET /static/2019_2/12/upload_986d9db9d3f2c349a2d4fed204e83716.png [0m- [0m- ms - -[0m
[0mGET /static/2018_12/26/testarticle_2e3b8790-08ef-11e9-ad62-ffd6d09e8faa.png [0m- [0m- ms - -[0m
[0mGET /static/2018_12/26/testarticle_d9940a60-08ed-11e9-8f6f-c10927f14d23.png [0m- [0m- ms - -[0m
[0mGET /static/articles/2018_12/26/testarticle_8bd113f0-08ec-11e9-bbf6-cbd8adb91c31.png [0m- [0m- ms - -[0m
[0mGET /static/articles/2018_12/26/testarticle_4c3968e0-08e3-11e9-bbf6-cbd8adb91c31.png [0m- [0m- ms - -[0m
[0mGET /static/articles/2018_12/25/upload_96aeac0a86457c64c035b475879847ce.png [0m- [0m- ms - -[0m
[0mGET /static/articles/2018_12/25/upload_11470f6a3667a3db2e832ce28cd476c2.png [0m- [0m- ms - -[0m
[0mOPTIONS /article/list?num=10&start=0 [0m- [0m- ms - -[0m
[0mGET /article/list?num=10&start=0 [0m- [0m- ms - -[0m
[0mOPTIONS /article/list?num=10&start=0 [0m- [0m- ms - -[0m
[0mGET /article/list?num=10&start=0 [0m- [0m- ms - -[0m
[0mOPTIONS /article/list?num=10&start=0 [0m- [0m- ms - -[0m
[0mGET /article/list?num=10&start=0 [0m- [0m- ms - -[0m
[0mGET /static/2018_12/26/testarticle_2e3b8790-08ef-11e9-ad62-ffd6d09e8faa.png [0m- [0m- ms - -[0m
[0mGET /static/2018_12/26/testarticle_d9940a60-08ed-11e9-8f6f-c10927f14d23.png [0m- [0m- ms - -[0m
[0mGET /static/articles/2018_12/26/testarticle_8bd113f0-08ec-11e9-bbf6-cbd8adb91c31.png [0m- [0m- ms - -[0m
[0mGET /static/articles/2018_12/26/testarticle_4c3968e0-08e3-11e9-bbf6-cbd8adb91c31.png [0m- [0m- ms - -[0m
[0mGET /static/articles/2018_12/25/upload_96aeac0a86457c64c035b475879847ce.png [0m- [0m- ms - -[0m
[0mGET /static/articles/2018_12/25/upload_11470f6a3667a3db2e832ce28cd476c2.png [0m- [0m- ms - -[0m
[0mGET /article/list?num=10&start=0 [0m- [0m- ms - -[0m
[0mOPTIONS /moment/list?num=10&start=0 [0m- [0m- ms - -[0m
[0mOPTIONS /user/detail [0m- [0m- ms - -[0m
[0mGET /moment/list?num=10&start=0 [0m- [0m- ms - -[0m
[0mGET /user/detail [0m- [0m- ms - -[0m
[0mOPTIONS /user/replaceAccessToken?refreshToken=Bears+eyJhbGciOiJIUzI1NiIsInR5cCI6IkpXVCJ9.eyJ1c2VySWQiOiJkNzMxYWI3MC0wMzdlLTExZTktYjJjZS1hZmZkNzFkNTA3MDIiLCJob3N0bmFtZSI6IjE5Mi4xNjguMC4xMDYiLCJpcCI6Ijo6ZmZmZjoxOTIuMTY4LjAuMTA2IiwiaWF0IjoxNTUwOTc4ODMzLCJleHAiOjE1NTE4NDI4MzN9.gXFq7RxpkEZfeXg9uNbdKrxgeD0V0SJcuJbg2Am5cHc [0m- [0m- ms - -[0m
[0mGET /user/replaceAccessToken?refreshToken=Bears+eyJhbGciOiJIUzI1NiIsInR5cCI6IkpXVCJ9.eyJ1c2VySWQiOiJkNzMxYWI3MC0wMzdlLTExZTktYjJjZS1hZmZkNzFkNTA3MDIiLCJob3N0bmFtZSI6IjE5Mi4xNjguMC4xMDYiLCJpcCI6Ijo6ZmZmZjoxOTIuMTY4LjAuMTA2IiwiaWF0IjoxNTUwOTc4ODMzLCJleHAiOjE1NTE4NDI4MzN9.gXFq7RxpkEZfeXg9uNbdKrxgeD0V0SJcuJbg2Am5cHc [0m- [0m- ms - -[0m
[0mGET /moment/list?num=10&start=0 [0m- [0m- ms - -[0m
[0mGET /static/2019_2/12/upload_41d8b4504f333d751b183306b73ff499.png [0m- [0m- ms - -[0m
[0mGET /static/2019_2/12/upload_3ab4b9fe9f60c4a7b1f9e96a909a02e2.png [0m- [0m- ms - -[0m
[0mGET /static/2019_2/12/upload_26738ae1971bdf7a4935c9896081e04a.png [0m- [0m- ms - -[0m
[0mGET /static/2019_2/12/upload_665ad0160c3128520cb5487fa8427be8.jpg [0m- [0m- ms - -[0m
[0mGET /static/2019_2/12/upload_da8150df07283612102e760b17e982fe.jpg [0m- [0m- ms - -[0m
[0mGET /static/2019_2/12/upload_986d9db9d3f2c349a2d4fed204e83716.png [0m- [0m- ms - -[0m
[0mGET /static/2018_12/26/testarticle_2e3b8790-08ef-11e9-ad62-ffd6d09e8faa.png [0m- [0m- ms - -[0m
[0mGET /static/2018_12/26/testarticle_d9940a60-08ed-11e9-8f6f-c10927f14d23.png [0m- [0m- ms - -[0m
[0mGET /static/articles/2018_12/26/testarticle_8bd113f0-08ec-11e9-bbf6-cbd8adb91c31.png [0m- [0m- ms - -[0m
[0mGET /static/articles/2018_12/26/testarticle_4c3968e0-08e3-11e9-bbf6-cbd8adb91c31.png [0m- [0m- ms - -[0m
[0mGET /static/articles/2018_12/25/upload_96aeac0a86457c64c035b475879847ce.png [0m- [0m- ms - -[0m
[0mGET /static/articles/2018_12/25/upload_11470f6a3667a3db2e832ce28cd476c2.png [0m- [0m- ms - -[0m
[0mGET /static/2019_2/12/upload_41d8b4504f333d751b183306b73ff499.png [0m- [0m- ms - -[0m
[0mGET /static/2019_2/12/upload_3ab4b9fe9f60c4a7b1f9e96a909a02e2.png [0m- [0m- ms - -[0m
[0mGET /static/2019_2/12/upload_26738ae1971bdf7a4935c9896081e04a.png [0m- [0m- ms - -[0m
[0mGET /static/2019_2/12/upload_665ad0160c3128520cb5487fa8427be8.jpg [0m- [0m- ms - -[0m
[0mGET /static/2019_2/12/upload_da8150df07283612102e760b17e982fe.jpg [0m- [0m- ms - -[0m
[0mGET /static/2019_2/12/upload_986d9db9d3f2c349a2d4fed204e83716.png [0m- [0m- ms - -[0m
[0mOPTIONS /article/list?num=10&start=0 [0m- [0m- ms - -[0m
[0mOPTIONS /moment/list?num=10&start=0 [0m- [0m- ms - -[0m
[0mOPTIONS /user/detail [0m- [0m- ms - -[0m
[0mGET /article/list?num=10&start=0 [0m- [0m- ms - -[0m
[0mGET /moment/list?num=10&start=0 [0m- [0m- ms - -[0m
[0mGET /user/detail [0m- [0m- ms - -[0m
[0mGET /static/2019_2/12/upload_41d8b4504f333d751b183306b73ff499.png [0m- [0m- ms - -[0m
[0mGET /static/2019_2/12/upload_3ab4b9fe9f60c4a7b1f9e96a909a02e2.png [0m- [0m- ms - -[0m
[0mGET /static/2019_2/12/upload_26738ae1971bdf7a4935c9896081e04a.png [0m- [0m- ms - -[0m
[0mGET /static/2019_2/12/upload_665ad0160c3128520cb5487fa8427be8.jpg [0m- [0m- ms - -[0m
[0mGET /static/2019_2/12/upload_da8150df07283612102e760b17e982fe.jpg [0m- [0m- ms - -[0m
[0mGET /static/2019_2/12/upload_986d9db9d3f2c349a2d4fed204e83716.png [0m- [0m- ms - -[0m
[0mGET /static/2018_12/26/testarticle_2e3b8790-08ef-11e9-ad62-ffd6d09e8faa.png [0m- [0m- ms - -[0m
[0mGET /static/2018_12/26/testarticle_d9940a60-08ed-11e9-8f6f-c10927f14d23.png [0m- [0m- ms - -[0m
[0mGET /static/articles/2018_12/26/testarticle_8bd113f0-08ec-11e9-bbf6-cbd8adb91c31.png [0m- [0m- ms - -[0m
[0mGET /static/articles/2018_12/26/testarticle_4c3968e0-08e3-11e9-bbf6-cbd8adb91c31.png [0m- [0m- ms - -[0m
[0mGET /static/articles/2018_12/25/upload_96aeac0a86457c64c035b475879847ce.png [0m- [0m- ms - -[0m
[0mGET /static/articles/2018_12/25/upload_11470f6a3667a3db2e832ce28cd476c2.png [0m- [0m- ms - -[0m
[0mOPTIONS /article/list?num=10&start=0 [0m- [0m- ms - -[0m
[0mOPTIONS /moment/list?num=10&start=0 [0m- [0m- ms - -[0m
[0mOPTIONS /user/detail [0m- [0m- ms - -[0m
[0mGET /article/list?num=10&start=0 [0m- [0m- ms - -[0m
[0mGET /moment/list?num=10&start=0 [0m- [0m- ms - -[0m
[0mGET /user/detail [0m- [0m- ms - -[0m
[0mGET /static/2019_2/12/upload_41d8b4504f333d751b183306b73ff499.png [0m- [0m- ms - -[0m
[0mGET /static/2019_2/12/upload_3ab4b9fe9f60c4a7b1f9e96a909a02e2.png [0m- [0m- ms - -[0m
[0mGET /static/2019_2/12/upload_26738ae1971bdf7a4935c9896081e04a.png [0m- [0m- ms - -[0m
[0mGET /static/2019_2/12/upload_665ad0160c3128520cb5487fa8427be8.jpg [0m- [0m- ms - -[0m
[0mGET /static/2019_2/12/upload_da8150df07283612102e760b17e982fe.jpg [0m- [0m- ms - -[0m
[0mGET /static/2019_2/12/upload_986d9db9d3f2c349a2d4fed204e83716.png [0m- [0m- ms - -[0m
[0mGET /static/2018_12/26/testarticle_2e3b8790-08ef-11e9-ad62-ffd6d09e8faa.png [0m- [0m- ms - -[0m
[0mGET /static/2018_12/26/testarticle_d9940a60-08ed-11e9-8f6f-c10927f14d23.png [0m- [0m- ms - -[0m
[0mGET /static/articles/2018_12/26/testarticle_8bd113f0-08ec-11e9-bbf6-cbd8adb91c31.png [0m- [0m- ms - -[0m
[0mGET /static/articles/2018_12/26/testarticle_4c3968e0-08e3-11e9-bbf6-cbd8adb91c31.png [0m- [0m- ms - -[0m
[0mGET /static/articles/2018_12/25/upload_96aeac0a86457c64c035b475879847ce.png [0m- [0m- ms - -[0m
[0mGET /static/articles/2018_12/25/upload_11470f6a3667a3db2e832ce28cd476c2.png [0m- [0m- ms - -[0m
[0mOPTIONS /article/list?num=10&start=0 [0m- [0m- ms - -[0m
[0mGET /article/list?num=10&start=0 [0m- [0m- ms - -[0m
[0mGET /article/list?num=10&start=0 [0m- [0m- ms - -[0m
[0mOPTIONS /moment/list?num=10&start=0 [0m- [0m- ms - -[0m
[0mOPTIONS /user/detail [0m- [0m- ms - -[0m
[0mGET /moment/list?num=10&start=0 [0m- [0m- ms - -[0m
[0mGET /user/detail [0m- [0m- ms - -[0m
[0mGET /static/2019_2/12/upload_41d8b4504f333d751b183306b73ff499.png [0m- [0m- ms - -[0m
[0mGET /static/2019_2/12/upload_3ab4b9fe9f60c4a7b1f9e96a909a02e2.png [0m- [0m- ms - -[0m
[0mGET /static/2019_2/12/upload_665ad0160c3128520cb5487fa8427be8.jpg [0m- [0m- ms - -[0m
[0mGET /static/2019_2/12/upload_da8150df07283612102e760b17e982fe.jpg [0m- [0m- ms - -[0m
[0mGET /static/2019_2/12/upload_26738ae1971bdf7a4935c9896081e04a.png [0m- [0m- ms - -[0m
[0mGET /static/2019_2/12/upload_986d9db9d3f2c349a2d4fed204e83716.png [0m- [0m- ms - -[0m
[0mGET /static/2018_12/26/testarticle_2e3b8790-08ef-11e9-ad62-ffd6d09e8faa.png [0m- [0m- ms - -[0m
[0mGET /static/2018_12/26/testarticle_d9940a60-08ed-11e9-8f6f-c10927f14d23.png [0m- [0m- ms - -[0m
[0mGET /static/articles/2018_12/26/testarticle_8bd113f0-08ec-11e9-bbf6-cbd8adb91c31.png [0m- [0m- ms - -[0m
[0mGET /static/articles/2018_12/26/testarticle_4c3968e0-08e3-11e9-bbf6-cbd8adb91c31.png [0m- [0m- ms - -[0m
[0mGET /static/articles/2018_12/25/upload_96aeac0a86457c64c035b475879847ce.png [0m- [0m- ms - -[0m
[0mGET /static/articles/2018_12/25/upload_11470f6a3667a3db2e832ce28cd476c2.png [0m- [0m- ms - -[0m
[0mOPTIONS /article/list?num=10&start=0 [0m- [0m- ms - -[0m
[0mGET /article/list?num=10&start=0 [0m- [0m- ms - -[0m
[0mGET /static/upload_116b061736e88597a0ac1931b9f53be0.jpg [0m- [0m- ms - -[0m
[0mGET /static/upload_625b8d05e662f21c2ba7824b6a5295df.jpg [0m- [0m- ms - -[0m
[0mOPTIONS /article/list?num=10&start=0 [0m- [0m- ms - -[0m
[0mGET /article/list?num=10&start=0 [0m- [0m- ms - -[0m
[0mOPTIONS /article/list?num=10&start=0 [0m- [0m- ms - -[0m
[0mGET /article/list?num=10&start=0 [0m- [0m- ms - -[0m
[0mOPTIONS /article/list?num=10&start=0 [0m- [0m- ms - -[0m
[0mOPTIONS /moment/list?num=10&start=0 [0m- [0m- ms - -[0m
[0mOPTIONS /user/detail [0m- [0m- ms - -[0m
[0mGET /article/list?num=10&start=0 [0m- [0m- ms - -[0m
[0mGET /moment/list?num=10&start=0 [0m- [0m- ms - -[0m
[0mGET /user/detail [0m- [0m- ms - -[0m
[0mGET /static/2019_2/12/upload_41d8b4504f333d751b183306b73ff499.png [0m- [0m- ms - -[0m
[0mGET /static/2019_2/12/upload_3ab4b9fe9f60c4a7b1f9e96a909a02e2.png [0m- [0m- ms - -[0m
[0mGET /static/2019_2/12/upload_26738ae1971bdf7a4935c9896081e04a.png [0m- [0m- ms - -[0m
[0mGET /static/2019_2/12/upload_665ad0160c3128520cb5487fa8427be8.jpg [0m- [0m- ms - -[0m
[0mGET /static/2019_2/12/upload_da8150df07283612102e760b17e982fe.jpg [0m- [0m- ms - -[0m
[0mGET /static/2019_2/12/upload_986d9db9d3f2c349a2d4fed204e83716.png [0m- [0m- ms - -[0m
[0mOPTIONS /article/list?num=10&start=0 [0m- [0m- ms - -[0m
[0mOPTIONS /moment/list?num=10&start=0 [0m- [0m- ms - -[0m
[0mOPTIONS /user/detail [0m- [0m- ms - -[0m
[0mGET /article/list?num=10&start=0 [0m- [0m- ms - -[0m
[0mGET /moment/list?num=10&start=0 [0m- [0m- ms - -[0m
[0mGET /user/detail [0m- [0m- ms - -[0m
[0mGET /static/2019_2/12/upload_41d8b4504f333d751b183306b73ff499.png [0m- [0m- ms - -[0m
[0mGET /static/2019_2/12/upload_3ab4b9fe9f60c4a7b1f9e96a909a02e2.png [0m- [0m- ms - -[0m
[0mGET /static/2019_2/12/upload_26738ae1971bdf7a4935c9896081e04a.png [0m- [0m- ms - -[0m
[0mGET /static/2019_2/12/upload_665ad0160c3128520cb5487fa8427be8.jpg [0m- [0m- ms - -[0m
[0mGET /static/2019_2/12/upload_da8150df07283612102e760b17e982fe.jpg [0m- [0m- ms - -[0m
[0mGET /static/2019_2/12/upload_986d9db9d3f2c349a2d4fed204e83716.png [0m- [0m- ms - -[0m
[0mGET /static/2018_12/26/testarticle_2e3b8790-08ef-11e9-ad62-ffd6d09e8faa.png [0m- [0m- ms - -[0m
[0mGET /static/2018_12/26/testarticle_d9940a60-08ed-11e9-8f6f-c10927f14d23.png [0m- [0m- ms - -[0m
[0mGET /static/articles/2018_12/26/testarticle_8bd113f0-08ec-11e9-bbf6-cbd8adb91c31.png [0m- [0m- ms - -[0m
[0mGET /static/articles/2018_12/26/testarticle_4c3968e0-08e3-11e9-bbf6-cbd8adb91c31.png [0m- [0m- ms - -[0m
[0mGET /static/articles/2018_12/25/upload_96aeac0a86457c64c035b475879847ce.png [0m- [0m- ms - -[0m
[0mGET /static/articles/2018_12/25/upload_11470f6a3667a3db2e832ce28cd476c2.png [0m- [0m- ms - -[0m
[0mOPTIONS /article/list?num=10&start=0 [0m- [0m- ms - -[0m
[0mOPTIONS /moment/list?num=10&start=0 [0m- [0m- ms - -[0m
[0mOPTIONS /user/detail [0m- [0m- ms - -[0m
[0mGET /article/list?num=10&start=0 [0m- [0m- ms - -[0m
[0mGET /moment/list?num=10&start=0 [0m- [0m- ms - -[0m
[0mGET /user/detail [0m- [0m- ms - -[0m
[0mGET /static/2019_2/12/upload_41d8b4504f333d751b183306b73ff499.png [0m- [0m- ms - -[0m
[0mGET /static/2019_2/12/upload_3ab4b9fe9f60c4a7b1f9e96a909a02e2.png [0m- [0m- ms - -[0m
[0mGET /static/2019_2/12/upload_26738ae1971bdf7a4935c9896081e04a.png [0m- [0m- ms - -[0m
[0mGET /static/2019_2/12/upload_665ad0160c3128520cb5487fa8427be8.jpg [0m- [0m- ms - -[0m
[0mGET /static/2019_2/12/upload_da8150df07283612102e760b17e982fe.jpg [0m- [0m- ms - -[0m
[0mGET /static/2019_2/12/upload_986d9db9d3f2c349a2d4fed204e83716.png [0m- [0m- ms - -[0m
[0mGET /static/2018_12/26/testarticle_2e3b8790-08ef-11e9-ad62-ffd6d09e8faa.png [0m- [0m- ms - -[0m
[0mGET /static/2018_12/26/testarticle_d9940a60-08ed-11e9-8f6f-c10927f14d23.png [0m- [0m- ms - -[0m
[0mGET /static/articles/2018_12/26/testarticle_8bd113f0-08ec-11e9-bbf6-cbd8adb91c31.png [0m- [0m- ms - -[0m
[0mGET /static/articles/2018_12/26/testarticle_4c3968e0-08e3-11e9-bbf6-cbd8adb91c31.png [0m- [0m- ms - -[0m
[0mGET /static/articles/2018_12/25/upload_96aeac0a86457c64c035b475879847ce.png [0m- [0m- ms - -[0m
[0mGET /static/articles/2018_12/25/upload_11470f6a3667a3db2e832ce28cd476c2.png [0m- [0m- ms - -[0m
[0mGET /static/upload_116b061736e88597a0ac1931b9f53be0.jpg [0m- [0m- ms - -[0m
[0mGET /static/upload_625b8d05e662f21c2ba7824b6a5295df.jpg [0m- [0m- ms - -[0m
[0mOPTIONS /article/list?num=10&start=0 [0m- [0m- ms - -[0m
[0mGET /article/list?num=10&start=0 [0m- [0m- ms - -[0m
[0mOPTIONS /article/list?num=10&start=0 [0m- [0m- ms - -[0m
[0mGET /article/list?num=10&start=0 [0m- [0m- ms - -[0m
[0mOPTIONS /article/list?num=10&start=0 [0m- [0m- ms - -[0m
[0mGET /article/list?num=10&start=0 [0m- [0m- ms - -[0m
[0mOPTIONS /article/list?num=10&start=0 [0m- [0m- ms - -[0m
[0mGET /article/list?num=10&start=0 [0m- [0m- ms - -[0m
[0mOPTIONS /article/list?num=10&start=0 [0m- [0m- ms - -[0m
[0mGET /article/list?num=10&start=0 [0m- [0m- ms - -[0m
[0mOPTIONS /article/list?num=10&start=0 [0m- [0m- ms - -[0m
[0mOPTIONS /moment/list?num=10&start=0 [0m- [0m- ms - -[0m
[0mOPTIONS /user/detail [0m- [0m- ms - -[0m
[0mGET /article/list?num=10&start=0 [0m- [0m- ms - -[0m
[0mGET /moment/list?num=10&start=0 [0m- [0m- ms - -[0m
[0mGET /user/detail [0m- [0m- ms - -[0m
[0mOPTIONS /user/replaceAccessToken?refreshToken=Bears+eyJhbGciOiJIUzI1NiIsInR5cCI6IkpXVCJ9.eyJ1c2VySWQiOiJkNzMxYWI3MC0wMzdlLTExZTktYjJjZS1hZmZkNzFkNTA3MDIiLCJob3N0bmFtZSI6IjE5Mi4xNjguMC4xMDYiLCJpcCI6Ijo6ZmZmZjoxOTIuMTY4LjAuMTA2IiwiaWF0IjoxNTUwOTc4ODMzLCJleHAiOjE1NTE4NDI4MzN9.gXFq7RxpkEZfeXg9uNbdKrxgeD0V0SJcuJbg2Am5cHc [0m- [0m- ms - -[0m
[0mGET /user/replaceAccessToken?refreshToken=Bears+eyJhbGciOiJIUzI1NiIsInR5cCI6IkpXVCJ9.eyJ1c2VySWQiOiJkNzMxYWI3MC0wMzdlLTExZTktYjJjZS1hZmZkNzFkNTA3MDIiLCJob3N0bmFtZSI6IjE5Mi4xNjguMC4xMDYiLCJpcCI6Ijo6ZmZmZjoxOTIuMTY4LjAuMTA2IiwiaWF0IjoxNTUwOTc4ODMzLCJleHAiOjE1NTE4NDI4MzN9.gXFq7RxpkEZfeXg9uNbdKrxgeD0V0SJcuJbg2Am5cHc [0m- [0m- ms - -[0m
[0mGET /moment/list?num=10&start=0 [0m- [0m- ms - -[0m
[0mGET /static/2019_2/12/upload_41d8b4504f333d751b183306b73ff499.png [0m- [0m- ms - -[0m
[0mGET /static/2019_2/12/upload_3ab4b9fe9f60c4a7b1f9e96a909a02e2.png [0m- [0m- ms - -[0m
[0mGET /static/2019_2/12/upload_26738ae1971bdf7a4935c9896081e04a.png [0m- [0m- ms - -[0m
[0mGET /static/2019_2/12/upload_665ad0160c3128520cb5487fa8427be8.jpg [0m- [0m- ms - -[0m
[0mGET /static/2019_2/12/upload_da8150df07283612102e760b17e982fe.jpg [0m- [0m- ms - -[0m
[0mGET /static/2019_2/12/upload_986d9db9d3f2c349a2d4fed204e83716.png [0m- [0m- ms - -[0m
[0mGET /static/2018_12/26/testarticle_2e3b8790-08ef-11e9-ad62-ffd6d09e8faa.png [0m- [0m- ms - -[0m
[0mGET /static/2018_12/26/testarticle_d9940a60-08ed-11e9-8f6f-c10927f14d23.png [0m- [0m- ms - -[0m
[0mGET /static/articles/2018_12/26/testarticle_8bd113f0-08ec-11e9-bbf6-cbd8adb91c31.png [0m- [0m- ms - -[0m
[0mGET /static/articles/2018_12/26/testarticle_4c3968e0-08e3-11e9-bbf6-cbd8adb91c31.png [0m- [0m- ms - -[0m
[0mGET /static/articles/2018_12/25/upload_96aeac0a86457c64c035b475879847ce.png [0m- [0m- ms - -[0m
[0mGET /static/articles/2018_12/25/upload_11470f6a3667a3db2e832ce28cd476c2.png [0m- [0m- ms - -[0m
[0mOPTIONS /article/list?num=10&start=0 [0m- [0m- ms - -[0m
[0mOPTIONS /moment/list?num=10&start=0 [0m- [0m- ms - -[0m
[0mOPTIONS /user/detail [0m- [0m- ms - -[0m
[0mGET /article/list?num=10&start=0 [0m- [0m- ms - -[0m
[0mGET /moment/list?num=10&start=0 [0m- [0m- ms - -[0m
[0mGET /user/detail [0m- [0m- ms - -[0m
[0mGET /static/2019_2/12/upload_41d8b4504f333d751b183306b73ff499.png [0m- [0m- ms - -[0m
[0mGET /static/2019_2/12/upload_3ab4b9fe9f60c4a7b1f9e96a909a02e2.png [0m- [0m- ms - -[0m
[0mGET /static/2019_2/12/upload_26738ae1971bdf7a4935c9896081e04a.png [0m- [0m- ms - -[0m
[0mGET /static/2019_2/12/upload_665ad0160c3128520cb5487fa8427be8.jpg [0m- [0m- ms - -[0m
[0mGET /static/2019_2/12/upload_da8150df07283612102e760b17e982fe.jpg [0m- [0m- ms - -[0m
[0mGET /static/2019_2/12/upload_986d9db9d3f2c349a2d4fed204e83716.png [0m- [0m- ms - -[0m
[0mOPTIONS /article/list?num=10&start=0 [0m- [0m- ms - -[0m
[0mOPTIONS /moment/list?num=10&start=0 [0m- [0m- ms - -[0m
[0mOPTIONS /user/detail [0m- [0m- ms - -[0m
[0mGET /article/list?num=10&start=0 [0m- [0m- ms - -[0m
[0mGET /moment/list?num=10&start=0 [0m- [0m- ms - -[0m
[0mGET /user/detail [0m- [0m- ms - -[0m
[0mGET /static/2019_2/12/upload_41d8b4504f333d751b183306b73ff499.png [0m- [0m- ms - -[0m
[0mGET /static/2019_2/12/upload_3ab4b9fe9f60c4a7b1f9e96a909a02e2.png [0m- [0m- ms - -[0m
[0mGET /static/2019_2/12/upload_26738ae1971bdf7a4935c9896081e04a.png [0m- [0m- ms - -[0m
[0mGET /static/2019_2/12/upload_665ad0160c3128520cb5487fa8427be8.jpg [0m- [0m- ms - -[0m
[0mGET /static/2019_2/12/upload_da8150df07283612102e760b17e982fe.jpg [0m- [0m- ms - -[0m
[0mGET /static/2019_2/12/upload_986d9db9d3f2c349a2d4fed204e83716.png [0m- [0m- ms - -[0m
[0mGET /article/list?num=10&start=0 [0m- [0m- ms - -[0m
[0mGET /moment/list?num=10&start=0 [0m- [0m- ms - -[0m
[0mGET /user/detail [0m- [0m- ms - -[0m
[0mGET /static/2019_2/12/upload_41d8b4504f333d751b183306b73ff499.png [0m- [0m- ms - -[0m
[0mGET /static/2019_2/12/upload_3ab4b9fe9f60c4a7b1f9e96a909a02e2.png [0m- [0m- ms - -[0m
[0mGET /static/2019_2/12/upload_26738ae1971bdf7a4935c9896081e04a.png [0m- [0m- ms - -[0m
[0mGET /static/2019_2/12/upload_665ad0160c3128520cb5487fa8427be8.jpg [0m- [0m- ms - -[0m
[0mGET /static/2019_2/12/upload_da8150df07283612102e760b17e982fe.jpg [0m- [0m- ms - -[0m
[0mGET /static/2019_2/12/upload_986d9db9d3f2c349a2d4fed204e83716.png [0m- [0m- ms - -[0m
[0mGET /static/2018_12/26/testarticle_2e3b8790-08ef-11e9-ad62-ffd6d09e8faa.png [0m- [0m- ms - -[0m
[0mGET /static/2018_12/26/testarticle_d9940a60-08ed-11e9-8f6f-c10927f14d23.png [0m- [0m- ms - -[0m
[0mGET /static/articles/2018_12/26/testarticle_8bd113f0-08ec-11e9-bbf6-cbd8adb91c31.png [0m- [0m- ms - -[0m
[0mGET /static/articles/2018_12/26/testarticle_4c3968e0-08e3-11e9-bbf6-cbd8adb91c31.png [0m- [0m- ms - -[0m
[0mGET /static/articles/2018_12/25/upload_96aeac0a86457c64c035b475879847ce.png [0m- [0m- ms - -[0m
[0mGET /static/articles/2018_12/25/upload_11470f6a3667a3db2e832ce28cd476c2.png [0m- [0m- ms - -[0m
[0mOPTIONS /article/list?num=10&start=0 [0m- [0m- ms - -[0m
[0mOPTIONS /moment/list?num=10&start=0 [0m- [0m- ms - -[0m
[0mOPTIONS /user/detail [0m- [0m- ms - -[0m
[0mGET /article/list?num=10&start=0 [0m- [0m- ms - -[0m
[0mGET /moment/list?num=10&start=0 [0m- [0m- ms - -[0m
[0mGET /user/detail [0m- [0m- ms - -[0m
[0mGET /static/2019_2/12/upload_41d8b4504f333d751b183306b73ff499.png [0m- [0m- ms - -[0m
[0mGET /static/2019_2/12/upload_3ab4b9fe9f60c4a7b1f9e96a909a02e2.png [0m- [0m- ms - -[0m
[0mGET /static/2019_2/12/upload_26738ae1971bdf7a4935c9896081e04a.png [0m- [0m- ms - -[0m
[0mGET /static/2019_2/12/upload_665ad0160c3128520cb5487fa8427be8.jpg [0m- [0m- ms - -[0m
[0mGET /static/2019_2/12/upload_da8150df07283612102e760b17e982fe.jpg [0m- [0m- ms - -[0m
[0mGET /static/2019_2/12/upload_986d9db9d3f2c349a2d4fed204e83716.png [0m- [0m- ms - -[0m
[0mGET /article/list?num=10&start=0 [0m- [0m- ms - -[0m
[0mGET /moment/list?num=10&start=0 [0m- [0m- ms - -[0m
[0mGET /user/detail [0m- [0m- ms - -[0m
[0mGET /static/2019_2/12/upload_41d8b4504f333d751b183306b73ff499.png [0m- [0m- ms - -[0m
[0mGET /static/2019_2/12/upload_3ab4b9fe9f60c4a7b1f9e96a909a02e2.png [0m- [0m- ms - -[0m
[0mGET /static/2019_2/12/upload_26738ae1971bdf7a4935c9896081e04a.png [0m- [0m- ms - -[0m
[0mGET /static/2019_2/12/upload_665ad0160c3128520cb5487fa8427be8.jpg [0m- [0m- ms - -[0m
[0mGET /static/2019_2/12/upload_da8150df07283612102e760b17e982fe.jpg [0m- [0m- ms - -[0m
[0mGET /static/2019_2/12/upload_986d9db9d3f2c349a2d4fed204e83716.png [0m- [0m- ms - -[0m
[0mGET /static/2018_12/26/testarticle_2e3b8790-08ef-11e9-ad62-ffd6d09e8faa.png [0m- [0m- ms - -[0m
[0mGET /static/2018_12/26/testarticle_d9940a60-08ed-11e9-8f6f-c10927f14d23.png [0m- [0m- ms - -[0m
[0mGET /static/articles/2018_12/26/testarticle_8bd113f0-08ec-11e9-bbf6-cbd8adb91c31.png [0m- [0m- ms - -[0m
[0mGET /static/articles/2018_12/26/testarticle_4c3968e0-08e3-11e9-bbf6-cbd8adb91c31.png [0m- [0m- ms - -[0m
[0mGET /static/articles/2018_12/25/upload_96aeac0a86457c64c035b475879847ce.png [0m- [0m- ms - -[0m
[0mGET /static/articles/2018_12/25/upload_11470f6a3667a3db2e832ce28cd476c2.png [0m- [0m- ms - -[0m
[0mOPTIONS /article/list?num=10&start=0 [0m- [0m- ms - -[0m
[0mOPTIONS /moment/list?num=10&start=0 [0m- [0m- ms - -[0m
[0mOPTIONS /user/detail [0m- [0m- ms - -[0m
[0mGET /article/list?num=10&start=0 [0m- [0m- ms - -[0m
[0mGET /moment/list?num=10&start=0 [0m- [0m- ms - -[0m
[0mGET /user/detail [0m- [0m- ms - -[0m
[0mGET /static/2019_2/12/upload_41d8b4504f333d751b183306b73ff499.png [0m- [0m- ms - -[0m
[0mGET /static/2019_2/12/upload_3ab4b9fe9f60c4a7b1f9e96a909a02e2.png [0m- [0m- ms - -[0m
[0mGET /static/2019_2/12/upload_26738ae1971bdf7a4935c9896081e04a.png [0m- [0m- ms - -[0m
[0mGET /static/2019_2/12/upload_665ad0160c3128520cb5487fa8427be8.jpg [0m- [0m- ms - -[0m
[0mGET /static/2019_2/12/upload_986d9db9d3f2c349a2d4fed204e83716.png [0m- [0m- ms - -[0m
[0mGET /static/2019_2/12/upload_da8150df07283612102e760b17e982fe.jpg [0m- [0m- ms - -[0m
[0mOPTIONS /article/content?id=4c3a2c30-08e3-11e9-bbf6-cbd8adb91c31 [0m- [0m- ms - -[0m
[0mGET /article/content?id=4c3a2c30-08e3-11e9-bbf6-cbd8adb91c31 [0m- [0m- ms - -[0m
[0mOPTIONS /comment/list [0m- [0m- ms - -[0m
[0mPOST /comment/list [0m- [0m- ms - -[0m
[0mGET /article/content?id=4c3a2c30-08e3-11e9-bbf6-cbd8adb91c31 [0m- [0m- ms - -[0m
[0mPOST /comment/list [0m- [0m- ms - -[0m
[0mOPTIONS /article/list?num=10&start=0 [0m- [0m- ms - -[0m
[0mOPTIONS /moment/list?num=10&start=0 [0m- [0m- ms - -[0m
[0mOPTIONS /user/detail [0m- [0m- ms - -[0m
[0mGET /article/list?num=10&start=0 [0m- [0m- ms - -[0m
[0mGET /moment/list?num=10&start=0 [0m- [0m- ms - -[0m
[0mGET /user/detail [0m- [0m- ms - -[0m
[0mGET /static/2019_2/12/upload_41d8b4504f333d751b183306b73ff499.png [0m- [0m- ms - -[0m
[0mGET /static/2019_2/12/upload_3ab4b9fe9f60c4a7b1f9e96a909a02e2.png [0m- [0m- ms - -[0m
[0mGET /static/2019_2/12/upload_26738ae1971bdf7a4935c9896081e04a.png [0m- [0m- ms - -[0m
[0mGET /static/2019_2/12/upload_665ad0160c3128520cb5487fa8427be8.jpg [0m- [0m- ms - -[0m
[0mGET /static/2019_2/12/upload_da8150df07283612102e760b17e982fe.jpg [0m- [0m- ms - -[0m
[0mGET /static/2019_2/12/upload_986d9db9d3f2c349a2d4fed204e83716.png [0m- [0m- ms - -[0m
[0mGET /static/2018_12/26/testarticle_2e3b8790-08ef-11e9-ad62-ffd6d09e8faa.png [0m- [0m- ms - -[0m
[0mGET /static/2018_12/26/testarticle_d9940a60-08ed-11e9-8f6f-c10927f14d23.png [0m- [0m- ms - -[0m
[0mGET /static/articles/2018_12/26/testarticle_8bd113f0-08ec-11e9-bbf6-cbd8adb91c31.png [0m- [0m- ms - -[0m
[0mGET /static/articles/2018_12/26/testarticle_4c3968e0-08e3-11e9-bbf6-cbd8adb91c31.png [0m- [0m- ms - -[0m
[0mGET /static/articles/2018_12/25/upload_96aeac0a86457c64c035b475879847ce.png [0m- [0m- ms - -[0m
[0mGET /static/articles/2018_12/25/upload_11470f6a3667a3db2e832ce28cd476c2.png [0m- [0m- ms - -[0m
[0mOPTIONS /article/list?num=10&start=0 [0m- [0m- ms - -[0m
[0mOPTIONS /moment/list?num=10&start=0 [0m- [0m- ms - -[0m
[0mOPTIONS /user/detail [0m- [0m- ms - -[0m
[0mGET /article/list?num=10&start=0 [0m- [0m- ms - -[0m
[0mGET /moment/list?num=10&start=0 [0m- [0m- ms - -[0m
[0mGET /user/detail [0m- [0m- ms - -[0m
[0mGET /static/2019_2/12/upload_41d8b4504f333d751b183306b73ff499.png [0m- [0m- ms - -[0m
[0mGET /static/2019_2/12/upload_3ab4b9fe9f60c4a7b1f9e96a909a02e2.png [0m- [0m- ms - -[0m
[0mGET /static/2019_2/12/upload_26738ae1971bdf7a4935c9896081e04a.png [0m- [0m- ms - -[0m
[0mGET /static/2019_2/12/upload_665ad0160c3128520cb5487fa8427be8.jpg [0m- [0m- ms - -[0m
[0mGET /static/2019_2/12/upload_da8150df07283612102e760b17e982fe.jpg [0m- [0m- ms - -[0m
[0mGET /static/2019_2/12/upload_986d9db9d3f2c349a2d4fed204e83716.png [0m- [0m- ms - -[0m
[0mGET /article/list?num=10&start=0 [0m- [0m- ms - -[0m
[0mGET /moment/list?num=10&start=0 [0m- [0m- ms - -[0m
[0mGET /user/detail [0m- [0m- ms - -[0m
[0mGET /static/2019_2/12/upload_41d8b4504f333d751b183306b73ff499.png [0m- [0m- ms - -[0m
[0mGET /static/2019_2/12/upload_3ab4b9fe9f60c4a7b1f9e96a909a02e2.png [0m- [0m- ms - -[0m
[0mGET /static/2019_2/12/upload_26738ae1971bdf7a4935c9896081e04a.png [0m- [0m- ms - -[0m
[0mGET /static/2019_2/12/upload_665ad0160c3128520cb5487fa8427be8.jpg [0m- [0m- ms - -[0m
[0mGET /static/2019_2/12/upload_da8150df07283612102e760b17e982fe.jpg [0m- [0m- ms - -[0m
[0mGET /static/2019_2/12/upload_986d9db9d3f2c349a2d4fed204e83716.png [0m- [0m- ms - -[0m
[0mGET /static/2018_12/26/testarticle_2e3b8790-08ef-11e9-ad62-ffd6d09e8faa.png [0m- [0m- ms - -[0m
[0mGET /static/2018_12/26/testarticle_d9940a60-08ed-11e9-8f6f-c10927f14d23.png [0m- [0m- ms - -[0m
[0mGET /static/articles/2018_12/26/testarticle_8bd113f0-08ec-11e9-bbf6-cbd8adb91c31.png [0m- [0m- ms - -[0m
[0mGET /static/articles/2018_12/26/testarticle_4c3968e0-08e3-11e9-bbf6-cbd8adb91c31.png [0m- [0m- ms - -[0m
[0mGET /static/articles/2018_12/25/upload_96aeac0a86457c64c035b475879847ce.png [0m- [0m- ms - -[0m
[0mGET /static/articles/2018_12/25/upload_11470f6a3667a3db2e832ce28cd476c2.png [0m- [0m- ms - -[0m
[0mOPTIONS /article/list?num=10&start=0 [0m- [0m- ms - -[0m
[0mOPTIONS /moment/list?num=10&start=0 [0m- [0m- ms - -[0m
[0mOPTIONS /user/detail [0m- [0m- ms - -[0m
[0mGET /article/list?num=10&start=0 [0m- [0m- ms - -[0m
[0mGET /moment/list?num=10&start=0 [0m- [0m- ms - -[0m
[0mGET /user/detail [0m- [0m- ms - -[0m
[0mGET /static/2019_2/12/upload_41d8b4504f333d751b183306b73ff499.png [0m- [0m- ms - -[0m
[0mGET /static/2019_2/12/upload_3ab4b9fe9f60c4a7b1f9e96a909a02e2.png [0m- [0m- ms - -[0m
[0mGET /static/2019_2/12/upload_26738ae1971bdf7a4935c9896081e04a.png [0m- [0m- ms - -[0m
[0mGET /static/2019_2/12/upload_665ad0160c3128520cb5487fa8427be8.jpg [0m- [0m- ms - -[0m
[0mGET /static/2019_2/12/upload_da8150df07283612102e760b17e982fe.jpg [0m- [0m- ms - -[0m
[0mGET /static/2019_2/12/upload_986d9db9d3f2c349a2d4fed204e83716.png [0m- [0m- ms - -[0m
[0mGET /article/list?num=10&start=0 [0m- [0m- ms - -[0m
[0mOPTIONS /article/list?num=10&start=0 [0m- [0m- ms - -[0m
[0mOPTIONS /moment/list?num=10&start=0 [0m- [0m- ms - -[0m
[0mOPTIONS /user/detail [0m- [0m- ms - -[0m
[0mGET /article/list?num=10&start=0 [0m- [0m- ms - -[0m
[0mGET /moment/list?num=10&start=0 [0m- [0m- ms - -[0m
[0mGET /user/detail [0m- [0m- ms - -[0m
[0mGET /static/2019_2/12/upload_41d8b4504f333d751b183306b73ff499.png [0m- [0m- ms - -[0m
[0mGET /static/2019_2/12/upload_26738ae1971bdf7a4935c9896081e04a.png [0m- [0m- ms - -[0m
[0mGET /static/2019_2/12/upload_3ab4b9fe9f60c4a7b1f9e96a909a02e2.png [0m- [0m- ms - -[0m
[0mGET /static/2019_2/12/upload_665ad0160c3128520cb5487fa8427be8.jpg [0m- [0m- ms - -[0m
[0mGET /static/2019_2/12/upload_da8150df07283612102e760b17e982fe.jpg [0m- [0m- ms - -[0m
[0mGET /static/2019_2/12/upload_986d9db9d3f2c349a2d4fed204e83716.png [0m- [0m- ms - -[0m
[0mGET /static/2018_12/26/testarticle_2e3b8790-08ef-11e9-ad62-ffd6d09e8faa.png [0m- [0m- ms - -[0m
[0mGET /static/2018_12/26/testarticle_d9940a60-08ed-11e9-8f6f-c10927f14d23.png [0m- [0m- ms - -[0m
[0mGET /static/articles/2018_12/26/testarticle_8bd113f0-08ec-11e9-bbf6-cbd8adb91c31.png [0m- [0m- ms - -[0m
[0mGET /static/articles/2018_12/26/testarticle_4c3968e0-08e3-11e9-bbf6-cbd8adb91c31.png [0m- [0m- ms - -[0m
[0mGET /static/articles/2018_12/25/upload_96aeac0a86457c64c035b475879847ce.png [0m- [0m- ms - -[0m
[0mGET /static/articles/2018_12/25/upload_11470f6a3667a3db2e832ce28cd476c2.png [0m- [0m- ms - -[0m
[0mOPTIONS /article/list?num=10&start=0 [0m- [0m- ms - -[0m
[0mOPTIONS /moment/list?num=10&start=0 [0m- [0m- ms - -[0m
[0mOPTIONS /user/detail [0m- [0m- ms - -[0m
[0mGET /article/list?num=10&start=0 [0m- [0m- ms - -[0m
[0mGET /moment/list?num=10&start=0 [0m- [0m- ms - -[0m
[0mGET /user/detail [0m- [0m- ms - -[0m
[0mGET /static/2019_2/12/upload_41d8b4504f333d751b183306b73ff499.png [0m- [0m- ms - -[0m
[0mGET /static/2019_2/12/upload_3ab4b9fe9f60c4a7b1f9e96a909a02e2.png [0m- [0m- ms - -[0m
[0mGET /static/2019_2/12/upload_26738ae1971bdf7a4935c9896081e04a.png [0m- [0m- ms - -[0m
[0mGET /static/2019_2/12/upload_665ad0160c3128520cb5487fa8427be8.jpg [0m- [0m- ms - -[0m
[0mGET /static/2019_2/12/upload_da8150df07283612102e760b17e982fe.jpg [0m- [0m- ms - -[0m
[0mGET /static/2019_2/12/upload_986d9db9d3f2c349a2d4fed204e83716.png [0m- [0m- ms - -[0m
[0mOPTIONS /article/list?num=10&start=0 [0m- [0m- ms - -[0m
[0mOPTIONS /moment/list?num=10&start=0 [0m- [0m- ms - -[0m
[0mOPTIONS /user/detail [0m- [0m- ms - -[0m
[0mGET /article/list?num=10&start=0 [0m- [0m- ms - -[0m
[0mGET /moment/list?num=10&start=0 [0m- [0m- ms - -[0m
[0mGET /user/detail [0m- [0m- ms - -[0m
[0mGET /static/2019_2/12/upload_41d8b4504f333d751b183306b73ff499.png [0m- [0m- ms - -[0m
[0mGET /static/2019_2/12/upload_3ab4b9fe9f60c4a7b1f9e96a909a02e2.png [0m- [0m- ms - -[0m
[0mGET /static/2019_2/12/upload_26738ae1971bdf7a4935c9896081e04a.png [0m- [0m- ms - -[0m
[0mGET /static/2019_2/12/upload_665ad0160c3128520cb5487fa8427be8.jpg [0m- [0m- ms - -[0m
[0mGET /static/2019_2/12/upload_da8150df07283612102e760b17e982fe.jpg [0m- [0m- ms - -[0m
[0mGET /static/2019_2/12/upload_986d9db9d3f2c349a2d4fed204e83716.png [0m- [0m- ms - -[0m
[0mGET /static/2018_12/26/testarticle_2e3b8790-08ef-11e9-ad62-ffd6d09e8faa.png [0m- [0m- ms - -[0m
[0mGET /static/2018_12/26/testarticle_d9940a60-08ed-11e9-8f6f-c10927f14d23.png [0m- [0m- ms - -[0m
[0mGET /static/articles/2018_12/26/testarticle_8bd113f0-08ec-11e9-bbf6-cbd8adb91c31.png [0m- [0m- ms - -[0m
[0mGET /static/articles/2018_12/26/testarticle_4c3968e0-08e3-11e9-bbf6-cbd8adb91c31.png [0m- [0m- ms - -[0m
[0mGET /static/articles/2018_12/25/upload_96aeac0a86457c64c035b475879847ce.png [0m- [0m- ms - -[0m
[0mGET /static/articles/2018_12/25/upload_11470f6a3667a3db2e832ce28cd476c2.png [0m- [0m- ms - -[0m
[0mOPTIONS /article/list?num=10&start=0 [0m- [0m- ms - -[0m
[0mOPTIONS /moment/list?num=10&start=0 [0m- [0m- ms - -[0m
[0mOPTIONS /user/detail [0m- [0m- ms - -[0m
[0mGET /article/list?num=10&start=0 [0m- [0m- ms - -[0m
[0mGET /moment/list?num=10&start=0 [0m- [0m- ms - -[0m
[0mGET /user/detail [0m- [0m- ms - -[0m
[0mGET /static/2019_2/12/upload_41d8b4504f333d751b183306b73ff499.png [0m- [0m- ms - -[0m
[0mGET /static/2019_2/12/upload_3ab4b9fe9f60c4a7b1f9e96a909a02e2.png [0m- [0m- ms - -[0m
[0mGET /static/2019_2/12/upload_26738ae1971bdf7a4935c9896081e04a.png [0m- [0m- ms - -[0m
[0mGET /static/2019_2/12/upload_665ad0160c3128520cb5487fa8427be8.jpg [0m- [0m- ms - -[0m
[0mGET /static/2019_2/12/upload_da8150df07283612102e760b17e982fe.jpg [0m- [0m- ms - -[0m
[0mGET /static/2019_2/12/upload_986d9db9d3f2c349a2d4fed204e83716.png [0m- [0m- ms - -[0m
[0mGET /static/articles/2018_12/25/upload_11470f6a3667a3db2e832ce28cd476c2.png [0m- [0m- ms - -[0m
[0mGET /static/2018_12/26/testarticle_2e3b8790-08ef-11e9-ad62-ffd6d09e8faa.png [0m- [0m- ms - -[0m
[0mGET /static/articles/2018_12/26/testarticle_8bd113f0-08ec-11e9-bbf6-cbd8adb91c31.png [0m- [0m- ms - -[0m
[0mGET /static/articles/2018_12/25/upload_96aeac0a86457c64c035b475879847ce.png [0m- [0m- ms - -[0m
[0mGET /static/2018_12/26/testarticle_d9940a60-08ed-11e9-8f6f-c10927f14d23.png [0m- [0m- ms - -[0m
[0mGET /static/articles/2018_12/26/testarticle_4c3968e0-08e3-11e9-bbf6-cbd8adb91c31.png [0m- [0m- ms - -[0m
[0mOPTIONS /article/list?num=10&start=0 [0m- [0m- ms - -[0m
[0mOPTIONS /moment/list?num=10&start=0 [0m- [0m- ms - -[0m
[0mOPTIONS /user/detail [0m- [0m- ms - -[0m
[0mGET /article/list?num=10&start=0 [0m- [0m- ms - -[0m
[0mGET /moment/list?num=10&start=0 [0m- [0m- ms - -[0m
[0mGET /user/detail [0m- [0m- ms - -[0m
[0mGET /static/2019_2/12/upload_41d8b4504f333d751b183306b73ff499.png [0m- [0m- ms - -[0m
[0mGET /static/2019_2/12/upload_3ab4b9fe9f60c4a7b1f9e96a909a02e2.png [0m- [0m- ms - -[0m
[0mGET /static/2019_2/12/upload_26738ae1971bdf7a4935c9896081e04a.png [0m- [0m- ms - -[0m
[0mGET /static/2019_2/12/upload_665ad0160c3128520cb5487fa8427be8.jpg [0m- [0m- ms - -[0m
[0mGET /static/2019_2/12/upload_da8150df07283612102e760b17e982fe.jpg [0m- [0m- ms - -[0m
[0mGET /static/2019_2/12/upload_986d9db9d3f2c349a2d4fed204e83716.png [0m- [0m- ms - -[0m
[0mGET /static/articles/2018_12/25/upload_11470f6a3667a3db2e832ce28cd476c2.png [0m- [0m- ms - -[0m
[0mGET /static/articles/2018_12/26/testarticle_8bd113f0-08ec-11e9-bbf6-cbd8adb91c31.png [0m- [0m- ms - -[0m
[0mGET /static/2018_12/26/testarticle_d9940a60-08ed-11e9-8f6f-c10927f14d23.png [0m- [0m- ms - -[0m
[0mGET /static/2018_12/26/testarticle_2e3b8790-08ef-11e9-ad62-ffd6d09e8faa.png [0m- [0m- ms - -[0m
[0mGET /static/articles/2018_12/26/testarticle_4c3968e0-08e3-11e9-bbf6-cbd8adb91c31.png [0m- [0m- ms - -[0m
[0mGET /static/articles/2018_12/25/upload_96aeac0a86457c64c035b475879847ce.png [0m- [0m- ms - -[0m
[0mOPTIONS /article/list?num=10&start=0 [0m- [0m- ms - -[0m
[0mOPTIONS /moment/list?num=10&start=0 [0m- [0m- ms - -[0m
[0mOPTIONS /user/detail [0m- [0m- ms - -[0m
[0mGET /article/list?num=10&start=0 [0m- [0m- ms - -[0m
[0mGET /moment/list?num=10&start=0 [0m- [0m- ms - -[0m
[0mGET /user/detail [0m- [0m- ms - -[0m
[0mGET /static/2019_2/12/upload_41d8b4504f333d751b183306b73ff499.png [0m- [0m- ms - -[0m
[0mGET /static/2019_2/12/upload_3ab4b9fe9f60c4a7b1f9e96a909a02e2.png [0m- [0m- ms - -[0m
[0mGET /static/2019_2/12/upload_26738ae1971bdf7a4935c9896081e04a.png [0m- [0m- ms - -[0m
[0mGET /static/2019_2/12/upload_665ad0160c3128520cb5487fa8427be8.jpg [0m- [0m- ms - -[0m
[0mGET /static/2019_2/12/upload_da8150df07283612102e760b17e982fe.jpg [0m- [0m- ms - -[0m
[0mGET /static/2019_2/12/upload_986d9db9d3f2c349a2d4fed204e83716.png [0m- [0m- ms - -[0m
[0mGET /static/2018_12/26/testarticle_2e3b8790-08ef-11e9-ad62-ffd6d09e8faa.png [0m- [0m- ms - -[0m
[0mGET /static/2018_12/26/testarticle_d9940a60-08ed-11e9-8f6f-c10927f14d23.png [0m- [0m- ms - -[0m
[0mGET /static/articles/2018_12/26/testarticle_8bd113f0-08ec-11e9-bbf6-cbd8adb91c31.png [0m- [0m- ms - -[0m
[0mGET /static/articles/2018_12/26/testarticle_4c3968e0-08e3-11e9-bbf6-cbd8adb91c31.png [0m- [0m- ms - -[0m
[0mGET /static/articles/2018_12/25/upload_96aeac0a86457c64c035b475879847ce.png [0m- [0m- ms - -[0m
[0mGET /static/articles/2018_12/25/upload_11470f6a3667a3db2e832ce28cd476c2.png [0m- [0m- ms - -[0m
[0mGET /article/list?num=10&start=0 [0m- [0m- ms - -[0m
