[0mGET /user [0m- [0m- ms - -[0m
[0mGET /user [0m- [0m- ms - -[0m
[0mGET /user/create [0m- [0m- ms - -[0m
[0mGET /user/create [0m- [0m- ms - -[0m
[0mPOST /user/create [0m- [0m- ms - -[0m
[0mPOST /user/create [0m- [0m- ms - -[0m
[0mPOST /user/create [0m- [0m- ms - -[0m
[0mPOST /user/create [0m- [0m- ms - -[0m
[0mPOST /user/create [0m- [0m- ms - -[0m
[0mPOST /user/create [0m- [0m- ms - -[0m
[0mPOST /user/create [0m- [0m- ms - -[0m
[0mPOST /user/create [0m- [0m- ms - -[0m
[0mPOST /user/create [0m- [0m- ms - -[0m
[0mPOST /user/create [0m- [0m- ms - -[0m
[0mPOST /user/create [0m- [0m- ms - -[0m
[0mPOST /user/create [0m- [0m- ms - -[0m
[0mPOST /user/create [0m- [0m- ms - -[0m
[0mPOST /user/create [0m- [0m- ms - -[0m
[0mPOST /user/create [0m- [0m- ms - -[0m
[0mPOST /user/create [0m- [0m- ms - -[0m
[0mPOST /user/create [0m- [0m- ms - -[0m
[0mOPTIONS /user/create [32m200 [0m3.367 ms - 4[0m
[0mOPTIONS /user/create [32m200 [0m0.547 ms - 4[0m
[0mOPTIONS /user/create [32m200 [0m1.552 ms - 4[0m
[0mOPTIONS /user/create [32m200 [0m0.211 ms - 4[0m
[0mOPTIONS /user/create [32m200 [0m0.202 ms - 4[0m
[0mOPTIONS /user/create [32m200 [0m0.271 ms - 4[0m
[0mOPTIONS /user/create [32m200 [0m0.296 ms - 4[0m
[0mOPTIONS /user/create [32m200 [0m0.348 ms - 4[0m
[0mOPTIONS /user/create [32m200 [0m0.330 ms - 4[0m
[0mOPTIONS /user/create [32m200 [0m0.328 ms - 4[0m
[0mOPTIONS /user/create [32m200 [0m0.311 ms - 4[0m
[0mOPTIONS /user/create [32m200 [0m0.215 ms - 4[0m
[0mOPTIONS /user/create [32m200 [0m5.577 ms - 4[0m
[0mOPTIONS /user/create [32m200 [0m0.886 ms - 4[0m
[0mOPTIONS /user/create [32m200 [0m0.415 ms - 4[0m
[0mOPTIONS /user/create [32m200 [0m0.622 ms - 4[0m
[0mOPTIONS /user/create [32m200 [0m6.693 ms - 4[0m
[0mOPTIONS /user/create [32m200 [0m0.563 ms - 4[0m
[0mOPTIONS /user/create [32m200 [0m5.832 ms - 4[0m
[0mOPTIONS /user/create [32m200 [0m1.161 ms - 4[0m
[0mOPTIONS /user/create [32m200 [0m0.779 ms - 4[0m
[0mOPTIONS /user/create [32m200 [0m0.554 ms - 4[0m
[0mPOST /user/create [0m- [0m- ms - -[0m
[0mPOST /user/create [0m- [0m- ms - -[0m
[0mPOST /user/create [0m- [0m- ms - -[0m
[0mPOST /user/create [0m- [0m- ms - -[0m
[0mPOST /user/create [0m- [0m- ms - -[0m
[0mPOST /user/create [0m- [0m- ms - -[0m
[0mPOST /user/create [0m- [0m- ms - -[0m
[0mPOST /user/create [0m- [0m- ms - -[0m
[0mOPTIONS /user/create [32m200 [0m0.426 ms - 4[0m
[0mPOST /user/create [0m- [0m- ms - -[0m
[0mPOST /user/create [0m- [0m- ms - -[0m
[0mPOST /user/create [0m- [0m- ms - -[0m
[0mPOST /user/create [0m- [0m- ms - -[0m
[0mPOST /user/create [0m- [0m- ms - -[0m
[0mPOST /user/create [33m400 [0m3098.204 ms - 1086[0m
[0mPOST /user/create [33m400 [0m21.668 ms - 1086[0m
[0mPOST /user/create [0m- [0m- ms - -[0m
[0mPOST /user/create [31m500 [0m21566.771 ms - 2265[0m
[0mGET /user/create [32m200 [0m50029.222 ms - 21[0m
[0mPOST /user/create [31m500 [0m23.996 ms - 2265[0m
[0mPOST /user/create [32m200 [0m34.269 ms - 1917[0m
[0mPOST /user/create [32m200 [0m63.679 ms - 1269[0m
[0mGET /user [0m- [0m- ms - -[0m
[0mGET /user [0m- [0m- ms - -[0m
[0mGET /user [32m200 [0m7438.309 ms - 2480[0m
