[0mGET /static/2019_4/23/%E5%B8%A6%E5%9B%BE%E7%89%87%E7%9A%84MD_92c35320-65ae-11e9-b1ce-57982af5fc2b.jpg [0m- [0m- ms - -[0m
[0mGET /static/2019_4/22/%E5%A4%A9%E8%8B%8D%E8%8B%8D%EF%BC%8C%E9%87%8E%E8%8C%AB%E8%8C%AB_9cad0f00-64bb-11e9-931f-3d610ea8ec54.png [0m- [0m- ms - -[0m
[0mGET /static/2019_4/16/Linkedcare%E7%9B%B8%E5%85%B3%E8%B4%A6%E5%8F%B7_360aee20-6010-11e9-91f7-e580dc957ee0.png [0m- [0m- ms - -[0m
[0mGET /static/2019_4/16/test-0416-001_3b210860-600e-11e9-91f7-e580dc957ee0.jpg [0m- [0m- ms - -[0m
[0mGET /static/2019_4/16/test-0416-001_3b210860-600e-11e9-91f7-e580dc957ee0.jpg [0m- [0m- ms - -[0m
[0mGET /static/2019_4/22/%E5%A4%A9%E8%8B%8D%E8%8B%8D%EF%BC%8C%E9%87%8E%E8%8C%AB%E8%8C%AB_9cad0f00-64bb-11e9-931f-3d610ea8ec54.png [0m- [0m- ms - -[0m
[0mGET /static/2019_4/16/Linkedcare%E7%9B%B8%E5%85%B3%E8%B4%A6%E5%8F%B7_360aee20-6010-11e9-91f7-e580dc957ee0.png [0m- [0m- ms - -[0m
[0mGET /static/2019_4/23/%E5%B8%A6%E5%9B%BE%E7%89%87%E7%9A%84MD_92c35320-65ae-11e9-b1ce-57982af5fc2b.jpg [0m- [0m- ms - -[0m
[0mGET /static/2019_4/22/%E5%A4%A9%E8%8B%8D%E8%8B%8D%EF%BC%8C%E9%87%8E%E8%8C%AB%E8%8C%AB_9cad0f00-64bb-11e9-931f-3d610ea8ec54.png [0m- [0m- ms - -[0m
[0mGET /static/2019_4/16/Linkedcare%E7%9B%B8%E5%85%B3%E8%B4%A6%E5%8F%B7_360aee20-6010-11e9-91f7-e580dc957ee0.png [0m- [0m- ms - -[0m
[0mGET /static/2019_4/16/test-0416-001_3b210860-600e-11e9-91f7-e580dc957ee0.jpg [0m- [0m- ms - -[0m
[0mGET /static/2018_12/26/testarticle_2e3b8790-08ef-11e9-ad62-ffd6d09e8faa.png [0m- [0m- ms - -[0m
[0mGET /static/2018_12/26/testarticle_d9940a60-08ed-11e9-8f6f-c10927f14d23.png [0m- [0m- ms - -[0m
[0mGET /static/articles/2018_12/26/testarticle_8bd113f0-08ec-11e9-bbf6-cbd8adb91c31.png [0m- [0m- ms - -[0m
[0mGET /static/articles/2018_12/26/testarticle_4c3968e0-08e3-11e9-bbf6-cbd8adb91c31.png [0m- [0m- ms - -[0m
[0mGET /static/articles/2018_12/25/upload_96aeac0a86457c64c035b475879847ce.png [0m- [0m- ms - -[0m
[0mGET /static/articles/2018_12/25/upload_11470f6a3667a3db2e832ce28cd476c2.png [0m- [0m- ms - -[0m
[0mOPTIONS /article/list?num=10&start=0 [0m- [0m- ms - -[0m
[0mGET /article/list?num=10&start=0 [0m- [0m- ms - -[0m
[0mOPTIONS /user/detail [0m- [0m- ms - -[0m
[0mGET /user/detail [0m- [0m- ms - -[0m
[0mOPTIONS /moment/list?num=10&start=0 [0m- [0m- ms - -[0m
[0mGET /moment/list?num=10&start=0 [0m- [0m- ms - -[0m
[0mOPTIONS /user/replaceAccessToken?refreshToken=Bears+eyJhbGciOiJIUzI1NiIsInR5cCI6IkpXVCJ9.eyJ1c2VySWQiOiJkNzMxYWI3MC0wMzdlLTExZTktYjJjZS1hZmZkNzFkNTA3MDIiLCJob3N0bmFtZSI6ImxvY2FsaG9zdCIsImlwIjoiOjoxIiwiaWF0IjoxNTU3OTAyMzQyLCJleHAiOjE1NTg3NjYzNDJ9.8iYHK44Sa2LgoW3IlrI9h8dCh-I6A8gwgcCEi-B0_ak [0m- [0m- ms - -[0m
[0mGET /user/replaceAccessToken?refreshToken=Bears+eyJhbGciOiJIUzI1NiIsInR5cCI6IkpXVCJ9.eyJ1c2VySWQiOiJkNzMxYWI3MC0wMzdlLTExZTktYjJjZS1hZmZkNzFkNTA3MDIiLCJob3N0bmFtZSI6ImxvY2FsaG9zdCIsImlwIjoiOjoxIiwiaWF0IjoxNTU3OTAyMzQyLCJleHAiOjE1NTg3NjYzNDJ9.8iYHK44Sa2LgoW3IlrI9h8dCh-I6A8gwgcCEi-B0_ak [0m- [0m- ms - -[0m
[0mGET /moment/list?num=10&start=0 [0m- [0m- ms - -[0m
[0mOPTIONS /article/list?num=10&start=0 [0m- [0m- ms - -[0m
[0mGET /article/list?num=10&start=0 [0m- [0m- ms - -[0m
[0mOPTIONS /user/detail [0m- [0m- ms - -[0m
[0mGET /user/detail [0m- [0m- ms - -[0m
[0mOPTIONS /moment/list?num=10&start=0 [0m- [0m- ms - -[0m
[0mGET /moment/list?num=10&start=0 [0m- [0m- ms - -[0m
[0mOPTIONS /moment/list?num=10&start=0 [0m- [0m- ms - -[0m
[0mGET /moment/list?num=10&start=0 [0m- [0m- ms - -[0m
[0mOPTIONS /article/create [0m- [0m- ms - -[0m
[0mPOST /article/create [0m- [0m- ms - -[0m
[0mOPTIONS /moment/list?num=10&start=0 [0m- [0m- ms - -[0m
[0mGET /moment/list?num=10&start=0 [0m- [0m- ms - -[0m
[0mGET /moment/list?num=10&start=0 [0m- [0m- ms - -[0m
[0mGET /moment/list?num=10&start=0 [0m- [0m- ms - -[0m
[0mGET /moment/list?num=10&start=0 [0m- [0m- ms - -[0m
[0mGET /moment/list?num=10&start=0 [0m- [0m- ms - -[0m
[0mGET /moment/list?num=10&start=0 [0m- [0m- ms - -[0m
[0mOPTIONS /moment/list?num=10&start=0 [0m- [0m- ms - -[0m
[0mGET /moment/list?num=10&start=0 [0m- [0m- ms - -[0m
[0mGET /moment/list?num=10&start=0 [0m- [0m- ms - -[0m
[0mOPTIONS /user/replaceAccessToken?refreshToken= [0m- [0m- ms - -[0m
[0mGET /user/replaceAccessToken?refreshToken= [0m- [0m- ms - -[0m
[0mGET /moment/list?num=10&start=0 [0m- [0m- ms - -[0m
[0mGET /user/replaceAccessToken?refreshToken= [0m- [0m- ms - -[0m
[0mGET /moment/list?num=10&start=0 [0m- [0m- ms - -[0m
[0mOPTIONS /user/login [0m- [0m- ms - -[0m
[0mPOST /user/login [0m- [0m- ms - -[0m
[0mPOST /user/login [0m- [0m- ms - -[0m
[0mOPTIONS /user/login [0m- [0m- ms - -[0m
[0mPOST /user/login [0m- [0m- ms - -[0m
[0mPOST /user/login [0m- [0m- ms - -[0m
[0mPOST /user/login [0m- [0m- ms - -[0m
[0mPOST /user/login [0m- [0m- ms - -[0m
[0mPOST /user/login [0m- [0m- ms - -[0m
[0mOPTIONS /user/login [0m- [0m- ms - -[0m
[0mPOST /user/login [0m- [0m- ms - -[0m
[0mOPTIONS /user/login [0m- [0m- ms - -[0m
[0mPOST /user/login [0m- [0m- ms - -[0m
[0mOPTIONS /user/login [0m- [0m- ms - -[0m
[0mPOST /user/login [0m- [0m- ms - -[0m
[0mOPTIONS /user/login [0m- [0m- ms - -[0m
[0mPOST /user/login [0m- [0m- ms - -[0m
[0mOPTIONS /user/login [0m- [0m- ms - -[0m
[0mPOST /user/login [0m- [0m- ms - -[0m
[0mPOST /user/create [0m- [0m- ms - -[0m
[0mOPTIONS /user/login [0m- [0m- ms - -[0m
[0mPOST /user/login [0m- [0m- ms - -[0m
[0mOPTIONS /article/list?num=10&start=0 [0m- [0m- ms - -[0m
[0mGET /article/list?num=10&start=0 [0m- [0m- ms - -[0m
[0mOPTIONS /user/detail [0m- [0m- ms - -[0m
[0mGET /user/detail [0m- [0m- ms - -[0m
[0mOPTIONS /article/create [0m- [0m- ms - -[0m
[0mPOST /article/create [0m- [0m- ms - -[0m
[0mOPTIONS /article/list?num=10&start=0 [0m- [0m- ms - -[0m
[0mGET /article/list?num=10&start=0 [0m- [0m- ms - -[0m
[0mGET /static/2019_5/22/%E5%AE%8F%E4%BB%BB%E5%8A%A1setTimeout%20%E5%92%8C%20%E5%BE%AE%E4%BB%BB%E5%8A%A1Promise_80c77150-7c6b-11e9-9792-5900f187f30b.jpg [0m- [0m- ms - -[0m
[0mOPTIONS /article/content?id=80c9e250-7c6b-11e9-9792-5900f187f30b [0m- [0m- ms - -[0m
[0mGET /article/content?id=80c9e250-7c6b-11e9-9792-5900f187f30b [0m- [0m- ms - -[0m
[0mOPTIONS /comment/list [0m- [0m- ms - -[0m
[0mPOST /comment/list [0m- [0m- ms - -[0m
[0mOPTIONS /moment/list?num=10&start=0 [0m- [0m- ms - -[0m
[0mGET /moment/list?num=10&start=0 [0m- [0m- ms - -[0m
