[0mOPTIONS /moment/list?num=10&start=0 [0m- [0m- ms - -[0m
[0mGET /moment/list?num=10&start=0 [0m- [0m- ms - -[0m
[0mOPTIONS /user/replaceAccessToken?refreshToken=Bears+eyJhbGciOiJIUzI1NiIsInR5cCI6IkpXVCJ9.eyJ1c2VySWQiOiJkNzMxYWI3MC0wMzdlLTExZTktYjJjZS1hZmZkNzFkNTA3MDIiLCJob3N0bmFtZSI6IjE5Mi4xNjguMTg4LjIxNiIsImlwIjoiOjpmZmZmOjE5Mi4xNjguMTg4LjIxNiIsImlhdCI6MTU1NTMxMzcyNSwiZXhwIjoxNTU2MTc3NzI1fQ.-OSDVPB7hQseOJlAr93N35R8ZUxbYwe4YSE9EyDC4pk [0m- [0m- ms - -[0m
[0mGET /user/replaceAccessToken?refreshToken=Bears+eyJhbGciOiJIUzI1NiIsInR5cCI6IkpXVCJ9.eyJ1c2VySWQiOiJkNzMxYWI3MC0wMzdlLTExZTktYjJjZS1hZmZkNzFkNTA3MDIiLCJob3N0bmFtZSI6IjE5Mi4xNjguMTg4LjIxNiIsImlwIjoiOjpmZmZmOjE5Mi4xNjguMTg4LjIxNiIsImlhdCI6MTU1NTMxMzcyNSwiZXhwIjoxNTU2MTc3NzI1fQ.-OSDVPB7hQseOJlAr93N35R8ZUxbYwe4YSE9EyDC4pk [0m- [0m- ms - -[0m
[0mGET /moment/list?num=10&start=0 [0m- [0m- ms - -[0m
[0mOPTIONS /article/list?num=10&start=0 [0m- [0m- ms - -[0m
[0mGET /article/list?num=10&start=0 [0m- [0m- ms - -[0m
[0mGET /static/2019_4/23/%E5%B8%A6%E5%9B%BE%E7%89%87%E7%9A%84MD_92c35320-65ae-11e9-b1ce-57982af5fc2b.jpg [0m- [0m- ms - -[0m
[0mGET /static/2019_4/22/%E5%A4%A9%E8%8B%8D%E8%8B%8D%EF%BC%8C%E9%87%8E%E8%8C%AB%E8%8C%AB_9cad0f00-64bb-11e9-931f-3d610ea8ec54.png [0m- [0m- ms - -[0m
[0mGET /static/2019_4/16/Linkedcare%E7%9B%B8%E5%85%B3%E8%B4%A6%E5%8F%B7_360aee20-6010-11e9-91f7-e580dc957ee0.png [0m- [0m- ms - -[0m
[0mGET /static/2019_4/16/test-0416-001_3b210860-600e-11e9-91f7-e580dc957ee0.jpg [0m- [0m- ms - -[0m
[0mOPTIONS /moment/list?num=10&start=0 [0m- [0m- ms - -[0m
[0mGET /moment/list?num=10&start=0 [0m- [0m- ms - -[0m
[0mGET /static/2019_4/18/upload_90762f98071abe8d9524036b6c95b0d8.jpg [0m- [0m- ms - -[0m
[0mGET /static/2019_4/24/upload_0b31f4cc5b5b63eda11b402bf39f01de.jpg [0m- [0m- ms - -[0m
[0mGET /static/2019_4/24/upload_e00cb24e71eef3a6474dd783682f52e0.png [0m- [0m- ms - -[0m
[0mGET /static/2019_4/18/upload_5b5b747cb244f7e2db8a19ab08624f54.jpg [0m- [0m- ms - -[0m
[0mGET /static/2019_4/18/upload_52ae39b811dcdd169b479e23c163faf2.jpg [0m- [0m- ms - -[0m
[0mGET /static/2019_4/18/upload_a2660e8521bbaa206c6ee306eaae5acb.jpg [0m- [0m- ms - -[0m
[0mGET /static/2019_4/18/upload_d9006369ff843c681e71d8b1e48839db.jpg [0m- [0m- ms - -[0m
[0mGET /static/2019_4/18/upload_dec58030ec783e2b5561bfa663862202.jpg [0m- [0m- ms - -[0m
[0mGET /moment/list?num=10&start=0 [0m- [0m- ms - -[0m
[0mOPTIONS /moment/list?num=10&start=0 [0m- [0m- ms - -[0m
[0mGET /moment/list?num=10&start=0 [0m- [0m- ms - -[0m
