[0mGET /moment/list?num=10&start=0 [0m- [0m- ms - -[0m
[0mGET /moment/list?num=10&start=0 [0m- [0m- ms - -[0m
[0mGET /moment/list?num=10&start=0 [0m- [0m- ms - -[0m
[0mPOST /comment/list?type=1&id=%2789e02990-037f-11e9-adfa-7dcc66b52c67%27&start=0&num=10 [0m- [0m- ms - -[0m
[0mPOST /comment/list?type=1&id=%2789e02990-037f-11e9-adfa-7dcc66b52c67%27&start=0&num=10 [0m- [0m- ms - -[0m
[0mPOST /comment/list?type=1&id=%2789e02990-037f-11e9-adfa-7dcc66b52c67%27&start=0&num=10 [0m- [0m- ms - -[0m
[0mPOST /comment/list?type=1&id=%2789e02990-037f-11e9-adfa-7dcc66b52c67%27&start=0&num=10 [0m- [0m- ms - -[0m
[0mPOST /comment/list?type=1&id=%2789e02990-037f-11e9-adfa-7dcc66b52c67%27&start=0&num=10 [0m- [0m- ms - -[0m
[0mPOST /comment/list?type=1&id=%2789e02990-037f-11e9-adfa-7dcc66b52c67%27&start=0&num=10 [0m- [0m- ms - -[0m
[0mPOST /comment/list?type=1&id=%2789e02990-037f-11e9-adfa-7dcc66b52c67%27&start=0&num=10 [0m- [0m- ms - -[0m
[0mPOST /comment/list?type=1&id=%2789e02990-037f-11e9-adfa-7dcc66b52c67%27&start=0&num=10 [0m- [0m- ms - -[0m
[0mGET /article/content?id=4c3a2c30-08e3-11e9-bbf6-cbd8adb91c31 [0m- [0m- ms - -[0m
[0mGET /article/content?id=4c3a2c30-08e3-11e9-bbf6-cbd8adb91c31 [0m- [0m- ms - -[0m
[0mGET /article/content?id=4c3a2c30-08e3-11e9-bbf6-cbd8adb91c31 [0m- [0m- ms - -[0m
[0mGET /article/content?id=4c3a2c30-08e3-11e9-bbf6-cbd8adb91c31 [0m- [0m- ms - -[0m
[0mGET /article/content?id=4c3a2c30-08e3-11e9-bbf6-cbd8adb91c31 [0m- [0m- ms - -[0m
[0mGET /article/content?id=4c3a2c30-08e3-11e9-bbf6-cbd8adb91c31 [0m- [0m- ms - -[0m
[0mGET /article/content?id=4c3a2c30-08e3-11e9-bbf6-cbd8adb91c31 [0m- [0m- ms - -[0m
[0mGET /article/content?id=4c3a2c30-08e3-11e9-bbf6-cbd8adb91c31 [0m- [0m- ms - -[0m
[0mGET /article/content?id=4c3a2c30-08e3-11e9-bbf6-cbd8adb91c31 [0m- [0m- ms - -[0m
[0mPOST /comment/create?text=texttexttexttexttexttexttexttext&articleId=4c3a2c30-08e3-11e9-bbf6-cbd8adb91c31&userId=0120f580-f92a-11e8-8db7-791c9005fcff&userName=%E5%B0%8F%E4%B9%A6%E7%AB%A5&parentCommentId=%E2%80%98%E2%80%99 [0m- [0m- ms - -[0m
[0mPOST /comment/create?text=texttexttexttexttexttexttexttext&articleId=4c3a2c30-08e3-11e9-bbf6-cbd8adb91c31&userId=0120f580-f92a-11e8-8db7-791c9005fcff&userName=%E5%B0%8F%E4%B9%A6%E7%AB%A5&parentCommentId=%E2%80%98%E2%80%99 [0m- [0m- ms - -[0m
[0mPOST /comment/create?text=texttexttexttexttexttexttexttext&articleId=4c3a2c30-08e3-11e9-bbf6-cbd8adb91c31&userId=0120f580-f92a-11e8-8db7-791c9005fcff&userName=%E5%B0%8F%E4%B9%A6%E7%AB%A5&parentCommentId=%E2%80%98%E2%80%99 [0m- [0m- ms - -[0m
[0mPOST /comment/create?text=texttexttexttexttexttexttexttext&articleId=4c3a2c30-08e3-11e9-bbf6-cbd8adb91c31&userId=0120f580-f92a-11e8-8db7-791c9005fcff&userName=%E5%B0%8F%E4%B9%A6%E7%AB%A5&parentCommentId=%E2%80%98%E2%80%99 [0m- [0m- ms - -[0m
[0mPOST /comment/create?text=texttexttexttexttexttexttexttext&articleId=4c3a2c30-08e3-11e9-bbf6-cbd8adb91c31&userId=0120f580-f92a-11e8-8db7-791c9005fcff&userName=%E5%B0%8F%E4%B9%A6%E7%AB%A5&parentCommentId= [0m- [0m- ms - -[0m
[0mPOST /moment/create [0m- [0m- ms - -[0m
[0mPOST /comment/create?text=%E5%B0%8F%E4%B9%A6%E7%AB%A5%E7%9A%84%E8%AF%84%E8%AE%BA%EF%BC%8C%E5%B0%8F%E4%B9%A6%E7%AB%A5%E7%9A%84%E8%AF%84%E8%AE%BA%EF%BC%8C%E5%B0%8F%E4%B9%A6%E7%AB%A5%E7%9A%84%E8%AF%84%E8%AE%BA%EF%BC%8C%E5%B0%8F%E4%B9%A6%E7%AB%A5%E7%9A%84%E8%AF%84%E8%AE%BA&articleId=4c3a2c30-08e3-11e9-bbf6-cbd8adb91c31&userId=0120f580-f92a-11e8-8db7-791c9005fcff&userName=%E5%B0%8F%E4%B9%A6%E7%AB%A5&parentCommentId= [0m- [0m- ms - -[0m
[0mPOST /comment/create?text=%E5%B0%8F%E4%B9%A6%E7%AB%A5%E7%9A%84%E8%AF%84%E8%AE%BA%EF%BC%8C%E5%B0%8F%E4%B9%A6%E7%AB%A5%E7%9A%84%E8%AF%84%E8%AE%BA%EF%BC%8C%E5%B0%8F%E4%B9%A6%E7%AB%A5%E7%9A%84%E8%AF%84%E8%AE%BA%EF%BC%8C%E5%B0%8F%E4%B9%A6%E7%AB%A5%E7%9A%84%E8%AF%84%E8%AE%BA&articleId=4c3a2c30-08e3-11e9-bbf6-cbd8adb91c31&userId=0120f580-f92a-11e8-8db7-791c9005fcff&userName=%E5%B0%8F%E4%B9%A6%E7%AB%A5&parentCommentId= [0m- [0m- ms - -[0m
[0mPOST /comment/create?text=%E5%B0%8F%E4%B9%A6%E7%AB%A5%E7%9A%84%E8%AF%84%E8%AE%BA%EF%BC%8C%E5%B0%8F%E4%B9%A6%E7%AB%A5%E7%9A%84%E8%AF%84%E8%AE%BA%EF%BC%8C%E5%B0%8F%E4%B9%A6%E7%AB%A5%E7%9A%84%E8%AF%84%E8%AE%BA%EF%BC%8C%E5%B0%8F%E4%B9%A6%E7%AB%A5%E7%9A%84%E8%AF%84%E8%AE%BA&articleId=4c3a2c30-08e3-11e9-bbf6-cbd8adb91c31&userId=0120f580-f92a-11e8-8db7-791c9005fcff&userName=%E5%B0%8F%E4%B9%A6%E7%AB%A5 [0m- [0m- ms - -[0m
[0mPOST /comment/create?text=%E5%B0%8F%E4%B9%A6%E7%AB%A5%E7%9A%84%E8%AF%84%E8%AE%BA%EF%BC%8C%E5%B0%8F%E4%B9%A6%E7%AB%A5%E7%9A%84%E8%AF%84%E8%AE%BA%EF%BC%8C%E5%B0%8F%E4%B9%A6%E7%AB%A5%E7%9A%84%E8%AF%84%E8%AE%BA%EF%BC%8C%E5%B0%8F%E4%B9%A6%E7%AB%A5%E7%9A%84%E8%AF%84%E8%AE%BA&articleId=4c3a2c30-08e3-11e9-bbf6-cbd8adb91c31&userId=0120f580-f92a-11e8-8db7-791c9005fcff&userName=%E5%B0%8F%E4%B9%A6%E7%AB%A5 [0m- [0m- ms - -[0m
[0mPOST /comment/create?text=%E5%B0%8F%E4%B9%A6%E7%AB%A5%E7%9A%84%E8%AF%84%E8%AE%BA%EF%BC%8C%E5%B0%8F%E4%B9%A6%E7%AB%A5%E7%9A%84%E8%AF%84%E8%AE%BA%EF%BC%8C%E5%B0%8F%E4%B9%A6%E7%AB%A5%E7%9A%84%E8%AF%84%E8%AE%BA%EF%BC%8C%E5%B0%8F%E4%B9%A6%E7%AB%A5%E7%9A%84%E8%AF%84%E8%AE%BA&articleId=4c3a2c30-08e3-11e9-bbf6-cbd8adb91c31&userId=0120f580-f92a-11e8-8db7-791c9005fcff&userName=%E5%B0%8F%E4%B9%A6%E7%AB%A5 [0m- [0m- ms - -[0m
[0mPOST /comment/create?text=%E5%B0%8F%E4%B9%A6%E7%AB%A5%E7%9A%84%E8%AF%84%E8%AE%BA%EF%BC%8C%E5%B0%8F%E4%B9%A6%E7%AB%A5%E7%9A%84%E8%AF%84%E8%AE%BA%EF%BC%8C%E5%B0%8F%E4%B9%A6%E7%AB%A5%E7%9A%84%E8%AF%84%E8%AE%BA%EF%BC%8C%E5%B0%8F%E4%B9%A6%E7%AB%A5%E7%9A%84%E8%AF%84%E8%AE%BA&articleId=4c3a2c30-08e3-11e9-bbf6-cbd8adb91c31&userId=0120f580-f92a-11e8-8db7-791c9005fcff&userName=%E5%B0%8F%E4%B9%A6%E7%AB%A5&parentCommentId=91aaeda0-1251-11e9-9246-052f43d58249 [0m- [0m- ms - -[0m
[0mPOST /comment/create?text=%E5%B0%8F%E4%B9%A6%E7%AB%A5%E7%9A%84%E8%AF%84%E8%AE%BA%EF%BC%8C%E5%B0%8F%E4%B9%A6%E7%AB%A5%E7%9A%84%E8%AF%84%E8%AE%BA%EF%BC%8C%E5%B0%8F%E4%B9%A6%E7%AB%A5%E7%9A%84%E8%AF%84%E8%AE%BA%EF%BC%8C%E5%B0%8F%E4%B9%A6%E7%AB%A5%E7%9A%84%E8%AF%84%E8%AE%BA&articleId=4c3a2c30-08e3-11e9-bbf6-cbd8adb91c31&userId=0120f580-f92a-11e8-8db7-791c9005fcff&userName=%E5%B0%8F%E4%B9%A6%E7%AB%A5&parentCommentId=91aaeda0-1251-11e9-9246-052f43d58249 [0m- [0m- ms - -[0m
[0mGET /article/content?id=4c3a2c30-08e3-11e9-bbf6-cbd8adb91c31 [0m- [0m- ms - -[0m
[0mPOST /comment/list?type=1&id=%2789e02990-037f-11e9-adfa-7dcc66b52c67%27&start=0&num=10 [0m- [0m- ms - -[0m
[0mGET /article/content?id=4c3a2c30-08e3-11e9-bbf6-cbd8adb91c31 [0m- [0m- ms - -[0m
[0mGET /article/content?id=4c3a2c30-08e3-11e9-bbf6-cbd8adb91c31 [0m- [0m- ms - -[0m
[0mGET /article/content?id=4c3a2c30-08e3-11e9-bbf6-cbd8adb91c31 [0m- [0m- ms - -[0m
[0mGET /article/content?id=4c3a2c30-08e3-11e9-bbf6-cbd8adb91c31 [0m- [0m- ms - -[0m
[0mPOST /comment/list [0m- [0m- ms - -[0m
[0mGET /article/content?id=4c3a2c30-08e3-11e9-bbf6-cbd8adb91c31 [0m- [0m- ms - -[0m
[0mPOST /comment/list [0m- [0m- ms - -[0m
[0mGET /article/content?id=4c3a2c30-08e3-11e9-bbf6-cbd8adb91c31 [0m- [0m- ms - -[0m
[0mPOST /comment/list [0m- [0m- ms - -[0m
[0mGET /article/content?id=4c3a2c30-08e3-11e9-bbf6-cbd8adb91c31 [0m- [0m- ms - -[0m
[0mPOST /comment/list [0m- [0m- ms - -[0m
[0mGET /article/content?id=4c3a2c30-08e3-11e9-bbf6-cbd8adb91c31 [0m- [0m- ms - -[0m
[0mPOST /comment/list [0m- [0m- ms - -[0m
[0mGET /article/content?id=4c3a2c30-08e3-11e9-bbf6-cbd8adb91c31 [0m- [0m- ms - -[0m
[0mPOST /comment/list [0m- [0m- ms - -[0m
[0mPOST /comment/list [0m- [0m- ms - -[0m
[0mPOST /comment/list [0m- [0m- ms - -[0m
[0mPOST /comment/list [0m- [0m- ms - -[0m
[0mGET /article/content?id=4c3a2c30-08e3-11e9-bbf6-cbd8adb91c31 [0m- [0m- ms - -[0m
[0mPOST /comment/list [0m- [0m- ms - -[0m
[0mPOST /comment/list [0m- [0m- ms - -[0m
[0mGET /article/content?id=4c3a2c30-08e3-11e9-bbf6-cbd8adb91c31 [0m- [0m- ms - -[0m
[0mPOST /comment/list [0m- [0m- ms - -[0m
[0mGET /article/content?id=4c3a2c30-08e3-11e9-bbf6-cbd8adb91c31 [0m- [0m- ms - -[0m
[0mPOST /comment/list [0m- [0m- ms - -[0m
[0mGET /article/content?id=4c3a2c30-08e3-11e9-bbf6-cbd8adb91c31 [0m- [0m- ms - -[0m
[0mPOST /comment/list [0m- [0m- ms - -[0m
[0mGET /article/content?id=4c3a2c30-08e3-11e9-bbf6-cbd8adb91c31 [0m- [0m- ms - -[0m
[0mPOST /comment/list [0m- [0m- ms - -[0m
[0mGET /article/content?id=4c3a2c30-08e3-11e9-bbf6-cbd8adb91c31 [0m- [0m- ms - -[0m
[0mPOST /comment/list [0m- [0m- ms - -[0m
[0mGET /article/content?id=4c3a2c30-08e3-11e9-bbf6-cbd8adb91c31 [0m- [0m- ms - -[0m
[0mPOST /comment/list [0m- [0m- ms - -[0m
[0mGET /article/content?id=4c3a2c30-08e3-11e9-bbf6-cbd8adb91c31 [0m- [0m- ms - -[0m
[0mPOST /comment/list [0m- [0m- ms - -[0m
[0mGET /article/content?id=4c3a2c30-08e3-11e9-bbf6-cbd8adb91c31 [0m- [0m- ms - -[0m
[0mPOST /comment/list [0m- [0m- ms - -[0m
[0mGET /article/content?id=4c3a2c30-08e3-11e9-bbf6-cbd8adb91c31 [0m- [0m- ms - -[0m
[0mPOST /comment/list [0m- [0m- ms - -[0m
[0mGET /article/content?id=4c3a2c30-08e3-11e9-bbf6-cbd8adb91c31 [0m- [0m- ms - -[0m
[0mPOST /comment/list [0m- [0m- ms - -[0m
[0mGET /article/content?id=4c3a2c30-08e3-11e9-bbf6-cbd8adb91c31 [0m- [0m- ms - -[0m
[0mGET /article/content?id=4c3a2c30-08e3-11e9-bbf6-cbd8adb91c31 [0m- [0m- ms - -[0m
[0mPOST /comment/list [0m- [0m- ms - -[0m
[0mGET /article/content?id=4c3a2c30-08e3-11e9-bbf6-cbd8adb91c31 [0m- [0m- ms - -[0m
[0mPOST /comment/list [0m- [0m- ms - -[0m
[0mGET /article/content?id=4c3a2c30-08e3-11e9-bbf6-cbd8adb91c31 [0m- [0m- ms - -[0m
[0mPOST /comment/list [0m- [0m- ms - -[0m
[0mGET /article/content?id=4c3a2c30-08e3-11e9-bbf6-cbd8adb91c31 [0m- [0m- ms - -[0m
[0mPOST /comment/list [0m- [0m- ms - -[0m
[0mGET /article/content?id=4c3a2c30-08e3-11e9-bbf6-cbd8adb91c31 [0m- [0m- ms - -[0m
[0mPOST /comment/list [0m- [0m- ms - -[0m
