[0mOPTIONS /article/list?num=10&start=0 [0m- [0m- ms - -[0m
[0mOPTIONS /moment/list?num=10&start=0 [0m- [0m- ms - -[0m
[0mOPTIONS /user/detail [0m- [0m- ms - -[0m
[0mGET /article/list?num=10&start=0 [0m- [0m- ms - -[0m
[0mGET /moment/list?num=10&start=0 [0m- [0m- ms - -[0m
[0mGET /user/detail [0m- [0m- ms - -[0m
[0mOPTIONS /user/login [0m- [0m- ms - -[0m
[0mPOST /user/login [0m- [0m- ms - -[0m
[0mGET /static/2018_12/26/testarticle_2e3b8790-08ef-11e9-ad62-ffd6d09e8faa.png [0m- [0m- ms - -[0m
[0mGET /static/2018_12/26/testarticle_d9940a60-08ed-11e9-8f6f-c10927f14d23.png [0m- [0m- ms - -[0m
[0mGET /static/articles/2018_12/26/testarticle_8bd113f0-08ec-11e9-bbf6-cbd8adb91c31.png [0m- [0m- ms - -[0m
[0mGET /static/articles/2018_12/26/testarticle_4c3968e0-08e3-11e9-bbf6-cbd8adb91c31.png [0m- [0m- ms - -[0m
[0mGET /static/articles/2018_12/25/upload_96aeac0a86457c64c035b475879847ce.png [0m- [0m- ms - -[0m
[0mGET /static/articles/2018_12/25/upload_11470f6a3667a3db2e832ce28cd476c2.png [0m- [0m- ms - -[0m
[0mOPTIONS /article/list?num=10&start=0 [0m- [0m- ms - -[0m
[0mGET /article/list?num=10&start=0 [0m- [0m- ms - -[0m
[0mGET /article/list?num=10&start=0 [0m- [0m- ms - -[0m
[0mOPTIONS /moment/list?num=10&start=0 [0m- [0m- ms - -[0m
[0mOPTIONS /user/detail [0m- [0m- ms - -[0m
[0mGET /moment/list?num=10&start=0 [0m- [0m- ms - -[0m
[0mGET /user/detail [0m- [0m- ms - -[0m
[0mGET /static/2018_12/26/testarticle_2e3b8790-08ef-11e9-ad62-ffd6d09e8faa.png [0m- [0m- ms - -[0m
[0mGET /static/2018_12/26/testarticle_d9940a60-08ed-11e9-8f6f-c10927f14d23.png [0m- [0m- ms - -[0m
[0mGET /static/articles/2018_12/26/testarticle_8bd113f0-08ec-11e9-bbf6-cbd8adb91c31.png [0m- [0m- ms - -[0m
[0mGET /static/articles/2018_12/26/testarticle_4c3968e0-08e3-11e9-bbf6-cbd8adb91c31.png [0m- [0m- ms - -[0m
[0mGET /static/articles/2018_12/25/upload_96aeac0a86457c64c035b475879847ce.png [0m- [0m- ms - -[0m
[0mGET /static/articles/2018_12/25/upload_11470f6a3667a3db2e832ce28cd476c2.png [0m- [0m- ms - -[0m
[0mOPTIONS /article/list?num=10&start=0 [0m- [0m- ms - -[0m
[0mOPTIONS /moment/list?num=10&start=0 [0m- [0m- ms - -[0m
[0mOPTIONS /user/detail [0m- [0m- ms - -[0m
[0mGET /article/list?num=10&start=0 [0m- [0m- ms - -[0m
[0mGET /moment/list?num=10&start=0 [0m- [0m- ms - -[0m
[0mGET /user/detail [0m- [0m- ms - -[0m
[0mGET /static/2018_12/26/testarticle_2e3b8790-08ef-11e9-ad62-ffd6d09e8faa.png [0m- [0m- ms - -[0m
[0mGET /static/2018_12/26/testarticle_d9940a60-08ed-11e9-8f6f-c10927f14d23.png [0m- [0m- ms - -[0m
[0mGET /static/articles/2018_12/26/testarticle_8bd113f0-08ec-11e9-bbf6-cbd8adb91c31.png [0m- [0m- ms - -[0m
[0mGET /static/articles/2018_12/26/testarticle_4c3968e0-08e3-11e9-bbf6-cbd8adb91c31.png [0m- [0m- ms - -[0m
[0mGET /static/articles/2018_12/25/upload_96aeac0a86457c64c035b475879847ce.png [0m- [0m- ms - -[0m
[0mGET /static/articles/2018_12/25/upload_11470f6a3667a3db2e832ce28cd476c2.png [0m- [0m- ms - -[0m
[0mOPTIONS /article/list?num=10&start=0 [0m- [0m- ms - -[0m
[0mOPTIONS /moment/list?num=10&start=0 [0m- [0m- ms - -[0m
[0mOPTIONS /user/detail [0m- [0m- ms - -[0m
[0mOPTIONS /article/list?num=10&start=0 [0m- [0m- ms - -[0m
[0mOPTIONS /moment/list?num=10&start=0 [0m- [0m- ms - -[0m
[0mGET /article/list?num=10&start=0 [0m- [0m- ms - -[0m
[0mGET /moment/list?num=10&start=0 [0m- [0m- ms - -[0m
[0mGET /user/detail [0m- [0m- ms - -[0m
[0mGET /article/list?num=10&start=0 [0m- [0m- ms - -[0m
[0mGET /moment/list?num=10&start=0 [0m- [0m- ms - -[0m
[0mOPTIONS /article/list?num=10&start=0 [0m- [0m- ms - -[0m
[0mOPTIONS /moment/list?num=10&start=0 [0m- [0m- ms - -[0m
[0mOPTIONS /user/detail [0m- [0m- ms - -[0m
[0mGET /article/list?num=10&start=0 [0m- [0m- ms - -[0m
[0mGET /moment/list?num=10&start=0 [0m- [0m- ms - -[0m
[0mGET /user/detail [0m- [0m- ms - -[0m
[0mOPTIONS /article/list?num=10&start=0 [0m- [0m- ms - -[0m
[0mOPTIONS /moment/list?num=10&start=0 [0m- [0m- ms - -[0m
[0mOPTIONS /user/detail [0m- [0m- ms - -[0m
[0mGET /article/list?num=10&start=0 [0m- [0m- ms - -[0m
[0mGET /moment/list?num=10&start=0 [0m- [0m- ms - -[0m
[0mGET /user/detail [0m- [0m- ms - -[0m
[0mGET /static/2018_12/26/testarticle_2e3b8790-08ef-11e9-ad62-ffd6d09e8faa.png [0m- [0m- ms - -[0m
[0mGET /static/2018_12/26/testarticle_d9940a60-08ed-11e9-8f6f-c10927f14d23.png [0m- [0m- ms - -[0m
[0mGET /static/articles/2018_12/26/testarticle_8bd113f0-08ec-11e9-bbf6-cbd8adb91c31.png [0m- [0m- ms - -[0m
[0mGET /static/articles/2018_12/26/testarticle_4c3968e0-08e3-11e9-bbf6-cbd8adb91c31.png [0m- [0m- ms - -[0m
[0mGET /static/articles/2018_12/25/upload_96aeac0a86457c64c035b475879847ce.png [0m- [0m- ms - -[0m
[0mGET /static/articles/2018_12/25/upload_11470f6a3667a3db2e832ce28cd476c2.png [0m- [0m- ms - -[0m
[0mOPTIONS /article/list?num=10&start=0 [0m- [0m- ms - -[0m
[0mGET /article/list?num=10&start=0 [0m- [0m- ms - -[0m
[0mOPTIONS /article/list?num=10&start=0 [0m- [0m- ms - -[0m
[0mOPTIONS /moment/list?num=10&start=0 [0m- [0m- ms - -[0m
[0mOPTIONS /user/detail [0m- [0m- ms - -[0m
[0mGET /article/list?num=10&start=0 [0m- [0m- ms - -[0m
[0mGET /moment/list?num=10&start=0 [0m- [0m- ms - -[0m
[0mGET /user/detail [0m- [0m- ms - -[0m
[0mGET /static/2018_12/26/testarticle_2e3b8790-08ef-11e9-ad62-ffd6d09e8faa.png [0m- [0m- ms - -[0m
[0mGET /static/2018_12/26/testarticle_d9940a60-08ed-11e9-8f6f-c10927f14d23.png [0m- [0m- ms - -[0m
[0mGET /static/articles/2018_12/26/testarticle_8bd113f0-08ec-11e9-bbf6-cbd8adb91c31.png [0m- [0m- ms - -[0m
[0mGET /static/articles/2018_12/26/testarticle_4c3968e0-08e3-11e9-bbf6-cbd8adb91c31.png [0m- [0m- ms - -[0m
[0mGET /static/articles/2018_12/25/upload_96aeac0a86457c64c035b475879847ce.png [0m- [0m- ms - -[0m
[0mGET /static/articles/2018_12/25/upload_11470f6a3667a3db2e832ce28cd476c2.png [0m- [0m- ms - -[0m
[0mOPTIONS /article/list?num=10&start=0 [0m- [0m- ms - -[0m
[0mOPTIONS /moment/list?num=10&start=0 [0m- [0m- ms - -[0m
[0mOPTIONS /user/detail [0m- [0m- ms - -[0m
[0mGET /article/list?num=10&start=0 [0m- [0m- ms - -[0m
[0mGET /moment/list?num=10&start=0 [0m- [0m- ms - -[0m
[0mGET /user/detail [0m- [0m- ms - -[0m
[0mGET /static/2018_12/26/testarticle_2e3b8790-08ef-11e9-ad62-ffd6d09e8faa.png [0m- [0m- ms - -[0m
[0mGET /static/2018_12/26/testarticle_d9940a60-08ed-11e9-8f6f-c10927f14d23.png [0m- [0m- ms - -[0m
[0mGET /static/articles/2018_12/26/testarticle_8bd113f0-08ec-11e9-bbf6-cbd8adb91c31.png [0m- [0m- ms - -[0m
[0mGET /static/articles/2018_12/26/testarticle_4c3968e0-08e3-11e9-bbf6-cbd8adb91c31.png [0m- [0m- ms - -[0m
[0mGET /static/articles/2018_12/25/upload_96aeac0a86457c64c035b475879847ce.png [0m- [0m- ms - -[0m
[0mGET /static/articles/2018_12/25/upload_11470f6a3667a3db2e832ce28cd476c2.png [0m- [0m- ms - -[0m
[0mOPTIONS /article/list?num=10&start=0 [0m- [0m- ms - -[0m
[0mOPTIONS /moment/list?num=10&start=0 [0m- [0m- ms - -[0m
[0mOPTIONS /user/detail [0m- [0m- ms - -[0m
[0mGET /article/list?num=10&start=0 [0m- [0m- ms - -[0m
[0mGET /moment/list?num=10&start=0 [0m- [0m- ms - -[0m
[0mGET /user/detail [0m- [0m- ms - -[0m
[0mGET /static/2018_12/26/testarticle_2e3b8790-08ef-11e9-ad62-ffd6d09e8faa.png [0m- [0m- ms - -[0m
[0mGET /static/2018_12/26/testarticle_d9940a60-08ed-11e9-8f6f-c10927f14d23.png [0m- [0m- ms - -[0m
[0mGET /static/articles/2018_12/26/testarticle_8bd113f0-08ec-11e9-bbf6-cbd8adb91c31.png [0m- [0m- ms - -[0m
[0mGET /static/articles/2018_12/26/testarticle_4c3968e0-08e3-11e9-bbf6-cbd8adb91c31.png [0m- [0m- ms - -[0m
[0mGET /static/articles/2018_12/25/upload_96aeac0a86457c64c035b475879847ce.png [0m- [0m- ms - -[0m
[0mGET /static/articles/2018_12/25/upload_11470f6a3667a3db2e832ce28cd476c2.png [0m- [0m- ms - -[0m
[0mOPTIONS /article/list?num=10&start=0 [0m- [0m- ms - -[0m
[0mOPTIONS /moment/list?num=10&start=0 [0m- [0m- ms - -[0m
[0mOPTIONS /user/detail [0m- [0m- ms - -[0m
[0mGET /article/list?num=10&start=0 [0m- [0m- ms - -[0m
[0mGET /moment/list?num=10&start=0 [0m- [0m- ms - -[0m
[0mGET /user/detail [0m- [0m- ms - -[0m
[0mGET /static/2018_12/26/testarticle_2e3b8790-08ef-11e9-ad62-ffd6d09e8faa.png [0m- [0m- ms - -[0m
[0mGET /static/2018_12/26/testarticle_d9940a60-08ed-11e9-8f6f-c10927f14d23.png [0m- [0m- ms - -[0m
[0mGET /static/articles/2018_12/26/testarticle_8bd113f0-08ec-11e9-bbf6-cbd8adb91c31.png [0m- [0m- ms - -[0m
[0mGET /static/articles/2018_12/26/testarticle_4c3968e0-08e3-11e9-bbf6-cbd8adb91c31.png [0m- [0m- ms - -[0m
[0mGET /static/articles/2018_12/25/upload_96aeac0a86457c64c035b475879847ce.png [0m- [0m- ms - -[0m
[0mGET /static/articles/2018_12/25/upload_11470f6a3667a3db2e832ce28cd476c2.png [0m- [0m- ms - -[0m
[0mOPTIONS /user/login [0m- [0m- ms - -[0m
[0mPOST /user/login [0m- [0m- ms - -[0m
[0mOPTIONS /article/content?id=d994f4c0-08ed-11e9-8f6f-c10927f14d23 [0m- [0m- ms - -[0m
[0mGET /article/content?id=d994f4c0-08ed-11e9-8f6f-c10927f14d23 [0m- [0m- ms - -[0m
[0mOPTIONS /comment/list [0m- [0m- ms - -[0m
[0mPOST /comment/list [0m- [0m- ms - -[0m
[0mOPTIONS /article/list?num=10&start=0 [0m- [0m- ms - -[0m
[0mOPTIONS /moment/list?num=10&start=0 [0m- [0m- ms - -[0m
[0mOPTIONS /user/detail [0m- [0m- ms - -[0m
[0mGET /article/list?num=10&start=0 [0m- [0m- ms - -[0m
[0mGET /moment/list?num=10&start=0 [0m- [0m- ms - -[0m
[0mGET /user/detail [0m- [0m- ms - -[0m
[0mGET /static/2018_12/26/testarticle_2e3b8790-08ef-11e9-ad62-ffd6d09e8faa.png [0m- [0m- ms - -[0m
[0mGET /static/2018_12/26/testarticle_d9940a60-08ed-11e9-8f6f-c10927f14d23.png [0m- [0m- ms - -[0m
[0mGET /static/articles/2018_12/26/testarticle_8bd113f0-08ec-11e9-bbf6-cbd8adb91c31.png [0m- [0m- ms - -[0m
[0mGET /static/articles/2018_12/26/testarticle_4c3968e0-08e3-11e9-bbf6-cbd8adb91c31.png [0m- [0m- ms - -[0m
[0mGET /static/articles/2018_12/25/upload_96aeac0a86457c64c035b475879847ce.png [0m- [0m- ms - -[0m
[0mGET /static/articles/2018_12/25/upload_11470f6a3667a3db2e832ce28cd476c2.png [0m- [0m- ms - -[0m
[0mOPTIONS /article/list?num=10&start=0 [0m- [0m- ms - -[0m
[0mGET /article/list?num=10&start=0 [0m- [0m- ms - -[0m
[0mOPTIONS /article/list?num=10&start=0 [0m- [0m- ms - -[0m
[0mOPTIONS /moment/list?num=10&start=0 [0m- [0m- ms - -[0m
[0mOPTIONS /user/detail [0m- [0m- ms - -[0m
[0mGET /article/list?num=10&start=0 [0m- [0m- ms - -[0m
[0mGET /moment/list?num=10&start=0 [0m- [0m- ms - -[0m
[0mGET /user/detail [0m- [0m- ms - -[0m
[0mGET /static/2018_12/26/testarticle_2e3b8790-08ef-11e9-ad62-ffd6d09e8faa.png [0m- [0m- ms - -[0m
[0mGET /static/2018_12/26/testarticle_d9940a60-08ed-11e9-8f6f-c10927f14d23.png [0m- [0m- ms - -[0m
[0mGET /static/articles/2018_12/26/testarticle_8bd113f0-08ec-11e9-bbf6-cbd8adb91c31.png [0m- [0m- ms - -[0m
[0mGET /static/articles/2018_12/26/testarticle_4c3968e0-08e3-11e9-bbf6-cbd8adb91c31.png [0m- [0m- ms - -[0m
[0mGET /static/articles/2018_12/25/upload_96aeac0a86457c64c035b475879847ce.png [0m- [0m- ms - -[0m
[0mGET /static/articles/2018_12/25/upload_11470f6a3667a3db2e832ce28cd476c2.png [0m- [0m- ms - -[0m
[0mOPTIONS /article/list?num=10&start=0 [0m- [0m- ms - -[0m
[0mGET /article/list?num=10&start=0 [0m- [0m- ms - -[0m
[0mOPTIONS /article/list?num=10&start=0 [0m- [0m- ms - -[0m
[0mGET /article/list?num=10&start=0 [0m- [0m- ms - -[0m
[0mOPTIONS /article/list?num=10&start=0 [0m- [0m- ms - -[0m
[0mGET /article/list?num=10&start=0 [0m- [0m- ms - -[0m
[0mOPTIONS /article/list?num=10&start=0 [0m- [0m- ms - -[0m
[0mGET /article/list?num=10&start=0 [0m- [0m- ms - -[0m
[0mOPTIONS /article/list?num=10&start=0 [0m- [0m- ms - -[0m
[0mGET /article/list?num=10&start=0 [0m- [0m- ms - -[0m
[0mOPTIONS /article/list?num=10&start=0 [0m- [0m- ms - -[0m
[0mOPTIONS /moment/list?num=10&start=0 [0m- [0m- ms - -[0m
[0mOPTIONS /user/detail [0m- [0m- ms - -[0m
[0mGET /article/list?num=10&start=0 [0m- [0m- ms - -[0m
[0mGET /moment/list?num=10&start=0 [0m- [0m- ms - -[0m
[0mGET /user/detail [0m- [0m- ms - -[0m
[0mGET /static/2018_12/26/testarticle_2e3b8790-08ef-11e9-ad62-ffd6d09e8faa.png [0m- [0m- ms - -[0m
[0mGET /static/2018_12/26/testarticle_d9940a60-08ed-11e9-8f6f-c10927f14d23.png [0m- [0m- ms - -[0m
[0mGET /static/articles/2018_12/26/testarticle_8bd113f0-08ec-11e9-bbf6-cbd8adb91c31.png [0m- [0m- ms - -[0m
[0mGET /static/articles/2018_12/26/testarticle_4c3968e0-08e3-11e9-bbf6-cbd8adb91c31.png [0m- [0m- ms - -[0m
[0mGET /static/articles/2018_12/25/upload_96aeac0a86457c64c035b475879847ce.png [0m- [0m- ms - -[0m
[0mOPTIONS /article/list?num=10&start=0 [0m- [0m- ms - -[0m
[0mGET /article/list?num=10&start=0 [0m- [0m- ms - -[0m
[0mOPTIONS /article/list?num=10&start=0 [0m- [0m- ms - -[0m
[0mOPTIONS /moment/list?num=10&start=0 [0m- [0m- ms - -[0m
[0mOPTIONS /user/detail [0m- [0m- ms - -[0m
[0mGET /article/list?num=10&start=0 [0m- [0m- ms - -[0m
[0mGET /moment/list?num=10&start=0 [0m- [0m- ms - -[0m
[0mGET /user/detail [0m- [0m- ms - -[0m
[0mGET /static/2018_12/26/testarticle_2e3b8790-08ef-11e9-ad62-ffd6d09e8faa.png [0m- [0m- ms - -[0m
[0mGET /static/2018_12/26/testarticle_d9940a60-08ed-11e9-8f6f-c10927f14d23.png [0m- [0m- ms - -[0m
[0mGET /static/articles/2018_12/26/testarticle_8bd113f0-08ec-11e9-bbf6-cbd8adb91c31.png [0m- [0m- ms - -[0m
[0mGET /static/articles/2018_12/26/testarticle_4c3968e0-08e3-11e9-bbf6-cbd8adb91c31.png [0m- [0m- ms - -[0m
[0mGET /static/articles/2018_12/25/upload_96aeac0a86457c64c035b475879847ce.png [0m- [0m- ms - -[0m
[0mOPTIONS /article/list?num=10&start=0 [0m- [0m- ms - -[0m
[0mOPTIONS /moment/list?num=10&start=0 [0m- [0m- ms - -[0m
[0mOPTIONS /user/detail [0m- [0m- ms - -[0m
[0mGET /article/list?num=10&start=0 [0m- [0m- ms - -[0m
[0mGET /moment/list?num=10&start=0 [0m- [0m- ms - -[0m
[0mGET /user/detail [0m- [0m- ms - -[0m
[0mGET /static/2018_12/26/testarticle_2e3b8790-08ef-11e9-ad62-ffd6d09e8faa.png [0m- [0m- ms - -[0m
[0mGET /static/2018_12/26/testarticle_d9940a60-08ed-11e9-8f6f-c10927f14d23.png [0m- [0m- ms - -[0m
[0mGET /static/articles/2018_12/26/testarticle_8bd113f0-08ec-11e9-bbf6-cbd8adb91c31.png [0m- [0m- ms - -[0m
[0mGET /static/articles/2018_12/26/testarticle_4c3968e0-08e3-11e9-bbf6-cbd8adb91c31.png [0m- [0m- ms - -[0m
[0mGET /static/articles/2018_12/25/upload_96aeac0a86457c64c035b475879847ce.png [0m- [0m- ms - -[0m
[0mGET /article/list?num=10&start=0 [0m- [0m- ms - -[0m
[0mGET /static/articles/2018_12/25/upload_11470f6a3667a3db2e832ce28cd476c2.png [0m- [0m- ms - -[0m
[0mOPTIONS /article/list?num=10&start=0 [0m- [0m- ms - -[0m
[0mGET /article/list?num=10&start=0 [0m- [0m- ms - -[0m
[0mOPTIONS /article/list?num=10&start=0 [0m- [0m- ms - -[0m
[0mGET /article/list?num=10&start=0 [0m- [0m- ms - -[0m
[0mGET /article/list?num=10&start=0 [0m- [0m- ms - -[0m
[0mOPTIONS /article/list?num=10&start=0 [0m- [0m- ms - -[0m
[0mGET /article/list?num=10&start=0 [0m- [0m- ms - -[0m
[0mOPTIONS /article/list?num=10&start=0 [0m- [0m- ms - -[0m
[0mGET /article/list?num=10&start=0 [0m- [0m- ms - -[0m
[0mOPTIONS /article/list?num=10&start=0 [0m- [0m- ms - -[0m
[0mGET /article/list?num=10&start=0 [0m- [0m- ms - -[0m
[0mOPTIONS /article/list?num=10&start=0 [0m- [0m- ms - -[0m
[0mGET /article/list?num=10&start=0 [0m- [0m- ms - -[0m
[0mOPTIONS /article/list?num=10&start=0 [0m- [0m- ms - -[0m
[0mOPTIONS /moment/list?num=10&start=0 [0m- [0m- ms - -[0m
[0mOPTIONS /user/detail [0m- [0m- ms - -[0m
[0mGET /article/list?num=10&start=0 [0m- [0m- ms - -[0m
[0mGET /moment/list?num=10&start=0 [0m- [0m- ms - -[0m
[0mGET /user/detail [0m- [0m- ms - -[0m
[0mGET /static/2018_12/26/testarticle_2e3b8790-08ef-11e9-ad62-ffd6d09e8faa.png [0m- [0m- ms - -[0m
[0mGET /static/2018_12/26/testarticle_d9940a60-08ed-11e9-8f6f-c10927f14d23.png [0m- [0m- ms - -[0m
[0mGET /static/articles/2018_12/26/testarticle_8bd113f0-08ec-11e9-bbf6-cbd8adb91c31.png [0m- [0m- ms - -[0m
[0mGET /static/articles/2018_12/26/testarticle_4c3968e0-08e3-11e9-bbf6-cbd8adb91c31.png [0m- [0m- ms - -[0m
[0mGET /static/articles/2018_12/25/upload_96aeac0a86457c64c035b475879847ce.png [0m- [0m- ms - -[0m
[0mOPTIONS /user/login [0m- [0m- ms - -[0m
[0mPOST /user/login [0m- [0m- ms - -[0m
[0mOPTIONS /article/list?num=10&start=0 [0m- [0m- ms - -[0m
[0mOPTIONS /moment/list?num=10&start=0 [0m- [0m- ms - -[0m
[0mOPTIONS /user/detail [0m- [0m- ms - -[0m
[0mGET /article/list?num=10&start=0 [0m- [0m- ms - -[0m
[0mGET /moment/list?num=10&start=0 [0m- [0m- ms - -[0m
[0mGET /user/detail [0m- [0m- ms - -[0m
[0mGET /static/2018_12/26/testarticle_2e3b8790-08ef-11e9-ad62-ffd6d09e8faa.png [0m- [0m- ms - -[0m
[0mGET /static/2018_12/26/testarticle_d9940a60-08ed-11e9-8f6f-c10927f14d23.png [0m- [0m- ms - -[0m
[0mGET /static/articles/2018_12/26/testarticle_8bd113f0-08ec-11e9-bbf6-cbd8adb91c31.png [0m- [0m- ms - -[0m
[0mGET /static/articles/2018_12/26/testarticle_4c3968e0-08e3-11e9-bbf6-cbd8adb91c31.png [0m- [0m- ms - -[0m
[0mGET /static/articles/2018_12/25/upload_96aeac0a86457c64c035b475879847ce.png [0m- [0m- ms - -[0m
[0mOPTIONS /article/list?num=10&start=0 [0m- [0m- ms - -[0m
[0mOPTIONS /user/detail [0m- [0m- ms - -[0m
[0mGET /article/list?num=10&start=0 [0m- [0m- ms - -[0m
[0mGET /user/detail [0m- [0m- ms - -[0m
[0mOPTIONS /article/list?num=10&start=0 [0m- [0m- ms - -[0m
[0mOPTIONS /user/detail [0m- [0m- ms - -[0m
[0mGET /article/list?num=10&start=0 [0m- [0m- ms - -[0m
[0mGET /user/detail [0m- [0m- ms - -[0m
[0mOPTIONS /article/list?num=10&start=0 [0m- [0m- ms - -[0m
[0mOPTIONS /user/detail [0m- [0m- ms - -[0m
[0mOPTIONS /moment/list?num=10&start=0 [0m- [0m- ms - -[0m
[0mGET /article/list?num=10&start=0 [0m- [0m- ms - -[0m
[0mGET /user/detail [0m- [0m- ms - -[0m
[0mGET /moment/list?num=10&start=0 [0m- [0m- ms - -[0m
[0mOPTIONS /article/list?num=10&start=0 [0m- [0m- ms - -[0m
[0mOPTIONS /moment/list?num=10&start=0 [0m- [0m- ms - -[0m
[0mOPTIONS /user/detail [0m- [0m- ms - -[0m
[0mGET /article/list?num=10&start=0 [0m- [0m- ms - -[0m
[0mGET /moment/list?num=10&start=0 [0m- [0m- ms - -[0m
[0mGET /user/detail [0m- [0m- ms - -[0m
[0mGET /static/2018_12/26/testarticle_2e3b8790-08ef-11e9-ad62-ffd6d09e8faa.png [0m- [0m- ms - -[0m
[0mGET /static/2018_12/26/testarticle_d9940a60-08ed-11e9-8f6f-c10927f14d23.png [0m- [0m- ms - -[0m
[0mGET /static/articles/2018_12/26/testarticle_8bd113f0-08ec-11e9-bbf6-cbd8adb91c31.png [0m- [0m- ms - -[0m
[0mGET /static/articles/2018_12/26/testarticle_4c3968e0-08e3-11e9-bbf6-cbd8adb91c31.png [0m- [0m- ms - -[0m
[0mGET /static/articles/2018_12/25/upload_96aeac0a86457c64c035b475879847ce.png [0m- [0m- ms - -[0m
[0mOPTIONS /moment/list?num=10&start=0 [0m- [0m- ms - -[0m
[0mGET /moment/list?num=10&start=0 [0m- [0m- ms - -[0m
[0mOPTIONS /article/list?num=10&start=0 [0m- [0m- ms - -[0m
[0mOPTIONS /moment/list?num=10&start=0 [0m- [0m- ms - -[0m
[0mOPTIONS /user/detail [0m- [0m- ms - -[0m
[0mGET /article/list?num=10&start=0 [0m- [0m- ms - -[0m
[0mGET /moment/list?num=10&start=0 [0m- [0m- ms - -[0m
[0mGET /user/detail [0m- [0m- ms - -[0m
[0mOPTIONS /moment/list?num=10&start=0 [0m- [0m- ms - -[0m
[0mGET /moment/list?num=10&start=0 [0m- [0m- ms - -[0m
[0mOPTIONS /article/list?num=10&start=0 [0m- [0m- ms - -[0m
[0mOPTIONS /moment/list?num=10&start=0 [0m- [0m- ms - -[0m
[0mOPTIONS /user/detail [0m- [0m- ms - -[0m
[0mGET /article/list?num=10&start=0 [0m- [0m- ms - -[0m
[0mGET /moment/list?num=10&start=0 [0m- [0m- ms - -[0m
[0mGET /user/detail [0m- [0m- ms - -[0m
[0mGET /static/2018_12/26/testarticle_2e3b8790-08ef-11e9-ad62-ffd6d09e8faa.png [0m- [0m- ms - -[0m
[0mGET /static/2018_12/26/testarticle_d9940a60-08ed-11e9-8f6f-c10927f14d23.png [0m- [0m- ms - -[0m
[0mGET /static/articles/2018_12/26/testarticle_8bd113f0-08ec-11e9-bbf6-cbd8adb91c31.png [0m- [0m- ms - -[0m
[0mGET /static/articles/2018_12/26/testarticle_4c3968e0-08e3-11e9-bbf6-cbd8adb91c31.png [0m- [0m- ms - -[0m
[0mGET /static/articles/2018_12/25/upload_96aeac0a86457c64c035b475879847ce.png [0m- [0m- ms - -[0m
[0mOPTIONS /moment/create [0m- [0m- ms - -[0m
[0mPOST /moment/create [0m- [0m- ms - -[0m
[0mOPTIONS /moment/create [0m- [0m- ms - -[0m
[0mPOST /moment/create [0m- [0m- ms - -[0m
[0mOPTIONS /article/list?num=10&start=0 [0m- [0m- ms - -[0m
[0mOPTIONS /moment/list?num=10&start=0 [0m- [0m- ms - -[0m
[0mOPTIONS /user/detail [0m- [0m- ms - -[0m
[0mGET /article/list?num=10&start=0 [0m- [0m- ms - -[0m
[0mGET /moment/list?num=10&start=0 [0m- [0m- ms - -[0m
[0mGET /user/detail [0m- [0m- ms - -[0m
[0mGET /static/2018_12/26/testarticle_2e3b8790-08ef-11e9-ad62-ffd6d09e8faa.png [0m- [0m- ms - -[0m
[0mGET /static/2018_12/26/testarticle_d9940a60-08ed-11e9-8f6f-c10927f14d23.png [0m- [0m- ms - -[0m
[0mGET /static/articles/2018_12/26/testarticle_8bd113f0-08ec-11e9-bbf6-cbd8adb91c31.png [0m- [0m- ms - -[0m
[0mGET /static/articles/2018_12/26/testarticle_4c3968e0-08e3-11e9-bbf6-cbd8adb91c31.png [0m- [0m- ms - -[0m
[0mGET /static/articles/2018_12/25/upload_96aeac0a86457c64c035b475879847ce.png [0m- [0m- ms - -[0m
[0mOPTIONS /article/list?num=10&start=0 [0m- [0m- ms - -[0m
[0mOPTIONS /moment/list?num=10&start=0 [0m- [0m- ms - -[0m
[0mOPTIONS /user/detail [0m- [0m- ms - -[0m
[0mGET /article/list?num=10&start=0 [0m- [0m- ms - -[0m
[0mGET /moment/list?num=10&start=0 [0m- [0m- ms - -[0m
[0mGET /user/detail [0m- [0m- ms - -[0m
[0mGET /static/2018_12/26/testarticle_2e3b8790-08ef-11e9-ad62-ffd6d09e8faa.png [0m- [0m- ms - -[0m
[0mGET /static/2018_12/26/testarticle_d9940a60-08ed-11e9-8f6f-c10927f14d23.png [0m- [0m- ms - -[0m
[0mGET /static/articles/2018_12/26/testarticle_8bd113f0-08ec-11e9-bbf6-cbd8adb91c31.png [0m- [0m- ms - -[0m
[0mGET /static/articles/2018_12/26/testarticle_4c3968e0-08e3-11e9-bbf6-cbd8adb91c31.png [0m- [0m- ms - -[0m
[0mGET /static/articles/2018_12/25/upload_96aeac0a86457c64c035b475879847ce.png [0m- [0m- ms - -[0m
[0mOPTIONS /article/list?num=10&start=0 [0m- [0m- ms - -[0m
[0mOPTIONS /moment/list?num=10&start=0 [0m- [0m- ms - -[0m
[0mOPTIONS /user/detail [0m- [0m- ms - -[0m
[0mGET /article/list?num=10&start=0 [0m- [0m- ms - -[0m
[0mGET /moment/list?num=10&start=0 [0m- [0m- ms - -[0m
[0mGET /user/detail [0m- [0m- ms - -[0m
[0mGET /static/2018_12/26/testarticle_2e3b8790-08ef-11e9-ad62-ffd6d09e8faa.png [0m- [0m- ms - -[0m
[0mGET /static/2018_12/26/testarticle_d9940a60-08ed-11e9-8f6f-c10927f14d23.png [0m- [0m- ms - -[0m
[0mGET /static/articles/2018_12/26/testarticle_8bd113f0-08ec-11e9-bbf6-cbd8adb91c31.png [0m- [0m- ms - -[0m
[0mGET /static/articles/2018_12/26/testarticle_4c3968e0-08e3-11e9-bbf6-cbd8adb91c31.png [0m- [0m- ms - -[0m
[0mGET /static/articles/2018_12/25/upload_96aeac0a86457c64c035b475879847ce.png [0m- [0m- ms - -[0m
[0mGET /article/list?num=10&start=0 [0m- [0m- ms - -[0m
[0mGET /moment/list?num=10&start=0 [0m- [0m- ms - -[0m
[0mOPTIONS /moment/list?num=10&start=0 [0m- [0m- ms - -[0m
[0mGET /moment/list?num=10&start=0 [0m- [0m- ms - -[0m
[0mOPTIONS /article/list?num=10&start=0 [0m- [0m- ms - -[0m
[0mOPTIONS /moment/list?num=10&start=0 [0m- [0m- ms - -[0m
[0mOPTIONS /user/detail [0m- [0m- ms - -[0m
[0mGET /article/list?num=10&start=0 [0m- [0m- ms - -[0m
[0mGET /moment/list?num=10&start=0 [0m- [0m- ms - -[0m
[0mGET /user/detail [0m- [0m- ms - -[0m
[0mGET /static/2018_12/26/testarticle_2e3b8790-08ef-11e9-ad62-ffd6d09e8faa.png [0m- [0m- ms - -[0m
[0mGET /static/2018_12/26/testarticle_d9940a60-08ed-11e9-8f6f-c10927f14d23.png [0m- [0m- ms - -[0m
[0mGET /static/articles/2018_12/26/testarticle_8bd113f0-08ec-11e9-bbf6-cbd8adb91c31.png [0m- [0m- ms - -[0m
[0mGET /static/articles/2018_12/26/testarticle_4c3968e0-08e3-11e9-bbf6-cbd8adb91c31.png [0m- [0m- ms - -[0m
[0mGET /static/articles/2018_12/25/upload_96aeac0a86457c64c035b475879847ce.png [0m- [0m- ms - -[0m
[0mOPTIONS /article/content?id=d994f4c0-08ed-11e9-8f6f-c10927f14d23 [0m- [0m- ms - -[0m
[0mGET /article/content?id=d994f4c0-08ed-11e9-8f6f-c10927f14d23 [0m- [0m- ms - -[0m
[0mOPTIONS /comment/list [0m- [0m- ms - -[0m
[0mPOST /comment/list [0m- [0m- ms - -[0m
[0mOPTIONS /user/detail [0m- [0m- ms - -[0m
[0mGET /user/detail [0m- [0m- ms - -[0m
[0mOPTIONS /user/detail [0m- [0m- ms - -[0m
[0mGET /user/detail [0m- [0m- ms - -[0m
[0mOPTIONS /article/list?num=10&start=0 [0m- [0m- ms - -[0m
[0mOPTIONS /moment/list?num=10&start=0 [0m- [0m- ms - -[0m
[0mOPTIONS /user/detail [0m- [0m- ms - -[0m
[0mGET /article/list?num=10&start=0 [0m- [0m- ms - -[0m
[0mGET /moment/list?num=10&start=0 [0m- [0m- ms - -[0m
[0mGET /user/detail [0m- [0m- ms - -[0m
[0mOPTIONS /user/login [0m- [0m- ms - -[0m
[0mPOST /user/login [0m- [0m- ms - -[0m
[0mGET /static/2018_12/26/testarticle_2e3b8790-08ef-11e9-ad62-ffd6d09e8faa.png [0m- [0m- ms - -[0m
[0mGET /static/2018_12/26/testarticle_d9940a60-08ed-11e9-8f6f-c10927f14d23.png [0m- [0m- ms - -[0m
[0mGET /static/articles/2018_12/26/testarticle_8bd113f0-08ec-11e9-bbf6-cbd8adb91c31.png [0m- [0m- ms - -[0m
[0mGET /static/articles/2018_12/25/upload_96aeac0a86457c64c035b475879847ce.png [0m- [0m- ms - -[0m
[0mGET /static/articles/2018_12/26/testarticle_4c3968e0-08e3-11e9-bbf6-cbd8adb91c31.png [0m- [0m- ms - -[0m
[0mOPTIONS /user/detail [0m- [0m- ms - -[0m
[0mGET /user/detail [0m- [0m- ms - -[0m
[0mOPTIONS /user/detail [0m- [0m- ms - -[0m
[0mGET /user/detail [0m- [0m- ms - -[0m
[0mOPTIONS /user/detail [0m- [0m- ms - -[0m
[0mGET /user/detail [0m- [0m- ms - -[0m
[0mOPTIONS /user/detail [0m- [0m- ms - -[0m
[0mGET /user/detail [0m- [0m- ms - -[0m
[0mGET /static/articles/2018_12/25/upload_11470f6a3667a3db2e832ce28cd476c2.png [0m- [0m- ms - -[0m
[0mOPTIONS /article/list?num=10&start=0 [0m- [0m- ms - -[0m
[0mOPTIONS /moment/list?num=10&start=0 [0m- [0m- ms - -[0m
[0mOPTIONS /user/detail [0m- [0m- ms - -[0m
[0mOPTIONS /article/list?num=10&start=0 [0m- [0m- ms - -[0m
[0mOPTIONS /moment/list?num=10&start=0 [0m- [0m- ms - -[0m
[0mGET /article/list?num=10&start=0 [0m- [0m- ms - -[0m
[0mGET /moment/list?num=10&start=0 [0m- [0m- ms - -[0m
[0mGET /user/detail [0m- [0m- ms - -[0m
[0mGET /moment/list?num=10&start=0 [0m- [0m- ms - -[0m
[0mGET /article/list?num=10&start=0 [0m- [0m- ms - -[0m
[0mOPTIONS /user/login [0m- [0m- ms - -[0m
[0mPOST /user/login [0m- [0m- ms - -[0m
[0mOPTIONS /article/list?num=10&start=0 [0m- [0m- ms - -[0m
[0mOPTIONS /moment/list?num=10&start=0 [0m- [0m- ms - -[0m
[0mOPTIONS /user/detail [0m- [0m- ms - -[0m
[0mGET /article/list?num=10&start=0 [0m- [0m- ms - -[0m
[0mGET /moment/list?num=10&start=0 [0m- [0m- ms - -[0m
[0mGET /user/detail [0m- [0m- ms - -[0m
[0mGET /static/2018_12/26/testarticle_2e3b8790-08ef-11e9-ad62-ffd6d09e8faa.png [0m- [0m- ms - -[0m
[0mGET /static/2018_12/26/testarticle_d9940a60-08ed-11e9-8f6f-c10927f14d23.png [0m- [0m- ms - -[0m
[0mGET /static/articles/2018_12/26/testarticle_8bd113f0-08ec-11e9-bbf6-cbd8adb91c31.png [0m- [0m- ms - -[0m
[0mGET /static/articles/2018_12/26/testarticle_4c3968e0-08e3-11e9-bbf6-cbd8adb91c31.png [0m- [0m- ms - -[0m
[0mGET /static/articles/2018_12/25/upload_96aeac0a86457c64c035b475879847ce.png [0m- [0m- ms - -[0m
[0mGET /static/articles/2018_12/25/upload_11470f6a3667a3db2e832ce28cd476c2.png [0m- [0m- ms - -[0m
[0mOPTIONS /moment/list?num=10&start=0 [0m- [0m- ms - -[0m
[0mGET /moment/list?num=10&start=0 [0m- [0m- ms - -[0m
[0mOPTIONS /article/list?num=10&start=0 [0m- [0m- ms - -[0m
[0mOPTIONS /moment/list?num=10&start=0 [0m- [0m- ms - -[0m
[0mOPTIONS /user/detail [0m- [0m- ms - -[0m
[0mGET /article/list?num=10&start=0 [0m- [0m- ms - -[0m
[0mGET /moment/list?num=10&start=0 [0m- [0m- ms - -[0m
[0mGET /user/detail [0m- [0m- ms - -[0m
[0mGET /static/2018_12/26/testarticle_2e3b8790-08ef-11e9-ad62-ffd6d09e8faa.png [0m- [0m- ms - -[0m
[0mGET /static/2018_12/26/testarticle_d9940a60-08ed-11e9-8f6f-c10927f14d23.png [0m- [0m- ms - -[0m
[0mGET /static/articles/2018_12/26/testarticle_8bd113f0-08ec-11e9-bbf6-cbd8adb91c31.png [0m- [0m- ms - -[0m
[0mGET /static/articles/2018_12/26/testarticle_4c3968e0-08e3-11e9-bbf6-cbd8adb91c31.png [0m- [0m- ms - -[0m
[0mGET /static/articles/2018_12/25/upload_96aeac0a86457c64c035b475879847ce.png [0m- [0m- ms - -[0m
[0mOPTIONS /article/list?num=10&start=0 [0m- [0m- ms - -[0m
[0mOPTIONS /moment/list?num=10&start=0 [0m- [0m- ms - -[0m
[0mOPTIONS /user/detail [0m- [0m- ms - -[0m
[0mGET /article/list?num=10&start=0 [0m- [0m- ms - -[0m
[0mGET /moment/list?num=10&start=0 [0m- [0m- ms - -[0m
[0mGET /user/detail [0m- [0m- ms - -[0m
[0mGET /static/2018_12/26/testarticle_2e3b8790-08ef-11e9-ad62-ffd6d09e8faa.png [0m- [0m- ms - -[0m
[0mGET /static/2018_12/26/testarticle_d9940a60-08ed-11e9-8f6f-c10927f14d23.png [0m- [0m- ms - -[0m
[0mGET /static/articles/2018_12/26/testarticle_8bd113f0-08ec-11e9-bbf6-cbd8adb91c31.png [0m- [0m- ms - -[0m
[0mGET /static/articles/2018_12/26/testarticle_4c3968e0-08e3-11e9-bbf6-cbd8adb91c31.png [0m- [0m- ms - -[0m
[0mGET /static/articles/2018_12/25/upload_96aeac0a86457c64c035b475879847ce.png [0m- [0m- ms - -[0m
[0mOPTIONS /article/list?num=10&start=0 [0m- [0m- ms - -[0m
[0mOPTIONS /moment/list?num=10&start=0 [0m- [0m- ms - -[0m
[0mOPTIONS /user/detail [0m- [0m- ms - -[0m
[0mGET /article/list?num=10&start=0 [0m- [0m- ms - -[0m
[0mGET /moment/list?num=10&start=0 [0m- [0m- ms - -[0m
[0mGET /user/detail [0m- [0m- ms - -[0m
[0mGET /static/2018_12/26/testarticle_2e3b8790-08ef-11e9-ad62-ffd6d09e8faa.png [0m- [0m- ms - -[0m
[0mGET /static/2018_12/26/testarticle_d9940a60-08ed-11e9-8f6f-c10927f14d23.png [0m- [0m- ms - -[0m
[0mGET /static/articles/2018_12/26/testarticle_8bd113f0-08ec-11e9-bbf6-cbd8adb91c31.png [0m- [0m- ms - -[0m
[0mGET /static/articles/2018_12/26/testarticle_4c3968e0-08e3-11e9-bbf6-cbd8adb91c31.png [0m- [0m- ms - -[0m
[0mGET /static/articles/2018_12/25/upload_96aeac0a86457c64c035b475879847ce.png [0m- [0m- ms - -[0m
[0mGET /article/list?num=10&start=0 [0m- [0m- ms - -[0m
[0mGET /static/articles/2018_12/25/upload_11470f6a3667a3db2e832ce28cd476c2.png [0m- [0m- ms - -[0m
[0mOPTIONS /article/list?num=10&start=0 [0m- [0m- ms - -[0m
[0mOPTIONS /moment/list?num=10&start=0 [0m- [0m- ms - -[0m
[0mOPTIONS /user/detail [0m- [0m- ms - -[0m
[0mGET /article/list?num=10&start=0 [0m- [0m- ms - -[0m
[0mGET /moment/list?num=10&start=0 [0m- [0m- ms - -[0m
[0mGET /user/detail [0m- [0m- ms - -[0m
[0mGET /static/2018_12/26/testarticle_2e3b8790-08ef-11e9-ad62-ffd6d09e8faa.png [0m- [0m- ms - -[0m
[0mGET /static/2018_12/26/testarticle_d9940a60-08ed-11e9-8f6f-c10927f14d23.png [0m- [0m- ms - -[0m
[0mGET /static/articles/2018_12/26/testarticle_8bd113f0-08ec-11e9-bbf6-cbd8adb91c31.png [0m- [0m- ms - -[0m
[0mGET /static/articles/2018_12/26/testarticle_4c3968e0-08e3-11e9-bbf6-cbd8adb91c31.png [0m- [0m- ms - -[0m
[0mGET /static/articles/2018_12/25/upload_96aeac0a86457c64c035b475879847ce.png [0m- [0m- ms - -[0m
[0mGET /static/articles/2018_12/25/upload_11470f6a3667a3db2e832ce28cd476c2.png [0m- [0m- ms - -[0m
[0mOPTIONS /article/list?num=10&start=0 [0m- [0m- ms - -[0m
[0mGET /article/list?num=10&start=0 [0m- [0m- ms - -[0m
[0mOPTIONS /user/detail [0m- [0m- ms - -[0m
[0mGET /user/detail [0m- [0m- ms - -[0m
[0mOPTIONS /user/detail [0m- [0m- ms - -[0m
[0mGET /user/detail [0m- [0m- ms - -[0m
[0mOPTIONS /article/list?num=10&start=0 [0m- [0m- ms - -[0m
[0mOPTIONS /moment/list?num=10&start=0 [0m- [0m- ms - -[0m
[0mOPTIONS /user/detail [0m- [0m- ms - -[0m
[0mGET /article/list?num=10&start=0 [0m- [0m- ms - -[0m
[0mGET /moment/list?num=10&start=0 [0m- [0m- ms - -[0m
[0mGET /user/detail [0m- [0m- ms - -[0m
[0mGET /static/2018_12/26/testarticle_2e3b8790-08ef-11e9-ad62-ffd6d09e8faa.png [0m- [0m- ms - -[0m
[0mGET /static/2018_12/26/testarticle_d9940a60-08ed-11e9-8f6f-c10927f14d23.png [0m- [0m- ms - -[0m
[0mGET /static/articles/2018_12/26/testarticle_8bd113f0-08ec-11e9-bbf6-cbd8adb91c31.png [0m- [0m- ms - -[0m
[0mGET /static/articles/2018_12/26/testarticle_4c3968e0-08e3-11e9-bbf6-cbd8adb91c31.png [0m- [0m- ms - -[0m
[0mGET /static/articles/2018_12/25/upload_96aeac0a86457c64c035b475879847ce.png [0m- [0m- ms - -[0m
[0mOPTIONS /article/list?num=10&start=0 [0m- [0m- ms - -[0m
[0mGET /article/list?num=10&start=0 [0m- [0m- ms - -[0m
[0mOPTIONS /article/list?num=10&start=0 [0m- [0m- ms - -[0m
[0mOPTIONS /moment/list?num=10&start=0 [0m- [0m- ms - -[0m
[0mOPTIONS /user/detail [0m- [0m- ms - -[0m
[0mGET /article/list?num=10&start=0 [0m- [0m- ms - -[0m
[0mGET /moment/list?num=10&start=0 [0m- [0m- ms - -[0m
[0mGET /user/detail [0m- [0m- ms - -[0m
[0mGET /static/2018_12/26/testarticle_2e3b8790-08ef-11e9-ad62-ffd6d09e8faa.png [0m- [0m- ms - -[0m
[0mGET /static/2018_12/26/testarticle_d9940a60-08ed-11e9-8f6f-c10927f14d23.png [0m- [0m- ms - -[0m
[0mGET /static/articles/2018_12/26/testarticle_8bd113f0-08ec-11e9-bbf6-cbd8adb91c31.png [0m- [0m- ms - -[0m
[0mGET /static/articles/2018_12/26/testarticle_4c3968e0-08e3-11e9-bbf6-cbd8adb91c31.png [0m- [0m- ms - -[0m
[0mGET /static/articles/2018_12/25/upload_96aeac0a86457c64c035b475879847ce.png [0m- [0m- ms - -[0m
[0mGET /article/list?num=10&start=0 [0m- [0m- ms - -[0m
[0mOPTIONS /user/detail [0m- [0m- ms - -[0m
[0mGET /user/detail [0m- [0m- ms - -[0m
[0mOPTIONS /user/detail [0m- [0m- ms - -[0m
[0mGET /user/detail [0m- [0m- ms - -[0m
[0mOPTIONS /user/detail [0m- [0m- ms - -[0m
[0mGET /user/detail [0m- [0m- ms - -[0m
[0mOPTIONS /moment/create [0m- [0m- ms - -[0m
[0mPOST /moment/create [0m- [0m- ms - -[0m
[0mOPTIONS /moment/create [0m- [0m- ms - -[0m
[0mPOST /moment/create [0m- [0m- ms - -[0m
[0mOPTIONS /user/login [0m- [0m- ms - -[0m
[0mPOST /user/login [0m- [0m- ms - -[0m
[0mOPTIONS /moment/create [0m- [0m- ms - -[0m
[0mPOST /moment/create [0m- [0m- ms - -[0m
[0mOPTIONS /moment/create [0m- [0m- ms - -[0m
[0mPOST /moment/create [0m- [0m- ms - -[0m
[0mOPTIONS /article/list?num=10&start=0 [0m- [0m- ms - -[0m
[0mOPTIONS /moment/list?num=10&start=0 [0m- [0m- ms - -[0m
[0mOPTIONS /user/detail [0m- [0m- ms - -[0m
[0mGET /article/list?num=10&start=0 [0m- [0m- ms - -[0m
[0mGET /moment/list?num=10&start=0 [0m- [0m- ms - -[0m
[0mGET /user/detail [0m- [0m- ms - -[0m
[0mOPTIONS /user/login [0m- [0m- ms - -[0m
[0mPOST /user/login [0m- [0m- ms - -[0m
[0mOPTIONS /article/list?num=10&start=0 [0m- [0m- ms - -[0m
[0mOPTIONS /user/detail [0m- [0m- ms - -[0m
[0mOPTIONS /moment/list?num=10&start=0 [0m- [0m- ms - -[0m
[0mGET /article/list?num=10&start=0 [0m- [0m- ms - -[0m
[0mGET /user/detail [0m- [0m- ms - -[0m
[0mGET /moment/list?num=10&start=0 [0m- [0m- ms - -[0m
[0mGET /static/2018_12/26/testarticle_2e3b8790-08ef-11e9-ad62-ffd6d09e8faa.png [0m- [0m- ms - -[0m
[0mGET /static/2018_12/26/testarticle_d9940a60-08ed-11e9-8f6f-c10927f14d23.png [0m- [0m- ms - -[0m
[0mGET /static/articles/2018_12/26/testarticle_8bd113f0-08ec-11e9-bbf6-cbd8adb91c31.png [0m- [0m- ms - -[0m
[0mGET /static/articles/2018_12/26/testarticle_4c3968e0-08e3-11e9-bbf6-cbd8adb91c31.png [0m- [0m- ms - -[0m
[0mGET /static/articles/2018_12/25/upload_96aeac0a86457c64c035b475879847ce.png [0m- [0m- ms - -[0m
[0mOPTIONS /moment/create [0m- [0m- ms - -[0m
[0mPOST /moment/create [0m- [0m- ms - -[0m
[0mOPTIONS /moment/list?num=10&start=0 [0m- [0m- ms - -[0m
[0mGET /moment/list?num=10&start=0 [0m- [0m- ms - -[0m
[0mOPTIONS /moment/create [0m- [0m- ms - -[0m
[0mPOST /moment/create [0m- [0m- ms - -[0m
[0mPOST /moment/create [0m- [0m- ms - -[0m
[0mPOST /moment/create [0m- [0m- ms - -[0m
[0mPOST /moment/create [0m- [0m- ms - -[0m
[0mOPTIONS /moment/create [0m- [0m- ms - -[0m
[0mOPTIONS /moment/create [0m- [0m- ms - -[0m
[0mPOST /moment/create [0m- [0m- ms - -[0m
[0mOPTIONS /article/list?num=10&start=0 [0m- [0m- ms - -[0m
[0mOPTIONS /moment/list?num=10&start=0 [0m- [0m- ms - -[0m
[0mOPTIONS /user/detail [0m- [0m- ms - -[0m
[0mGET /article/list?num=10&start=0 [0m- [0m- ms - -[0m
[0mGET /moment/list?num=10&start=0 [0m- [0m- ms - -[0m
[0mGET /user/detail [0m- [0m- ms - -[0m
[0mOPTIONS /user/login [0m- [0m- ms - -[0m
[0mPOST /user/login [0m- [0m- ms - -[0m
[0mOPTIONS /article/list?num=10&start=0 [0m- [0m- ms - -[0m
[0mOPTIONS /moment/list?num=10&start=0 [0m- [0m- ms - -[0m
[0mOPTIONS /user/detail [0m- [0m- ms - -[0m
[0mGET /article/list?num=10&start=0 [0m- [0m- ms - -[0m
[0mGET /moment/list?num=10&start=0 [0m- [0m- ms - -[0m
[0mGET /user/detail [0m- [0m- ms - -[0m
[0mGET /static/2018_12/26/testarticle_2e3b8790-08ef-11e9-ad62-ffd6d09e8faa.png [0m- [0m- ms - -[0m
[0mGET /static/2018_12/26/testarticle_d9940a60-08ed-11e9-8f6f-c10927f14d23.png [0m- [0m- ms - -[0m
[0mGET /static/articles/2018_12/26/testarticle_8bd113f0-08ec-11e9-bbf6-cbd8adb91c31.png [0m- [0m- ms - -[0m
[0mGET /static/articles/2018_12/26/testarticle_4c3968e0-08e3-11e9-bbf6-cbd8adb91c31.png [0m- [0m- ms - -[0m
[0mGET /static/articles/2018_12/25/upload_96aeac0a86457c64c035b475879847ce.png [0m- [0m- ms - -[0m
[0mOPTIONS /moment/create [0m- [0m- ms - -[0m
[0mPOST /moment/create [0m- [0m- ms - -[0m
[0mOPTIONS /moment/list?num=10&start=0 [0m- [0m- ms - -[0m
[0mGET /moment/list?num=10&start=0 [0m- [0m- ms - -[0m
[0mOPTIONS /moment/create [0m- [0m- ms - -[0m
[0mPOST /moment/create [0m- [0m- ms - -[0m
[0mOPTIONS /article/list?num=10&start=0 [0m- [0m- ms - -[0m
[0mOPTIONS /moment/list?num=10&start=0 [0m- [0m- ms - -[0m
[0mOPTIONS /user/detail [0m- [0m- ms - -[0m
[0mGET /article/list?num=10&start=0 [0m- [0m- ms - -[0m
[0mGET /moment/list?num=10&start=0 [0m- [0m- ms - -[0m
[0mGET /user/detail [0m- [0m- ms - -[0m
[0mGET /static/2018_12/26/testarticle_2e3b8790-08ef-11e9-ad62-ffd6d09e8faa.png [0m- [0m- ms - -[0m
[0mGET /static/2018_12/26/testarticle_d9940a60-08ed-11e9-8f6f-c10927f14d23.png [0m- [0m- ms - -[0m
[0mGET /static/articles/2018_12/26/testarticle_8bd113f0-08ec-11e9-bbf6-cbd8adb91c31.png [0m- [0m- ms - -[0m
[0mGET /static/articles/2018_12/26/testarticle_4c3968e0-08e3-11e9-bbf6-cbd8adb91c31.png [0m- [0m- ms - -[0m
[0mGET /static/articles/2018_12/25/upload_96aeac0a86457c64c035b475879847ce.png [0m- [0m- ms - -[0m
[0mGET /moment/list?num=10&start=0 [0m- [0m- ms - -[0m
[0mOPTIONS /moment/list?num=10&start=0 [0m- [0m- ms - -[0m
[0mGET /moment/list?num=10&start=0 [0m- [0m- ms - -[0m
[0mOPTIONS /moment/list?num=10&start=0 [0m- [0m- ms - -[0m
[0mGET /moment/list?num=10&start=0 [0m- [0m- ms - -[0m
[0mGET /moment/list?num=10&start=0 [0m- [0m- ms - -[0m
[0mGET /moment/list?num=10&start=0 [0m- [0m- ms - -[0m
[0mOPTIONS /moment/list?num=10&start=0 [0m- [0m- ms - -[0m
[0mGET /moment/list?num=10&start=0 [0m- [0m- ms - -[0m
[0mOPTIONS /moment/list?num=10&start=0 [0m- [0m- ms - -[0m
[0mGET /moment/list?num=10&start=0 [0m- [0m- ms - -[0m
[0mOPTIONS /moment/create [0m- [0m- ms - -[0m
[0mPOST /moment/create [0m- [0m- ms - -[0m
[0mOPTIONS /article/list?num=10&start=0 [0m- [0m- ms - -[0m
[0mOPTIONS /moment/list?num=10&start=0 [0m- [0m- ms - -[0m
[0mOPTIONS /user/detail [0m- [0m- ms - -[0m
[0mGET /article/list?num=10&start=0 [0m- [0m- ms - -[0m
[0mGET /moment/list?num=10&start=0 [0m- [0m- ms - -[0m
[0mGET /user/detail [0m- [0m- ms - -[0m
[0mGET /static/2018_12/26/testarticle_2e3b8790-08ef-11e9-ad62-ffd6d09e8faa.png [0m- [0m- ms - -[0m
[0mGET /static/2018_12/26/testarticle_d9940a60-08ed-11e9-8f6f-c10927f14d23.png [0m- [0m- ms - -[0m
[0mGET /static/articles/2018_12/26/testarticle_8bd113f0-08ec-11e9-bbf6-cbd8adb91c31.png [0m- [0m- ms - -[0m
[0mGET /static/articles/2018_12/26/testarticle_4c3968e0-08e3-11e9-bbf6-cbd8adb91c31.png [0m- [0m- ms - -[0m
[0mGET /static/articles/2018_12/25/upload_96aeac0a86457c64c035b475879847ce.png [0m- [0m- ms - -[0m
[0mOPTIONS /user/login [0m- [0m- ms - -[0m
[0mPOST /user/login [0m- [0m- ms - -[0m
[0mOPTIONS /article/list?num=10&start=0 [0m- [0m- ms - -[0m
[0mOPTIONS /moment/list?num=10&start=0 [0m- [0m- ms - -[0m
[0mOPTIONS /user/detail [0m- [0m- ms - -[0m
[0mGET /article/list?num=10&start=0 [0m- [0m- ms - -[0m
[0mGET /moment/list?num=10&start=0 [0m- [0m- ms - -[0m
[0mGET /user/detail [0m- [0m- ms - -[0m
[0mGET /static/2018_12/26/testarticle_2e3b8790-08ef-11e9-ad62-ffd6d09e8faa.png [0m- [0m- ms - -[0m
[0mGET /static/2018_12/26/testarticle_d9940a60-08ed-11e9-8f6f-c10927f14d23.png [0m- [0m- ms - -[0m
[0mGET /static/articles/2018_12/26/testarticle_8bd113f0-08ec-11e9-bbf6-cbd8adb91c31.png [0m- [0m- ms - -[0m
[0mGET /static/articles/2018_12/26/testarticle_4c3968e0-08e3-11e9-bbf6-cbd8adb91c31.png [0m- [0m- ms - -[0m
[0mGET /static/articles/2018_12/25/upload_96aeac0a86457c64c035b475879847ce.png [0m- [0m- ms - -[0m
[0mOPTIONS /moment/create [0m- [0m- ms - -[0m
[0mPOST /moment/create [0m- [0m- ms - -[0m
[0mOPTIONS /article/list?num=10&start=0 [0m- [0m- ms - -[0m
[0mOPTIONS /moment/list?num=10&start=0 [0m- [0m- ms - -[0m
[0mOPTIONS /user/detail [0m- [0m- ms - -[0m
[0mGET /article/list?num=10&start=0 [0m- [0m- ms - -[0m
[0mGET /moment/list?num=10&start=0 [0m- [0m- ms - -[0m
[0mGET /user/detail [0m- [0m- ms - -[0m
[0mGET /static/2018_12/26/testarticle_2e3b8790-08ef-11e9-ad62-ffd6d09e8faa.png [0m- [0m- ms - -[0m
[0mGET /static/2018_12/26/testarticle_d9940a60-08ed-11e9-8f6f-c10927f14d23.png [0m- [0m- ms - -[0m
[0mGET /static/articles/2018_12/26/testarticle_8bd113f0-08ec-11e9-bbf6-cbd8adb91c31.png [0m- [0m- ms - -[0m
[0mGET /static/articles/2018_12/26/testarticle_4c3968e0-08e3-11e9-bbf6-cbd8adb91c31.png [0m- [0m- ms - -[0m
[0mGET /static/articles/2018_12/25/upload_96aeac0a86457c64c035b475879847ce.png [0m- [0m- ms - -[0m
[0mOPTIONS /moment/create [0m- [0m- ms - -[0m
[0mPOST /moment/create [0m- [0m- ms - -[0m
[0mOPTIONS /article/list?num=10&start=0 [0m- [0m- ms - -[0m
[0mOPTIONS /moment/list?num=10&start=0 [0m- [0m- ms - -[0m
[0mOPTIONS /user/detail [0m- [0m- ms - -[0m
[0mGET /article/list?num=10&start=0 [0m- [0m- ms - -[0m
[0mGET /moment/list?num=10&start=0 [0m- [0m- ms - -[0m
[0mGET /user/detail [0m- [0m- ms - -[0m
[0mGET /static/2018_12/26/testarticle_2e3b8790-08ef-11e9-ad62-ffd6d09e8faa.png [0m- [0m- ms - -[0m
[0mGET /static/2018_12/26/testarticle_d9940a60-08ed-11e9-8f6f-c10927f14d23.png [0m- [0m- ms - -[0m
[0mGET /static/articles/2018_12/26/testarticle_8bd113f0-08ec-11e9-bbf6-cbd8adb91c31.png [0m- [0m- ms - -[0m
[0mGET /static/articles/2018_12/26/testarticle_4c3968e0-08e3-11e9-bbf6-cbd8adb91c31.png [0m- [0m- ms - -[0m
[0mGET /static/articles/2018_12/25/upload_96aeac0a86457c64c035b475879847ce.png [0m- [0m- ms - -[0m
[0mOPTIONS /article/list?num=10&start=0 [0m- [0m- ms - -[0m
[0mOPTIONS /moment/list?num=10&start=0 [0m- [0m- ms - -[0m
[0mOPTIONS /user/detail [0m- [0m- ms - -[0m
[0mGET /article/list?num=10&start=0 [0m- [0m- ms - -[0m
[0mGET /moment/list?num=10&start=0 [0m- [0m- ms - -[0m
[0mGET /user/detail [0m- [0m- ms - -[0m
[0mGET /static/2018_12/26/testarticle_2e3b8790-08ef-11e9-ad62-ffd6d09e8faa.png [0m- [0m- ms - -[0m
[0mGET /static/2018_12/26/testarticle_d9940a60-08ed-11e9-8f6f-c10927f14d23.png [0m- [0m- ms - -[0m
[0mGET /static/articles/2018_12/26/testarticle_8bd113f0-08ec-11e9-bbf6-cbd8adb91c31.png [0m- [0m- ms - -[0m
[0mGET /static/articles/2018_12/26/testarticle_4c3968e0-08e3-11e9-bbf6-cbd8adb91c31.png [0m- [0m- ms - -[0m
[0mGET /static/articles/2018_12/25/upload_96aeac0a86457c64c035b475879847ce.png [0m- [0m- ms - -[0m
[0mOPTIONS /article/list?num=10&start=0 [0m- [0m- ms - -[0m
[0mOPTIONS /moment/list?num=10&start=0 [0m- [0m- ms - -[0m
[0mOPTIONS /user/detail [0m- [0m- ms - -[0m
[0mGET /article/list?num=10&start=0 [0m- [0m- ms - -[0m
[0mGET /moment/list?num=10&start=0 [0m- [0m- ms - -[0m
[0mGET /user/detail [0m- [0m- ms - -[0m
[0mGET /static/2018_12/26/testarticle_2e3b8790-08ef-11e9-ad62-ffd6d09e8faa.png [0m- [0m- ms - -[0m
[0mGET /static/2018_12/26/testarticle_d9940a60-08ed-11e9-8f6f-c10927f14d23.png [0m- [0m- ms - -[0m
[0mGET /static/articles/2018_12/26/testarticle_8bd113f0-08ec-11e9-bbf6-cbd8adb91c31.png [0m- [0m- ms - -[0m
[0mGET /static/articles/2018_12/26/testarticle_4c3968e0-08e3-11e9-bbf6-cbd8adb91c31.png [0m- [0m- ms - -[0m
[0mGET /static/articles/2018_12/25/upload_96aeac0a86457c64c035b475879847ce.png [0m- [0m- ms - -[0m
[0mOPTIONS /article/list?num=10&start=0 [0m- [0m- ms - -[0m
[0mOPTIONS /moment/list?num=10&start=0 [0m- [0m- ms - -[0m
[0mOPTIONS /user/detail [0m- [0m- ms - -[0m
[0mGET /article/list?num=10&start=0 [0m- [0m- ms - -[0m
[0mGET /moment/list?num=10&start=0 [0m- [0m- ms - -[0m
[0mGET /user/detail [0m- [0m- ms - -[0m
[0mGET /static/2018_12/26/testarticle_2e3b8790-08ef-11e9-ad62-ffd6d09e8faa.png [0m- [0m- ms - -[0m
[0mGET /static/2018_12/26/testarticle_d9940a60-08ed-11e9-8f6f-c10927f14d23.png [0m- [0m- ms - -[0m
[0mGET /static/articles/2018_12/26/testarticle_8bd113f0-08ec-11e9-bbf6-cbd8adb91c31.png [0m- [0m- ms - -[0m
[0mGET /static/articles/2018_12/26/testarticle_4c3968e0-08e3-11e9-bbf6-cbd8adb91c31.png [0m- [0m- ms - -[0m
[0mGET /static/articles/2018_12/25/upload_96aeac0a86457c64c035b475879847ce.png [0m- [0m- ms - -[0m
[0mGET /static/2019_2/12/upload_6160fff7225ebf9f097e357b5c8d5591.png [0m- [0m- ms - -[0m
[0mGET /static/2019_2/12/upload_89b0e491ca3017fa9b08c43bf17079cf.png [0m- [0m- ms - -[0m
[0mGET / [0m- [0m- ms - -[0m
[0mGET /static/2019_2/12/upload_f99882e35be089bc0a6180164e3a35b9.jpg [0m- [0m- ms - -[0m
[0mGET /static/2019_2/12/upload_da8150df07283612102e760b17e982fe.jpg [0m- [0m- ms - -[0m
[0mOPTIONS /article/list?num=10&start=0 [0m- [0m- ms - -[0m
[0mOPTIONS /moment/list?num=10&start=0 [0m- [0m- ms - -[0m
[0mOPTIONS /user/detail [0m- [0m- ms - -[0m
[0mGET /article/list?num=10&start=0 [0m- [0m- ms - -[0m
[0mGET /moment/list?num=10&start=0 [0m- [0m- ms - -[0m
[0mGET /user/detail [0m- [0m- ms - -[0m
[0mGET /static/2019_2/12/upload_6160fff7225ebf9f097e357b5c8d5591.png [0m- [0m- ms - -[0m
[0mGET / [0m- [0m- ms - -[0m
[0mGET /static/2019_2/12/upload_89b0e491ca3017fa9b08c43bf17079cf.png [0m- [0m- ms - -[0m
[0mGET /static/2019_2/12/upload_f99882e35be089bc0a6180164e3a35b9.jpg [0m- [0m- ms - -[0m
[0mGET /static/2019_2/12/upload_da8150df07283612102e760b17e982fe.jpg [0m- [0m- ms - -[0m
[0mGET /static/2018_12/26/testarticle_2e3b8790-08ef-11e9-ad62-ffd6d09e8faa.png [0m- [0m- ms - -[0m
[0mGET /static/2018_12/26/testarticle_d9940a60-08ed-11e9-8f6f-c10927f14d23.png [0m- [0m- ms - -[0m
[0mGET /static/articles/2018_12/26/testarticle_8bd113f0-08ec-11e9-bbf6-cbd8adb91c31.png [0m- [0m- ms - -[0m
[0mGET /static/articles/2018_12/26/testarticle_4c3968e0-08e3-11e9-bbf6-cbd8adb91c31.png [0m- [0m- ms - -[0m
[0mGET /static/articles/2018_12/25/upload_96aeac0a86457c64c035b475879847ce.png [0m- [0m- ms - -[0m
[0mGET /moment/list?num=10&start=0 [0m- [0m- ms - -[0m
[0mOPTIONS /article/list?num=10&start=0 [0m- [0m- ms - -[0m
[0mOPTIONS /moment/list?num=10&start=0 [0m- [0m- ms - -[0m
[0mOPTIONS /user/detail [0m- [0m- ms - -[0m
[0mGET /article/list?num=10&start=0 [0m- [0m- ms - -[0m
[0mGET /moment/list?num=10&start=0 [0m- [0m- ms - -[0m
[0mGET /user/detail [0m- [0m- ms - -[0m
[0mGET /static/2019_2/12/upload_6160fff7225ebf9f097e357b5c8d5591.png [0m- [0m- ms - -[0m
[0mGET /static/2019_2/12/upload_89b0e491ca3017fa9b08c43bf17079cf.png [0m- [0m- ms - -[0m
[0mGET / [0m- [0m- ms - -[0m
[0mGET /static/2019_2/12/upload_f99882e35be089bc0a6180164e3a35b9.jpg [0m- [0m- ms - -[0m
[0mGET /static/2019_2/12/upload_da8150df07283612102e760b17e982fe.jpg [0m- [0m- ms - -[0m
[0mGET /static/2018_12/26/testarticle_2e3b8790-08ef-11e9-ad62-ffd6d09e8faa.png [0m- [0m- ms - -[0m
[0mGET /static/2018_12/26/testarticle_d9940a60-08ed-11e9-8f6f-c10927f14d23.png [0m- [0m- ms - -[0m
[0mGET /static/articles/2018_12/26/testarticle_8bd113f0-08ec-11e9-bbf6-cbd8adb91c31.png [0m- [0m- ms - -[0m
[0mGET /static/articles/2018_12/26/testarticle_4c3968e0-08e3-11e9-bbf6-cbd8adb91c31.png [0m- [0m- ms - -[0m
[0mGET /static/articles/2018_12/25/upload_96aeac0a86457c64c035b475879847ce.png [0m- [0m- ms - -[0m
[0mOPTIONS /moment/list?num=10&start=10 [0m- [0m- ms - -[0m
[0mGET /moment/list?num=10&start=10 [0m- [0m- ms - -[0m
[0mGET / [0m- [0m- ms - -[0m
[0mGET /static/2018_12/20/upload_503aef1eeeeffe6586f3918b4c6c52ae.png [0m- [0m- ms - -[0m
[0mGET /static/2018_12/19/upload_fec46b676044c6b91d9c67e53013a2ad.png [0m- [0m- ms - -[0m
[0mOPTIONS /moment/create [0m- [0m- ms - -[0m
[0mPOST /moment/create [0m- [0m- ms - -[0m
[0mOPTIONS /moment/list?num=10&start=0 [0m- [0m- ms - -[0m
[0mGET /moment/list?num=10&start=0 [0m- [0m- ms - -[0m
[0mGET /static/2019_2/12/upload_6c8750929002f25d5092d5fa3442bcb8.png [0m- [0m- ms - -[0m
[0mGET /static/2019_2/12/upload_6160fff7225ebf9f097e357b5c8d5591.png [0m- [0m- ms - -[0m
[0mGET /static/2019_2/12/upload_89b0e491ca3017fa9b08c43bf17079cf.png [0m- [0m- ms - -[0m
[0mGET / [0m- [0m- ms - -[0m
[0mGET /static/2019_2/12/upload_f99882e35be089bc0a6180164e3a35b9.jpg [0m- [0m- ms - -[0m
[0mGET /static/2019_2/12/upload_da8150df07283612102e760b17e982fe.jpg [0m- [0m- ms - -[0m
[0mOPTIONS /article/list?num=10&start=0 [0m- [0m- ms - -[0m
[0mOPTIONS /moment/list?num=10&start=0 [0m- [0m- ms - -[0m
[0mOPTIONS /user/detail [0m- [0m- ms - -[0m
[0mGET /article/list?num=10&start=0 [0m- [0m- ms - -[0m
[0mGET /moment/list?num=10&start=0 [0m- [0m- ms - -[0m
[0mGET /user/detail [0m- [0m- ms - -[0m
[0mGET /static/2018_12/26/testarticle_2e3b8790-08ef-11e9-ad62-ffd6d09e8faa.png [0m- [0m- ms - -[0m
[0mGET /static/2018_12/26/testarticle_d9940a60-08ed-11e9-8f6f-c10927f14d23.png [0m- [0m- ms - -[0m
[0mGET /static/articles/2018_12/26/testarticle_8bd113f0-08ec-11e9-bbf6-cbd8adb91c31.png [0m- [0m- ms - -[0m
[0mGET /static/articles/2018_12/26/testarticle_4c3968e0-08e3-11e9-bbf6-cbd8adb91c31.png [0m- [0m- ms - -[0m
[0mGET /static/articles/2018_12/25/upload_96aeac0a86457c64c035b475879847ce.png [0m- [0m- ms - -[0m
[0mGET /static/2019_2/12/upload_6c8750929002f25d5092d5fa3442bcb8.png [0m- [0m- ms - -[0m
[0mGET /static/2019_2/12/upload_6160fff7225ebf9f097e357b5c8d5591.png [0m- [0m- ms - -[0m
[0mGET /static/2019_2/12/upload_89b0e491ca3017fa9b08c43bf17079cf.png [0m- [0m- ms - -[0m
[0mGET / [0m- [0m- ms - -[0m
[0mGET /static/2019_2/12/upload_f99882e35be089bc0a6180164e3a35b9.jpg [0m- [0m- ms - -[0m
[0mGET /static/2019_2/12/upload_da8150df07283612102e760b17e982fe.jpg [0m- [0m- ms - -[0m
[0mGET /static/2019_2/12/upload_6160fff7225ebf9f097e357b5c8d5591.png [0m- [0m- ms - -[0m
[0mGET /static/2019_2/12/upload_89b0e491ca3017fa9b08c43bf17079cf.png [0m- [0m- ms - -[0m
[0mGET / [0m- [0m- ms - -[0m
[0mGET /static/2019_2/12/upload_f99882e35be089bc0a6180164e3a35b9.jpg [0m- [0m- ms - -[0m
[0mGET /static/2019_2/12/upload_da8150df07283612102e760b17e982fe.jpg [0m- [0m- ms - -[0m
[0mGET /static/2019_2/12/upload_6160fff7225ebf9f097e357b5c8d5591.png [0m- [0m- ms - -[0m
[0mGET /static/2019_2/12/upload_89b0e491ca3017fa9b08c43bf17079cf.png [0m- [0m- ms - -[0m
[0mGET / [0m- [0m- ms - -[0m
[0mGET /static/2019_2/12/upload_f99882e35be089bc0a6180164e3a35b9.jpg [0m- [0m- ms - -[0m
[0mGET /static/2019_2/12/upload_da8150df07283612102e760b17e982fe.jpg [0m- [0m- ms - -[0m
[0mGET / [0m- [0m- ms - -[0m
[0mOPTIONS /moment/list?num=10&start=10 [0m- [0m- ms - -[0m
[0mGET /moment/list?num=10&start=10 [0m- [0m- ms - -[0m
[0mGET / [0m- [0m- ms - -[0m
[0mGET / [0m- [0m- ms - -[0m
[0mGET / [0m- [0m- ms - -[0m
[0mOPTIONS /article/list?num=10&start=0 [0m- [0m- ms - -[0m
[0mOPTIONS /moment/list?num=10&start=0 [0m- [0m- ms - -[0m
[0mOPTIONS /user/detail [0m- [0m- ms - -[0m
[0mGET /article/list?num=10&start=0 [0m- [0m- ms - -[0m
[0mGET /moment/list?num=10&start=0 [0m- [0m- ms - -[0m
[0mGET /user/detail [0m- [0m- ms - -[0m
[0mGET /static/articles/2018_12/26/testarticle_4c3968e0-08e3-11e9-bbf6-cbd8adb91c31.png [0m- [0m- ms - -[0m
[0mGET /static/2018_12/26/testarticle_2e3b8790-08ef-11e9-ad62-ffd6d09e8faa.png [0m- [0m- ms - -[0m
[0mGET /static/articles/2018_12/26/testarticle_8bd113f0-08ec-11e9-bbf6-cbd8adb91c31.png [0m- [0m- ms - -[0m
[0mGET /static/articles/2018_12/25/upload_96aeac0a86457c64c035b475879847ce.png [0m- [0m- ms - -[0m
[0mGET /static/2018_12/26/testarticle_d9940a60-08ed-11e9-8f6f-c10927f14d23.png [0m- [0m- ms - -[0m
[0mOPTIONS /article/list?num=10&start=0 [0m- [0m- ms - -[0m
[0mOPTIONS /moment/list?num=10&start=0 [0m- [0m- ms - -[0m
[0mOPTIONS /user/detail [0m- [0m- ms - -[0m
[0mGET /article/list?num=10&start=0 [0m- [0m- ms - -[0m
[0mGET /moment/list?num=10&start=0 [0m- [0m- ms - -[0m
[0mGET /user/detail [0m- [0m- ms - -[0m
[0mGET /static/articles/2018_12/25/upload_96aeac0a86457c64c035b475879847ce.png [0m- [0m- ms - -[0m
[0mGET /static/articles/2018_12/26/testarticle_4c3968e0-08e3-11e9-bbf6-cbd8adb91c31.png [0m- [0m- ms - -[0m
[0mGET /static/2018_12/26/testarticle_2e3b8790-08ef-11e9-ad62-ffd6d09e8faa.png [0m- [0m- ms - -[0m
[0mGET /static/articles/2018_12/26/testarticle_8bd113f0-08ec-11e9-bbf6-cbd8adb91c31.png [0m- [0m- ms - -[0m
[0mGET /static/2018_12/26/testarticle_d9940a60-08ed-11e9-8f6f-c10927f14d23.png [0m- [0m- ms - -[0m
[0mGET /static/2019_2/12/upload_6160fff7225ebf9f097e357b5c8d5591.png [0m- [0m- ms - -[0m
[0mGET /static/2019_2/12/upload_f99882e35be089bc0a6180164e3a35b9.jpg [0m- [0m- ms - -[0m
[0mGET /static/2019_2/12/upload_da8150df07283612102e760b17e982fe.jpg [0m- [0m- ms - -[0m
[0mGET / [0m- [0m- ms - -[0m
[0mGET /static/2019_2/12/upload_6c8750929002f25d5092d5fa3442bcb8.png [0m- [0m- ms - -[0m
[0mGET /static/2019_2/12/upload_89b0e491ca3017fa9b08c43bf17079cf.png [0m- [0m- ms - -[0m
[0mOPTIONS /moment/list?num=10&start=0 [0m- [0m- ms - -[0m
[0mGET /moment/list?num=10&start=0 [0m- [0m- ms - -[0m
[0mOPTIONS /article/list?num=10&start=0 [0m- [0m- ms - -[0m
[0mGET /moment/list?num=10&start=0 [0m- [0m- ms - -[0m
[0mOPTIONS /user/detail [0m- [0m- ms - -[0m
[0mGET /article/list?num=10&start=0 [0m- [0m- ms - -[0m
[0mGET /user/detail [0m- [0m- ms - -[0m
[0mGET /static/articles/2018_12/26/testarticle_8bd113f0-08ec-11e9-bbf6-cbd8adb91c31.png [0m- [0m- ms - -[0m
[0mGET /static/2018_12/26/testarticle_2e3b8790-08ef-11e9-ad62-ffd6d09e8faa.png [0m- [0m- ms - -[0m
[0mGET /static/articles/2018_12/26/testarticle_4c3968e0-08e3-11e9-bbf6-cbd8adb91c31.png [0m- [0m- ms - -[0m
[0mGET /static/articles/2018_12/25/upload_96aeac0a86457c64c035b475879847ce.png [0m- [0m- ms - -[0m
[0mGET /static/2018_12/26/testarticle_d9940a60-08ed-11e9-8f6f-c10927f14d23.png [0m- [0m- ms - -[0m
[0mGET /static/2019_2/12/upload_89b0e491ca3017fa9b08c43bf17079cf.png [0m- [0m- ms - -[0m
[0mGET /static/2019_2/12/upload_da8150df07283612102e760b17e982fe.jpg [0m- [0m- ms - -[0m
[0mGET / [0m- [0m- ms - -[0m
[0mGET /static/2019_2/12/upload_6c8750929002f25d5092d5fa3442bcb8.png [0m- [0m- ms - -[0m
[0mGET /static/2019_2/12/upload_6160fff7225ebf9f097e357b5c8d5591.png [0m- [0m- ms - -[0m
[0mGET /static/2019_2/12/upload_f99882e35be089bc0a6180164e3a35b9.jpg [0m- [0m- ms - -[0m
[0mOPTIONS /article/list?num=10&start=0 [0m- [0m- ms - -[0m
[0mOPTIONS /moment/list?num=10&start=0 [0m- [0m- ms - -[0m
[0mOPTIONS /user/detail [0m- [0m- ms - -[0m
[0mGET /article/list?num=10&start=0 [0m- [0m- ms - -[0m
[0mGET /moment/list?num=10&start=0 [0m- [0m- ms - -[0m
[0mGET /user/detail [0m- [0m- ms - -[0m
[0mGET /static/2018_12/26/testarticle_2e3b8790-08ef-11e9-ad62-ffd6d09e8faa.png [0m- [0m- ms - -[0m
[0mGET /static/2018_12/26/testarticle_d9940a60-08ed-11e9-8f6f-c10927f14d23.png [0m- [0m- ms - -[0m
[0mGET /static/articles/2018_12/25/upload_96aeac0a86457c64c035b475879847ce.png [0m- [0m- ms - -[0m
[0mGET /static/articles/2018_12/26/testarticle_8bd113f0-08ec-11e9-bbf6-cbd8adb91c31.png [0m- [0m- ms - -[0m
[0mGET /static/articles/2018_12/26/testarticle_4c3968e0-08e3-11e9-bbf6-cbd8adb91c31.png [0m- [0m- ms - -[0m
[0mOPTIONS /user/login [0m- [0m- ms - -[0m
[0mPOST /user/login [0m- [0m- ms - -[0m
[0mOPTIONS /article/list?num=10&start=0 [0m- [0m- ms - -[0m
[0mOPTIONS /moment/list?num=10&start=0 [0m- [0m- ms - -[0m
[0mOPTIONS /user/detail [0m- [0m- ms - -[0m
[0mGET /article/list?num=10&start=0 [0m- [0m- ms - -[0m
[0mGET /moment/list?num=10&start=0 [0m- [0m- ms - -[0m
[0mGET /user/detail [0m- [0m- ms - -[0m
[0mGET /static/2018_12/26/testarticle_2e3b8790-08ef-11e9-ad62-ffd6d09e8faa.png [0m- [0m- ms - -[0m
[0mGET /static/articles/2018_12/26/testarticle_8bd113f0-08ec-11e9-bbf6-cbd8adb91c31.png [0m- [0m- ms - -[0m
[0mGET /static/2018_12/26/testarticle_d9940a60-08ed-11e9-8f6f-c10927f14d23.png [0m- [0m- ms - -[0m
[0mGET /static/articles/2018_12/25/upload_96aeac0a86457c64c035b475879847ce.png [0m- [0m- ms - -[0m
[0mGET /static/articles/2018_12/26/testarticle_4c3968e0-08e3-11e9-bbf6-cbd8adb91c31.png [0m- [0m- ms - -[0m
[0mGET /static/2019_2/12/upload_6c8750929002f25d5092d5fa3442bcb8.png [0m- [0m- ms - -[0m
[0mGET / [0m- [0m- ms - -[0m
[0mGET /static/2019_2/12/upload_da8150df07283612102e760b17e982fe.jpg [0m- [0m- ms - -[0m
[0mGET /static/2019_2/12/upload_89b0e491ca3017fa9b08c43bf17079cf.png [0m- [0m- ms - -[0m
[0mGET /static/2019_2/12/upload_6160fff7225ebf9f097e357b5c8d5591.png [0m- [0m- ms - -[0m
[0mGET /static/2019_2/12/upload_f99882e35be089bc0a6180164e3a35b9.jpg [0m- [0m- ms - -[0m
[0mGET /static/2019_2/12/upload_6160fff7225ebf9f097e357b5c8d5591.png [0m- [0m- ms - -[0m
[0mGET /static/2019_2/12/upload_da8150df07283612102e760b17e982fe.jpg [0m- [0m- ms - -[0m
[0mGET /static/2019_2/12/upload_89b0e491ca3017fa9b08c43bf17079cf.png [0m- [0m- ms - -[0m
[0mGET /static/2019_2/12/upload_f99882e35be089bc0a6180164e3a35b9.jpg [0m- [0m- ms - -[0m
[0mGET / [0m- [0m- ms - -[0m
[0mOPTIONS /article/list?num=10&start=0 [0m- [0m- ms - -[0m
[0mOPTIONS /moment/list?num=10&start=0 [0m- [0m- ms - -[0m
[0mOPTIONS /user/detail [0m- [0m- ms - -[0m
[0mGET /article/list?num=10&start=0 [0m- [0m- ms - -[0m
[0mGET /moment/list?num=10&start=0 [0m- [0m- ms - -[0m
[0mGET /user/detail [0m- [0m- ms - -[0m
[0mGET /static/2018_12/26/testarticle_2e3b8790-08ef-11e9-ad62-ffd6d09e8faa.png [0m- [0m- ms - -[0m
[0mGET /static/2018_12/26/testarticle_d9940a60-08ed-11e9-8f6f-c10927f14d23.png [0m- [0m- ms - -[0m
[0mGET /static/articles/2018_12/26/testarticle_8bd113f0-08ec-11e9-bbf6-cbd8adb91c31.png [0m- [0m- ms - -[0m
[0mGET /static/articles/2018_12/26/testarticle_4c3968e0-08e3-11e9-bbf6-cbd8adb91c31.png [0m- [0m- ms - -[0m
[0mGET /static/articles/2018_12/25/upload_96aeac0a86457c64c035b475879847ce.png [0m- [0m- ms - -[0m
[0mGET /static/2019_2/12/upload_6c8750929002f25d5092d5fa3442bcb8.png [0m- [0m- ms - -[0m
[0mGET /static/2019_2/12/upload_6160fff7225ebf9f097e357b5c8d5591.png [0m- [0m- ms - -[0m
[0mGET /static/2019_2/12/upload_89b0e491ca3017fa9b08c43bf17079cf.png [0m- [0m- ms - -[0m
[0mGET /static/2019_2/12/upload_6160fff7225ebf9f097e357b5c8d5591.png [0m- [0m- ms - -[0m
[0mGET /static/2019_2/12/upload_89b0e491ca3017fa9b08c43bf17079cf.png [0m- [0m- ms - -[0m
[0mGET / [0m- [0m- ms - -[0m
[0mGET /static/2019_2/12/upload_f99882e35be089bc0a6180164e3a35b9.jpg [0m- [0m- ms - -[0m
[0mGET /static/2019_2/12/upload_da8150df07283612102e760b17e982fe.jpg [0m- [0m- ms - -[0m
[0mGET / [0m- [0m- ms - -[0m
[0mGET / [0m- [0m- ms - -[0m
[0mOPTIONS /moment/list?num=10&start=10 [0m- [0m- ms - -[0m
[0mGET /moment/list?num=10&start=10 [0m- [0m- ms - -[0m
[0mGET / [0m- [0m- ms - -[0m
[0mGET / [0m- [0m- ms - -[0m
[0mGET / [0m- [0m- ms - -[0m
[0mGET / [0m- [0m- ms - -[0m
[0mGET / [0m- [0m- ms - -[0m
[0mGET /static/2018_12/20/upload_503aef1eeeeffe6586f3918b4c6c52ae.png [0m- [0m- ms - -[0m
[0mGET /static/2018_12/19/upload_fec46b676044c6b91d9c67e53013a2ad.png [0m- [0m- ms - -[0m
[0mGET / [0m- [0m- ms - -[0m
[0mGET /static/2019_2/12/upload_da8150df07283612102e760b17e982fe.jpg [0m- [0m- ms - -[0m
[0mGET / [0m- [0m- ms - -[0m
[0mGET /static/2019_2/12/upload_f99882e35be089bc0a6180164e3a35b9.jpg [0m- [0m- ms - -[0m
[0mGET / [0m- [0m- ms - -[0m
[0mGET /static/articles/2018_12/25/upload_11470f6a3667a3db2e832ce28cd476c2.png [0m- [0m- ms - -[0m
[0mOPTIONS /moment/list?num=10&start=0 [0m- [0m- ms - -[0m
[0mGET /moment/list?num=10&start=0 [0m- [0m- ms - -[0m
[0mGET /static/2019_2/12/upload_6160fff7225ebf9f097e357b5c8d5591.png [0m- [0m- ms - -[0m
[0mGET /static/2019_2/12/upload_89b0e491ca3017fa9b08c43bf17079cf.png [0m- [0m- ms - -[0m
[0mOPTIONS /moment/list?num=10&start=0 [0m- [0m- ms - -[0m
[0mGET /moment/list?num=10&start=0 [0m- [0m- ms - -[0m
[0mGET /static/2019_2/12/upload_6160fff7225ebf9f097e357b5c8d5591.png [0m- [0m- ms - -[0m
[0mGET /static/2019_2/12/upload_89b0e491ca3017fa9b08c43bf17079cf.png [0m- [0m- ms - -[0m
[0mGET /static/2019_2/12/upload_6160fff7225ebf9f097e357b5c8d5591.png [0m- [0m- ms - -[0m
[0mGET /static/2019_2/12/upload_89b0e491ca3017fa9b08c43bf17079cf.png [0m- [0m- ms - -[0m
[0mGET / [0m- [0m- ms - -[0m
[0mGET / [0m- [0m- ms - -[0m
[0mGET /static/2019_2/12/upload_f99882e35be089bc0a6180164e3a35b9.jpg [0m- [0m- ms - -[0m
[0mGET /static/2019_2/12/upload_da8150df07283612102e760b17e982fe.jpg [0m- [0m- ms - -[0m
[0mGET / [0m- [0m- ms - -[0m
[0mOPTIONS /moment/list?num=10&start=10 [0m- [0m- ms - -[0m
[0mGET /moment/list?num=10&start=10 [0m- [0m- ms - -[0m
[0mGET / [0m- [0m- ms - -[0m
[0mGET / [0m- [0m- ms - -[0m
[0mGET / [0m- [0m- ms - -[0m
[0mGET / [0m- [0m- ms - -[0m
[0mGET / [0m- [0m- ms - -[0m
[0mOPTIONS /article/list?num=10&start=0 [0m- [0m- ms - -[0m
[0mOPTIONS /moment/list?num=10&start=0 [0m- [0m- ms - -[0m
[0mOPTIONS /user/detail [0m- [0m- ms - -[0m
[0mGET /article/list?num=10&start=0 [0m- [0m- ms - -[0m
[0mGET /moment/list?num=10&start=0 [0m- [0m- ms - -[0m
[0mGET /user/detail [0m- [0m- ms - -[0m
[0mGET /static/2018_12/26/testarticle_2e3b8790-08ef-11e9-ad62-ffd6d09e8faa.png [0m- [0m- ms - -[0m
[0mGET /static/2018_12/26/testarticle_d9940a60-08ed-11e9-8f6f-c10927f14d23.png [0m- [0m- ms - -[0m
[0mGET /static/articles/2018_12/26/testarticle_8bd113f0-08ec-11e9-bbf6-cbd8adb91c31.png [0m- [0m- ms - -[0m
[0mGET /static/articles/2018_12/26/testarticle_4c3968e0-08e3-11e9-bbf6-cbd8adb91c31.png [0m- [0m- ms - -[0m
[0mGET /static/articles/2018_12/25/upload_96aeac0a86457c64c035b475879847ce.png [0m- [0m- ms - -[0m
[0mGET /static/2019_2/12/upload_6c8750929002f25d5092d5fa3442bcb8.png [0m- [0m- ms - -[0m
[0mGET /static/2019_2/12/upload_6160fff7225ebf9f097e357b5c8d5591.png [0m- [0m- ms - -[0m
[0mGET /static/2019_2/12/upload_89b0e491ca3017fa9b08c43bf17079cf.png [0m- [0m- ms - -[0m
[0mGET /static/2019_2/12/upload_6160fff7225ebf9f097e357b5c8d5591.png [0m- [0m- ms - -[0m
[0mGET /static/2019_2/12/upload_89b0e491ca3017fa9b08c43bf17079cf.png [0m- [0m- ms - -[0m
[0mGET / [0m- [0m- ms - -[0m
[0mGET /static/2019_2/12/upload_f99882e35be089bc0a6180164e3a35b9.jpg [0m- [0m- ms - -[0m
[0mGET /static/2019_2/12/upload_f99882e35be089bc0a6180164e3a35b9.jpg [0m- [0m- ms - -[0m
[0mGET /static/2019_2/12/upload_da8150df07283612102e760b17e982fe.jpg [0m- [0m- ms - -[0m
[0mGET / [0m- [0m- ms - -[0m
[0mGET / [0m- [0m- ms - -[0m
[0mOPTIONS /moment/list?num=10&start=10 [0m- [0m- ms - -[0m
[0mGET /moment/list?num=10&start=10 [0m- [0m- ms - -[0m
[0mGET / [0m- [0m- ms - -[0m
[0mGET / [0m- [0m- ms - -[0m
[0mGET /static/2018_12/19/upload_fec46b676044c6b91d9c67e53013a2ad.png [0m- [0m- ms - -[0m
[0mGET /static/2018_12/20/upload_503aef1eeeeffe6586f3918b4c6c52ae.png [0m- [0m- ms - -[0m
[0mGET /static/articles/2018_12/25/upload_11470f6a3667a3db2e832ce28cd476c2.png [0m- [0m- ms - -[0m
[0mGET / [0m- [0m- ms - -[0m
[0mOPTIONS /article/list?num=10&start=0 [0m- [0m- ms - -[0m
[0mOPTIONS /moment/list?num=10&start=0 [0m- [0m- ms - -[0m
[0mOPTIONS /user/detail [0m- [0m- ms - -[0m
[0mGET /article/list?num=10&start=0 [0m- [0m- ms - -[0m
[0mGET /moment/list?num=10&start=0 [0m- [0m- ms - -[0m
[0mGET /user/detail [0m- [0m- ms - -[0m
[0mGET /static/2018_12/26/testarticle_2e3b8790-08ef-11e9-ad62-ffd6d09e8faa.png [0m- [0m- ms - -[0m
[0mGET /static/2018_12/26/testarticle_d9940a60-08ed-11e9-8f6f-c10927f14d23.png [0m- [0m- ms - -[0m
[0mGET /static/articles/2018_12/26/testarticle_8bd113f0-08ec-11e9-bbf6-cbd8adb91c31.png [0m- [0m- ms - -[0m
[0mGET /static/articles/2018_12/26/testarticle_4c3968e0-08e3-11e9-bbf6-cbd8adb91c31.png [0m- [0m- ms - -[0m
[0mGET /static/articles/2018_12/25/upload_96aeac0a86457c64c035b475879847ce.png [0m- [0m- ms - -[0m
[0mGET /static/2019_2/12/upload_6c8750929002f25d5092d5fa3442bcb8.png [0m- [0m- ms - -[0m
[0mGET /static/2019_2/12/upload_6160fff7225ebf9f097e357b5c8d5591.png [0m- [0m- ms - -[0m
[0mGET /static/2019_2/12/upload_89b0e491ca3017fa9b08c43bf17079cf.png [0m- [0m- ms - -[0m
[0mGET /static/2019_2/12/upload_6160fff7225ebf9f097e357b5c8d5591.png [0m- [0m- ms - -[0m
[0mGET /static/2019_2/12/upload_89b0e491ca3017fa9b08c43bf17079cf.png [0m- [0m- ms - -[0m
[0mGET / [0m- [0m- ms - -[0m
[0mGET /static/2019_2/12/upload_f99882e35be089bc0a6180164e3a35b9.jpg [0m- [0m- ms - -[0m
[0mGET /static/2019_2/12/upload_da8150df07283612102e760b17e982fe.jpg [0m- [0m- ms - -[0m
[0mGET / [0m- [0m- ms - -[0m
[0mGET / [0m- [0m- ms - -[0m
[0mOPTIONS /moment/list?num=10&start=10 [0m- [0m- ms - -[0m
[0mGET /moment/list?num=10&start=10 [0m- [0m- ms - -[0m
[0mGET / [0m- [0m- ms - -[0m
[0mGET / [0m- [0m- ms - -[0m
[0mGET /static/2018_12/19/upload_fec46b676044c6b91d9c67e53013a2ad.png [0m- [0m- ms - -[0m
[0mGET /static/2018_12/20/upload_503aef1eeeeffe6586f3918b4c6c52ae.png [0m- [0m- ms - -[0m
[0mGET / [0m- [0m- ms - -[0m
[0mGET / [0m- [0m- ms - -[0m
[0mGET / [0m- [0m- ms - -[0m
[0mOPTIONS /article/list?num=10&start=0 [0m- [0m- ms - -[0m
[0mOPTIONS /moment/list?num=10&start=0 [0m- [0m- ms - -[0m
[0mOPTIONS /user/detail [0m- [0m- ms - -[0m
[0mGET /article/list?num=10&start=0 [0m- [0m- ms - -[0m
[0mGET /moment/list?num=10&start=0 [0m- [0m- ms - -[0m
[0mGET /user/detail [0m- [0m- ms - -[0m
[0mGET /static/articles/2018_12/26/testarticle_4c3968e0-08e3-11e9-bbf6-cbd8adb91c31.png [0m- [0m- ms - -[0m
[0mGET /static/articles/2018_12/25/upload_96aeac0a86457c64c035b475879847ce.png [0m- [0m- ms - -[0m
[0mGET /static/2018_12/26/testarticle_2e3b8790-08ef-11e9-ad62-ffd6d09e8faa.png [0m- [0m- ms - -[0m
[0mGET /static/articles/2018_12/26/testarticle_8bd113f0-08ec-11e9-bbf6-cbd8adb91c31.png [0m- [0m- ms - -[0m
[0mGET /static/2018_12/26/testarticle_d9940a60-08ed-11e9-8f6f-c10927f14d23.png [0m- [0m- ms - -[0m
[0mGET /static/2019_2/12/upload_6c8750929002f25d5092d5fa3442bcb8.png [0m- [0m- ms - -[0m
[0mGET /static/2019_2/12/upload_6160fff7225ebf9f097e357b5c8d5591.png [0m- [0m- ms - -[0m
[0mGET /static/2019_2/12/upload_89b0e491ca3017fa9b08c43bf17079cf.png [0m- [0m- ms - -[0m
[0mGET /static/2019_2/12/upload_6160fff7225ebf9f097e357b5c8d5591.png [0m- [0m- ms - -[0m
[0mGET /static/2019_2/12/upload_89b0e491ca3017fa9b08c43bf17079cf.png [0m- [0m- ms - -[0m
[0mGET / [0m- [0m- ms - -[0m
[0mGET / [0m- [0m- ms - -[0m
[0mGET /static/2019_2/12/upload_f99882e35be089bc0a6180164e3a35b9.jpg [0m- [0m- ms - -[0m
[0mOPTIONS /moment/list?num=10&start=0 [0m- [0m- ms - -[0m
[0mGET /moment/list?num=10&start=0 [0m- [0m- ms - -[0m
[0mOPTIONS /moment/list?num=10&start=10 [0m- [0m- ms - -[0m
[0mGET /moment/list?num=10&start=10 [0m- [0m- ms - -[0m
[0mGET / [0m- [0m- ms - -[0m
[0mGET / [0m- [0m- ms - -[0m
[0mGET / [0m- [0m- ms - -[0m
[0mGET /static/2018_12/20/upload_503aef1eeeeffe6586f3918b4c6c52ae.png [0m- [0m- ms - -[0m
[0mGET /static/2018_12/19/upload_fec46b676044c6b91d9c67e53013a2ad.png [0m- [0m- ms - -[0m
[0mGET / [0m- [0m- ms - -[0m
[0mGET /static/2019_2/12/upload_f99882e35be089bc0a6180164e3a35b9.jpg [0m- [0m- ms - -[0m
[0mGET /static/2019_2/12/upload_da8150df07283612102e760b17e982fe.jpg [0m- [0m- ms - -[0m
[0mGET / [0m- [0m- ms - -[0m
[0mGET /static/2019_2/12/upload_da8150df07283612102e760b17e982fe.jpg [0m- [0m- ms - -[0m
[0mOPTIONS /moment/list?num=10&start=0 [0m- [0m- ms - -[0m
[0mGET /moment/list?num=10&start=0 [0m- [0m- ms - -[0m
[0mOPTIONS /moment/list?num=10&start=0 [0m- [0m- ms - -[0m
[0mGET /moment/list?num=10&start=0 [0m- [0m- ms - -[0m
[0mGET / [0m- [0m- ms - -[0m
[0mGET / [0m- [0m- ms - -[0m
[0mGET / [0m- [0m- ms - -[0m
[0mOPTIONS /moment/list?num=10&start=0 [0m- [0m- ms - -[0m
[0mGET /moment/list?num=10&start=0 [0m- [0m- ms - -[0m
[0mOPTIONS /article/list?num=10&start=0 [0m- [0m- ms - -[0m
[0mOPTIONS /moment/list?num=10&start=0 [0m- [0m- ms - -[0m
[0mOPTIONS /user/detail [0m- [0m- ms - -[0m
[0mGET /article/list?num=10&start=0 [0m- [0m- ms - -[0m
[0mGET /moment/list?num=10&start=0 [0m- [0m- ms - -[0m
[0mGET /user/detail [0m- [0m- ms - -[0m
[0mGET /static/2018_12/26/testarticle_2e3b8790-08ef-11e9-ad62-ffd6d09e8faa.png [0m- [0m- ms - -[0m
[0mGET /static/2018_12/26/testarticle_d9940a60-08ed-11e9-8f6f-c10927f14d23.png [0m- [0m- ms - -[0m
[0mGET /static/articles/2018_12/26/testarticle_8bd113f0-08ec-11e9-bbf6-cbd8adb91c31.png [0m- [0m- ms - -[0m
[0mGET /static/articles/2018_12/26/testarticle_4c3968e0-08e3-11e9-bbf6-cbd8adb91c31.png [0m- [0m- ms - -[0m
[0mOPTIONS /article/list?num=10&start=0 [0m- [0m- ms - -[0m
[0mOPTIONS /moment/list?num=10&start=0 [0m- [0m- ms - -[0m
[0mOPTIONS /user/detail [0m- [0m- ms - -[0m
[0mGET /article/list?num=10&start=0 [0m- [0m- ms - -[0m
[0mGET /moment/list?num=10&start=0 [0m- [0m- ms - -[0m
[0mGET /user/detail [0m- [0m- ms - -[0m
[0mGET /static/2018_12/26/testarticle_2e3b8790-08ef-11e9-ad62-ffd6d09e8faa.png [0m- [0m- ms - -[0m
[0mGET /static/2018_12/26/testarticle_d9940a60-08ed-11e9-8f6f-c10927f14d23.png [0m- [0m- ms - -[0m
[0mGET /static/articles/2018_12/26/testarticle_8bd113f0-08ec-11e9-bbf6-cbd8adb91c31.png [0m- [0m- ms - -[0m
[0mGET /static/articles/2018_12/26/testarticle_4c3968e0-08e3-11e9-bbf6-cbd8adb91c31.png [0m- [0m- ms - -[0m
[0mGET /static/2019_2/12/upload_6c8750929002f25d5092d5fa3442bcb8.png [0m- [0m- ms - -[0m
[0mGET /static/2019_2/12/upload_6160fff7225ebf9f097e357b5c8d5591.png [0m- [0m- ms - -[0m
[0mGET /static/2019_2/12/upload_89b0e491ca3017fa9b08c43bf17079cf.png [0m- [0m- ms - -[0m
[0mGET / [0m- [0m- ms - -[0m
[0mGET /static/2019_2/12/upload_f99882e35be089bc0a6180164e3a35b9.jpg [0m- [0m- ms - -[0m
[0mGET /static/2019_2/12/upload_da8150df07283612102e760b17e982fe.jpg [0m- [0m- ms - -[0m
[0mGET / [0m- [0m- ms - -[0m
[0mGET / [0m- [0m- ms - -[0m
[0mOPTIONS /moment/list?num=10&start=10 [0m- [0m- ms - -[0m
[0mGET /moment/list?num=10&start=10 [0m- [0m- ms - -[0m
[0mOPTIONS /user/login [0m- [0m- ms - -[0m
[0mPOST /user/login [0m- [0m- ms - -[0m
[0mOPTIONS /article/list?num=10&start=0 [0m- [0m- ms - -[0m
[0mOPTIONS /moment/list?num=10&start=0 [0m- [0m- ms - -[0m
[0mOPTIONS /user/detail [0m- [0m- ms - -[0m
[0mGET /article/list?num=10&start=0 [0m- [0m- ms - -[0m
[0mGET /moment/list?num=10&start=0 [0m- [0m- ms - -[0m
[0mGET /user/detail [0m- [0m- ms - -[0m
[0mGET /static/2018_12/26/testarticle_2e3b8790-08ef-11e9-ad62-ffd6d09e8faa.png [0m- [0m- ms - -[0m
[0mGET /static/2018_12/26/testarticle_d9940a60-08ed-11e9-8f6f-c10927f14d23.png [0m- [0m- ms - -[0m
[0mGET /static/articles/2018_12/26/testarticle_8bd113f0-08ec-11e9-bbf6-cbd8adb91c31.png [0m- [0m- ms - -[0m
[0mGET /static/articles/2018_12/26/testarticle_4c3968e0-08e3-11e9-bbf6-cbd8adb91c31.png [0m- [0m- ms - -[0m
[0mGET /static/2019_2/12/upload_6c8750929002f25d5092d5fa3442bcb8.png [0m- [0m- ms - -[0m
[0mGET /static/2019_2/12/upload_6160fff7225ebf9f097e357b5c8d5591.png [0m- [0m- ms - -[0m
[0mGET /static/2019_2/12/upload_89b0e491ca3017fa9b08c43bf17079cf.png [0m- [0m- ms - -[0m
[0mGET / [0m- [0m- ms - -[0m
[0mGET /static/2019_2/12/upload_f99882e35be089bc0a6180164e3a35b9.jpg [0m- [0m- ms - -[0m
[0mGET /static/2019_2/12/upload_da8150df07283612102e760b17e982fe.jpg [0m- [0m- ms - -[0m
[0mGET / [0m- [0m- ms - -[0m
[0mGET / [0m- [0m- ms - -[0m
[0mOPTIONS /moment/list?num=10&start=10 [0m- [0m- ms - -[0m
[0mGET /moment/list?num=10&start=10 [0m- [0m- ms - -[0m
[0mGET / [0m- [0m- ms - -[0m
[0mGET / [0m- [0m- ms - -[0m
[0mGET / [0m- [0m- ms - -[0m
[0mGET /static/2018_12/20/upload_503aef1eeeeffe6586f3918b4c6c52ae.png [0m- [0m- ms - -[0m
[0mGET /static/2018_12/19/upload_fec46b676044c6b91d9c67e53013a2ad.png [0m- [0m- ms - -[0m
[0mOPTIONS /article/list?num=10&start=0 [0m- [0m- ms - -[0m
[0mOPTIONS /moment/list?num=10&start=0 [0m- [0m- ms - -[0m
[0mOPTIONS /user/detail [0m- [0m- ms - -[0m
[0mGET /article/list?num=10&start=0 [0m- [0m- ms - -[0m
[0mGET /moment/list?num=10&start=0 [0m- [0m- ms - -[0m
[0mGET /user/detail [0m- [0m- ms - -[0m
[0mGET /static/2018_12/26/testarticle_2e3b8790-08ef-11e9-ad62-ffd6d09e8faa.png [0m- [0m- ms - -[0m
[0mGET /static/2018_12/26/testarticle_d9940a60-08ed-11e9-8f6f-c10927f14d23.png [0m- [0m- ms - -[0m
[0mGET /static/articles/2018_12/26/testarticle_8bd113f0-08ec-11e9-bbf6-cbd8adb91c31.png [0m- [0m- ms - -[0m
[0mGET /static/articles/2018_12/26/testarticle_4c3968e0-08e3-11e9-bbf6-cbd8adb91c31.png [0m- [0m- ms - -[0m
[0mGET /static/articles/2018_12/25/upload_96aeac0a86457c64c035b475879847ce.png [0m- [0m- ms - -[0m
[0mGET /static/articles/2018_12/25/upload_11470f6a3667a3db2e832ce28cd476c2.png [0m- [0m- ms - -[0m
[0mGET /static/2019_2/12/upload_6c8750929002f25d5092d5fa3442bcb8.png [0m- [0m- ms - -[0m
[0mGET /static/2019_2/12/upload_6160fff7225ebf9f097e357b5c8d5591.png [0m- [0m- ms - -[0m
[0mGET /static/2019_2/12/upload_89b0e491ca3017fa9b08c43bf17079cf.png [0m- [0m- ms - -[0m
[0mGET / [0m- [0m- ms - -[0m
[0mGET /static/2019_2/12/upload_f99882e35be089bc0a6180164e3a35b9.jpg [0m- [0m- ms - -[0m
[0mGET /static/2019_2/12/upload_da8150df07283612102e760b17e982fe.jpg [0m- [0m- ms - -[0m
[0mGET / [0m- [0m- ms - -[0m
[0mGET / [0m- [0m- ms - -[0m
[0mGET / [0m- [0m- ms - -[0m
[0mGET / [0m- [0m- ms - -[0m
[0mOPTIONS /moment/list?num=10&start=10 [0m- [0m- ms - -[0m
[0mGET /moment/list?num=10&start=10 [0m- [0m- ms - -[0m
[0mGET / [0m- [0m- ms - -[0m
[0mGET /static/2018_12/20/upload_503aef1eeeeffe6586f3918b4c6c52ae.png [0m- [0m- ms - -[0m
[0mGET /static/2018_12/19/upload_fec46b676044c6b91d9c67e53013a2ad.png [0m- [0m- ms - -[0m
[0mOPTIONS /article/list?num=10&start=0 [0m- [0m- ms - -[0m
[0mOPTIONS /moment/list?num=10&start=0 [0m- [0m- ms - -[0m
[0mOPTIONS /user/detail [0m- [0m- ms - -[0m
[0mGET /article/list?num=10&start=0 [0m- [0m- ms - -[0m
[0mGET /moment/list?num=10&start=0 [0m- [0m- ms - -[0m
[0mGET /user/detail [0m- [0m- ms - -[0m
[0mGET /static/2018_12/26/testarticle_2e3b8790-08ef-11e9-ad62-ffd6d09e8faa.png [0m- [0m- ms - -[0m
[0mGET /static/2018_12/26/testarticle_d9940a60-08ed-11e9-8f6f-c10927f14d23.png [0m- [0m- ms - -[0m
[0mGET /static/articles/2018_12/26/testarticle_8bd113f0-08ec-11e9-bbf6-cbd8adb91c31.png [0m- [0m- ms - -[0m
[0mGET /static/articles/2018_12/26/testarticle_4c3968e0-08e3-11e9-bbf6-cbd8adb91c31.png [0m- [0m- ms - -[0m
[0mGET /static/2019_2/12/upload_6c8750929002f25d5092d5fa3442bcb8.png [0m- [0m- ms - -[0m
[0mGET /static/2019_2/12/upload_6160fff7225ebf9f097e357b5c8d5591.png [0m- [0m- ms - -[0m
[0mGET /static/2019_2/12/upload_89b0e491ca3017fa9b08c43bf17079cf.png [0m- [0m- ms - -[0m
[0mGET / [0m- [0m- ms - -[0m
[0mOPTIONS /moment/list?num=10&start=0 [0m- [0m- ms - -[0m
[0mGET /moment/list?num=10&start=0 [0m- [0m- ms - -[0m
[0mGET /static/2019_2/12/upload_f99882e35be089bc0a6180164e3a35b9.jpg [0m- [0m- ms - -[0m
[0mGET /static/2019_2/12/upload_da8150df07283612102e760b17e982fe.jpg [0m- [0m- ms - -[0m
[0mGET /static/2019_2/12/upload_986d9db9d3f2c349a2d4fed204e83716.png [0m- [0m- ms - -[0m
[0mGET / [0m- [0m- ms - -[0m
[0mGET /moment/list?num=10&start=0 [0m- [0m- ms - -[0m
[0mGET /static/2019_2/12/upload_6c8750929002f25d5092d5fa3442bcb8.png [0m- [0m- ms - -[0m
[0mGET /static/2019_2/12/upload_6160fff7225ebf9f097e357b5c8d5591.png [0m- [0m- ms - -[0m
[0mGET /static/2019_2/12/upload_89b0e491ca3017fa9b08c43bf17079cf.png [0m- [0m- ms - -[0m
[0mGET / [0m- [0m- ms - -[0m
[0mOPTIONS /moment/list?num=10&start=0 [0m- [0m- ms - -[0m
[0mGET /moment/list?num=10&start=0 [0m- [0m- ms - -[0m
[0mGET /static/2019_2/12/upload_f99882e35be089bc0a6180164e3a35b9.jpg [0m- [0m- ms - -[0m
[0mGET /static/2019_2/12/upload_da8150df07283612102e760b17e982fe.jpg [0m- [0m- ms - -[0m
[0mGET /static/2019_2/12/upload_986d9db9d3f2c349a2d4fed204e83716.png [0m- [0m- ms - -[0m
[0mGET / [0m- [0m- ms - -[0m
[0mGET / [0m- [0m- ms - -[0m
[0mGET / [0m- [0m- ms - -[0m
[0mOPTIONS /article/list?num=10&start=0 [0m- [0m- ms - -[0m
[0mOPTIONS /moment/list?num=10&start=0 [0m- [0m- ms - -[0m
[0mOPTIONS /user/detail [0m- [0m- ms - -[0m
[0mGET /article/list?num=10&start=0 [0m- [0m- ms - -[0m
[0mGET /moment/list?num=10&start=0 [0m- [0m- ms - -[0m
[0mGET /user/detail [0m- [0m- ms - -[0m
[0mGET /static/2018_12/26/testarticle_2e3b8790-08ef-11e9-ad62-ffd6d09e8faa.png [0m- [0m- ms - -[0m
[0mGET /static/2018_12/26/testarticle_d9940a60-08ed-11e9-8f6f-c10927f14d23.png [0m- [0m- ms - -[0m
[0mGET /static/articles/2018_12/26/testarticle_8bd113f0-08ec-11e9-bbf6-cbd8adb91c31.png [0m- [0m- ms - -[0m
[0mGET /static/articles/2018_12/26/testarticle_4c3968e0-08e3-11e9-bbf6-cbd8adb91c31.png [0m- [0m- ms - -[0m
[0mGET /static/2019_2/12/upload_6c8750929002f25d5092d5fa3442bcb8.png [0m- [0m- ms - -[0m
[0mGET /static/2019_2/12/upload_6160fff7225ebf9f097e357b5c8d5591.png [0m- [0m- ms - -[0m
[0mGET /static/2019_2/12/upload_89b0e491ca3017fa9b08c43bf17079cf.png [0m- [0m- ms - -[0m
[0mGET / [0m- [0m- ms - -[0m
[0mGET /static/2019_2/12/upload_f99882e35be089bc0a6180164e3a35b9.jpg [0m- [0m- ms - -[0m
[0mOPTIONS /moment/list?num=10&start=0 [0m- [0m- ms - -[0m
[0mGET /moment/list?num=10&start=0 [0m- [0m- ms - -[0m
[0mGET /static/2019_2/12/upload_da8150df07283612102e760b17e982fe.jpg [0m- [0m- ms - -[0m
[0mGET /static/2019_2/12/upload_986d9db9d3f2c349a2d4fed204e83716.png [0m- [0m- ms - -[0m
[0mGET / [0m- [0m- ms - -[0m
[0mGET /static/2019_2/12/upload_f99882e35be089bc0a6180164e3a35b9.jpg [0m- [0m- ms - -[0m
[0mGET / [0m- [0m- ms - -[0m
[0mGET / [0m- [0m- ms - -[0m
[0mGET /static/2019_2/12/upload_6160fff7225ebf9f097e357b5c8d5591.png [0m- [0m- ms - -[0m
[0mGET /static/2019_2/12/upload_89b0e491ca3017fa9b08c43bf17079cf.png [0m- [0m- ms - -[0m
[0mOPTIONS /moment/list?num=10&start=0 [0m- [0m- ms - -[0m
[0mGET /moment/list?num=10&start=0 [0m- [0m- ms - -[0m
[0mOPTIONS /user/login [0m- [0m- ms - -[0m
[0mPOST /user/login [0m- [0m- ms - -[0m
[0mOPTIONS /article/list?num=10&start=0 [0m- [0m- ms - -[0m
[0mOPTIONS /moment/list?num=10&start=0 [0m- [0m- ms - -[0m
[0mOPTIONS /user/detail [0m- [0m- ms - -[0m
[0mGET /article/list?num=10&start=0 [0m- [0m- ms - -[0m
[0mGET /moment/list?num=10&start=0 [0m- [0m- ms - -[0m
[0mGET /user/detail [0m- [0m- ms - -[0m
[0mGET /static/articles/2018_12/26/testarticle_4c3968e0-08e3-11e9-bbf6-cbd8adb91c31.png [0m- [0m- ms - -[0m
[0mGET /static/2018_12/26/testarticle_d9940a60-08ed-11e9-8f6f-c10927f14d23.png [0m- [0m- ms - -[0m
[0mGET /static/articles/2018_12/26/testarticle_8bd113f0-08ec-11e9-bbf6-cbd8adb91c31.png [0m- [0m- ms - -[0m
[0mGET /static/2018_12/26/testarticle_2e3b8790-08ef-11e9-ad62-ffd6d09e8faa.png [0m- [0m- ms - -[0m
[0mGET /static/2019_2/12/upload_6c8750929002f25d5092d5fa3442bcb8.png [0m- [0m- ms - -[0m
[0mGET /static/2019_2/12/upload_6160fff7225ebf9f097e357b5c8d5591.png [0m- [0m- ms - -[0m
[0mGET /static/2019_2/12/upload_89b0e491ca3017fa9b08c43bf17079cf.png [0m- [0m- ms - -[0m
[0mGET / [0m- [0m- ms - -[0m
[0mGET /static/2019_2/12/upload_f99882e35be089bc0a6180164e3a35b9.jpg [0m- [0m- ms - -[0m
[0mGET / [0m- [0m- ms - -[0m
[0mGET /static/2019_2/12/upload_da8150df07283612102e760b17e982fe.jpg [0m- [0m- ms - -[0m
[0mGET /static/2019_2/12/upload_986d9db9d3f2c349a2d4fed204e83716.png [0m- [0m- ms - -[0m
[0mGET / [0m- [0m- ms - -[0m
[0mGET /static/2019_2/12/upload_da8150df07283612102e760b17e982fe.jpg [0m- [0m- ms - -[0m
[0mOPTIONS /article/list?num=10&start=0 [0m- [0m- ms - -[0m
[0mOPTIONS /moment/list?num=10&start=0 [0m- [0m- ms - -[0m
[0mOPTIONS /user/detail [0m- [0m- ms - -[0m
[0mGET /article/list?num=10&start=0 [0m- [0m- ms - -[0m
[0mGET /moment/list?num=10&start=0 [0m- [0m- ms - -[0m
[0mGET /user/detail [0m- [0m- ms - -[0m
[0mGET /static/2019_2/12/upload_da8150df07283612102e760b17e982fe.jpg [0m- [0m- ms - -[0m
[0mGET /static/2019_2/12/upload_986d9db9d3f2c349a2d4fed204e83716.png [0m- [0m- ms - -[0m
[0mGET /static/2018_12/26/testarticle_2e3b8790-08ef-11e9-ad62-ffd6d09e8faa.png [0m- [0m- ms - -[0m
[0mGET /static/2018_12/26/testarticle_d9940a60-08ed-11e9-8f6f-c10927f14d23.png [0m- [0m- ms - -[0m
[0mGET /static/articles/2018_12/26/testarticle_8bd113f0-08ec-11e9-bbf6-cbd8adb91c31.png [0m- [0m- ms - -[0m
[0mGET /static/articles/2018_12/26/testarticle_4c3968e0-08e3-11e9-bbf6-cbd8adb91c31.png [0m- [0m- ms - -[0m
[0mGET /static/2019_2/12/upload_6c8750929002f25d5092d5fa3442bcb8.png [0m- [0m- ms - -[0m
[0mGET /static/2019_2/12/upload_6160fff7225ebf9f097e357b5c8d5591.png [0m- [0m- ms - -[0m
[0mGET /static/2019_2/12/upload_89b0e491ca3017fa9b08c43bf17079cf.png [0m- [0m- ms - -[0m
[0mGET / [0m- [0m- ms - -[0m
[0mGET /static/2019_2/12/upload_f99882e35be089bc0a6180164e3a35b9.jpg [0m- [0m- ms - -[0m
[0mGET / [0m- [0m- ms - -[0m
[0mGET / [0m- [0m- ms - -[0m
[0mGET /static/2019_2/12/upload_da8150df07283612102e760b17e982fe.jpg [0m- [0m- ms - -[0m
[0mGET /favicon.ico [0m- [0m- ms - -[0m
[0mGET / [0m- [0m- ms - -[0m
[0mGET / [0m- [0m- ms - -[0m
[0mOPTIONS /moment/list?num=10&start=10 [0m- [0m- ms - -[0m
[0mGET /moment/list?num=10&start=10 [0m- [0m- ms - -[0m
[0mGET /static/2018_12/20/upload_503aef1eeeeffe6586f3918b4c6c52ae.png [0m- [0m- ms - -[0m
[0mGET /static/2018_12/20/upload_f6e4451fe6440db8ab97bf36d42b9fc1.png [0m- [0m- ms - -[0m
[0mGET /static/2018_12/20/upload_95c1624c51724786f856b8c93207d5ab.png [0m- [0m- ms - -[0m
[0mGET /static/2018_12/20/upload_ddeeaa1dee8d303acc4ef97e9a163b7c.png [0m- [0m- ms - -[0m
[0mGET /static/2018_12/20/upload_db04922eae83ee07bba5d62c3d31fc4a.png [0m- [0m- ms - -[0m
[0mGET /static/2018_12/19/upload_fec46b676044c6b91d9c67e53013a2ad.png [0m- [0m- ms - -[0m
[0mGET /static/2018_12/19/upload_d6fa382008c75997bba6842579869cc0.png [0m- [0m- ms - -[0m
[0mGET /static/2018_12/19/upload_6a1cc0c3a8ad2ab0c96fddea5cc68911.png [0m- [0m- ms - -[0m
[0mGET /static/2018_12/19/upload_fbc8b0eb7269f7012a401b758ccf3cc3.png [0m- [0m- ms - -[0m
[0mGET /static/2018_12/19/upload_4b7cdb3b870804e1928c1ae3ec63748f.png [0m- [0m- ms - -[0m
[0mGET / [0m- [0m- ms - -[0m
[0mGET / [0m- [0m- ms - -[0m
[0mGET / [0m- [0m- ms - -[0m
[0mOPTIONS /article/list?num=10&start=0 [0m- [0m- ms - -[0m
[0mOPTIONS /moment/list?num=10&start=0 [0m- [0m- ms - -[0m
[0mOPTIONS /user/detail [0m- [0m- ms - -[0m
[0mGET /article/list?num=10&start=0 [0m- [0m- ms - -[0m
[0mGET /moment/list?num=10&start=0 [0m- [0m- ms - -[0m
[0mGET /user/detail [0m- [0m- ms - -[0m
[0mGET /static/2019_2/12/upload_da8150df07283612102e760b17e982fe.jpg [0m- [0m- ms - -[0m
[0mGET /static/2019_2/12/upload_986d9db9d3f2c349a2d4fed204e83716.png [0m- [0m- ms - -[0m
[0mGET /static/2018_12/26/testarticle_2e3b8790-08ef-11e9-ad62-ffd6d09e8faa.png [0m- [0m- ms - -[0m
[0mGET /static/2018_12/26/testarticle_d9940a60-08ed-11e9-8f6f-c10927f14d23.png [0m- [0m- ms - -[0m
[0mGET /static/articles/2018_12/26/testarticle_8bd113f0-08ec-11e9-bbf6-cbd8adb91c31.png [0m- [0m- ms - -[0m
[0mGET /static/articles/2018_12/26/testarticle_4c3968e0-08e3-11e9-bbf6-cbd8adb91c31.png [0m- [0m- ms - -[0m
[0mGET /static/2019_2/12/upload_6c8750929002f25d5092d5fa3442bcb8.png [0m- [0m- ms - -[0m
[0mGET /static/2019_2/12/upload_6160fff7225ebf9f097e357b5c8d5591.png [0m- [0m- ms - -[0m
[0mGET /static/2019_2/12/upload_89b0e491ca3017fa9b08c43bf17079cf.png [0m- [0m- ms - -[0m
[0mGET / [0m- [0m- ms - -[0m
[0mGET /static/2019_2/12/upload_f99882e35be089bc0a6180164e3a35b9.jpg [0m- [0m- ms - -[0m
[0mGET / [0m- [0m- ms - -[0m
[0mOPTIONS /moment/list?num=10&start=10 [0m- [0m- ms - -[0m
[0mGET /moment/list?num=10&start=10 [0m- [0m- ms - -[0m
[0mGET /static/2018_12/20/upload_503aef1eeeeffe6586f3918b4c6c52ae.png [0m- [0m- ms - -[0m
[0mGET /static/2018_12/20/upload_f6e4451fe6440db8ab97bf36d42b9fc1.png [0m- [0m- ms - -[0m
[0mGET /static/2018_12/20/upload_ddeeaa1dee8d303acc4ef97e9a163b7c.png [0m- [0m- ms - -[0m
[0mGET /static/2018_12/20/upload_95c1624c51724786f856b8c93207d5ab.png [0m- [0m- ms - -[0m
[0mGET /static/2018_12/20/upload_db04922eae83ee07bba5d62c3d31fc4a.png [0m- [0m- ms - -[0m
[0mGET /static/2018_12/19/upload_fec46b676044c6b91d9c67e53013a2ad.png [0m- [0m- ms - -[0m
[0mGET /static/2018_12/19/upload_d6fa382008c75997bba6842579869cc0.png [0m- [0m- ms - -[0m
[0mGET /static/2018_12/19/upload_6a1cc0c3a8ad2ab0c96fddea5cc68911.png [0m- [0m- ms - -[0m
[0mGET /static/2018_12/19/upload_fbc8b0eb7269f7012a401b758ccf3cc3.png [0m- [0m- ms - -[0m
[0mGET /static/2018_12/19/upload_4b7cdb3b870804e1928c1ae3ec63748f.png [0m- [0m- ms - -[0m
[0mGET / [0m- [0m- ms - -[0m
[0mGET / [0m- [0m- ms - -[0m
[0mGET / [0m- [0m- ms - -[0m
[0mGET /static/2019_2/12/upload_da8150df07283612102e760b17e982fe.jpg [0m- [0m- ms - -[0m
[0mGET /static/2019_2/12/upload_986d9db9d3f2c349a2d4fed204e83716.png [0m- [0m- ms - -[0m
[0mGET / [0m- [0m- ms - -[0m
[0mGET /static/2019_2/12/upload_da8150df07283612102e760b17e982fe.jpg [0m- [0m- ms - -[0m
[0mGET /static/2019_2/12/upload_986d9db9d3f2c349a2d4fed204e83716.png [0m- [0m- ms - -[0m
[0mGET / [0m- [0m- ms - -[0m
[0mGET / [0m- [0m- ms - -[0m
[0mGET / [0m- [0m- ms - -[0m
[0mOPTIONS /moment/create [0m- [0m- ms - -[0m
[0mPOST /moment/create [0m- [0m- ms - -[0m
[0mGET / [0m- [0m- ms - -[0m
[0mGET /static/2019_2/12/upload_89b0e491ca3017fa9b08c43bf17079cf.png [0m- [0m- ms - -[0m
[0mGET / [0m- [0m- ms - -[0m
[0mGET /static/2019_2/12/upload_f99882e35be089bc0a6180164e3a35b9.jpg [0m- [0m- ms - -[0m
[0mGET /static/2019_2/12/upload_6160fff7225ebf9f097e357b5c8d5591.png [0m- [0m- ms - -[0m
[0mOPTIONS /moment/list?num=10&start=0 [0m- [0m- ms - -[0m
[0mGET /moment/list?num=10&start=0 [0m- [0m- ms - -[0m
[0mGET /static/2019_2/12/upload_41d8b4504f333d751b183306b73ff499.png [0m- [0m- ms - -[0m
[0mGET /static/2019_2/12/upload_3ab4b9fe9f60c4a7b1f9e96a909a02e2.png [0m- [0m- ms - -[0m
[0mGET /static/2019_2/12/upload_26738ae1971bdf7a4935c9896081e04a.png [0m- [0m- ms - -[0m
[0mGET /static/2019_2/12/upload_665ad0160c3128520cb5487fa8427be8.jpg [0m- [0m- ms - -[0m
[0mGET /moment/list?num=10&start=0 [0m- [0m- ms - -[0m
[0mOPTIONS /moment/list?num=10&start=0 [0m- [0m- ms - -[0m
[0mGET /moment/list?num=10&start=0 [0m- [0m- ms - -[0m
[0mGET / [0m- [0m- ms - -[0m
[0mGET / [0m- [0m- ms - -[0m
[0mOPTIONS /article/list?num=10&start=0 [0m- [0m- ms - -[0m
[0mOPTIONS /moment/list?num=10&start=0 [0m- [0m- ms - -[0m
[0mOPTIONS /user/detail [0m- [0m- ms - -[0m
[0mGET /article/list?num=10&start=0 [0m- [0m- ms - -[0m
[0mGET /moment/list?num=10&start=0 [0m- [0m- ms - -[0m
[0mGET /user/detail [0m- [0m- ms - -[0m
[0mGET /static/2019_2/12/upload_41d8b4504f333d751b183306b73ff499.png [0m- [0m- ms - -[0m
[0mGET /static/2019_2/12/upload_3ab4b9fe9f60c4a7b1f9e96a909a02e2.png [0m- [0m- ms - -[0m
[0mGET /static/2019_2/12/upload_26738ae1971bdf7a4935c9896081e04a.png [0m- [0m- ms - -[0m
[0mGET /static/2019_2/12/upload_665ad0160c3128520cb5487fa8427be8.jpg [0m- [0m- ms - -[0m
[0mGET /static/2019_2/12/upload_da8150df07283612102e760b17e982fe.jpg [0m- [0m- ms - -[0m
[0mGET /static/2019_2/12/upload_986d9db9d3f2c349a2d4fed204e83716.png [0m- [0m- ms - -[0m
[0mGET /static/2018_12/26/testarticle_2e3b8790-08ef-11e9-ad62-ffd6d09e8faa.png [0m- [0m- ms - -[0m
[0mGET /static/2018_12/26/testarticle_d9940a60-08ed-11e9-8f6f-c10927f14d23.png [0m- [0m- ms - -[0m
[0mGET /static/articles/2018_12/26/testarticle_8bd113f0-08ec-11e9-bbf6-cbd8adb91c31.png [0m- [0m- ms - -[0m
[0mGET /static/articles/2018_12/26/testarticle_4c3968e0-08e3-11e9-bbf6-cbd8adb91c31.png [0m- [0m- ms - -[0m
[0mGET /static/2019_2/12/upload_6c8750929002f25d5092d5fa3442bcb8.png [0m- [0m- ms - -[0m
[0mGET /static/2019_2/12/upload_6160fff7225ebf9f097e357b5c8d5591.png [0m- [0m- ms - -[0m
[0mGET /static/2019_2/12/upload_89b0e491ca3017fa9b08c43bf17079cf.png [0m- [0m- ms - -[0m
[0mOPTIONS /moment/list?num=10&start=10 [0m- [0m- ms - -[0m
[0mGET /moment/list?num=10&start=10 [0m- [0m- ms - -[0m
[0mGET /static/2018_12/20/upload_503aef1eeeeffe6586f3918b4c6c52ae.png [0m- [0m- ms - -[0m
[0mGET /static/2018_12/20/upload_f6e4451fe6440db8ab97bf36d42b9fc1.png [0m- [0m- ms - -[0m
[0mGET /static/2018_12/20/upload_95c1624c51724786f856b8c93207d5ab.png [0m- [0m- ms - -[0m
[0mGET /static/2018_12/20/upload_ddeeaa1dee8d303acc4ef97e9a163b7c.png [0m- [0m- ms - -[0m
[0mGET /static/2018_12/20/upload_db04922eae83ee07bba5d62c3d31fc4a.png [0m- [0m- ms - -[0m
[0mGET /static/2018_12/19/upload_fec46b676044c6b91d9c67e53013a2ad.png [0m- [0m- ms - -[0m
[0mGET /static/2018_12/19/upload_d6fa382008c75997bba6842579869cc0.png [0m- [0m- ms - -[0m
[0mGET /static/2018_12/19/upload_6a1cc0c3a8ad2ab0c96fddea5cc68911.png [0m- [0m- ms - -[0m
[0mGET /static/2018_12/19/upload_fbc8b0eb7269f7012a401b758ccf3cc3.png [0m- [0m- ms - -[0m
[0mGET /static/2018_12/19/upload_4b7cdb3b870804e1928c1ae3ec63748f.png [0m- [0m- ms - -[0m
[0mGET / [0m- [0m- ms - -[0m
[0mGET / [0m- [0m- ms - -[0m
[0mGET / [0m- [0m- ms - -[0m
[0mGET / [0m- [0m- ms - -[0m
[0mGET / [0m- [0m- ms - -[0m
