[0mGET /user [32m200 [0m28.139 ms - 2480[0m
[0mPOST /user/validate [0m- [0m- ms - -[0m
[0mPOST /user/validate [0m- [0m- ms - -[0m
[0mPOST /user/validate [0m- [0m- ms - -[0m
[0mGET /user [32m200 [0m27.756 ms - 2480[0m
[0mPOST /user [0m- [0m- ms - -[0m
[0mGET /user [32m200 [0m7.749 ms - 2480[0m
[0mPOST /user [0m- [0m- ms - -[0m
[0mPOST /user [0m- [0m- ms - -[0m
[0mPOST /user [33m400 [0m1588.210 ms - 1081[0m
[0mPOST /user [0m- [0m- ms - -[0m
[0mPOST /user/validate [0m- [0m- ms - -[0m
[0mPOST /user/validate [0m- [0m- ms - -[0m
[0mPOST /user/validate [0m- [0m- ms - -[0m
[0mPOST /user/validate [0m- [0m- ms - -[0m
[0mPOST /user/validate [0m- [0m- ms - -[0m
[0mPOST /user/validate [0m- [0m- ms - -[0m
[0mPOST /user/validate [33m400 [0m16.896 ms - 973[0m
[0mPOST /user/validate [33m400 [0m19.506 ms - 1081[0m
[0mPOST /user/validate [33m400 [0m12.404 ms - 1081[0m
[0mPOST /user/validate [33m400 [0m18.167 ms - 1081[0m
[0mPOST /user/validate [33m400 [0m21.031 ms - 1081[0m
[0mPOST /user/validate [33m400 [0m23.625 ms - 1081[0m
[0mPOST /user/validate [33m400 [0m15.118 ms - 1081[0m
[0mPOST /user/validate [33m400 [0m11.525 ms - 1081[0m
[0mPOST /user/validate [33m400 [0m14.421 ms - 973[0m
[0mPOST /user/validate [33m400 [0m19.412 ms - 973[0m
[0mPOST /user/validate [0m- [0m- ms - -[0m
[0mPOST /user/validate [0m- [0m- ms - -[0m
[0mPOST /user/create [0m- [0m- ms - -[0m
[0mPOST /user/create [0m- [0m- ms - -[0m
[0mPOST /user/create [0m- [0m- ms - -[0m
[0mPOST /user/create [0m- [0m- ms - -[0m
[0mPOST /user/create [0m- [0m- ms - -[0m
[0mPOST /user/create [32m200 [0m12816.346 ms - 103[0m
[0mPOST /user/create [32m200 [0m5.686 ms - 103[0m
[0mPOST /user/create [32m200 [0m4.112 ms - 103[0m
[0mPOST /user/create [32m200 [0m5.214 ms - 103[0m
[0mPOST /user/create [32m200 [0m17.438 ms - 159[0m
[0mPOST /user/create [32m200 [0m17.993 ms - 198[0m
[0mPOST /user/create [32m200 [0m18.528 ms - 198[0m
[0mPOST /user/create [32m200 [0m17.664 ms - 159[0m
[0mPOST /user/create [32m200 [0m27.552 ms - 103[0m
