[0mGET /articles/create [0m- [0m- ms - -[0m
[0mGET /articles/create [0m- [0m- ms - -[0m
[0mGET /articles/create [0m- [0m- ms - -[0m
[0mGET /moment/list?num=10&start=0 [0m- [0m- ms - -[0m
[0mPOST /articles/create [0m- [0m- ms - -[0m
[0mPOST /articles/create [0m- [0m- ms - -[0m
[0mPOST /articles/create [0m- [0m- ms - -[0m
[0mPOST /articles/create [0m- [0m- ms - -[0m
[0mPOST /articles/create [0m- [0m- ms - -[0m
[0mPOST /articles/create [0m- [0m- ms - -[0m
[0mPOST /articles/create [0m- [0m- ms - -[0m
[0mPOST /articles/create [0m- [0m- ms - -[0m
[0mPOST /articles/create [0m- [0m- ms - -[0m
[0mPOST /moment/create [0m- [0m- ms - -[0m
[0mPOST /articles/create [0m- [0m- ms - -[0m
[0mPOST /articles/create [0m- [0m- ms - -[0m
[0mPOST /articles/create [0m- [0m- ms - -[0m
[0mPOST /articles/create [0m- [0m- ms - -[0m
[0mPOST /articles/create [0m- [0m- ms - -[0m
[0mPOST /articles/create [0m- [0m- ms - -[0m
[0mPOST /articles/create [0m- [0m- ms - -[0m
[0mPOST /articles/create [0m- [0m- ms - -[0m
[0mPOST /articles/create [0m- [0m- ms - -[0m
[0mPOST /articles/create [0m- [0m- ms - -[0m
[0mPOST /articles/create [0m- [0m- ms - -[0m
[0mPOST /articles/create [0m- [0m- ms - -[0m
[0mPOST /articles/create [0m- [0m- ms - -[0m
[0mPOST /articles/create [0m- [0m- ms - -[0m
[0mPOST /articles/create [0m- [0m- ms - -[0m
[0mPOST /articles/create [0m- [0m- ms - -[0m
[0mPOST /articles/create [0m- [0m- ms - -[0m
[0mPOST /articles/create [0m- [0m- ms - -[0m
[0mPOST /articles/create [0m- [0m- ms - -[0m
[0mPOST /articles/create [0m- [0m- ms - -[0m
[0mPOST /articles/create [0m- [0m- ms - -[0m
[0mPOST /articles/create [0m- [0m- ms - -[0m
[0mPOST /articles/create [0m- [0m- ms - -[0m
[0mPOST /articles/create [0m- [0m- ms - -[0m
[0mPOST /articles/create [0m- [0m- ms - -[0m
[0mPOST /articles/create [0m- [0m- ms - -[0m
[0mPOST /articles/create [0m- [0m- ms - -[0m
[0mPOST /articles/create [0m- [0m- ms - -[0m
[0mPOST /articles/create [0m- [0m- ms - -[0m
[0mPOST /articles/create [0m- [0m- ms - -[0m
[0mPOST /articles/create [0m- [0m- ms - -[0m
[0mPOST /articles/create [0m- [0m- ms - -[0m
[0mPOST /articles/create [0m- [0m- ms - -[0m
[0mPOST /articles/create [0m- [0m- ms - -[0m
[0mPOST /moment/create [0m- [0m- ms - -[0m
[0mPOST /moment/create [0m- [0m- ms - -[0m
[0mPOST /articles/create [0m- [0m- ms - -[0m
[0mPOST /articles/create [0m- [0m- ms - -[0m
[0mPOST /articles/create [0m- [0m- ms - -[0m
[0mPOST /articles/create [0m- [0m- ms - -[0m
[0mPOST /articles/create [0m- [0m- ms - -[0m
[0mGET /articles/create [0m- [0m- ms - -[0m
[0mGET /articles [0m- [0m- ms - -[0m
[0mGET /articles?num=10&start=0 [0m- [0m- ms - -[0m
[0mGET /articles?num=10&start=0 [0m- [0m- ms - -[0m
[0mGET /articles?num=10&start=0 [0m- [0m- ms - -[0m
[0mGET /articles?num=10&start=0 [0m- [0m- ms - -[0m
[0mGET /articles?num=10&start=0 [0m- [0m- ms - -[0m
[0mGET /articles?num=10&start=0 [0m- [0m- ms - -[0m
[0mGET /articles?num=10&start=0 [0m- [0m- ms - -[0m
[0mGET /articles?num=10&start=0 [0m- [0m- ms - -[0m
[0mGET /articles?num=10&start=0 [0m- [0m- ms - -[0m
[0mGET /articles?num=10&start=0 [0m- [0m- ms - -[0m
[0mGET /articles?num=10&start=0 [0m- [0m- ms - -[0m
[0mGET /articles?num=10&start=0 [0m- [0m- ms - -[0m
[0mGET /articles?num=10&start=0 [0m- [0m- ms - -[0m
[0mGET /articles?num=10&start=0 [0m- [0m- ms - -[0m
[0mGET /articles?num=10&start=0 [0m- [0m- ms - -[0m
