[0mOPTIONS /article/list?num=10&start=0 [0m- [0m- ms - -[0m
[0mGET /article/list?num=10&start=0 [0m- [0m- ms - -[0m
[0mGET /static/2019_4/23/%E5%B8%A6%E5%9B%BE%E7%89%87%E7%9A%84MD_92c35320-65ae-11e9-b1ce-57982af5fc2b.jpg [0m- [0m- ms - -[0m
[0mGET /static/2019_4/22/%E5%A4%A9%E8%8B%8D%E8%8B%8D%EF%BC%8C%E9%87%8E%E8%8C%AB%E8%8C%AB_9cad0f00-64bb-11e9-931f-3d610ea8ec54.png [0m- [0m- ms - -[0m
[0mGET /static/2019_4/16/Linkedcare%E7%9B%B8%E5%85%B3%E8%B4%A6%E5%8F%B7_360aee20-6010-11e9-91f7-e580dc957ee0.png [0m- [0m- ms - -[0m
[0mGET /static/2019_4/16/test-0416-001_3b210860-600e-11e9-91f7-e580dc957ee0.jpg [0m- [0m- ms - -[0m
[0mOPTIONS /moment/list?num=10&start=0 [0m- [0m- ms - -[0m
[0mGET /moment/list?num=10&start=0 [0m- [0m- ms - -[0m
[0mOPTIONS /user/replaceAccessToken?refreshToken=Bears+eyJhbGciOiJIUzI1NiIsInR5cCI6IkpXVCJ9.eyJ1c2VySWQiOiJkNzMxYWI3MC0wMzdlLTExZTktYjJjZS1hZmZkNzFkNTA3MDIiLCJob3N0bmFtZSI6IjE5Mi4xNjguMC4xMDciLCJpcCI6Ijo6ZmZmZjoxOTIuMTY4LjAuMTA3IiwiaWF0IjoxNTU2NzY4MjcwLCJleHAiOjE1NTc2MzIyNzB9.LSogB2d5hTf4zvIzTgngOt4_hr_CPOEz39k_C8hydRs [0m- [0m- ms - -[0m
[0mGET /user/replaceAccessToken?refreshToken=Bears+eyJhbGciOiJIUzI1NiIsInR5cCI6IkpXVCJ9.eyJ1c2VySWQiOiJkNzMxYWI3MC0wMzdlLTExZTktYjJjZS1hZmZkNzFkNTA3MDIiLCJob3N0bmFtZSI6IjE5Mi4xNjguMC4xMDciLCJpcCI6Ijo6ZmZmZjoxOTIuMTY4LjAuMTA3IiwiaWF0IjoxNTU2NzY4MjcwLCJleHAiOjE1NTc2MzIyNzB9.LSogB2d5hTf4zvIzTgngOt4_hr_CPOEz39k_C8hydRs [0m- [0m- ms - -[0m
[0mGET /moment/list?num=10&start=0 [0m- [0m- ms - -[0m
[0mGET /user/replaceAccessToken?refreshToken=Bears+eyJhbGciOiJIUzI1NiIsInR5cCI6IkpXVCJ9.eyJ1c2VySWQiOiJkNzMxYWI3MC0wMzdlLTExZTktYjJjZS1hZmZkNzFkNTA3MDIiLCJob3N0bmFtZSI6IjE5Mi4xNjguMC4xMDciLCJpcCI6Ijo6ZmZmZjoxOTIuMTY4LjAuMTA3IiwiaWF0IjoxNTU2NzY4MjcwLCJleHAiOjE1NTc2MzIyNzB9.LSogB2d5hTf4zvIzTgngOt4_hr_CPOEz39k_C8hydRs [0m- [0m- ms - -[0m
[0mGET /moment/list?num=10&start=0 [0m- [0m- ms - -[0m
[0mOPTIONS /user/login [0m- [0m- ms - -[0m
[0mPOST /user/login [0m- [0m- ms - -[0m
[0mOPTIONS /moment/list?num=10&start=0 [0m- [0m- ms - -[0m
[0mGET /moment/list?num=10&start=0 [0m- [0m- ms - -[0m
[0mOPTIONS /moment/list?num=10&start=0 [0m- [0m- ms - -[0m
[0mGET /moment/list?num=10&start=0 [0m- [0m- ms - -[0m
[0mOPTIONS /moment/list?num=10&start=0 [0m- [0m- ms - -[0m
[0mGET /moment/list?num=10&start=0 [0m- [0m- ms - -[0m
[0mOPTIONS /user/replaceAccessToken?refreshToken=Bears+eyJhbGciOiJIUzI1NiIsInR5cCI6IkpXVCJ9.eyJ1c2VySWQiOiJkNzMxYWI3MC0wMzdlLTExZTktYjJjZS1hZmZkNzFkNTA3MDIiLCJob3N0bmFtZSI6ImxvY2FsaG9zdCIsImlwIjoiOjoxIiwiaWF0IjoxNTU3OTAyMzQyLCJleHAiOjE1NTg3NjYzNDJ9.8iYHK44Sa2LgoW3IlrI9h8dCh-I6A8gwgcCEi-B0_ak [0m- [0m- ms - -[0m
[0mGET /user/replaceAccessToken?refreshToken=Bears+eyJhbGciOiJIUzI1NiIsInR5cCI6IkpXVCJ9.eyJ1c2VySWQiOiJkNzMxYWI3MC0wMzdlLTExZTktYjJjZS1hZmZkNzFkNTA3MDIiLCJob3N0bmFtZSI6ImxvY2FsaG9zdCIsImlwIjoiOjoxIiwiaWF0IjoxNTU3OTAyMzQyLCJleHAiOjE1NTg3NjYzNDJ9.8iYHK44Sa2LgoW3IlrI9h8dCh-I6A8gwgcCEi-B0_ak [0m- [0m- ms - -[0m
[0mGET /moment/list?num=10&start=0 [0m- [0m- ms - -[0m
[0mOPTIONS /moment/list?num=10&start=0 [0m- [0m- ms - -[0m
[0mGET /moment/list?num=10&start=0 [0m- [0m- ms - -[0m
[0mOPTIONS /moment/list?num=10&start=0 [0m- [0m- ms - -[0m
[0mGET /moment/list?num=10&start=0 [0m- [0m- ms - -[0m
[0mOPTIONS /moment/list?num=10&start=0 [0m- [0m- ms - -[0m
[0mGET /moment/list?num=10&start=0 [0m- [0m- ms - -[0m
[0mOPTIONS /user/replaceAccessToken?refreshToken=Bears+eyJhbGciOiJIUzI1NiIsInR5cCI6IkpXVCJ9.eyJ1c2VySWQiOiJkNzMxYWI3MC0wMzdlLTExZTktYjJjZS1hZmZkNzFkNTA3MDIiLCJob3N0bmFtZSI6ImxvY2FsaG9zdCIsImlwIjoiOjoxIiwiaWF0IjoxNTU3OTAyMzQyLCJleHAiOjE1NTg3NjYzNDJ9.8iYHK44Sa2LgoW3IlrI9h8dCh-I6A8gwgcCEi-B0_ak [0m- [0m- ms - -[0m
[0mGET /user/replaceAccessToken?refreshToken=Bears+eyJhbGciOiJIUzI1NiIsInR5cCI6IkpXVCJ9.eyJ1c2VySWQiOiJkNzMxYWI3MC0wMzdlLTExZTktYjJjZS1hZmZkNzFkNTA3MDIiLCJob3N0bmFtZSI6ImxvY2FsaG9zdCIsImlwIjoiOjoxIiwiaWF0IjoxNTU3OTAyMzQyLCJleHAiOjE1NTg3NjYzNDJ9.8iYHK44Sa2LgoW3IlrI9h8dCh-I6A8gwgcCEi-B0_ak [0m- [0m- ms - -[0m
[0mGET /moment/list?num=10&start=0 [0m- [0m- ms - -[0m
[0mOPTIONS /moment/list?num=10&start=0 [0m- [0m- ms - -[0m
[0mGET /moment/list?num=10&start=0 [0m- [0m- ms - -[0m
[0mOPTIONS /moment/list?num=10&start=0 [0m- [0m- ms - -[0m
[0mGET /moment/list?num=10&start=0 [0m- [0m- ms - -[0m
[0mOPTIONS /moment/list?num=10&start=0 [0m- [0m- ms - -[0m
[0mGET /moment/list?num=10&start=0 [0m- [0m- ms - -[0m
[0mOPTIONS /moment/list?num=10&start=0 [0m- [0m- ms - -[0m
[0mGET /moment/list?num=10&start=0 [0m- [0m- ms - -[0m
[0mOPTIONS /moment/list?num=10&start=0 [0m- [0m- ms - -[0m
[0mGET /moment/list?num=10&start=0 [0m- [0m- ms - -[0m
[0mOPTIONS /moment/list?num=10&start=0 [0m- [0m- ms - -[0m
[0mGET /moment/list?num=10&start=0 [0m- [0m- ms - -[0m
[0mOPTIONS /user/replaceAccessToken?refreshToken=Bears+eyJhbGciOiJIUzI1NiIsInR5cCI6IkpXVCJ9.eyJ1c2VySWQiOiJkNzMxYWI3MC0wMzdlLTExZTktYjJjZS1hZmZkNzFkNTA3MDIiLCJob3N0bmFtZSI6ImxvY2FsaG9zdCIsImlwIjoiOjoxIiwiaWF0IjoxNTU3OTAyMzQyLCJleHAiOjE1NTg3NjYzNDJ9.8iYHK44Sa2LgoW3IlrI9h8dCh-I6A8gwgcCEi-B0_ak [0m- [0m- ms - -[0m
[0mGET /user/replaceAccessToken?refreshToken=Bears+eyJhbGciOiJIUzI1NiIsInR5cCI6IkpXVCJ9.eyJ1c2VySWQiOiJkNzMxYWI3MC0wMzdlLTExZTktYjJjZS1hZmZkNzFkNTA3MDIiLCJob3N0bmFtZSI6ImxvY2FsaG9zdCIsImlwIjoiOjoxIiwiaWF0IjoxNTU3OTAyMzQyLCJleHAiOjE1NTg3NjYzNDJ9.8iYHK44Sa2LgoW3IlrI9h8dCh-I6A8gwgcCEi-B0_ak [0m- [0m- ms - -[0m
[0mGET /moment/list?num=10&start=0 [0m- [0m- ms - -[0m
[0mOPTIONS /moment/list?num=10&start=0 [0m- [0m- ms - -[0m
[0mGET /moment/list?num=10&start=0 [0m- [0m- ms - -[0m
[0mOPTIONS /moment/list?num=10&start=0 [0m- [0m- ms - -[0m
[0mGET /moment/list?num=10&start=0 [0m- [0m- ms - -[0m
[0mOPTIONS /user/replaceAccessToken?refreshToken=Bears+eyJhbGciOiJIUzI1NiIsInR5cCI6IkpXVCJ9.eyJ1c2VySWQiOiJkNzMxYWI3MC0wMzdlLTExZTktYjJjZS1hZmZkNzFkNTA3MDIiLCJob3N0bmFtZSI6ImxvY2FsaG9zdCIsImlwIjoiOjoxIiwiaWF0IjoxNTU3OTAyMzQyLCJleHAiOjE1NTg3NjYzNDJ9.8iYHK44Sa2LgoW3IlrI9h8dCh-I6A8gwgcCEi-B0_ak [0m- [0m- ms - -[0m
[0mGET /user/replaceAccessToken?refreshToken=Bears+eyJhbGciOiJIUzI1NiIsInR5cCI6IkpXVCJ9.eyJ1c2VySWQiOiJkNzMxYWI3MC0wMzdlLTExZTktYjJjZS1hZmZkNzFkNTA3MDIiLCJob3N0bmFtZSI6ImxvY2FsaG9zdCIsImlwIjoiOjoxIiwiaWF0IjoxNTU3OTAyMzQyLCJleHAiOjE1NTg3NjYzNDJ9.8iYHK44Sa2LgoW3IlrI9h8dCh-I6A8gwgcCEi-B0_ak [0m- [0m- ms - -[0m
[0mGET /moment/list?num=10&start=0 [0m- [0m- ms - -[0m
[0mOPTIONS /moment/list?num=10&start=0 [0m- [0m- ms - -[0m
[0mGET /moment/list?num=10&start=0 [0m- [0m- ms - -[0m
[0mOPTIONS /moment/list?num=10&start=0 [0m- [0m- ms - -[0m
[0mGET /moment/list?num=10&start=0 [0m- [0m- ms - -[0m
[0mOPTIONS /moment/list?num=10&start=0 [0m- [0m- ms - -[0m
[0mGET /moment/list?num=10&start=0 [0m- [0m- ms - -[0m
