[0mGET / [32m200 [0m50005.150 ms - 21[0m
[0mGET /user [32m200 [0m14.344 ms - 29[0m
[0mGET /favicon.ico [0m- [0m- ms - -[0m
[0mGET /user [36m304 [0m8.715 ms - -[0m
[0mGET /favicon.ico [0m- [0m- ms - -[0m
[0mGET /favicon.ico [32m200 [0m50001.298 ms - 21[0m
[0mGET /user [36m304 [0m16.286 ms - -[0m
[0mGET /user [36m304 [0m5.167 ms - -[0m
[0mGET /favicon.ico [0m- [0m- ms - -[0m
[0mGET /favicon.ico [32m200 [0m50000.915 ms - 21[0m
[0mGET /us [32m200 [0m50000.756 ms - 21[0m
[0mGET /favicon.ico [36m304 [0m50000.570 ms - -[0m
[0mGET /us [36m304 [0m50001.671 ms - -[0m
[0mGET /us [0m- [0m- ms - -[0m
[0mGET /favicon.ico [0m- [0m- ms - -[0m
[0mGET /us [33m404 [0m763.346 ms - 1390[0m
[0mGET /stylesheets/style.css [32m200 [0m12.640 ms - 119[0m
[0mGET /favicon.ico [33m404 [0m16.417 ms - 1320[0m
[0mGET /us [33m404 [0m9.688 ms - 1390[0m
[0mGET /stylesheets/style.css [36m304 [0m8.534 ms - -[0m
[0mGET /us [33m404 [0m10.227 ms - 1390[0m
[0mGET /stylesheets/style.css [36m304 [0m0.788 ms - -[0m
[0mGET /user [36m304 [0m15.224 ms - -[0m
[0mGET /u [33m404 [0m329.636 ms - 1390[0m
[0mGET /stylesheets/style.css [36m304 [0m3.122 ms - -[0m
[0mGET /u [32m200 [0m50005.320 ms - 21[0m
[0mGET /u [33m404 [0m502.602 ms - 1390[0m
[0mGET /stylesheets/style.css [36m304 [0m1.816 ms - -[0m
[0mGET /user [32m200 [0m12.924 ms - 16[0m
